#
# There is insufficient memory for the Java Runtime Environment to continue.
# Native memory allocation (mmap) failed to map 115343360 bytes. Error detail: G1 virtual space
# Possible reasons:
#   The system is out of physical RAM or swap space
#   This process is running with CompressedOops enabled, and the Java Heap may be blocking the growth of the native heap
# Possible solutions:
#   Reduce memory load on the system
#   Increase physical memory or swap space
#   Check if swap backing store is full
#   Decrease Java heap size (-Xmx/-Xms)
#   Decrease number of Java threads
#   Decrease Java thread stack sizes (-Xss)
#   Set larger code cache with -XX:ReservedCodeCacheSize=
#   JVM is running with Unscaled Compressed Oops mode in which the Java heap is
#     placed in the first 4GB address space. The Java Heap base address is the
#     maximum limit for the native heap growth. Please use -XX:HeapBaseMinAddress
#     to set the Java Heap base and to place the Java Heap above 4GB virtual address.
# This output file may be truncated or incomplete.
#
#  Out of Memory Error (os_windows.cpp:3825), pid=13384, tid=15188
#
# JRE version: OpenJDK Runtime Environment (17.0.11) (build 17.0.11+0--11852314)
# Java VM: OpenJDK 64-Bit Server VM (17.0.11+0--11852314, mixed mode, tiered, compressed oops, compressed class ptrs, g1 gc, windows-amd64)
# No core dump will be written. Minidumps are not enabled by default on client versions of Windows
#

---------------  S U M M A R Y ------------

Command Line: org.jetbrains.kotlin.cli.jvm.K2JVMCompiler @C:\Users\asusu\AndroidStudioProjects\starter-project-\starter-project\app\build\20241104_1372658509393927449.compiler.options

Host: AMD Ryzen 3 3250U with Radeon Graphics         , 4 cores, 5G,  Windows 11 , 64 bit Build 22621 (10.0.22621.3958)
Time: Mon Nov  4 13:42:24 2024 SE Asia Standard Time elapsed time: 12.894947 seconds (0d 0h 0m 12s)

---------------  T H R E A D  ---------------

Current thread (0x0000029c4e1127d0):  VMThread "VM Thread" [stack: 0x000000e920500000,0x000000e920600000] [id=15188]

Stack: [0x000000e920500000,0x000000e920600000]
Native frames: (J=compiled Java code, j=interpreted, Vv=VM code, C=native code)
V  [jvm.dll+0x687bb9]
V  [jvm.dll+0x84142a]
V  [jvm.dll+0x8430ae]
V  [jvm.dll+0x843713]
V  [jvm.dll+0x24a35f]
V  [jvm.dll+0x684989]
V  [jvm.dll+0x67923a]
V  [jvm.dll+0x30af0b]
V  [jvm.dll+0x3123b6]
V  [jvm.dll+0x361dfe]
V  [jvm.dll+0x36202f]
V  [jvm.dll+0x2e0d38]
V  [jvm.dll+0x2df144]
V  [jvm.dll+0x2de74c]
V  [jvm.dll+0x32305b]
V  [jvm.dll+0x847e0b]
V  [jvm.dll+0x848b42]
V  [jvm.dll+0x84905d]
V  [jvm.dll+0x849434]
V  [jvm.dll+0x849500]
V  [jvm.dll+0x7efa4a]
V  [jvm.dll+0x686a35]
C  [ucrtbase.dll+0x29333]
C  [KERNEL32.DLL+0x1257d]
C  [ntdll.dll+0x5af08]

VM_Operation (0x000000e91fffaab0): G1CollectForAllocation, mode: safepoint, requested by thread 0x0000029c33fde0e0


---------------  P R O C E S S  ---------------

Threads class SMR info:
_java_thread_list=0x0000029c53de40b0, length=13, elements={
0x0000029c33fde0e0, 0x0000029c4e160f80, 0x0000029c4e184ff0, 0x0000029c4e2f1e10,
0x0000029c4e2f2c90, 0x0000029c4e2f6a70, 0x0000029c4e2f7430, 0x0000029c4e3061e0,
0x0000029c4e3121a0, 0x0000029c4e313380, 0x0000029c4e47fc80, 0x0000029c4e49b010,
0x0000029c5400ee30
}

Java Threads: ( => current thread )
  0x0000029c33fde0e0 JavaThread "main" [_thread_blocked, id=9476, stack(0x000000e91ff00000,0x000000e920000000)]
  0x0000029c4e160f80 JavaThread "Reference Handler" daemon [_thread_blocked, id=15540, stack(0x000000e920600000,0x000000e920700000)]
  0x0000029c4e184ff0 JavaThread "Finalizer" daemon [_thread_blocked, id=4968, stack(0x000000e920700000,0x000000e920800000)]
  0x0000029c4e2f1e10 JavaThread "Signal Dispatcher" daemon [_thread_blocked, id=6524, stack(0x000000e920800000,0x000000e920900000)]
  0x0000029c4e2f2c90 JavaThread "Attach Listener" daemon [_thread_blocked, id=10704, stack(0x000000e920900000,0x000000e920a00000)]
  0x0000029c4e2f6a70 JavaThread "Service Thread" daemon [_thread_blocked, id=14476, stack(0x000000e920a00000,0x000000e920b00000)]
  0x0000029c4e2f7430 JavaThread "Monitor Deflation Thread" daemon [_thread_blocked, id=1424, stack(0x000000e920b00000,0x000000e920c00000)]
  0x0000029c4e3061e0 JavaThread "C2 CompilerThread0" daemon [_thread_blocked, id=15768, stack(0x000000e920c00000,0x000000e920d00000)]
  0x0000029c4e3121a0 JavaThread "C1 CompilerThread0" daemon [_thread_blocked, id=16084, stack(0x000000e920d00000,0x000000e920e00000)]
  0x0000029c4e313380 JavaThread "Sweeper thread" daemon [_thread_blocked, id=15572, stack(0x000000e920e00000,0x000000e920f00000)]
  0x0000029c4e47fc80 JavaThread "Notification Thread" daemon [_thread_blocked, id=16140, stack(0x000000e920f00000,0x000000e921000000)]
  0x0000029c4e49b010 JavaThread "Common-Cleaner" daemon [_thread_blocked, id=10924, stack(0x000000e921100000,0x000000e921200000)]
  0x0000029c5400ee30 JavaThread "C2 CompilerThread1" daemon [_thread_blocked, id=2328, stack(0x000000e921200000,0x000000e921300000)]

Other Threads:
=>0x0000029c4e1127d0 VMThread "VM Thread" [stack: 0x000000e920500000,0x000000e920600000] [id=15188]
  0x0000029c4e488990 WatcherThread [stack: 0x000000e921000000,0x000000e921100000] [id=10048]
  0x0000029c34027c70 GCTaskThread "GC Thread#0" [stack: 0x000000e920000000,0x000000e920100000] [id=1896]
  0x0000029c4e9d04d0 GCTaskThread "GC Thread#1" [stack: 0x000000e921300000,0x000000e921400000] [id=16316]
  0x0000029c4ea6d890 GCTaskThread "GC Thread#2" [stack: 0x000000e921400000,0x000000e921500000] [id=3824]
  0x0000029c4ea6db50 GCTaskThread "GC Thread#3" [stack: 0x000000e921500000,0x000000e921600000] [id=16260]
  0x0000029c34034a00 ConcurrentGCThread "G1 Main Marker" [stack: 0x000000e920100000,0x000000e920200000] [id=13216]
  0x0000029c34035420 ConcurrentGCThread "G1 Conc#0" [stack: 0x000000e920200000,0x000000e920300000] [id=7072]
  0x0000029c4dfc24c0 ConcurrentGCThread "G1 Refine#0" [stack: 0x000000e920300000,0x000000e920400000] [id=14568]
  0x0000029c5531c270 ConcurrentGCThread "G1 Refine#1" [stack: 0x000000e921600000,0x000000e921700000] [id=3140]
  0x0000029c5531e8a0 ConcurrentGCThread "G1 Refine#2" [stack: 0x000000e921700000,0x000000e921800000] [id=14856]
  0x0000029c4dfc2e00 ConcurrentGCThread "G1 Service" [stack: 0x000000e920400000,0x000000e920500000] [id=13496]

Threads with active compile tasks:
C2 CompilerThread0    12937 8018       4       org.jetbrains.kotlin.fir.java.scopes.JavaClassMembersEnhancementScope::processFunctionsByName (29 bytes)
C2 CompilerThread1    12937 8029       4       org.jetbrains.kotlin.fir.java.FirJavaFacade::convertTypeParameters (108 bytes)

VM state: at safepoint (normal execution)

VM Mutex/Monitor currently owned by a thread:  ([mutex/lock_event])
[0x0000029c33fda630] Threads_lock - owner thread: 0x0000029c4e1127d0
[0x0000029c33fd9f70] Heap_lock - owner thread: 0x0000029c33fde0e0

Heap address: 0x00000000a0e00000, size: 1522 MB, Compressed Oops mode: 32-bit

CDS archive(s) not mapped
Compressed class space mapped at: 0x0000000100000000-0x0000000140000000, reserved size: 1073741824
Narrow klass base: 0x0000000000000000, Narrow klass shift: 3, Narrow klass range: 0x140000000

GC Precious Log:
 CPUs: 4 total, 4 available
 Memory: 6082M
 Large Page Support: Disabled
 NUMA Support: Disabled
 Compressed Oops: Enabled (32-bit)
 Heap Region Size: 1M
 Heap Min Capacity: 8M
 Heap Initial Capacity: 96M
 Heap Max Capacity: 1522M
 Pre-touch: Disabled
 Parallel Workers: 4
 Concurrent Workers: 1
 Concurrent Refinement Workers: 4
 Periodic GC: Disabled

Heap:
 garbage-first heap   total 112640K, used 71350K [0x00000000a0e00000, 0x0000000100000000)
  region size 1024K, 3 young (3072K), 3 survivors (3072K)
 Metaspace       used 62835K, committed 63104K, reserved 1114112K
  class space    used 7329K, committed 7424K, reserved 1048576K

Heap Regions: E=young(eden), S=young(survivor), O=old, HS=humongous(starts), HC=humongous(continues), CS=collection set, F=free, OA=open archive, CA=closed archive, TAMS=top-at-mark-start (previous, next)
|   0|0x00000000a0e00000, 0x00000000a0f00000, 0x00000000a0f00000|100%|HS|  |TAMS 0x00000000a0f00000, 0x00000000a0f00000| Complete 
|   1|0x00000000a0f00000, 0x00000000a1000000, 0x00000000a1000000|100%|HC|  |TAMS 0x00000000a1000000, 0x00000000a1000000| Complete 
|   2|0x00000000a1000000, 0x00000000a1100000, 0x00000000a1100000|100%|HC|  |TAMS 0x00000000a1100000, 0x00000000a1100000| Complete 
|   3|0x00000000a1100000, 0x00000000a1200000, 0x00000000a1200000|100%| O|  |TAMS 0x00000000a1200000, 0x00000000a1200000| Untracked 
|   4|0x00000000a1200000, 0x00000000a1300000, 0x00000000a1300000|100%| O|  |TAMS 0x00000000a1300000, 0x00000000a1300000| Untracked 
|   5|0x00000000a1300000, 0x00000000a1400000, 0x00000000a1400000|100%| O|  |TAMS 0x00000000a1300000, 0x00000000a1300000| Untracked 
|   6|0x00000000a1400000, 0x00000000a1500000, 0x00000000a1500000|100%| O|  |TAMS 0x00000000a1500000, 0x00000000a1500000| Untracked 
|   7|0x00000000a1500000, 0x00000000a1600000, 0x00000000a1600000|100%| O|  |TAMS 0x00000000a1600000, 0x00000000a1600000| Untracked 
|   8|0x00000000a1600000, 0x00000000a1700000, 0x00000000a1700000|100%| O|  |TAMS 0x00000000a1700000, 0x00000000a1700000| Untracked 
|   9|0x00000000a1700000, 0x00000000a1800000, 0x00000000a1800000|100%| O|  |TAMS 0x00000000a1800000, 0x00000000a1800000| Untracked 
|  10|0x00000000a1800000, 0x00000000a1900000, 0x00000000a1900000|100%| O|  |TAMS 0x00000000a1900000, 0x00000000a1900000| Untracked 
|  11|0x00000000a1900000, 0x00000000a1a00000, 0x00000000a1a00000|100%| O|  |TAMS 0x00000000a1a00000, 0x00000000a1a00000| Untracked 
|  12|0x00000000a1a00000, 0x00000000a1b00000, 0x00000000a1b00000|100%| O|  |TAMS 0x00000000a1b00000, 0x00000000a1b00000| Untracked 
|  13|0x00000000a1b00000, 0x00000000a1c00000, 0x00000000a1c00000|100%| O|  |TAMS 0x00000000a1c00000, 0x00000000a1c00000| Untracked 
|  14|0x00000000a1c00000, 0x00000000a1d00000, 0x00000000a1d00000|100%| O|  |TAMS 0x00000000a1d00000, 0x00000000a1d00000| Untracked 
|  15|0x00000000a1d00000, 0x00000000a1e00000, 0x00000000a1e00000|100%| O|  |TAMS 0x00000000a1e00000, 0x00000000a1e00000| Untracked 
|  16|0x00000000a1e00000, 0x00000000a1f00000, 0x00000000a1f00000|100%| O|  |TAMS 0x00000000a1f00000, 0x00000000a1f00000| Untracked 
|  17|0x00000000a1f00000, 0x00000000a2000000, 0x00000000a2000000|100%| O|  |TAMS 0x00000000a2000000, 0x00000000a2000000| Untracked 
|  18|0x00000000a2000000, 0x00000000a2100000, 0x00000000a2100000|100%| O|  |TAMS 0x00000000a2100000, 0x00000000a2100000| Untracked 
|  19|0x00000000a2100000, 0x00000000a2200000, 0x00000000a2200000|100%| O|  |TAMS 0x00000000a2200000, 0x00000000a2200000| Untracked 
|  20|0x00000000a2200000, 0x00000000a2300000, 0x00000000a2300000|100%| O|  |TAMS 0x00000000a2300000, 0x00000000a2300000| Untracked 
|  21|0x00000000a2300000, 0x00000000a2400000, 0x00000000a2400000|100%| O|  |TAMS 0x00000000a2400000, 0x00000000a2400000| Untracked 
|  22|0x00000000a2400000, 0x00000000a2500000, 0x00000000a2500000|100%| O|  |TAMS 0x00000000a2400000, 0x00000000a2500000| Untracked 
|  23|0x00000000a2500000, 0x00000000a2600000, 0x00000000a2600000|100%| O|  |TAMS 0x00000000a2600000, 0x00000000a2600000| Untracked 
|  24|0x00000000a2600000, 0x00000000a2700000, 0x00000000a2700000|100%| O|  |TAMS 0x00000000a2700000, 0x00000000a2700000| Untracked 
|  25|0x00000000a2700000, 0x00000000a2800000, 0x00000000a2800000|100%| O|  |TAMS 0x00000000a2800000, 0x00000000a2800000| Untracked 
|  26|0x00000000a2800000, 0x00000000a2900000, 0x00000000a2900000|100%| O|  |TAMS 0x00000000a2900000, 0x00000000a2900000| Untracked 
|  27|0x00000000a2900000, 0x00000000a2a00000, 0x00000000a2a00000|100%| O|  |TAMS 0x00000000a2a00000, 0x00000000a2a00000| Untracked 
|  28|0x00000000a2a00000, 0x00000000a2b00000, 0x00000000a2b00000|100%| O|  |TAMS 0x00000000a2b00000, 0x00000000a2b00000| Untracked 
|  29|0x00000000a2b00000, 0x00000000a2c00000, 0x00000000a2c00000|100%| O|  |TAMS 0x00000000a2c00000, 0x00000000a2c00000| Untracked 
|  30|0x00000000a2c00000, 0x00000000a2d00000, 0x00000000a2d00000|100%| O|  |TAMS 0x00000000a2d00000, 0x00000000a2d00000| Untracked 
|  31|0x00000000a2d00000, 0x00000000a2e00000, 0x00000000a2e00000|100%| O|  |TAMS 0x00000000a2e00000, 0x00000000a2e00000| Untracked 
|  32|0x00000000a2e00000, 0x00000000a2f00000, 0x00000000a2f00000|100%| O|  |TAMS 0x00000000a2f00000, 0x00000000a2f00000| Untracked 
|  33|0x00000000a2f00000, 0x00000000a3000000, 0x00000000a3000000|100%| O|  |TAMS 0x00000000a3000000, 0x00000000a3000000| Untracked 
|  34|0x00000000a3000000, 0x00000000a3100000, 0x00000000a3100000|100%| O|  |TAMS 0x00000000a3100000, 0x00000000a3100000| Untracked 
|  35|0x00000000a3100000, 0x00000000a3200000, 0x00000000a3200000|100%| O|  |TAMS 0x00000000a3200000, 0x00000000a3200000| Untracked 
|  36|0x00000000a3200000, 0x00000000a3300000, 0x00000000a3300000|100%| O|  |TAMS 0x00000000a3300000, 0x00000000a3300000| Untracked 
|  37|0x00000000a3300000, 0x00000000a3400000, 0x00000000a3400000|100%| O|  |TAMS 0x00000000a3400000, 0x00000000a3400000| Untracked 
|  38|0x00000000a3400000, 0x00000000a3500000, 0x00000000a3500000|100%| O|  |TAMS 0x00000000a3500000, 0x00000000a3500000| Untracked 
|  39|0x00000000a3500000, 0x00000000a3600000, 0x00000000a3600000|100%| O|  |TAMS 0x00000000a3600000, 0x00000000a3600000| Untracked 
|  40|0x00000000a3600000, 0x00000000a3700000, 0x00000000a3700000|100%| O|  |TAMS 0x00000000a3700000, 0x00000000a3700000| Untracked 
|  41|0x00000000a3700000, 0x00000000a3800000, 0x00000000a3800000|100%| O|  |TAMS 0x00000000a3800000, 0x00000000a3800000| Untracked 
|  42|0x00000000a3800000, 0x00000000a3900000, 0x00000000a3900000|100%| O|  |TAMS 0x00000000a3900000, 0x00000000a3900000| Untracked 
|  43|0x00000000a3900000, 0x00000000a3a00000, 0x00000000a3a00000|100%| O|  |TAMS 0x00000000a3a00000, 0x00000000a3a00000| Untracked 
|  44|0x00000000a3a00000, 0x00000000a3b00000, 0x00000000a3b00000|100%| O|  |TAMS 0x00000000a3b00000, 0x00000000a3b00000| Untracked 
|  45|0x00000000a3b00000, 0x00000000a3c00000, 0x00000000a3c00000|100%| O|  |TAMS 0x00000000a3c00000, 0x00000000a3c00000| Untracked 
|  46|0x00000000a3c00000, 0x00000000a3d00000, 0x00000000a3d00000|100%| O|  |TAMS 0x00000000a3d00000, 0x00000000a3d00000| Untracked 
|  47|0x00000000a3d00000, 0x00000000a3e00000, 0x00000000a3e00000|100%| O|  |TAMS 0x00000000a3e00000, 0x00000000a3e00000| Untracked 
|  48|0x00000000a3e00000, 0x00000000a3f00000, 0x00000000a3f00000|100%| O|  |TAMS 0x00000000a3f00000, 0x00000000a3f00000| Untracked 
|  49|0x00000000a3f00000, 0x00000000a4000000, 0x00000000a4000000|100%| O|  |TAMS 0x00000000a4000000, 0x00000000a4000000| Untracked 
|  50|0x00000000a4000000, 0x00000000a4100000, 0x00000000a4100000|100%| O|  |TAMS 0x00000000a40eb000, 0x00000000a4100000| Untracked 
|  51|0x00000000a4100000, 0x00000000a4200000, 0x00000000a4200000|100%| O|  |TAMS 0x00000000a4100000, 0x00000000a4200000| Untracked 
|  52|0x00000000a4200000, 0x00000000a4300000, 0x00000000a4300000|100%| O|  |TAMS 0x00000000a4200000, 0x00000000a4300000| Untracked 
|  53|0x00000000a4300000, 0x00000000a4400000, 0x00000000a4400000|100%| O|  |TAMS 0x00000000a4300000, 0x00000000a4400000| Untracked 
|  54|0x00000000a4400000, 0x00000000a4500000, 0x00000000a4500000|100%| O|  |TAMS 0x00000000a4400000, 0x00000000a4500000| Untracked 
|  55|0x00000000a4500000, 0x00000000a4600000, 0x00000000a4600000|100%| O|  |TAMS 0x00000000a4500000, 0x00000000a4600000| Untracked 
|  56|0x00000000a4600000, 0x00000000a4700000, 0x00000000a4700000|100%| O|  |TAMS 0x00000000a4600000, 0x00000000a4700000| Untracked 
|  57|0x00000000a4700000, 0x00000000a4800000, 0x00000000a4800000|100%| O|  |TAMS 0x00000000a4700000, 0x00000000a4800000| Untracked 
|  58|0x00000000a4800000, 0x00000000a4900000, 0x00000000a4900000|100%| O|  |TAMS 0x00000000a4800000, 0x00000000a4900000| Untracked 
|  59|0x00000000a4900000, 0x00000000a4a00000, 0x00000000a4a00000|100%| O|  |TAMS 0x00000000a4900000, 0x00000000a4a00000| Untracked 
|  60|0x00000000a4a00000, 0x00000000a4b00000, 0x00000000a4b00000|100%| O|  |TAMS 0x00000000a4a00000, 0x00000000a4b00000| Untracked 
|  61|0x00000000a4b00000, 0x00000000a4c00000, 0x00000000a4c00000|100%| O|  |TAMS 0x00000000a4b00000, 0x00000000a4c00000| Untracked 
|  62|0x00000000a4c00000, 0x00000000a4d00000, 0x00000000a4d00000|100%| O|  |TAMS 0x00000000a4c00000, 0x00000000a4d00000| Untracked 
|  63|0x00000000a4d00000, 0x00000000a4e00000, 0x00000000a4e00000|100%| O|  |TAMS 0x00000000a4d00000, 0x00000000a4e00000| Untracked 
|  64|0x00000000a4e00000, 0x00000000a4f00000, 0x00000000a4f00000|100%| O|  |TAMS 0x00000000a4e00000, 0x00000000a4eeb000| Untracked 
|  65|0x00000000a4f00000, 0x00000000a5000000, 0x00000000a5000000|100%| O|  |TAMS 0x00000000a4f00000, 0x00000000a4f00000| Untracked 
|  66|0x00000000a5000000, 0x00000000a50ad800, 0x00000000a5100000| 67%| O|  |TAMS 0x00000000a5000000, 0x00000000a5000000| Untracked 
|  67|0x00000000a5100000, 0x00000000a5100000, 0x00000000a5200000|  0%| F|  |TAMS 0x00000000a5100000, 0x00000000a5100000| Untracked 
|  68|0x00000000a5200000, 0x00000000a5200000, 0x00000000a5300000|  0%| F|  |TAMS 0x00000000a5200000, 0x00000000a5200000| Untracked 
|  69|0x00000000a5300000, 0x00000000a5300000, 0x00000000a5400000|  0%| F|  |TAMS 0x00000000a5300000, 0x00000000a5300000| Untracked 
|  70|0x00000000a5400000, 0x00000000a5400000, 0x00000000a5500000|  0%| F|  |TAMS 0x00000000a5400000, 0x00000000a5400000| Untracked 
|  71|0x00000000a5500000, 0x00000000a5500000, 0x00000000a5600000|  0%| F|  |TAMS 0x00000000a5500000, 0x00000000a5500000| Untracked 
|  72|0x00000000a5600000, 0x00000000a5600000, 0x00000000a5700000|  0%| F|  |TAMS 0x00000000a5600000, 0x00000000a5600000| Untracked 
|  73|0x00000000a5700000, 0x00000000a5700000, 0x00000000a5800000|  0%| F|  |TAMS 0x00000000a5700000, 0x00000000a5700000| Untracked 
|  74|0x00000000a5800000, 0x00000000a5800000, 0x00000000a5900000|  0%| F|  |TAMS 0x00000000a5800000, 0x00000000a5800000| Untracked 
|  75|0x00000000a5900000, 0x00000000a5900000, 0x00000000a5a00000|  0%| F|  |TAMS 0x00000000a5900000, 0x00000000a5900000| Untracked 
|  76|0x00000000a5a00000, 0x00000000a5a00000, 0x00000000a5b00000|  0%| F|  |TAMS 0x00000000a5a00000, 0x00000000a5a00000| Untracked 
|  77|0x00000000a5b00000, 0x00000000a5b00000, 0x00000000a5c00000|  0%| F|  |TAMS 0x00000000a5b00000, 0x00000000a5b00000| Untracked 
|  78|0x00000000a5c00000, 0x00000000a5c00000, 0x00000000a5d00000|  0%| F|  |TAMS 0x00000000a5c00000, 0x00000000a5c00000| Untracked 
|  79|0x00000000a5d00000, 0x00000000a5d00000, 0x00000000a5e00000|  0%| F|  |TAMS 0x00000000a5d00000, 0x00000000a5d00000| Untracked 
|  80|0x00000000a5e00000, 0x00000000a5e00000, 0x00000000a5f00000|  0%| F|  |TAMS 0x00000000a5e00000, 0x00000000a5e00000| Untracked 
|  81|0x00000000a5f00000, 0x00000000a5f00000, 0x00000000a6000000|  0%| F|  |TAMS 0x00000000a5f00000, 0x00000000a5f00000| Untracked 
|  82|0x00000000a6000000, 0x00000000a6000000, 0x00000000a6100000|  0%| F|  |TAMS 0x00000000a6000000, 0x00000000a6000000| Untracked 
|  83|0x00000000a6100000, 0x00000000a6100000, 0x00000000a6200000|  0%| F|  |TAMS 0x00000000a6100000, 0x00000000a6100000| Untracked 
|  84|0x00000000a6200000, 0x00000000a6300000, 0x00000000a6300000|100%| S|CS|TAMS 0x00000000a6200000, 0x00000000a6200000| Complete 
|  85|0x00000000a6300000, 0x00000000a6400000, 0x00000000a6400000|100%| S|CS|TAMS 0x00000000a6300000, 0x00000000a6300000| Complete 
|  86|0x00000000a6400000, 0x00000000a6500000, 0x00000000a6500000|100%| S|CS|TAMS 0x00000000a6400000, 0x00000000a6400000| Complete 
|  87|0x00000000a6500000, 0x00000000a6500000, 0x00000000a6600000|  0%| F|  |TAMS 0x00000000a6500000, 0x00000000a6500000| Untracked 
|  88|0x00000000a6600000, 0x00000000a6600000, 0x00000000a6700000|  0%| F|  |TAMS 0x00000000a6600000, 0x00000000a6600000| Untracked 
|  89|0x00000000a6700000, 0x00000000a6700000, 0x00000000a6800000|  0%| F|  |TAMS 0x00000000a6700000, 0x00000000a6700000| Untracked 
|  90|0x00000000a6800000, 0x00000000a6800000, 0x00000000a6900000|  0%| F|  |TAMS 0x00000000a6800000, 0x00000000a6800000| Untracked 
|  91|0x00000000a6900000, 0x00000000a6900000, 0x00000000a6a00000|  0%| F|  |TAMS 0x00000000a6900000, 0x00000000a6900000| Untracked 
|  92|0x00000000a6a00000, 0x00000000a6a00000, 0x00000000a6b00000|  0%| F|  |TAMS 0x00000000a6a00000, 0x00000000a6a00000| Untracked 
|  93|0x00000000a6b00000, 0x00000000a6b00000, 0x00000000a6c00000|  0%| F|  |TAMS 0x00000000a6b00000, 0x00000000a6b00000| Untracked 
|  94|0x00000000a6c00000, 0x00000000a6c00000, 0x00000000a6d00000|  0%| F|  |TAMS 0x00000000a6c00000, 0x00000000a6c00000| Untracked 
|  95|0x00000000a6d00000, 0x00000000a6d00000, 0x00000000a6e00000|  0%| F|  |TAMS 0x00000000a6d00000, 0x00000000a6d00000| Untracked 
|  96|0x00000000a6e00000, 0x00000000a6e00000, 0x00000000a6f00000|  0%| F|  |TAMS 0x00000000a6e00000, 0x00000000a6e00000| Untracked 
|  97|0x00000000a6f00000, 0x00000000a6f00000, 0x00000000a7000000|  0%| F|  |TAMS 0x00000000a6f00000, 0x00000000a6f00000| Untracked 
|  98|0x00000000a7000000, 0x00000000a7000000, 0x00000000a7100000|  0%| F|  |TAMS 0x00000000a7000000, 0x00000000a7000000| Untracked 
|  99|0x00000000a7100000, 0x00000000a7100000, 0x00000000a7200000|  0%| F|  |TAMS 0x00000000a7100000, 0x00000000a7100000| Untracked 
| 100|0x00000000a7200000, 0x00000000a7200000, 0x00000000a7300000|  0%| F|  |TAMS 0x00000000a7200000, 0x00000000a7200000| Untracked 
| 101|0x00000000a7300000, 0x00000000a7300000, 0x00000000a7400000|  0%| F|  |TAMS 0x00000000a7300000, 0x00000000a7300000| Untracked 
| 102|0x00000000a7400000, 0x00000000a7400000, 0x00000000a7500000|  0%| F|  |TAMS 0x00000000a7400000, 0x00000000a7400000| Untracked 
| 103|0x00000000a7500000, 0x00000000a7500000, 0x00000000a7600000|  0%| F|  |TAMS 0x00000000a7500000, 0x00000000a7500000| Untracked 
| 104|0x00000000a7600000, 0x00000000a7600000, 0x00000000a7700000|  0%| F|  |TAMS 0x00000000a7600000, 0x00000000a7600000| Untracked 
| 105|0x00000000a7700000, 0x00000000a7700000, 0x00000000a7800000|  0%| F|  |TAMS 0x00000000a7700000, 0x00000000a7700000| Untracked 
| 106|0x00000000a7800000, 0x00000000a7800000, 0x00000000a7900000|  0%| F|  |TAMS 0x00000000a7800000, 0x00000000a7800000| Untracked 
| 107|0x00000000a7900000, 0x00000000a7900000, 0x00000000a7a00000|  0%| F|  |TAMS 0x00000000a7900000, 0x00000000a7900000| Untracked 
| 108|0x00000000a7a00000, 0x00000000a7a00000, 0x00000000a7b00000|  0%| F|  |TAMS 0x00000000a7a00000, 0x00000000a7a00000| Untracked 
| 109|0x00000000a7b00000, 0x00000000a7b00000, 0x00000000a7c00000|  0%| F|  |TAMS 0x00000000a7b00000, 0x00000000a7b00000| Untracked 

Card table byte_map: [0x0000029c48570000,0x0000029c48870000] _byte_map_base: 0x0000029c48069000

Marking Bits (Prev, Next): (CMBitMap*) 0x0000029c340282d0, (CMBitMap*) 0x0000029c34028290
 Prev Bits: [0x0000029c4a340000, 0x0000029c4bb08000)
 Next Bits: [0x0000029c48b70000, 0x0000029c4a338000)

Polling page: 0x0000029c33f40000

Metaspace:

Usage:
  Non-class:     54.20 MB used.
      Class:      7.16 MB used.
       Both:     61.36 MB used.

Virtual space:
  Non-class space:       64.00 MB reserved,      54.38 MB ( 85%) committed,  1 nodes.
      Class space:        1.00 GB reserved,       7.25 MB ( <1%) committed,  1 nodes.
             Both:        1.06 GB reserved,      61.62 MB (  6%) committed. 

Chunk freelists:
   Non-Class:  9.16 MB
       Class:  8.70 MB
        Both:  17.86 MB

MaxMetaspaceSize: unlimited
CompressedClassSpaceSize: 1.00 GB
Initial GC threshold: 21.00 MB
Current GC threshold: 97.00 MB
CDS: off
MetaspaceReclaimPolicy: balanced
 - commit_granule_bytes: 65536.
 - commit_granule_words: 8192.
 - virtual_space_node_default_size: 8388608.
 - enlarge_chunks_in_place: 1.
 - new_chunks_are_fully_committed: 0.
 - uncommit_free_chunks: 1.
 - use_allocation_guard: 0.
 - handle_deallocations: 1.


Internal statistics:

num_allocs_failed_limit: 9.
num_arena_births: 298.
num_arena_deaths: 0.
num_vsnodes_births: 2.
num_vsnodes_deaths: 0.
num_space_committed: 984.
num_space_uncommitted: 0.
num_chunks_returned_to_freelist: 9.
num_chunks_taken_from_freelist: 2256.
num_chunk_merges: 6.
num_chunk_splits: 1816.
num_chunks_enlarged: 1639.
num_inconsistent_stats: 0.

CodeHeap 'non-profiled nmethods': size=120000Kb used=3616Kb max_used=3616Kb free=116383Kb
 bounds [0x0000029c40710000, 0x0000029c40aa0000, 0x0000029c47c40000]
CodeHeap 'profiled nmethods': size=120000Kb used=20974Kb max_used=20974Kb free=99025Kb
 bounds [0x0000029c38c40000, 0x0000029c3a0c0000, 0x0000029c40170000]
CodeHeap 'non-nmethods': size=5760Kb used=1337Kb max_used=1398Kb free=4423Kb
 bounds [0x0000029c40170000, 0x0000029c403e0000, 0x0000029c40710000]
 total_blobs=7963 nmethods=7302 adapters=570
 compilation: enabled
              stopped_count=0, restarted_count=0
 full_count=0

Compilation events (20 events):
Event: 12.831 Thread 0x0000029c4e3121a0 8035       3       org.jetbrains.kotlin.name.Name::isValidIdentifier (71 bytes)
Event: 12.832 Thread 0x0000029c4e3121a0 nmethod 8035 0x0000029c3a0afd10 code [0x0000029c3a0aff80, 0x0000029c3a0b09f8]
Event: 12.832 Thread 0x0000029c4e3121a0 8036       3       org.jetbrains.kotlin.fir.types.ConeTypeContext::asDynamicType (11 bytes)
Event: 12.833 Thread 0x0000029c4e3121a0 nmethod 8036 0x0000029c3a0b0e10 code [0x0000029c3a0b0fc0, 0x0000029c3a0b11a8]
Event: 12.833 Thread 0x0000029c4e3121a0 8037       3       org.jetbrains.kotlin.fir.types.ConeTypeContext::asDynamicType (50 bytes)
Event: 12.833 Thread 0x0000029c4e3121a0 nmethod 8037 0x0000029c3a0b1290 code [0x0000029c3a0b14c0, 0x0000029c3a0b1d98]
Event: 12.833 Thread 0x0000029c4e3121a0 8038       3       org.jetbrains.kotlin.fir.java.enhancement.FirAnnotationTypeQualifierResolver::getMetaAnnotations (9 bytes)
Event: 12.834 Thread 0x0000029c4e3121a0 nmethod 8038 0x0000029c3a0b2010 code [0x0000029c3a0b21c0, 0x0000029c3a0b23e8]
Event: 12.841 Thread 0x0000029c4e3121a0 8039       3       kotlin.collections.SetsKt___SetsKt::plus (45 bytes)
Event: 12.842 Thread 0x0000029c4e3121a0 nmethod 8039 0x0000029c3a0b2490 code [0x0000029c3a0b2740, 0x0000029c3a0b32a8]
Event: 12.844 Thread 0x0000029c4e3121a0 8040       3       org.jetbrains.kotlin.fir.scopes.FirTypeScopeKt::processOverriddenFunctions (75 bytes)
Event: 12.846 Thread 0x0000029c4e3121a0 nmethod 8040 0x0000029c3a0b3690 code [0x0000029c3a0b3a40, 0x0000029c3a0b4e98]
Event: 12.846 Thread 0x0000029c4e3121a0 8041       3       org.jetbrains.kotlin.fir.java.scopes.JavaOverrideChecker::isEqualTypes (164 bytes)
Event: 12.847 Thread 0x0000029c4e3121a0 nmethod 8041 0x0000029c3a0b5590 code [0x0000029c3a0b57e0, 0x0000029c3a0b60e8]
Event: 12.847 Thread 0x0000029c4e3121a0 8043       3       org.jetbrains.kotlin.load.java.typeEnhancement.AbstractSignatureParts::extractQualifiers (166 bytes)
Event: 12.852 Thread 0x0000029c4e3121a0 nmethod 8043 0x0000029c3a0b6390 code [0x0000029c3a0b6a60, 0x0000029c3a0ba4b8]
Event: 12.856 Thread 0x0000029c5400ee30 nmethod 8008 0x0000029c40a96a90 code [0x0000029c40a96ce0, 0x0000029c40a97aa8]
Event: 12.856 Thread 0x0000029c5400ee30 8029       4       org.jetbrains.kotlin.fir.java.FirJavaFacade::convertTypeParameters (108 bytes)
Event: 12.861 Thread 0x0000029c4e3121a0 8045       3       org.jetbrains.kotlin.fir.java.JavaTypeConversionKt::resolveIfJavaType$default (23 bytes)
Event: 12.861 Thread 0x0000029c4e3121a0 nmethod 8045 0x0000029c3a0bb790 code [0x0000029c3a0bb940, 0x0000029c3a0bbaa8]

GC Heap History (20 events):
Event: 5.361 GC heap after
{Heap after GC invocations=13 (full 0):
 garbage-first heap   total 61440K, used 35894K [0x00000000a0e00000, 0x0000000100000000)
  region size 1024K, 2 young (2048K), 2 survivors (2048K)
 Metaspace       used 45443K, committed 45696K, reserved 1114112K
  class space    used 5396K, committed 5504K, reserved 1048576K
}
Event: 5.862 GC heap before
{Heap before GC invocations=14 (full 0):
 garbage-first heap   total 63488K, used 46134K [0x00000000a0e00000, 0x0000000100000000)
  region size 1024K, 12 young (12288K), 2 survivors (2048K)
 Metaspace       used 47803K, committed 48064K, reserved 1114112K
  class space    used 5705K, committed 5824K, reserved 1048576K
}
Event: 5.874 GC heap after
{Heap after GC invocations=15 (full 0):
 garbage-first heap   total 63488K, used 38064K [0x00000000a0e00000, 0x0000000100000000)
  region size 1024K, 2 young (2048K), 2 survivors (2048K)
 Metaspace       used 47803K, committed 48064K, reserved 1114112K
  class space    used 5705K, committed 5824K, reserved 1048576K
}
Event: 6.018 GC heap before
{Heap before GC invocations=15 (full 0):
 garbage-first heap   total 63488K, used 48304K [0x00000000a0e00000, 0x0000000100000000)
  region size 1024K, 12 young (12288K), 2 survivors (2048K)
 Metaspace       used 48372K, committed 48576K, reserved 1114112K
  class space    used 5775K, committed 5888K, reserved 1048576K
}
Event: 6.028 GC heap after
{Heap after GC invocations=16 (full 0):
 garbage-first heap   total 63488K, used 40795K [0x00000000a0e00000, 0x0000000100000000)
  region size 1024K, 2 young (2048K), 2 survivors (2048K)
 Metaspace       used 48372K, committed 48576K, reserved 1114112K
  class space    used 5775K, committed 5888K, reserved 1048576K
}
Event: 6.391 GC heap before
{Heap before GC invocations=17 (full 0):
 garbage-first heap   total 73728K, used 46939K [0x00000000a0e00000, 0x0000000100000000)
  region size 1024K, 9 young (9216K), 2 survivors (2048K)
 Metaspace       used 50426K, committed 50688K, reserved 1114112K
  class space    used 6079K, committed 6208K, reserved 1048576K
}
Event: 6.397 GC heap after
{Heap after GC invocations=18 (full 0):
 garbage-first heap   total 73728K, used 41737K [0x00000000a0e00000, 0x0000000100000000)
  region size 1024K, 1 young (1024K), 1 survivors (1024K)
 Metaspace       used 50426K, committed 50688K, reserved 1114112K
  class space    used 6079K, committed 6208K, reserved 1048576K
}
Event: 6.879 GC heap before
{Heap before GC invocations=18 (full 0):
 garbage-first heap   total 73728K, used 54025K [0x00000000a0e00000, 0x0000000100000000)
  region size 1024K, 14 young (14336K), 1 survivors (1024K)
 Metaspace       used 52498K, committed 52736K, reserved 1114112K
  class space    used 6316K, committed 6400K, reserved 1048576K
}
Event: 6.890 GC heap after
{Heap after GC invocations=19 (full 0):
 garbage-first heap   total 112640K, used 43899K [0x00000000a0e00000, 0x0000000100000000)
  region size 1024K, 2 young (2048K), 2 survivors (2048K)
 Metaspace       used 52498K, committed 52736K, reserved 1114112K
  class space    used 6316K, committed 6400K, reserved 1048576K
}
Event: 8.560 GC heap before
{Heap before GC invocations=20 (full 0):
 garbage-first heap   total 112640K, used 78715K [0x00000000a0e00000, 0x0000000100000000)
  region size 1024K, 36 young (36864K), 2 survivors (2048K)
 Metaspace       used 56202K, committed 56512K, reserved 1114112K
  class space    used 6766K, committed 6912K, reserved 1048576K
}
Event: 8.592 GC heap after
{Heap after GC invocations=21 (full 0):
 garbage-first heap   total 112640K, used 49925K [0x00000000a0e00000, 0x0000000100000000)
  region size 1024K, 5 young (5120K), 5 survivors (5120K)
 Metaspace       used 56202K, committed 56512K, reserved 1114112K
  class space    used 6766K, committed 6912K, reserved 1048576K
}
Event: 9.917 GC heap before
{Heap before GC invocations=21 (full 0):
 garbage-first heap   total 112640K, used 81669K [0x00000000a0e00000, 0x0000000100000000)
  region size 1024K, 36 young (36864K), 5 survivors (5120K)
 Metaspace       used 58396K, committed 58624K, reserved 1114112K
  class space    used 6975K, committed 7104K, reserved 1048576K
}
Event: 9.955 GC heap after
{Heap after GC invocations=22 (full 0):
 garbage-first heap   total 112640K, used 56501K [0x00000000a0e00000, 0x0000000100000000)
  region size 1024K, 5 young (5120K), 5 survivors (5120K)
 Metaspace       used 58396K, committed 58624K, reserved 1114112K
  class space    used 6975K, committed 7104K, reserved 1048576K
}
Event: 10.760 GC heap before
{Heap before GC invocations=22 (full 0):
 garbage-first heap   total 112640K, used 84149K [0x00000000a0e00000, 0x0000000100000000)
  region size 1024K, 32 young (32768K), 5 survivors (5120K)
 Metaspace       used 59079K, committed 59392K, reserved 1114112K
  class space    used 6988K, committed 7104K, reserved 1048576K
}
Event: 10.803 GC heap after
{Heap after GC invocations=23 (full 0):
 garbage-first heap   total 112640K, used 62729K [0x00000000a0e00000, 0x0000000100000000)
  region size 1024K, 4 young (4096K), 4 survivors (4096K)
 Metaspace       used 59079K, committed 59392K, reserved 1114112K
  class space    used 6988K, committed 7104K, reserved 1048576K
}
Event: 12.246 GC heap before
{Heap before GC invocations=24 (full 0):
 garbage-first heap   total 112640K, used 84233K [0x00000000a0e00000, 0x0000000100000000)
  region size 1024K, 27 young (27648K), 4 survivors (4096K)
 Metaspace       used 62618K, committed 62912K, reserved 1114112K
  class space    used 7324K, committed 7424K, reserved 1048576K
}
Event: 12.274 GC heap after
{Heap after GC invocations=25 (full 0):
 garbage-first heap   total 112640K, used 65718K [0x00000000a0e00000, 0x0000000100000000)
  region size 1024K, 4 young (4096K), 4 survivors (4096K)
 Metaspace       used 62618K, committed 62912K, reserved 1114112K
  class space    used 7324K, committed 7424K, reserved 1048576K
}
Event: 12.326 GC heap before
{Heap before GC invocations=25 (full 0):
 garbage-first heap   total 112640K, used 66742K [0x00000000a0e00000, 0x0000000100000000)
  region size 1024K, 5 young (5120K), 4 survivors (4096K)
 Metaspace       used 62664K, committed 62912K, reserved 1114112K
  class space    used 7327K, committed 7424K, reserved 1048576K
}
Event: 12.355 GC heap after
{Heap after GC invocations=26 (full 0):
 garbage-first heap   total 112640K, used 66095K [0x00000000a0e00000, 0x0000000100000000)
  region size 1024K, 1 young (1024K), 1 survivors (1024K)
 Metaspace       used 62664K, committed 62912K, reserved 1114112K
  class space    used 7327K, committed 7424K, reserved 1048576K
}
Event: 12.868 GC heap before
{Heap before GC invocations=26 (full 0):
 garbage-first heap   total 112640K, used 88623K [0x00000000a0e00000, 0x0000000100000000)
  region size 1024K, 23 young (23552K), 1 survivors (1024K)
 Metaspace       used 62835K, committed 63104K, reserved 1114112K
  class space    used 7329K, committed 7424K, reserved 1048576K
}

Dll operation events (2 events):
Event: 0.018 Loaded shared library C:\Program Files\Android\Android Studio\jbr\bin\java.dll
Event: 1.798 Loaded shared library C:\Program Files\Android\Android Studio\jbr\bin\verify.dll

Deoptimization events (20 events):
Event: 11.657 Thread 0x0000029c33fde0e0 DEOPT PACKING pc=0x0000029c40a281b0 sp=0x000000e91fffd4a0
Event: 11.657 Thread 0x0000029c33fde0e0 DEOPT UNPACKING pc=0x0000029c401c69a3 sp=0x000000e91fffd3e0 mode 2
Event: 11.657 Thread 0x0000029c33fde0e0 Uncommon trap: trap_request=0xffffff66 fr.pc=0x0000029c40a281b0 relative=0x00000000000000f0
Event: 11.657 Thread 0x0000029c33fde0e0 Uncommon trap: reason=speculate_class_check action=maybe_recompile pc=0x0000029c40a281b0 method=org.jetbrains.kotlin.fir.symbols.FirLazyDeclarationResolverKt.lazyResolveToPhase(Lorg/jetbrains/kotlin/fir/FirElementWithResolveState;Lorg/jetbrains/kotlin/fir
Event: 11.657 Thread 0x0000029c33fde0e0 DEOPT PACKING pc=0x0000029c40a281b0 sp=0x000000e91fffd4a0
Event: 11.657 Thread 0x0000029c33fde0e0 DEOPT UNPACKING pc=0x0000029c401c69a3 sp=0x000000e91fffd3e0 mode 2
Event: 11.883 Thread 0x0000029c33fde0e0 Uncommon trap: trap_request=0xffffff6e fr.pc=0x0000029c40a2a010 relative=0x00000000000000f0
Event: 11.883 Thread 0x0000029c33fde0e0 Uncommon trap: reason=loop_limit_check action=maybe_recompile pc=0x0000029c40a2a010 method=org.jetbrains.kotlin.it.unimi.dsi.fastutil.objects.ObjectOpenHashSet$SetIterator.next()Ljava/lang/Object; @ 83 c2
Event: 11.883 Thread 0x0000029c33fde0e0 DEOPT PACKING pc=0x0000029c40a2a010 sp=0x000000e91fff9a20
Event: 11.883 Thread 0x0000029c33fde0e0 DEOPT UNPACKING pc=0x0000029c401c69a3 sp=0x000000e91fff99b8 mode 2
Event: 11.963 Thread 0x0000029c33fde0e0 Uncommon trap: trap_request=0xffffffdc fr.pc=0x0000029c40a56c98 relative=0x0000000000000278
Event: 11.963 Thread 0x0000029c33fde0e0 Uncommon trap: reason=class_check action=make_not_entrant pc=0x0000029c40a56c98 method=java.util.ArrayList.toArray([Ljava/lang/Object;)[Ljava/lang/Object; @ 21 c2
Event: 11.963 Thread 0x0000029c33fde0e0 DEOPT PACKING pc=0x0000029c40a56c98 sp=0x000000e91fffcf80
Event: 11.963 Thread 0x0000029c33fde0e0 DEOPT UNPACKING pc=0x0000029c401c69a3 sp=0x000000e91fffcf50 mode 2
Event: 12.567 Thread 0x0000029c33fde0e0 DEOPT PACKING pc=0x0000029c3924c3b7 sp=0x000000e91fffabb0
Event: 12.567 Thread 0x0000029c33fde0e0 DEOPT UNPACKING pc=0x0000029c401c7143 sp=0x000000e91fffa070 mode 0
Event: 12.576 Thread 0x0000029c33fde0e0 Uncommon trap: trap_request=0xffffff5c fr.pc=0x0000029c40a84338 relative=0x00000000000000f8
Event: 12.576 Thread 0x0000029c33fde0e0 Uncommon trap: reason=speculate_null_check action=make_not_entrant pc=0x0000029c40a84338 method=org.jetbrains.kotlin.com.intellij.openapi.vfs.VfsUtilCore.isAncestor(Lorg/jetbrains/kotlin/com/intellij/openapi/vfs/VirtualFile;Lorg/jetbrains/kotlin/com/intel
Event: 12.576 Thread 0x0000029c33fde0e0 DEOPT PACKING pc=0x0000029c40a84338 sp=0x000000e91fffabb0
Event: 12.576 Thread 0x0000029c33fde0e0 DEOPT UNPACKING pc=0x0000029c401c69a3 sp=0x000000e91fffaad8 mode 2

Classes unloaded (0 events):
No events

Classes redefined (0 events):
No events

Internal exceptions (20 events):
Event: 7.453 Thread 0x0000029c33fde0e0 Exception <a 'java/lang/NoSuchMethodError'{0x00000000a6d1ae28}: 'java.lang.Object java.lang.invoke.DirectMethodHandle$Holder.newInvokeSpecial(java.lang.Object, int, java.lang.Object)'> (0x00000000a6d1ae28) 
thrown [s\src\hotspot\share\interpreter\linkResolver.cpp, line 771]
Event: 7.510 Thread 0x0000029c33fde0e0 Exception <a 'java/lang/NoSuchMethodError'{0x00000000a6c2ff70}: 'java.lang.Object java.lang.invoke.DirectMethodHandle$Holder.newInvokeSpecial(java.lang.Object, java.lang.Object, java.lang.Object, int)'> (0x00000000a6c2ff70) 
thrown [s\src\hotspot\share\interpreter\linkResolver.cpp, line 771]
Event: 7.511 Thread 0x0000029c33fde0e0 Exception <a 'java/lang/NoSuchMethodError'{0x00000000a6c33fd0}: 'java.lang.Object java.lang.invoke.DirectMethodHandle$Holder.invokeSpecial(java.lang.Object, java.lang.Object, java.lang.Object, java.lang.Object, int)'> (0x00000000a6c33fd0) 
thrown [s\src\hotspot\share\interpreter\linkResolver.cpp, line 771]
Event: 7.511 Thread 0x0000029c33fde0e0 Exception <a 'java/lang/NoSuchMethodError'{0x00000000a6c37980}: 'java.lang.Object java.lang.invoke.Invokers$Holder.linkToTargetMethod(java.lang.Object, java.lang.Object, int, java.lang.Object)'> (0x00000000a6c37980) 
thrown [s\src\hotspot\share\interpreter\linkResolver.cpp, line 771]
Event: 7.664 Thread 0x0000029c33fde0e0 Exception <a 'java/lang/NoSuchMethodError'{0x00000000a6817d40}: 'java.lang.Object java.lang.invoke.DirectMethodHandle$Holder.newInvokeSpecial(java.lang.Object, java.lang.Object, java.lang.Object, java.lang.Object, java.lang.Object, int)'> (0x00000000a6817d40) 
thrown [s\src\hotspot\share\interpreter\linkResolver.cpp, line 771]
Event: 7.671 Thread 0x0000029c33fde0e0 Exception <a 'java/lang/NoSuchMethodError'{0x00000000a6837bc0}: 'java.lang.Object java.lang.invoke.DirectMethodHandle$Holder.invokeStatic(java.lang.Object, java.lang.Object, java.lang.Object, int, java.lang.Object, java.lang.Object)'> (0x00000000a6837bc0) 
thrown [s\src\hotspot\share\interpreter\linkResolver.cpp, line 771]
Event: 7.890 Thread 0x0000029c33fde0e0 Exception <a 'java/lang/NoSuchMethodError'{0x00000000a65a4358}: 'java.lang.Object java.lang.invoke.DirectMethodHandle$Holder.newInvokeSpecial(java.lang.Object, java.lang.Object, java.lang.Object, java.lang.Object, java.lang.Object, java.lang.Object, java.lang.Object, java.lang.Object, java.lang.Object)'> (0x00000000a65a4358) 
thrown [s\src\hotspot\share\interpreter\linkResolver.cpp, line 771]
Event: 7.891 Thread 0x0000029c33fde0e0 Exception <a 'java/lang/NoSuchMethodError'{0x00000000a65a9c18}: 'java.lang.Object java.lang.invoke.DirectMethodHandle$Holder.invokeSpecial(java.lang.Object, java.lang.Object, java.lang.Object, java.lang.Object, java.lang.Object, java.lang.Object, java.lang.Object, java.lang.Object, java.lang.Object, java.lang.Object)'> (0x00000000a65a9c18) 
thrown [s\src\hotspot\share\interpreter\linkResolver.cpp, line 771]
Event: 7.893 Thread 0x0000029c33fde0e0 Exception <a 'java/lang/NoSuchMethodError'{0x00000000a65ae488}: 'java.lang.Object java.lang.invoke.Invokers$Holder.linkToTargetMethod(java.lang.Object, java.lang.Object, java.lang.Object, java.lang.Object, java.lang.Object, java.lang.Object, java.lang.Object, java.lang.Object, java.lang.Object)'> (0x00000000a65ae488) 
thrown [s\src\hotspot\share\interpreter\linkResolver.cpp, line 771]
Event: 8.036 Thread 0x0000029c33fde0e0 Exception <a 'java/lang/NoSuchMethodError'{0x00000000a6340bf8}: 'java.lang.Object java.lang.invoke.DirectMethodHandle$Holder.newInvokeSpecial(java.lang.Object, int, java.lang.Object, java.lang.Object, java.lang.Object)'> (0x00000000a6340bf8) 
thrown [s\src\hotspot\share\interpreter\linkResolver.cpp, line 771]
Event: 8.037 Thread 0x0000029c33fde0e0 Exception <a 'java/lang/NoSuchMethodError'{0x00000000a6348a20}: 'java.lang.Object java.lang.invoke.Invokers$Holder.linkToTargetMethod(int, java.lang.Object, java.lang.Object, java.lang.Object, java.lang.Object)'> (0x00000000a6348a20) 
thrown [s\src\hotspot\share\interpreter\linkResolver.cpp, line 771]
Event: 8.896 Thread 0x0000029c33fde0e0 Exception <a 'java/lang/NoSuchMethodError'{0x00000000a7404018}: 'java.lang.Object java.lang.invoke.DirectMethodHandle$Holder.invokeStatic(java.lang.Object, java.lang.Object, java.lang.Object, int, int, java.lang.Object)'> (0x00000000a7404018) 
thrown [s\src\hotspot\share\interpreter\linkResolver.cpp, line 771]
Event: 8.898 Thread 0x0000029c33fde0e0 Exception <a 'java/lang/NoSuchMethodError'{0x00000000a740d700}: 'java.lang.Object java.lang.invoke.DirectMethodHandle$Holder.newInvokeSpecial(java.lang.Object, java.lang.Object, java.lang.Object, int, int)'> (0x00000000a740d700) 
thrown [s\src\hotspot\share\interpreter\linkResolver.cpp, line 771]
Event: 8.899 Thread 0x0000029c33fde0e0 Exception <a 'java/lang/NoSuchMethodError'{0x00000000a74117e8}: 'java.lang.Object java.lang.invoke.DirectMethodHandle$Holder.invokeSpecial(java.lang.Object, java.lang.Object, java.lang.Object, java.lang.Object, int, int)'> (0x00000000a74117e8) 
thrown [s\src\hotspot\share\interpreter\linkResolver.cpp, line 771]
Event: 9.031 Thread 0x0000029c33fde0e0 Exception <a 'java/lang/NoSuchMethodError'{0x00000000a72602e8}: 'void java.lang.invoke.DirectMethodHandle$Holder.invokeInterface(java.lang.Object, java.lang.Object)'> (0x00000000a72602e8) 
thrown [s\src\hotspot\share\interpreter\linkResolver.cpp, line 771]
Event: 9.050 Thread 0x0000029c33fde0e0 Exception <a 'java/lang/IncompatibleClassChangeError'{0x00000000a729a5a0}: Found class java.lang.Object, but interface was expected> (0x00000000a729a5a0) 
thrown [s\src\hotspot\share\interpreter\linkResolver.cpp, line 838]
Event: 11.216 Thread 0x0000029c33fde0e0 Implicit null exception at 0x0000029c407d05cc to 0x0000029c407d06a8
Event: 12.172 Thread 0x0000029c33fde0e0 Exception <a 'java/lang/NoSuchMethodError'{0x00000000a6632f68}: 'java.lang.Object java.lang.invoke.DirectMethodHandle$Holder.newInvokeSpecial(java.lang.Object, java.lang.Object, int, java.lang.Object, java.lang.Object, java.lang.Object)'> (0x00000000a6632f68) 
thrown [s\src\hotspot\share\interpreter\linkResolver.cpp, line 771]
Event: 12.173 Thread 0x0000029c33fde0e0 Exception <a 'java/lang/NoSuchMethodError'{0x00000000a6637290}: 'java.lang.Object java.lang.invoke.DirectMethodHandle$Holder.invokeSpecial(java.lang.Object, java.lang.Object, java.lang.Object, int, java.lang.Object, java.lang.Object, java.lang.Object)'> (0x00000000a6637290) 
thrown [s\src\hotspot\share\interpreter\linkResolver.cpp, line 771]
Event: 12.174 Thread 0x0000029c33fde0e0 Exception <a 'java/lang/NoSuchMethodError'{0x00000000a663ae20}: 'java.lang.Object java.lang.invoke.Invokers$Holder.linkToTargetMethod(java.lang.Object, int, java.lang.Object, java.lang.Object, java.lang.Object, java.lang.Object)'> (0x00000000a663ae20) 
thrown [s\src\hotspot\share\interpreter\linkResolver.cpp, line 771]

VM Operations (20 events):
Event: 11.614 Executing VM operation: ICBufferFull done
Event: 11.789 Executing VM operation: ICBufferFull
Event: 11.790 Executing VM operation: ICBufferFull done
Event: 12.108 Executing VM operation: ICBufferFull
Event: 12.109 Executing VM operation: ICBufferFull done
Event: 12.183 Executing VM operation: HandshakeAllThreads
Event: 12.183 Executing VM operation: HandshakeAllThreads done
Event: 12.184 Executing VM operation: HandshakeAllThreads
Event: 12.184 Executing VM operation: HandshakeAllThreads done
Event: 12.246 Executing VM operation: G1CollectForAllocation
Event: 12.280 Executing VM operation: G1CollectForAllocation done
Event: 12.326 Executing VM operation: G1CollectForAllocation
Event: 12.355 Executing VM operation: G1CollectForAllocation done
Event: 12.477 Executing VM operation: HandshakeAllThreads
Event: 12.477 Executing VM operation: HandshakeAllThreads done
Event: 12.581 Executing VM operation: HandshakeAllThreads
Event: 12.583 Executing VM operation: HandshakeAllThreads done
Event: 12.602 Executing VM operation: ICBufferFull
Event: 12.603 Executing VM operation: ICBufferFull done
Event: 12.868 Executing VM operation: G1CollectForAllocation

Events (20 events):
Event: 11.321 loading class java/text/MessageFormat
Event: 11.322 loading class java/text/Format
Event: 11.322 loading class java/text/Format done
Event: 11.322 loading class java/text/MessageFormat done
Event: 11.323 loading class java/util/Locale$Category
Event: 11.323 loading class java/util/Locale$Category done
Event: 11.377 loading class java/text/ChoiceFormat
Event: 11.377 loading class java/text/NumberFormat
Event: 11.378 loading class java/text/NumberFormat done
Event: 11.378 loading class java/text/ChoiceFormat done
Event: 11.520 loading class java/util/EnumMap$EntrySet
Event: 11.521 loading class java/util/EnumMap$EntrySet done
Event: 11.521 loading class java/util/EnumMap$EntryIterator
Event: 11.521 loading class java/util/EnumMap$EnumMapIterator
Event: 11.521 loading class java/util/EnumMap$EnumMapIterator done
Event: 11.521 loading class java/util/EnumMap$EntryIterator done
Event: 11.521 loading class java/util/EnumMap$EntryIterator$Entry
Event: 11.521 loading class java/util/EnumMap$EntryIterator$Entry done
Event: 12.584 Thread 0x0000029c4e313380 flushing nmethod 0x0000029c407b7990
Event: 12.595 Thread 0x0000029c4e313380 flushing nmethod 0x0000029c39460710


Dynamic libraries:
0x00007ff777520000 - 0x00007ff77752a000 	C:\Program Files\Android\Android Studio\jbr\bin\java.exe
0x00007fff33430000 - 0x00007fff33647000 	C:\Windows\SYSTEM32\ntdll.dll
0x00007fff323d0000 - 0x00007fff32494000 	C:\Windows\System32\KERNEL32.DLL
0x00007fff308d0000 - 0x00007fff30c87000 	C:\Windows\System32\KERNELBASE.dll
0x00007fff30740000 - 0x00007fff30851000 	C:\Windows\System32\ucrtbase.dll
0x00007fff1ec10000 - 0x00007fff1ec2b000 	C:\Program Files\Android\Android Studio\jbr\bin\VCRUNTIME140.dll
0x00007ffeffa00000 - 0x00007ffeffa17000 	C:\Program Files\Android\Android Studio\jbr\bin\jli.dll
0x00007fff31e30000 - 0x00007fff31fdf000 	C:\Windows\System32\USER32.dll
0x00007fff30fc0000 - 0x00007fff30fe6000 	C:\Windows\System32\win32u.dll
0x00007fff31160000 - 0x00007fff31189000 	C:\Windows\System32\GDI32.dll
0x00007fff21390000 - 0x00007fff21623000 	C:\Windows\WinSxS\amd64_microsoft.windows.common-controls_6595b64144ccf1df_6.0.22621.3672_none_2713b9d173822955\COMCTL32.dll
0x00007fff30d50000 - 0x00007fff30e68000 	C:\Windows\System32\gdi32full.dll
0x00007fff31190000 - 0x00007fff31237000 	C:\Windows\System32\msvcrt.dll
0x00007fff30f20000 - 0x00007fff30fba000 	C:\Windows\System32\msvcp_win.dll
0x00007fff31c30000 - 0x00007fff31c61000 	C:\Windows\System32\IMM32.DLL
0x0000000067190000 - 0x000000006719c000 	C:\Program Files (x86)\360\Total Security\safemon\SafeWrapper.dll
0x00007fff32310000 - 0x00007fff323c2000 	C:\Windows\System32\ADVAPI32.dll
0x00007fff33150000 - 0x00007fff331f8000 	C:\Windows\System32\sechost.dll
0x00007fff30ef0000 - 0x00007fff30f18000 	C:\Windows\System32\bcrypt.dll
0x00007fff32b10000 - 0x00007fff32c24000 	C:\Windows\System32\RPCRT4.dll
0x00007ffeccc20000 - 0x00007ffeccccc000 	C:\Program Files (x86)\360\Total Security\safemon\libzdtp64.dll
0x00007fff313c0000 - 0x00007fff31c29000 	C:\Windows\System32\SHELL32.dll
0x00007fff32630000 - 0x00007fff3268e000 	C:\Windows\System32\SHLWAPI.dll
0x00007fff302b0000 - 0x00007fff302ba000 	C:\Windows\SYSTEM32\VERSION.dll
0x00007ffedf0f0000 - 0x00007ffedf0fc000 	C:\Program Files\Android\Android Studio\jbr\bin\vcruntime140_1.dll
0x00007ffeb2a50000 - 0x00007ffeb2add000 	C:\Program Files\Android\Android Studio\jbr\bin\msvcp140.dll
0x00007ffebe0c0000 - 0x00007ffebed43000 	C:\Program Files\Android\Android Studio\jbr\bin\server\jvm.dll
0x00007fff2c6e0000 - 0x00007fff2c714000 	C:\Windows\SYSTEM32\WINMM.dll
0x00007fff2a160000 - 0x00007fff2a169000 	C:\Windows\SYSTEM32\WSOCK32.dll
0x00007fff321e0000 - 0x00007fff32251000 	C:\Windows\System32\WS2_32.dll
0x00007fff30610000 - 0x00007fff3065d000 	C:\Windows\SYSTEM32\POWRPROF.dll
0x00007fff305f0000 - 0x00007fff30603000 	C:\Windows\SYSTEM32\UMPDC.dll
0x00007fff2f6f0000 - 0x00007fff2f708000 	C:\Windows\SYSTEM32\kernel.appcore.dll
0x00007fff26e30000 - 0x00007fff26e3a000 	C:\Program Files\Android\Android Studio\jbr\bin\jimage.dll
0x00007fff2e220000 - 0x00007fff2e452000 	C:\Windows\SYSTEM32\DBGHELP.DLL
0x00007fff32d40000 - 0x00007fff330ce000 	C:\Windows\System32\combase.dll
0x00007fff32550000 - 0x00007fff32627000 	C:\Windows\System32\OLEAUT32.dll
0x00007fff103f0000 - 0x00007fff10422000 	C:\Windows\SYSTEM32\dbgcore.DLL
0x00007fff30e70000 - 0x00007fff30eeb000 	C:\Windows\System32\bcryptPrimitives.dll
0x00007fff1ee40000 - 0x00007fff1ee65000 	C:\Program Files\Android\Android Studio\jbr\bin\java.dll
0x00007fff1cfb0000 - 0x00007fff1cfc8000 	C:\Program Files\Android\Android Studio\jbr\bin\zip.dll
0x00007fff2e5f0000 - 0x00007fff2eeef000 	C:\Windows\SYSTEM32\windows.storage.dll
0x00007fff2e4b0000 - 0x00007fff2e5ef000 	C:\Windows\SYSTEM32\wintypes.dll
0x00007fff31fe0000 - 0x00007fff320d9000 	C:\Windows\System32\SHCORE.dll
0x00007fff30670000 - 0x00007fff30697000 	C:\Windows\SYSTEM32\profapi.dll
0x00007fff115a0000 - 0x00007fff115b9000 	C:\Program Files\Android\Android Studio\jbr\bin\net.dll
0x00007fff2a650000 - 0x00007fff2a786000 	C:\Windows\SYSTEM32\WINHTTP.dll
0x00007fff2fb70000 - 0x00007fff2fbd9000 	C:\Windows\system32\mswsock.dll
0x00007fff083f0000 - 0x00007fff08406000 	C:\Program Files\Android\Android Studio\jbr\bin\nio.dll
0x00007fff1cea0000 - 0x00007fff1ceb0000 	C:\Program Files\Android\Android Studio\jbr\bin\verify.dll

dbghelp: loaded successfully - version: 4.0.5 - missing functions: none
symbol engine: initialized successfully - sym options: 0x614 - pdb path: .;C:\Program Files\Android\Android Studio\jbr\bin;C:\Windows\SYSTEM32;C:\Windows\WinSxS\amd64_microsoft.windows.common-controls_6595b64144ccf1df_6.0.22621.3672_none_2713b9d173822955;C:\Program Files (x86)\360\Total Security\safemon;C:\Program Files\Android\Android Studio\jbr\bin\server

VM Arguments:
java_command: org.jetbrains.kotlin.cli.jvm.K2JVMCompiler @C:\Users\asusu\AndroidStudioProjects\starter-project-\starter-project\app\build\20241104_1372658509393927449.compiler.options
java_class_path (initial): C:\Users\asusu\.gradle\caches\modules-2\files-2.1\org.jetbrains.kotlin\kotlin-compiler-embeddable\2.0.10\40d7b56154061d2ec6a95159417af03940e8679e\kotlin-compiler-embeddable-2.0.10.jar;C:\Users\asusu\.gradle\caches\modules-2\files-2.1\org.jetbrains.kotlin\kotlin-stdlib\2.0.10\9120f9dd349d5c67fa6710c4049c3128ef6b51db\kotlin-stdlib-2.0.10.jar;C:\Users\asusu\.gradle\caches\modules-2\files-2.1\org.jetbrains.kotlin\kotlin-script-runtime\2.0.10\5dc0dfee8e71c0afd7f6085789aeb991bfe60eda\kotlin-script-runtime-2.0.10.jar;C:\Users\asusu\.gradle\caches\modules-2\files-2.1\org.jetbrains.kotlin\kotlin-reflect\1.6.10\1cbe9c92c12a94eea200d23c2bbaedaf3daf5132\kotlin-reflect-1.6.10.jar;C:\Users\asusu\.gradle\caches\modules-2\files-2.1\org.jetbrains.kotlin\kotlin-daemon-embeddable\2.0.10\49b9b08540022f7a407967bf0d6ddd4e9ac54d4\kotlin-daemon-embeddable-2.0.10.jar;C:\Users\asusu\.gradle\caches\modules-2\files-2.1\org.jetbrains.intellij.deps\trove4j\1.0.20200330\3afb14d5f9ceb459d724e907a21145e8ff394f02\trove4j-1.0.20200330.jar;C:\Users\asusu\.gradle\caches\modules-2\files-2.1\org.jetbrains\annotations\13.0\919f0dfe192fb4e063e7dacadee7f8bb9a2672a9\annotations-13.0.jar
Launcher Type: SUN_STANDARD

[Global flags]
     intx CICompilerCount                          = 3                                         {product} {ergonomic}
     uint ConcGCThreads                            = 1                                         {product} {ergonomic}
     uint G1ConcRefinementThreads                  = 4                                         {product} {ergonomic}
   size_t G1HeapRegionSize                         = 1048576                                   {product} {ergonomic}
    uintx GCDrainStackTargetSize                   = 64                                        {product} {ergonomic}
   size_t InitialHeapSize                          = 100663296                                 {product} {ergonomic}
   size_t MarkStackSize                            = 4194304                                   {product} {ergonomic}
   size_t MaxHeapSize                              = 1595932672                                {product} {ergonomic}
   size_t MaxNewSize                               = 957349888                                 {product} {ergonomic}
   size_t MinHeapDeltaBytes                        = 1048576                                   {product} {ergonomic}
   size_t MinHeapSize                              = 8388608                                   {product} {ergonomic}
    uintx NonNMethodCodeHeapSize                   = 5832780                                {pd product} {ergonomic}
    uintx NonProfiledCodeHeapSize                  = 122912730                              {pd product} {ergonomic}
    uintx ProfiledCodeHeapSize                     = 122912730                              {pd product} {ergonomic}
    uintx ReservedCodeCacheSize                    = 251658240                              {pd product} {ergonomic}
     bool SegmentedCodeCache                       = true                                      {product} {ergonomic}
   size_t SoftMaxHeapSize                          = 1595932672                             {manageable} {ergonomic}
     bool UseCompressedClassPointers               = true                           {product lp64_product} {ergonomic}
     bool UseCompressedOops                        = true                           {product lp64_product} {ergonomic}
     bool UseG1GC                                  = true                                      {product} {ergonomic}
     bool UseLargePagesIndividualAllocation        = false                                  {pd product} {ergonomic}

Logging:
Log output configuration:
 #0: stdout all=warning uptime,level,tags
 #1: stderr all=off uptime,level,tags

Environment Variables:
JAVA_HOME=C:\Program Files\Zulu\zulu-17
PATH=C:\Program Files\Zulu\zulu-17\bin\;C:\Program Files (x86)\Common Files\Intel\Shared Files\cpp\bin\Intel64;C:\Windows\system32;C:\Windows;C:\Windows\System32\Wbem;C:\Windows\System32\WindowsPowerShell\v1.0\;C:\Windows\System32\OpenSSH\;C:\Program Files\Git\cmd;C:\Program Files\Git\bin;C:\Program Files (x86)\Yarn\bin\;C:\Program Files\Yarn\bin;C:\Program Files\nodejs\;C:\Program Files\IBM\SPSS\Statistics\25\JRE\bin;C:\gradle\bin;C:\Users\asusu\AppData\Local\Microsoft\WindowsApps;C:\Users\asusu\AppData\Local\Programs\Microsoft VS Code\bin;C:\Users\asusu\composer;C:\Users\asusu\AppData\Roaming\Composer\vendor\bin;C:\Users\asusu\AppData\Local\Yarn\bin;C:\Program Files\Yarn\bin;C:\Users\asusu\AppData\Roaming\npm;C:\laragon\bin\php\php-8.1.10-Win32-vs16-x64;;C:\Program Files\JetBrains\IntelliJ IDEA Community Edition 2024.2.1\bin;
USERNAME=asus
OS=Windows_NT
PROCESSOR_IDENTIFIER=AMD64 Family 23 Model 24 Stepping 1, AuthenticAMD
TMP=C:\Users\asusu\AppData\Local\Temp
TEMP=C:\Users\asusu\AppData\Local\Temp



Periodic native trim disabled

JNI global refs:
JNI global refs: 9, weak refs: 8

JNI global refs memory usage: 843, weak refs: 841

Process memory usage:
Resident Set Size: 298348K (4% of 6228052K total physical memory with 680760K free physical memory)

OOME stack traces (most recent first):
Classloader memory used:
Loader jdk.internal.loader.ClassLoaders$AppClassLoader                                 : 6493K
Loader bootstrap                                                                       : 1358K
Loader jdk.internal.reflect.DelegatingClassLoader                                      : 1699B


---------------  S Y S T E M  ---------------

OS:
 Windows 11 , 64 bit Build 22621 (10.0.22621.3958)
OS uptime: 0 days 5:07 hours
Hyper-V role detected

CPU: total 4 (initial active 4) (4 cores per cpu, 2 threads per core) family 23 model 24 stepping 1 microcode 0x0, cx8, cmov, fxsr, ht, mmx, 3dnowpref, sse, sse2, sse3, ssse3, sse4a, sse4.1, sse4.2, popcnt, lzcnt, tsc, tscinvbit, avx, avx2, aes, clmul, bmi1, bmi2, adx, sha, fma, vzeroupper, clflush, clflushopt, hv
Processor Information for all 4 processors :
  Max Mhz: 2600, Current Mhz: 2600, Mhz Limit: 2600

Memory: 4k page, system-wide physical 6082M (664M free)
TotalPageFile size 14274M (AvailPageFile size 110M)
current process WorkingSet (physical memory assigned to process): 291M, peak: 300M
current process commit charge ("private bytes"): 313M, peak: 424M

vm_info: OpenJDK 64-Bit Server VM (17.0.11+0--11852314) for windows-amd64 JRE (17.0.11+0--11852314), built on May 16 2024 21:29:20 by "androidbuild" with MS VC++ 16.10 / 16.11 (VS2019)

END.
