#
# There is insufficient memory for the Java Runtime Environment to continue.
# Native memory allocation (malloc) failed to allocate 1840800 bytes. Error detail: Chunk::new
# Possible reasons:
#   The system is out of physical RAM or swap space
#   This process is running with CompressedOops enabled, and the Java Heap may be blocking the growth of the native heap
# Possible solutions:
#   Reduce memory load on the system
#   Increase physical memory or swap space
#   Check if swap backing store is full
#   Decrease Java heap size (-Xmx/-Xms)
#   Decrease number of Java threads
#   Decrease Java thread stack sizes (-Xss)
#   Set larger code cache with -XX:ReservedCodeCacheSize=
#   JVM is running with Unscaled Compressed Oops mode in which the Java heap is
#     placed in the first 4GB address space. The Java Heap base address is the
#     maximum limit for the native heap growth. Please use -XX:HeapBaseMinAddress
#     to set the Java Heap base and to place the Java Heap above 4GB virtual address.
# This output file may be truncated or incomplete.
#
#  Out of Memory Error (arena.cpp:191), pid=10312, tid=11048
#
# JRE version: OpenJDK Runtime Environment (17.0.11) (build 17.0.11+0--11852314)
# Java VM: OpenJDK 64-Bit Server VM (17.0.11+0--11852314, mixed mode, tiered, compressed oops, compressed class ptrs, serial gc, windows-amd64)
# No core dump will be written. Minidumps are not enabled by default on client versions of Windows
#

---------------  S U M M A R Y ------------

Command Line: -XX:+UseSerialGC --add-opens=java.base/java.util=ALL-UNNAMED --add-opens=java.base/java.lang=ALL-UNNAMED --add-opens=java.base/java.lang.invoke=ALL-UNNAMED --add-opens=java.prefs/java.util.prefs=ALL-UNNAMED --add-opens=java.base/java.nio.charset=ALL-UNNAMED --add-opens=java.base/java.net=ALL-UNNAMED --add-opens=java.base/java.util.concurrent.atomic=ALL-UNNAMED -Xmx1024m -Dfile.encoding=UTF-8 -Duser.country=ID -Duser.language=en -Duser.variant -javaagent:C:\Users\asusu\.gradle\wrapper\dists\gradle-8.2-bin\bbg7u40eoinfdyxsxr3z4i7ta\gradle-8.2\lib\agents\gradle-instrumentation-agent-8.2.jar org.gradle.launcher.daemon.bootstrap.GradleDaemon 8.2

Host: AMD Ryzen 3 3250U with Radeon Graphics         , 4 cores, 5G,  Windows 11 , 64 bit Build 22621 (10.0.22621.3958)
Time: Mon Nov  4 13:50:41 2024 SE Asia Standard Time elapsed time: 11.046672 seconds (0d 0h 0m 11s)

---------------  T H R E A D  ---------------

Current thread (0x0000029dd79d3d10):  JavaThread "C2 CompilerThread0" daemon [_thread_in_native, id=11048, stack(0x000000b2afb00000,0x000000b2afc00000)]


Current CompileTask:
C2:  11047 3062   !   4       java.lang.ClassLoader::loadClass (121 bytes)

Stack: [0x000000b2afb00000,0x000000b2afc00000]
Native frames: (J=compiled Java code, j=interpreted, Vv=VM code, C=native code)
V  [jvm.dll+0x687bb9]
V  [jvm.dll+0x84142a]
V  [jvm.dll+0x8430ae]
V  [jvm.dll+0x843713]
V  [jvm.dll+0x24a35f]
V  [jvm.dll+0xac544]
V  [jvm.dll+0xacb8c]
V  [jvm.dll+0x369c37]
V  [jvm.dll+0x33416a]
V  [jvm.dll+0x33360a]
V  [jvm.dll+0x21bed1]
V  [jvm.dll+0x21b311]
V  [jvm.dll+0x1a63ed]
V  [jvm.dll+0x22b1ee]
V  [jvm.dll+0x229375]
V  [jvm.dll+0x7f5647]
V  [jvm.dll+0x7efa4a]
V  [jvm.dll+0x686a35]
C  [ucrtbase.dll+0x29333]
C  [KERNEL32.DLL+0x1257d]
C  [ntdll.dll+0x5af08]


---------------  P R O C E S S  ---------------

Threads class SMR info:
_java_thread_list=0x0000029df0f91b30, length=36, elements={
0x0000029dd7b7d590, 0x0000029dd79a6260, 0x0000029dd79a9d00, 0x0000029dd79d00d0,
0x0000029dd79d0e60, 0x0000029dd79d1ce0, 0x0000029dd79d2b60, 0x0000029dd79d3d10,
0x0000029dd79d8850, 0x0000029dd79d9dc0, 0x0000029dea2cc870, 0x0000029dea435030,
0x0000029def8d3e20, 0x0000029def87d030, 0x0000029defa14790, 0x0000029defde9ee0,
0x0000029defa5b300, 0x0000029defe38810, 0x0000029defe38300, 0x0000029defe373d0,
0x0000029defe378e0, 0x0000029defe37df0, 0x0000029defe38d20, 0x0000029defe39230,
0x0000029defe39c50, 0x0000029defe364a0, 0x0000029defe369b0, 0x0000029defe36ec0,
0x0000029df1a2b820, 0x0000029df1a2c750, 0x0000029df1a2ae00, 0x0000029df1a299c0,
0x0000029df1a2a3e0, 0x0000029df1a2bd30, 0x0000029df1a2a8f0, 0x0000029df1a2b310
}

Java Threads: ( => current thread )
  0x0000029dd7b7d590 JavaThread "main" [_thread_blocked, id=4732, stack(0x000000b2af300000,0x000000b2af400000)]
  0x0000029dd79a6260 JavaThread "Reference Handler" daemon [_thread_blocked, id=14832, stack(0x000000b2af500000,0x000000b2af600000)]
  0x0000029dd79a9d00 JavaThread "Finalizer" daemon [_thread_blocked, id=15884, stack(0x000000b2af600000,0x000000b2af700000)]
  0x0000029dd79d00d0 JavaThread "Signal Dispatcher" daemon [_thread_blocked, id=7072, stack(0x000000b2af700000,0x000000b2af800000)]
  0x0000029dd79d0e60 JavaThread "Attach Listener" daemon [_thread_blocked, id=3264, stack(0x000000b2af800000,0x000000b2af900000)]
  0x0000029dd79d1ce0 JavaThread "Service Thread" daemon [_thread_blocked, id=13496, stack(0x000000b2af900000,0x000000b2afa00000)]
  0x0000029dd79d2b60 JavaThread "Monitor Deflation Thread" daemon [_thread_blocked, id=13216, stack(0x000000b2afa00000,0x000000b2afb00000)]
=>0x0000029dd79d3d10 JavaThread "C2 CompilerThread0" daemon [_thread_in_native, id=11048, stack(0x000000b2afb00000,0x000000b2afc00000)]
  0x0000029dd79d8850 JavaThread "C1 CompilerThread0" daemon [_thread_blocked, id=8452, stack(0x000000b2afc00000,0x000000b2afd00000)]
  0x0000029dd79d9dc0 JavaThread "Sweeper thread" daemon [_thread_blocked, id=14736, stack(0x000000b2afd00000,0x000000b2afe00000)]
  0x0000029dea2cc870 JavaThread "Common-Cleaner" daemon [_thread_blocked, id=13148, stack(0x000000b2afe00000,0x000000b2aff00000)]
  0x0000029dea435030 JavaThread "Notification Thread" daemon [_thread_blocked, id=16336, stack(0x000000b2aff00000,0x000000b2b0000000)]
  0x0000029def8d3e20 JavaThread "Daemon health stats" [_thread_blocked, id=5920, stack(0x000000b2b0100000,0x000000b2b0200000)]
  0x0000029def87d030 JavaThread "Incoming local TCP Connector on port 65166" [_thread_in_native, id=9432, stack(0x000000b2b0200000,0x000000b2b0300000)]
  0x0000029defa14790 JavaThread "Daemon periodic checks" [_thread_blocked, id=12416, stack(0x000000b2b0300000,0x000000b2b0400000)]
  0x0000029defde9ee0 JavaThread "Daemon" [_thread_blocked, id=9752, stack(0x000000b2b0400000,0x000000b2b0500000)]
  0x0000029defa5b300 JavaThread "Handler for socket connection from /127.0.0.1:65166 to /127.0.0.1:65167" [_thread_in_native, id=12688, stack(0x000000b2b0500000,0x000000b2b0600000)]
  0x0000029defe38810 JavaThread "Cancel handler" [_thread_blocked, id=13700, stack(0x000000b2b0600000,0x000000b2b0700000)]
  0x0000029defe38300 JavaThread "Daemon worker" [_thread_blocked, id=1424, stack(0x000000b2b0700000,0x000000b2b0800000)]
  0x0000029defe373d0 JavaThread "Asynchronous log dispatcher for DefaultDaemonConnection: socket connection from /127.0.0.1:65166 to /127.0.0.1:65167" [_thread_blocked, id=14564, stack(0x000000b2b0800000,0x000000b2b0900000)]
  0x0000029defe378e0 JavaThread "Stdin handler" [_thread_blocked, id=7984, stack(0x000000b2b0900000,0x000000b2b0a00000)]
  0x0000029defe37df0 JavaThread "Daemon client event forwarder" [_thread_blocked, id=6080, stack(0x000000b2b0a00000,0x000000b2b0b00000)]
  0x0000029defe38d20 JavaThread "Cache worker for journal cache (C:\Users\asusu\.gradle\caches\journal-1)" [_thread_blocked, id=11724, stack(0x000000b2b0b00000,0x000000b2b0c00000)]
  0x0000029defe39230 JavaThread "File lock request listener" [_thread_in_native, id=11728, stack(0x000000b2b0c00000,0x000000b2b0d00000)]
  0x0000029defe39c50 JavaThread "Cache worker for file hash cache (C:\Users\asusu\.gradle\caches\8.2\fileHashes)" [_thread_blocked, id=11832, stack(0x000000b2b0d00000,0x000000b2b0e00000)]
  0x0000029defe364a0 JavaThread "File watcher server" daemon [_thread_in_native, id=16172, stack(0x000000b2b0e00000,0x000000b2b0f00000)]
  0x0000029defe369b0 JavaThread "File watcher consumer" daemon [_thread_blocked, id=2712, stack(0x000000b2b0f00000,0x000000b2b1000000)]
  0x0000029defe36ec0 JavaThread "jar transforms" [_thread_blocked, id=14768, stack(0x000000b2b1000000,0x000000b2b1100000)]
  0x0000029df1a2b820 JavaThread "jar transforms Thread 2" [_thread_blocked, id=16300, stack(0x000000b2b1100000,0x000000b2b1200000)]
  0x0000029df1a2c750 JavaThread "jar transforms Thread 3" [_thread_blocked, id=15824, stack(0x000000b2b1200000,0x000000b2b1300000)]
  0x0000029df1a2ae00 JavaThread "jar transforms Thread 4" [_thread_blocked, id=13220, stack(0x000000b2b1300000,0x000000b2b1400000)]
  0x0000029df1a299c0 JavaThread "Cache worker for checksums cache (C:\Users\asusu\AndroidStudioProjects\starter-project-\starter-project\.gradle\8.2\checksums)" [_thread_blocked, id=10952, stack(0x000000b2b1400000,0x000000b2b1500000)]
  0x0000029df1a2a3e0 JavaThread "Cache worker for cache directory md-rule (C:\Users\asusu\.gradle\caches\8.2\md-rule)" [_thread_blocked, id=8612, stack(0x000000b2b1500000,0x000000b2b1600000)]
  0x0000029df1a2bd30 JavaThread "Cache worker for file content cache (C:\Users\asusu\.gradle\caches\8.2\fileContent)" [_thread_blocked, id=2824, stack(0x000000b2b1600000,0x000000b2b1700000)]
  0x0000029df1a2a8f0 JavaThread "Cache worker for file hash cache (C:\Users\asusu\AndroidStudioProjects\starter-project-\starter-project\.gradle\8.2\fileHashes)" [_thread_blocked, id=6960, stack(0x000000b2b1700000,0x000000b2b1800000)]
  0x0000029df1a2b310 JavaThread "Cache worker for cache directory md-supplier (C:\Users\asusu\.gradle\caches\8.2\md-supplier)" [_thread_blocked, id=12912, stack(0x000000b2b1800000,0x000000b2b1900000)]

Other Threads:
  0x0000029dd7c0ec10 VMThread "VM Thread" [stack: 0x000000b2af400000,0x000000b2af500000] [id=5924]
  0x0000029dea3dd2c0 WatcherThread [stack: 0x000000b2b0000000,0x000000b2b0100000] [id=14436]

Threads with active compile tasks:
C2 CompilerThread0    11119 3062   !   4       java.lang.ClassLoader::loadClass (121 bytes)

VM state: at safepoint (normal execution)

VM Mutex/Monitor currently owned by a thread:  ([mutex/lock_event])
[0x0000029dd7b79270] Threads_lock - owner thread: 0x0000029dd7c0ec10
[0x0000029dd7b783d0] Heap_lock - owner thread: 0x0000029defe38300

Heap address: 0x00000000c0000000, size: 1024 MB, Compressed Oops mode: 32-bit

CDS archive(s) not mapped
Compressed class space mapped at: 0x0000000100000000-0x0000000140000000, reserved size: 1073741824
Narrow klass base: 0x0000000000000000, Narrow klass shift: 3, Narrow klass range: 0x140000000

GC Precious Log:
 CPUs: 4 total, 4 available
 Memory: 6082M
 Large Page Support: Disabled
 NUMA Support: Disabled
 Compressed Oops: Enabled (32-bit)
 Heap Min Capacity: 8M
 Heap Initial Capacity: 96M
 Heap Max Capacity: 1G
 Pre-touch: Disabled

Heap:
 def new generation   total 29568K, used 29567K [0x00000000c0000000, 0x00000000c2010000, 0x00000000d5550000)
  eden space 26304K, 100% used [0x00000000c0000000, 0x00000000c19b0000, 0x00000000c19b0000)
  from space 3264K,  99% used [0x00000000c1ce0000, 0x00000000c200fff8, 0x00000000c2010000)
  to   space 3264K,  28% used [0x00000000c19b0000, 0x00000000c1a9ab98, 0x00000000c1ce0000)
 tenured generation   total 65536K, used 31306K [0x00000000d5550000, 0x00000000d9550000, 0x0000000100000000)
   the space 65536K,  47% used [0x00000000d5550000, 0x00000000d73e2a88, 0x00000000d73e2c00, 0x00000000d9550000)
 Metaspace       used 34167K, committed 34560K, reserved 1114112K
  class space    used 4681K, committed 4864K, reserved 1048576K

Card table byte_map: [0x0000029dd74f0000,0x0000029dd7700000] _byte_map_base: 0x0000029dd6ef0000

Polling page: 0x0000029dd5aa0000

Metaspace:

Usage:
  Non-class:     28.80 MB used.
      Class:      4.57 MB used.
       Both:     33.37 MB used.

Virtual space:
  Non-class space:       64.00 MB reserved,      29.00 MB ( 45%) committed,  1 nodes.
      Class space:        1.00 GB reserved,       4.75 MB ( <1%) committed,  1 nodes.
             Both:        1.06 GB reserved,      33.75 MB (  3%) committed. 

Chunk freelists:
   Non-Class:  2.91 MB
       Class:  11.17 MB
        Both:  14.08 MB

MaxMetaspaceSize: unlimited
CompressedClassSpaceSize: 1.00 GB
Initial GC threshold: 21.00 MB
Current GC threshold: 35.00 MB
CDS: off
MetaspaceReclaimPolicy: balanced
 - commit_granule_bytes: 65536.
 - commit_granule_words: 8192.
 - virtual_space_node_default_size: 8388608.
 - enlarge_chunks_in_place: 1.
 - new_chunks_are_fully_committed: 0.
 - uncommit_free_chunks: 1.
 - use_allocation_guard: 0.
 - handle_deallocations: 1.


Internal statistics:

num_allocs_failed_limit: 3.
num_arena_births: 368.
num_arena_deaths: 0.
num_vsnodes_births: 2.
num_vsnodes_deaths: 0.
num_space_committed: 540.
num_space_uncommitted: 0.
num_chunks_returned_to_freelist: 3.
num_chunks_taken_from_freelist: 1362.
num_chunk_merges: 3.
num_chunk_splits: 849.
num_chunks_enlarged: 565.
num_inconsistent_stats: 0.

CodeHeap 'non-profiled nmethods': size=120000Kb used=1499Kb max_used=1499Kb free=118500Kb
 bounds [0x0000029de2b00000, 0x0000029de2d70000, 0x0000029dea030000]
CodeHeap 'profiled nmethods': size=120000Kb used=6423Kb max_used=6423Kb free=113576Kb
 bounds [0x0000029ddb030000, 0x0000029ddb680000, 0x0000029de2560000]
CodeHeap 'non-nmethods': size=5760Kb used=1234Kb max_used=1270Kb free=4525Kb
 bounds [0x0000029de2560000, 0x0000029de27d0000, 0x0000029de2b00000]
 total_blobs=3646 nmethods=3099 adapters=461
 compilation: enabled
              stopped_count=0, restarted_count=0
 full_count=0

Compilation events (20 events):
Event: 10.889 Thread 0x0000029dd79d8850 nmethod 3092 0x0000029ddb654090 code [0x0000029ddb654240, 0x0000029ddb654548]
Event: 10.928 Thread 0x0000029dd79d8850 3093   !   3       java.util.concurrent.LinkedBlockingQueue::poll (128 bytes)
Event: 10.931 Thread 0x0000029dd79d8850 nmethod 3093 0x0000029ddb654690 code [0x0000029ddb654a80, 0x0000029ddb656738]
Event: 10.952 Thread 0x0000029dd79d8850 3094       3       org.gradle.launcher.daemon.server.exec.DaemonConnectionBackedEventConsumer$ForwardEvents::moreMessagesToSend (35 bytes)
Event: 10.952 Thread 0x0000029dd79d8850 nmethod 3094 0x0000029ddb657410 code [0x0000029ddb6575c0, 0x0000029ddb657888]
Event: 10.953 Thread 0x0000029dd79d8850 3095   !   3       org.gradle.launcher.daemon.server.exec.DaemonConnectionBackedEventConsumer$ForwardEvents::getNextEvent (27 bytes)
Event: 10.953 Thread 0x0000029dd79d8850 nmethod 3095 0x0000029ddb657990 code [0x0000029ddb657b40, 0x0000029ddb657dc8]
Event: 10.960 Thread 0x0000029dd79d8850 3096       3       java.lang.reflect.ProxyGenerator::typeNames (61 bytes)
Event: 10.960 Thread 0x0000029dd79d8850 nmethod 3096 0x0000029ddb657f10 code [0x0000029ddb658140, 0x0000029ddb658a28]
Event: 10.978 Thread 0x0000029dd79d8850 3097       3       java.util.concurrent.locks.AbstractQueuedSynchronizer$Node::getAndUnsetStatus (14 bytes)
Event: 10.979 Thread 0x0000029dd79d8850 nmethod 3097 0x0000029ddb658c90 code [0x0000029ddb658e40, 0x0000029ddb659108]
Event: 11.021 Thread 0x0000029dd79d8850 3098       3       jdk.internal.org.objectweb.asm.MethodVisitor::visitMaxs (17 bytes)
Event: 11.021 Thread 0x0000029dd79d8850 nmethod 3098 0x0000029ddb659210 code [0x0000029ddb6593c0, 0x0000029ddb6595c8]
Event: 11.023 Thread 0x0000029dd79d8850 3099       3       jdk.internal.org.objectweb.asm.MethodVisitor::visitEnd (15 bytes)
Event: 11.023 Thread 0x0000029dd79d8850 nmethod 3099 0x0000029ddb659690 code [0x0000029ddb659840, 0x0000029ddb659a48]
Event: 11.025 Thread 0x0000029dd79d8850 3100   !   3       java.lang.invoke.AbstractValidatingLambdaMetafactory::<init> (559 bytes)
Event: 11.034 Thread 0x0000029dd79d8850 nmethod 3100 0x0000029ddb659b10 code [0x0000029ddb65a420, 0x0000029ddb65f988]
Event: 11.036 Thread 0x0000029dd79d8850 3101       3       java.lang.invoke.InfoFromMemberName::<init> (72 bytes)
Event: 11.036 Thread 0x0000029dd79d8850 nmethod 3101 0x0000029ddb661890 code [0x0000029ddb661a20, 0x0000029ddb661bd8]
Event: 11.036 Thread 0x0000029dd79d8850 3102       3       java.lang.invoke.AbstractValidatingLambdaMetafactory::validateMetafactoryArgs (607 bytes)

GC Heap History (14 events):
Event: 1.903 GC heap before
{Heap before GC invocations=0 (full 0):
 def new generation   total 29504K, used 26240K [0x00000000c0000000, 0x00000000c2000000, 0x00000000d5550000)
  eden space 26240K, 100% used [0x00000000c0000000, 0x00000000c19a0000, 0x00000000c19a0000)
  from space 3264K,   0% used [0x00000000c19a0000, 0x00000000c19a0000, 0x00000000c1cd0000)
  to   space 3264K,   0% used [0x00000000c1cd0000, 0x00000000c1cd0000, 0x00000000c2000000)
 tenured generation   total 65536K, used 0K [0x00000000d5550000, 0x00000000d9550000, 0x0000000100000000)
   the space 65536K,   0% used [0x00000000d5550000, 0x00000000d5550000, 0x00000000d5550200, 0x00000000d9550000)
 Metaspace       used 10427K, committed 10560K, reserved 1114112K
  class space    used 1081K, committed 1152K, reserved 1048576K
}
Event: 1.920 GC heap after
{Heap after GC invocations=1 (full 0):
 def new generation   total 29504K, used 3263K [0x00000000c0000000, 0x00000000c2000000, 0x00000000d5550000)
  eden space 26240K,   0% used [0x00000000c0000000, 0x00000000c0000000, 0x00000000c19a0000)
  from space 3264K,  99% used [0x00000000c1cd0000, 0x00000000c1fffff8, 0x00000000c2000000)
  to   space 3264K,   0% used [0x00000000c19a0000, 0x00000000c19a0000, 0x00000000c1cd0000)
 tenured generation   total 65536K, used 5887K [0x00000000d5550000, 0x00000000d9550000, 0x0000000100000000)
   the space 65536K,   8% used [0x00000000d5550000, 0x00000000d5b0fd60, 0x00000000d5b0fe00, 0x00000000d9550000)
 Metaspace       used 10427K, committed 10560K, reserved 1114112K
  class space    used 1081K, committed 1152K, reserved 1048576K
}
Event: 2.791 GC heap before
{Heap before GC invocations=1 (full 0):
 def new generation   total 29504K, used 29503K [0x00000000c0000000, 0x00000000c2000000, 0x00000000d5550000)
  eden space 26240K, 100% used [0x00000000c0000000, 0x00000000c19a0000, 0x00000000c19a0000)
  from space 3264K,  99% used [0x00000000c1cd0000, 0x00000000c1fffff8, 0x00000000c2000000)
  to   space 3264K,   0% used [0x00000000c19a0000, 0x00000000c19a0000, 0x00000000c1cd0000)
 tenured generation   total 65536K, used 5887K [0x00000000d5550000, 0x00000000d9550000, 0x0000000100000000)
   the space 65536K,   8% used [0x00000000d5550000, 0x00000000d5b0fd60, 0x00000000d5b0fe00, 0x00000000d9550000)
 Metaspace       used 11480K, committed 11648K, reserved 1114112K
  class space    used 1197K, committed 1280K, reserved 1048576K
}
Event: 2.803 GC heap after
{Heap after GC invocations=2 (full 0):
 def new generation   total 29504K, used 731K [0x00000000c0000000, 0x00000000c2000000, 0x00000000d5550000)
  eden space 26240K,   0% used [0x00000000c0000000, 0x00000000c0000000, 0x00000000c19a0000)
  from space 3264K,  22% used [0x00000000c19a0000, 0x00000000c1a56ff0, 0x00000000c1cd0000)
  to   space 3264K,   0% used [0x00000000c1cd0000, 0x00000000c1cd0000, 0x00000000c2000000)
 tenured generation   total 65536K, used 9136K [0x00000000d5550000, 0x00000000d9550000, 0x0000000100000000)
   the space 65536K,  13% used [0x00000000d5550000, 0x00000000d5e3c1d0, 0x00000000d5e3c200, 0x00000000d9550000)
 Metaspace       used 11480K, committed 11648K, reserved 1114112K
  class space    used 1197K, committed 1280K, reserved 1048576K
}
Event: 4.128 GC heap before
{Heap before GC invocations=2 (full 0):
 def new generation   total 29504K, used 26971K [0x00000000c0000000, 0x00000000c2000000, 0x00000000d5550000)
  eden space 26240K, 100% used [0x00000000c0000000, 0x00000000c19a0000, 0x00000000c19a0000)
  from space 3264K,  22% used [0x00000000c19a0000, 0x00000000c1a56ff0, 0x00000000c1cd0000)
  to   space 3264K,   0% used [0x00000000c1cd0000, 0x00000000c1cd0000, 0x00000000c2000000)
 tenured generation   total 65536K, used 9136K [0x00000000d5550000, 0x00000000d9550000, 0x0000000100000000)
   the space 65536K,  13% used [0x00000000d5550000, 0x00000000d5e3c1d0, 0x00000000d5e3c200, 0x00000000d9550000)
 Metaspace       used 16314K, committed 16512K, reserved 1114112K
  class space    used 1861K, committed 1984K, reserved 1048576K
}
Event: 4.145 GC heap after
{Heap after GC invocations=3 (full 0):
 def new generation   total 29504K, used 3264K [0x00000000c0000000, 0x00000000c2000000, 0x00000000d5550000)
  eden space 26240K,   0% used [0x00000000c0000000, 0x00000000c0000000, 0x00000000c19a0000)
  from space 3264K, 100% used [0x00000000c1cd0000, 0x00000000c2000000, 0x00000000c2000000)
  to   space 3264K,   0% used [0x00000000c19a0000, 0x00000000c19a0000, 0x00000000c1cd0000)
 tenured generation   total 65536K, used 12219K [0x00000000d5550000, 0x00000000d9550000, 0x0000000100000000)
   the space 65536K,  18% used [0x00000000d5550000, 0x00000000d613ef40, 0x00000000d613f000, 0x00000000d9550000)
 Metaspace       used 16314K, committed 16512K, reserved 1114112K
  class space    used 1861K, committed 1984K, reserved 1048576K
}
Event: 5.009 GC heap before
{Heap before GC invocations=3 (full 0):
 def new generation   total 29504K, used 22857K [0x00000000c0000000, 0x00000000c2000000, 0x00000000d5550000)
  eden space 26240K,  74% used [0x00000000c0000000, 0x00000000c13224b8, 0x00000000c19a0000)
  from space 3264K, 100% used [0x00000000c1cd0000, 0x00000000c2000000, 0x00000000c2000000)
  to   space 3264K,   0% used [0x00000000c19a0000, 0x00000000c19a0000, 0x00000000c1cd0000)
 tenured generation   total 65536K, used 12219K [0x00000000d5550000, 0x00000000d9550000, 0x0000000100000000)
   the space 65536K,  18% used [0x00000000d5550000, 0x00000000d613ef40, 0x00000000d613f000, 0x00000000d9550000)
 Metaspace       used 21326K, committed 21504K, reserved 1114112K
  class space    used 2516K, committed 2560K, reserved 1048576K
}
Event: 5.053 GC heap after
{Heap after GC invocations=4 (full 1):
 def new generation   total 29568K, used 0K [0x00000000c0000000, 0x00000000c2010000, 0x00000000d5550000)
  eden space 26304K,   0% used [0x00000000c0000000, 0x00000000c0000000, 0x00000000c19b0000)
  from space 3264K,   0% used [0x00000000c19b0000, 0x00000000c19b0000, 0x00000000c1ce0000)
  to   space 3264K,   0% used [0x00000000c1ce0000, 0x00000000c1ce0000, 0x00000000c2010000)
 tenured generation   total 65536K, used 17211K [0x00000000d5550000, 0x00000000d9550000, 0x0000000100000000)
   the space 65536K,  26% used [0x00000000d5550000, 0x00000000d661ee90, 0x00000000d661f000, 0x00000000d9550000)
 Metaspace       used 21326K, committed 21504K, reserved 1114112K
  class space    used 2516K, committed 2560K, reserved 1048576K
}
Event: 6.105 GC heap before
{Heap before GC invocations=4 (full 1):
 def new generation   total 29568K, used 26304K [0x00000000c0000000, 0x00000000c2010000, 0x00000000d5550000)
  eden space 26304K, 100% used [0x00000000c0000000, 0x00000000c19b0000, 0x00000000c19b0000)
  from space 3264K,   0% used [0x00000000c19b0000, 0x00000000c19b0000, 0x00000000c1ce0000)
  to   space 3264K,   0% used [0x00000000c1ce0000, 0x00000000c1ce0000, 0x00000000c2010000)
 tenured generation   total 65536K, used 17211K [0x00000000d5550000, 0x00000000d9550000, 0x0000000100000000)
   the space 65536K,  26% used [0x00000000d5550000, 0x00000000d661ee90, 0x00000000d661f000, 0x00000000d9550000)
 Metaspace       used 25499K, committed 25792K, reserved 1114112K
  class space    used 3227K, committed 3392K, reserved 1048576K
}
Event: 6.114 GC heap after
{Heap after GC invocations=5 (full 1):
 def new generation   total 29568K, used 1336K [0x00000000c0000000, 0x00000000c2010000, 0x00000000d5550000)
  eden space 26304K,   0% used [0x00000000c0000000, 0x00000000c0000000, 0x00000000c19b0000)
  from space 3264K,  40% used [0x00000000c1ce0000, 0x00000000c1e2e3a8, 0x00000000c2010000)
  to   space 3264K,   0% used [0x00000000c19b0000, 0x00000000c19b0000, 0x00000000c1ce0000)
 tenured generation   total 65536K, used 17211K [0x00000000d5550000, 0x00000000d9550000, 0x0000000100000000)
   the space 65536K,  26% used [0x00000000d5550000, 0x00000000d661ee90, 0x00000000d661f000, 0x00000000d9550000)
 Metaspace       used 25499K, committed 25792K, reserved 1114112K
  class space    used 3227K, committed 3392K, reserved 1048576K
}
Event: 9.350 GC heap before
{Heap before GC invocations=5 (full 1):
 def new generation   total 29568K, used 27640K [0x00000000c0000000, 0x00000000c2010000, 0x00000000d5550000)
  eden space 26304K, 100% used [0x00000000c0000000, 0x00000000c19b0000, 0x00000000c19b0000)
  from space 3264K,  40% used [0x00000000c1ce0000, 0x00000000c1e2e3a8, 0x00000000c2010000)
  to   space 3264K,   0% used [0x00000000c19b0000, 0x00000000c19b0000, 0x00000000c1ce0000)
 tenured generation   total 65536K, used 17211K [0x00000000d5550000, 0x00000000d9550000, 0x0000000100000000)
   the space 65536K,  26% used [0x00000000d5550000, 0x00000000d661ee90, 0x00000000d661f000, 0x00000000d9550000)
 Metaspace       used 28962K, committed 29248K, reserved 1114112K
  class space    used 3832K, committed 3968K, reserved 1048576K
}
Event: 9.367 GC heap after
{Heap after GC invocations=6 (full 1):
 def new generation   total 29568K, used 2982K [0x00000000c0000000, 0x00000000c2010000, 0x00000000d5550000)
  eden space 26304K,   0% used [0x00000000c0000000, 0x00000000c0000000, 0x00000000c19b0000)
  from space 3264K,  91% used [0x00000000c19b0000, 0x00000000c1c99aa0, 0x00000000c1ce0000)
  to   space 3264K,   0% used [0x00000000c1ce0000, 0x00000000c1ce0000, 0x00000000c2010000)
 tenured generation   total 65536K, used 17211K [0x00000000d5550000, 0x00000000d9550000, 0x0000000100000000)
   the space 65536K,  26% used [0x00000000d5550000, 0x00000000d661ee90, 0x00000000d661f000, 0x00000000d9550000)
 Metaspace       used 28962K, committed 29248K, reserved 1114112K
  class space    used 3832K, committed 3968K, reserved 1048576K
}
Event: 10.114 GC heap before
{Heap before GC invocations=6 (full 1):
 def new generation   total 29568K, used 29286K [0x00000000c0000000, 0x00000000c2010000, 0x00000000d5550000)
  eden space 26304K, 100% used [0x00000000c0000000, 0x00000000c19b0000, 0x00000000c19b0000)
  from space 3264K,  91% used [0x00000000c19b0000, 0x00000000c1c99aa0, 0x00000000c1ce0000)
  to   space 3264K,   0% used [0x00000000c1ce0000, 0x00000000c1ce0000, 0x00000000c2010000)
 tenured generation   total 65536K, used 17211K [0x00000000d5550000, 0x00000000d9550000, 0x0000000100000000)
   the space 65536K,  26% used [0x00000000d5550000, 0x00000000d661ee90, 0x00000000d661f000, 0x00000000d9550000)
 Metaspace       used 30738K, committed 31104K, reserved 1114112K
  class space    used 4141K, committed 4288K, reserved 1048576K
}
Event: 10.139 GC heap after
{Heap after GC invocations=7 (full 1):
 def new generation   total 29568K, used 3263K [0x00000000c0000000, 0x00000000c2010000, 0x00000000d5550000)
  eden space 26304K,   0% used [0x00000000c0000000, 0x00000000c0000000, 0x00000000c19b0000)
  from space 3264K,  99% used [0x00000000c1ce0000, 0x00000000c200fff8, 0x00000000c2010000)
  to   space 3264K,   0% used [0x00000000c19b0000, 0x00000000c19b0000, 0x00000000c1ce0000)
 tenured generation   total 65536K, used 31209K [0x00000000d5550000, 0x00000000d9550000, 0x0000000100000000)
   the space 65536K,  47% used [0x00000000d5550000, 0x00000000d73ca400, 0x00000000d73ca400, 0x00000000d9550000)
 Metaspace       used 30738K, committed 31104K, reserved 1114112K
  class space    used 4141K, committed 4288K, reserved 1048576K
}

Dll operation events (3 events):
Event: 0.019 Loaded shared library C:\Program Files\Android\Android Studio\jbr\bin\java.dll
Event: 0.258 Loaded shared library C:\Program Files\Android\Android Studio\jbr\bin\zip.dll
Event: 1.201 Loaded shared library C:\Program Files\Android\Android Studio\jbr\bin\verify.dll

Deoptimization events (20 events):
Event: 9.920 Thread 0x0000029defe38300 DEOPT PACKING pc=0x0000029de2c20ebc sp=0x000000b2b07fbe30
Event: 9.920 Thread 0x0000029defe38300 DEOPT UNPACKING pc=0x0000029de25b66a3 sp=0x000000b2b07fbb98 mode 2
Event: 9.937 Thread 0x0000029defe38300 DEOPT PACKING pc=0x0000029ddb10943d sp=0x000000b2b07fafd0
Event: 9.937 Thread 0x0000029defe38300 DEOPT UNPACKING pc=0x0000029de25b6e43 sp=0x000000b2b07fa458 mode 0
Event: 10.014 Thread 0x0000029defe38300 DEOPT PACKING pc=0x0000029ddb10943d sp=0x000000b2b07f9cb0
Event: 10.014 Thread 0x0000029defe38300 DEOPT UNPACKING pc=0x0000029de25b6e43 sp=0x000000b2b07f9138 mode 0
Event: 10.046 Thread 0x0000029defe38300 DEOPT PACKING pc=0x0000029ddb51c04b sp=0x000000b2b07fa1e0
Event: 10.047 Thread 0x0000029defe38300 DEOPT UNPACKING pc=0x0000029de25b6e43 sp=0x000000b2b07f9690 mode 0
Event: 10.059 Thread 0x0000029defe38300 DEOPT PACKING pc=0x0000029ddb10c500 sp=0x000000b2b07f99e0
Event: 10.059 Thread 0x0000029defe38300 DEOPT UNPACKING pc=0x0000029de25b6e43 sp=0x000000b2b07f8f60 mode 0
Event: 10.060 Thread 0x0000029defe38300 DEOPT PACKING pc=0x0000029ddb495054 sp=0x000000b2b07f9890
Event: 10.060 Thread 0x0000029defe38300 DEOPT UNPACKING pc=0x0000029de25b6e43 sp=0x000000b2b07f8de8 mode 0
Event: 10.258 Thread 0x0000029defe38300 Uncommon trap: trap_request=0xffffff45 fr.pc=0x0000029de2bbc7e0 relative=0x0000000000000560
Event: 10.258 Thread 0x0000029defe38300 Uncommon trap: reason=unstable_if action=reinterpret pc=0x0000029de2bbc7e0 method=java.util.Properties$LineReader.readLine()I @ 95 c2
Event: 10.258 Thread 0x0000029defe38300 DEOPT PACKING pc=0x0000029de2bbc7e0 sp=0x000000b2b07fa660
Event: 10.258 Thread 0x0000029defe38300 DEOPT UNPACKING pc=0x0000029de25b66a3 sp=0x000000b2b07fa600 mode 2
Event: 10.612 Thread 0x0000029defe38300 Uncommon trap: trap_request=0xffffff45 fr.pc=0x0000029de2b5ab68 relative=0x00000000000005a8
Event: 10.612 Thread 0x0000029defe38300 Uncommon trap: reason=unstable_if action=reinterpret pc=0x0000029de2b5ab68 method=java.util.HashMap.hash(Ljava/lang/Object;)I @ 1 c2
Event: 10.612 Thread 0x0000029defe38300 DEOPT PACKING pc=0x0000029de2b5ab68 sp=0x000000b2b07f7080
Event: 10.612 Thread 0x0000029defe38300 DEOPT UNPACKING pc=0x0000029de25b66a3 sp=0x000000b2b07f6f28 mode 2

Classes unloaded (0 events):
No events

Classes redefined (0 events):
No events

Internal exceptions (20 events):
Event: 10.141 Thread 0x0000029defe38300 Exception <a 'java/lang/NoSuchMethodError'{0x00000000c00251c0}: static Lorg/gradle/tooling/internal/consumer/versioning/VersionDetails;.<clinit>()V> (0x00000000c00251c0) 
thrown [s\src\hotspot\share\prims\jni.cpp, line 1127]
Event: 10.141 Thread 0x0000029defe38300 Exception <a 'java/lang/NoSuchMethodError'{0x00000000c0027b68}: static Lorg/gradle/tooling/internal/consumer/versioning/VersionDetails$R26VersionDetails;.<clinit>()V> (0x00000000c0027b68) 
thrown [s\src\hotspot\share\prims\jni.cpp, line 1127]
Event: 10.141 Thread 0x0000029defe38300 Exception <a 'java/lang/NoSuchMethodError'{0x00000000c00290e0}: static Lorg/gradle/tooling/internal/consumer/versioning/VersionDetails$R28VersionDetails;.<clinit>()V> (0x00000000c00290e0) 
thrown [s\src\hotspot\share\prims\jni.cpp, line 1127]
Event: 10.141 Thread 0x0000029defe38300 Exception <a 'java/lang/NoSuchMethodError'{0x00000000c002a5e8}: static Lorg/gradle/tooling/internal/consumer/versioning/VersionDetails$R35VersionDetails;.<clinit>()V> (0x00000000c002a5e8) 
thrown [s\src\hotspot\share\prims\jni.cpp, line 1127]
Event: 10.141 Thread 0x0000029defe38300 Exception <a 'java/lang/NoSuchMethodError'{0x00000000c002bcb8}: static Lorg/gradle/tooling/internal/consumer/versioning/VersionDetails$R44VersionDetails;.<clinit>()V> (0x00000000c002bcb8) 
thrown [s\src\hotspot\share\prims\jni.cpp, line 1127]
Event: 10.141 Thread 0x0000029defe38300 Exception <a 'java/lang/NoSuchMethodError'{0x00000000c002d2c0}: static Lorg/gradle/tooling/internal/consumer/versioning/VersionDetails$R48VersionDetails;.<clinit>()V> (0x00000000c002d2c0) 
thrown [s\src\hotspot\share\prims\jni.cpp, line 1127]
Event: 10.141 Thread 0x0000029defe38300 Exception <a 'java/lang/NoSuchMethodError'{0x00000000c002e4c0}: static Lorg/gradle/tooling/internal/consumer/versioning/VersionDetails$R51VersionDetails;.<clinit>()V> (0x00000000c002e4c0) 
thrown [s\src\hotspot\share\prims\jni.cpp, line 1127]
Event: 10.195 Thread 0x0000029defe38300 Exception <a 'java/lang/NoSuchMethodError'{0x00000000c0215710}: 'java.lang.Object java.lang.invoke.DirectMethodHandle$Holder.newInvokeSpecial(java.lang.Object, java.lang.Object, int)'> (0x00000000c0215710) 
thrown [s\src\hotspot\share\interpreter\linkResolver.cpp, line 771]
Event: 10.461 Thread 0x0000029defe38300 Exception <a 'java/lang/NoSuchMethodError'{0x00000000c0e15ef8}: 'java.lang.Object java.lang.invoke.DirectMethodHandle$Holder.invokeSpecialIFC(java.lang.Object, java.lang.Object, java.lang.Object, java.lang.Object)'> (0x00000000c0e15ef8) 
thrown [s\src\hotspot\share\interpreter\linkResolver.cpp, line 771]
Event: 10.612 Thread 0x0000029defe38300 Implicit null exception at 0x0000029de2b5a60c to 0x0000029de2b5ab48
Event: 10.735 Thread 0x0000029defe38300 Exception <a 'java/lang/NoSuchMethodError'{0x00000000c16538c0}: 'java.lang.Object java.lang.invoke.DirectMethodHandle$Holder.invokeSpecial(java.lang.Object, java.lang.Object, java.lang.Object, java.lang.Object, java.lang.Object, java.lang.Object, java.lang.Object, java.lang.Object, java.lang.Object, java.lang.Object, java.lang.Object, java.lang.Object, java.lang.Object)'> (0x00000000c16538c0) 
thrown [s\src\hotspot\share\interpreter\linkResolver.cpp, line 771]
Event: 10.738 Thread 0x0000029defe38300 Exception <a 'java/lang/NoSuchMethodError'{0x00000000c1665228}: 'java.lang.Object java.lang.invoke.DirectMethodHandle$Holder.newInvokeSpecial(java.lang.Object, java.lang.Object, java.lang.Object, java.lang.Object, java.lang.Object, java.lang.Object, java.lang.Object, java.lang.Object, java.lang.Object, java.lang.Object, java.lang.Object)'> (0x00000000c1665228) 
thrown [s\src\hotspot\share\interpreter\linkResolver.cpp, line 771]
Event: 10.740 Thread 0x0000029defe38300 Exception <a 'java/lang/NoSuchMethodError'{0x00000000c166ad60}: 'java.lang.Object java.lang.invoke.DirectMethodHandle$Holder.invokeSpecial(java.lang.Object, java.lang.Object, java.lang.Object, java.lang.Object, java.lang.Object, java.lang.Object, java.lang.Object, java.lang.Object, java.lang.Object, java.lang.Object, java.lang.Object, java.lang.Object)'> (0x00000000c166ad60) 
thrown [s\src\hotspot\share\interpreter\linkResolver.cpp, line 771]
Event: 10.742 Thread 0x0000029defe38300 Exception <a 'java/lang/NoSuchMethodError'{0x00000000c16703f8}: 'java.lang.Object java.lang.invoke.Invokers$Holder.linkToTargetMethod(java.lang.Object, java.lang.Object, java.lang.Object, java.lang.Object, java.lang.Object, java.lang.Object, java.lang.Object, java.lang.Object, java.lang.Object, java.lang.Object, java.lang.Object)'> (0x00000000c16703f8) 
thrown [s\src\hotspot\share\interpreter\linkResolver.cpp, line 771]
Event: 10.783 Thread 0x0000029defe38300 Exception <a 'java/lang/NoSuchMethodError'{0x00000000c16c8458}: 'java.lang.Object java.lang.invoke.DirectMethodHandle$Holder.invokeSpecial(java.lang.Object, java.lang.Object, java.lang.Object, java.lang.Object, java.lang.Object, java.lang.Object, java.lang.Object, java.lang.Object, java.lang.Object, java.lang.Object, java.lang.Object, java.lang.Object, java.lang.Object, java.lang.Object)'> (0x00000000c16c8458) 
thrown [s\src\hotspot\share\interpreter\linkResolver.cpp, line 771]
Event: 10.784 Thread 0x0000029defe38300 Exception <a 'java/lang/NoSuchMethodError'{0x00000000c16daab0}: 'java.lang.Object java.lang.invoke.DirectMethodHandle$Holder.newInvokeSpecial(java.lang.Object, java.lang.Object, java.lang.Object, java.lang.Object, java.lang.Object, java.lang.Object, java.lang.Object, java.lang.Object, java.lang.Object, java.lang.Object, java.lang.Object, java.lang.Object)'> (0x00000000c16daab0) 
thrown [s\src\hotspot\share\interpreter\linkResolver.cpp, line 771]
Event: 10.786 Thread 0x0000029defe38300 Exception <a 'java/lang/NoSuchMethodError'{0x00000000c16e0448}: 'java.lang.Object java.lang.invoke.Invokers$Holder.linkToTargetMethod(java.lang.Object, java.lang.Object, java.lang.Object, java.lang.Object, java.lang.Object, java.lang.Object, java.lang.Object, java.lang.Object, java.lang.Object, java.lang.Object, java.lang.Object, java.lang.Object)'> (0x00000000c16e0448) 
thrown [s\src\hotspot\share\interpreter\linkResolver.cpp, line 771]
Event: 10.806 Thread 0x0000029defe38300 Exception <a 'java/lang/NoSuchMethodError'{0x00000000c171c4c0}: 'java.lang.Object java.lang.invoke.DirectMethodHandle$Holder.newInvokeSpecial(java.lang.Object, java.lang.Object, java.lang.Object, java.lang.Object, java.lang.Object, java.lang.Object, java.lang.Object, java.lang.Object, java.lang.Object, java.lang.Object)'> (0x00000000c171c4c0) 
thrown [s\src\hotspot\share\interpreter\linkResolver.cpp, line 771]
Event: 10.809 Thread 0x0000029defe38300 Exception <a 'java/lang/NoSuchMethodError'{0x00000000c1721650}: 'java.lang.Object java.lang.invoke.Invokers$Holder.linkToTargetMethod(java.lang.Object, java.lang.Object, java.lang.Object, java.lang.Object, java.lang.Object, java.lang.Object, java.lang.Object, java.lang.Object, java.lang.Object, java.lang.Object)'> (0x00000000c1721650) 
thrown [s\src\hotspot\share\interpreter\linkResolver.cpp, line 771]
Event: 10.883 Thread 0x0000029defe38300 Exception <a 'java/lang/NoSuchMethodError'{0x00000000c178b9a8}: 'java.lang.Object java.lang.invoke.DirectMethodHandle$Holder.invokeStaticInit(java.lang.Object, java.lang.Object, java.lang.Object, java.lang.Object)'> (0x00000000c178b9a8) 
thrown [s\src\hotspot\share\interpreter\linkResolver.cpp, line 771]

VM Operations (20 events):
Event: 6.105 Executing VM operation: GenCollectForAllocation
Event: 6.115 Executing VM operation: GenCollectForAllocation done
Event: 7.123 Executing VM operation: Cleanup
Event: 7.123 Executing VM operation: Cleanup done
Event: 8.138 Executing VM operation: Cleanup
Event: 8.139 Executing VM operation: Cleanup done
Event: 9.151 Executing VM operation: Cleanup
Event: 9.167 Executing VM operation: Cleanup done
Event: 9.350 Executing VM operation: GenCollectForAllocation
Event: 9.367 Executing VM operation: GenCollectForAllocation done
Event: 9.779 Executing VM operation: HandshakeAllThreads
Event: 9.779 Executing VM operation: HandshakeAllThreads done
Event: 10.114 Executing VM operation: GenCollectForAllocation
Event: 10.139 Executing VM operation: GenCollectForAllocation done
Event: 10.170 Executing VM operation: HandshakeAllThreads
Event: 10.170 Executing VM operation: HandshakeAllThreads done
Event: 10.261 Executing VM operation: HandshakeAllThreads
Event: 10.261 Executing VM operation: HandshakeAllThreads done
Event: 10.617 Executing VM operation: HandshakeAllThreads
Event: 10.618 Executing VM operation: HandshakeAllThreads done

Events (20 events):
Event: 10.155 loading class java/util/concurrent/locks/ReentrantReadWriteLock$WriteLock
Event: 10.155 loading class java/util/concurrent/locks/ReentrantReadWriteLock$WriteLock done
Event: 10.169 loading class java/util/concurrent/Executors$FinalizableDelegatedExecutorService
Event: 10.169 loading class java/util/concurrent/Executors$DelegatedExecutorService
Event: 10.169 loading class java/util/concurrent/Executors$DelegatedExecutorService done
Event: 10.169 loading class java/util/concurrent/Executors$FinalizableDelegatedExecutorService done
Event: 10.448 Thread 0x0000029df1a299c0 Thread added: 0x0000029df1a299c0
Event: 10.500 Thread 0x0000029df1a2a3e0 Thread added: 0x0000029df1a2a3e0
Event: 10.538 Thread 0x0000029df1a2bd30 Thread added: 0x0000029df1a2bd30
Event: 10.620 loading class java/lang/Class$EnclosingMethodInfo
Event: 10.620 loading class java/lang/Class$EnclosingMethodInfo done
Event: 10.623 loading class sun/reflect/generics/tree/IntSignature
Event: 10.624 loading class sun/reflect/generics/tree/IntSignature done
Event: 10.624 loading class sun/reflect/generics/tree/ArrayTypeSignature
Event: 10.624 loading class sun/reflect/generics/tree/ArrayTypeSignature done
Event: 10.636 loading class java/lang/SafeVarargs
Event: 10.637 loading class java/lang/SafeVarargs done
Event: 10.653 loading class java/util/regex/Pattern$GroupCurly
Event: 10.654 loading class java/util/regex/Pattern$GroupCurly done
Event: 10.827 Thread 0x0000029df1a2a8f0 Thread added: 0x0000029df1a2a8f0


Dynamic libraries:
0x00007ff777520000 - 0x00007ff77752a000 	C:\Program Files\Android\Android Studio\jbr\bin\java.exe
0x00007fff33430000 - 0x00007fff33647000 	C:\Windows\SYSTEM32\ntdll.dll
0x00007fff323d0000 - 0x00007fff32494000 	C:\Windows\System32\KERNEL32.DLL
0x00007fff308d0000 - 0x00007fff30c87000 	C:\Windows\System32\KERNELBASE.dll
0x00007fff30740000 - 0x00007fff30851000 	C:\Windows\System32\ucrtbase.dll
0x00007ffeffa00000 - 0x00007ffeffa17000 	C:\Program Files\Android\Android Studio\jbr\bin\jli.dll
0x00007fff1ec10000 - 0x00007fff1ec2b000 	C:\Program Files\Android\Android Studio\jbr\bin\VCRUNTIME140.dll
0x00007fff31e30000 - 0x00007fff31fdf000 	C:\Windows\System32\USER32.dll
0x00007fff30fc0000 - 0x00007fff30fe6000 	C:\Windows\System32\win32u.dll
0x00007fff31160000 - 0x00007fff31189000 	C:\Windows\System32\GDI32.dll
0x00007fff30d50000 - 0x00007fff30e68000 	C:\Windows\System32\gdi32full.dll
0x00007fff30f20000 - 0x00007fff30fba000 	C:\Windows\System32\msvcp_win.dll
0x00007fff21390000 - 0x00007fff21623000 	C:\Windows\WinSxS\amd64_microsoft.windows.common-controls_6595b64144ccf1df_6.0.22621.3672_none_2713b9d173822955\COMCTL32.dll
0x00007fff31190000 - 0x00007fff31237000 	C:\Windows\System32\msvcrt.dll
0x00007fff31c30000 - 0x00007fff31c61000 	C:\Windows\System32\IMM32.DLL
0x0000000067190000 - 0x000000006719c000 	C:\Program Files (x86)\360\Total Security\safemon\SafeWrapper.dll
0x00007fff32310000 - 0x00007fff323c2000 	C:\Windows\System32\ADVAPI32.dll
0x00007fff33150000 - 0x00007fff331f8000 	C:\Windows\System32\sechost.dll
0x00007fff30ef0000 - 0x00007fff30f18000 	C:\Windows\System32\bcrypt.dll
0x00007fff32b10000 - 0x00007fff32c24000 	C:\Windows\System32\RPCRT4.dll
0x00007ffeccc20000 - 0x00007ffeccccc000 	C:\Program Files (x86)\360\Total Security\safemon\libzdtp64.dll
0x00007fff313c0000 - 0x00007fff31c29000 	C:\Windows\System32\SHELL32.dll
0x00007fff32630000 - 0x00007fff3268e000 	C:\Windows\System32\SHLWAPI.dll
0x00007fff302b0000 - 0x00007fff302ba000 	C:\Windows\SYSTEM32\VERSION.dll
0x00007ffedf0f0000 - 0x00007ffedf0fc000 	C:\Program Files\Android\Android Studio\jbr\bin\vcruntime140_1.dll
0x00007ffeb2a50000 - 0x00007ffeb2add000 	C:\Program Files\Android\Android Studio\jbr\bin\msvcp140.dll
0x00007ffebe0c0000 - 0x00007ffebed43000 	C:\Program Files\Android\Android Studio\jbr\bin\server\jvm.dll
0x00007fff30610000 - 0x00007fff3065d000 	C:\Windows\SYSTEM32\POWRPROF.dll
0x00007fff2c6e0000 - 0x00007fff2c714000 	C:\Windows\SYSTEM32\WINMM.dll
0x00007fff2a160000 - 0x00007fff2a169000 	C:\Windows\SYSTEM32\WSOCK32.dll
0x00007fff321e0000 - 0x00007fff32251000 	C:\Windows\System32\WS2_32.dll
0x00007fff305f0000 - 0x00007fff30603000 	C:\Windows\SYSTEM32\UMPDC.dll
0x00007fff2f6f0000 - 0x00007fff2f708000 	C:\Windows\SYSTEM32\kernel.appcore.dll
0x00007fff26e30000 - 0x00007fff26e3a000 	C:\Program Files\Android\Android Studio\jbr\bin\jimage.dll
0x00007fff2e220000 - 0x00007fff2e452000 	C:\Windows\SYSTEM32\DBGHELP.DLL
0x00007fff32d40000 - 0x00007fff330ce000 	C:\Windows\System32\combase.dll
0x00007fff32550000 - 0x00007fff32627000 	C:\Windows\System32\OLEAUT32.dll
0x00007fff103f0000 - 0x00007fff10422000 	C:\Windows\SYSTEM32\dbgcore.DLL
0x00007fff30e70000 - 0x00007fff30eeb000 	C:\Windows\System32\bcryptPrimitives.dll
0x00007fff1c880000 - 0x00007fff1c88e000 	C:\Program Files\Android\Android Studio\jbr\bin\instrument.dll
0x00007fff1ee40000 - 0x00007fff1ee65000 	C:\Program Files\Android\Android Studio\jbr\bin\java.dll
0x00007fff1cfb0000 - 0x00007fff1cfc8000 	C:\Program Files\Android\Android Studio\jbr\bin\zip.dll
0x00007fff2e5f0000 - 0x00007fff2eeef000 	C:\Windows\SYSTEM32\windows.storage.dll
0x00007fff2e4b0000 - 0x00007fff2e5ef000 	C:\Windows\SYSTEM32\wintypes.dll
0x00007fff31fe0000 - 0x00007fff320d9000 	C:\Windows\System32\SHCORE.dll
0x00007fff30670000 - 0x00007fff30697000 	C:\Windows\SYSTEM32\profapi.dll
0x00007fff115a0000 - 0x00007fff115b9000 	C:\Program Files\Android\Android Studio\jbr\bin\net.dll
0x00007fff2a650000 - 0x00007fff2a786000 	C:\Windows\SYSTEM32\WINHTTP.dll
0x00007fff2fb70000 - 0x00007fff2fbd9000 	C:\Windows\system32\mswsock.dll
0x00007fff083f0000 - 0x00007fff08406000 	C:\Program Files\Android\Android Studio\jbr\bin\nio.dll
0x00007fff1cea0000 - 0x00007fff1ceb0000 	C:\Program Files\Android\Android Studio\jbr\bin\verify.dll
0x00007ffeb2ae0000 - 0x00007ffeb2b07000 	C:\Users\asusu\.gradle\native\68d5fa5c4cc2d200863cafc0d521ce42e7d3e7ee720ec0a83991735586a16f82\windows-amd64\native-platform.dll
0x00007fff10ec0000 - 0x00007fff11004000 	C:\Users\asusu\.gradle\native\e376f236ea51e6404a007f0833ffe2c6e607c4080706a723a18a27aeea778392\windows-amd64\native-platform-file-events.dll
0x00007fff1cec0000 - 0x00007fff1cec9000 	C:\Program Files\Android\Android Studio\jbr\bin\management.dll
0x00007fff1ceb0000 - 0x00007fff1cebb000 	C:\Program Files\Android\Android Studio\jbr\bin\management_ext.dll
0x00007fff31e20000 - 0x00007fff31e28000 	C:\Windows\System32\PSAPI.DLL
0x00007fff2fde0000 - 0x00007fff2fdfb000 	C:\Windows\SYSTEM32\CRYPTSP.dll
0x00007fff2f650000 - 0x00007fff2f685000 	C:\Windows\system32\rsaenh.dll
0x00007fff2fc80000 - 0x00007fff2fca8000 	C:\Windows\SYSTEM32\USERENV.dll
0x00007fff2fe00000 - 0x00007fff2fe0c000 	C:\Windows\SYSTEM32\CRYPTBASE.dll
0x00007fff2f180000 - 0x00007fff2f1ad000 	C:\Windows\SYSTEM32\IPHLPAPI.DLL
0x00007fff32300000 - 0x00007fff32309000 	C:\Windows\System32\NSI.dll
0x00007fff2a5d0000 - 0x00007fff2a5e9000 	C:\Windows\SYSTEM32\dhcpcsvc6.DLL
0x00007fff2a5b0000 - 0x00007fff2a5cf000 	C:\Windows\SYSTEM32\dhcpcsvc.DLL
0x00007fff2f1b0000 - 0x00007fff2f2b2000 	C:\Windows\SYSTEM32\DNSAPI.dll
0x00007fff1cfa0000 - 0x00007fff1cfa9000 	C:\Program Files\Android\Android Studio\jbr\bin\extnet.dll
0x00007fff0df70000 - 0x00007fff0df78000 	C:\Windows\system32\wshunix.dll

dbghelp: loaded successfully - version: 4.0.5 - missing functions: none
symbol engine: initialized successfully - sym options: 0x614 - pdb path: .;C:\Program Files\Android\Android Studio\jbr\bin;C:\Windows\SYSTEM32;C:\Windows\WinSxS\amd64_microsoft.windows.common-controls_6595b64144ccf1df_6.0.22621.3672_none_2713b9d173822955;C:\Program Files (x86)\360\Total Security\safemon;C:\Program Files\Android\Android Studio\jbr\bin\server;C:\Users\asusu\.gradle\native\68d5fa5c4cc2d200863cafc0d521ce42e7d3e7ee720ec0a83991735586a16f82\windows-amd64;C:\Users\asusu\.gradle\native\e376f236ea51e6404a007f0833ffe2c6e607c4080706a723a18a27aeea778392\windows-amd64

VM Arguments:
jvm_args: -XX:+UseSerialGC --add-opens=java.base/java.util=ALL-UNNAMED --add-opens=java.base/java.lang=ALL-UNNAMED --add-opens=java.base/java.lang.invoke=ALL-UNNAMED --add-opens=java.prefs/java.util.prefs=ALL-UNNAMED --add-opens=java.base/java.nio.charset=ALL-UNNAMED --add-opens=java.base/java.net=ALL-UNNAMED --add-opens=java.base/java.util.concurrent.atomic=ALL-UNNAMED -Xmx1024m -Dfile.encoding=UTF-8 -Duser.country=ID -Duser.language=en -Duser.variant -javaagent:C:\Users\asusu\.gradle\wrapper\dists\gradle-8.2-bin\bbg7u40eoinfdyxsxr3z4i7ta\gradle-8.2\lib\agents\gradle-instrumentation-agent-8.2.jar 
java_command: org.gradle.launcher.daemon.bootstrap.GradleDaemon 8.2
java_class_path (initial): C:\Users\asusu\.gradle\wrapper\dists\gradle-8.2-bin\bbg7u40eoinfdyxsxr3z4i7ta\gradle-8.2\lib\gradle-launcher-8.2.jar
Launcher Type: SUN_STANDARD

[Global flags]
     intx CICompilerCount                          = 3                                         {product} {ergonomic}
   size_t InitialHeapSize                          = 100663296                                 {product} {ergonomic}
   size_t MaxHeapSize                              = 1073741824                                {product} {command line}
   size_t MaxNewSize                               = 357892096                                 {product} {ergonomic}
   size_t MinHeapDeltaBytes                        = 196608                                    {product} {ergonomic}
   size_t MinHeapSize                              = 8388608                                   {product} {ergonomic}
   size_t NewSize                                  = 33554432                                  {product} {ergonomic}
    uintx NonNMethodCodeHeapSize                   = 5832780                                {pd product} {ergonomic}
    uintx NonProfiledCodeHeapSize                  = 122912730                              {pd product} {ergonomic}
   size_t OldSize                                  = 67108864                                  {product} {ergonomic}
    uintx ProfiledCodeHeapSize                     = 122912730                              {pd product} {ergonomic}
    uintx ReservedCodeCacheSize                    = 251658240                              {pd product} {ergonomic}
     bool SegmentedCodeCache                       = true                                      {product} {ergonomic}
   size_t SoftMaxHeapSize                          = 1073741824                             {manageable} {ergonomic}
     bool UseCompressedClassPointers               = true                           {product lp64_product} {ergonomic}
     bool UseCompressedOops                        = true                           {product lp64_product} {ergonomic}
     bool UseLargePagesIndividualAllocation        = false                                  {pd product} {ergonomic}
     bool UseSerialGC                              = true                                      {product} {command line}

Logging:
Log output configuration:
 #0: stdout all=warning uptime,level,tags
 #1: stderr all=off uptime,level,tags

Environment Variables:
JAVA_HOME=C:\Program Files\Zulu\zulu-17
PATH=C:\Program Files\Zulu\zulu-17\bin\;C:\Program Files (x86)\Common Files\Intel\Shared Files\cpp\bin\Intel64;C:\Windows\system32;C:\Windows;C:\Windows\System32\Wbem;C:\Windows\System32\WindowsPowerShell\v1.0\;C:\Windows\System32\OpenSSH\;C:\Program Files\Git\cmd;C:\Program Files\Git\bin;C:\Program Files (x86)\Yarn\bin\;C:\Program Files\Yarn\bin;C:\Program Files\nodejs\;C:\Program Files\IBM\SPSS\Statistics\25\JRE\bin;C:\gradle\bin;C:\Users\asusu\AppData\Local\Microsoft\WindowsApps;C:\Users\asusu\AppData\Local\Programs\Microsoft VS Code\bin;C:\Users\asusu\composer;C:\Users\asusu\AppData\Roaming\Composer\vendor\bin;C:\Users\asusu\AppData\Local\Yarn\bin;C:\Program Files\Yarn\bin;C:\Users\asusu\AppData\Roaming\npm;C:\laragon\bin\php\php-8.1.10-Win32-vs16-x64;;C:\Program Files\JetBrains\IntelliJ IDEA Community Edition 2024.2.1\bin;
USERNAME=asus
OS=Windows_NT
PROCESSOR_IDENTIFIER=AMD64 Family 23 Model 24 Stepping 1, AuthenticAMD
TMP=C:\Users\asusu\AppData\Local\Temp
TEMP=C:\Users\asusu\AppData\Local\Temp



Periodic native trim disabled

JNI global refs:
JNI global refs: 24, weak refs: 0

JNI global refs memory usage: 843, weak refs: 209

Process memory usage:
Resident Set Size: 189152K (3% of 6228052K total physical memory with 276960K free physical memory)

OOME stack traces (most recent first):
Classloader memory used:
Loader bootstrap                                                                       : 1978K
Loader org.gradle.internal.classloader.VisitableURLClassLoader                         : 1772K
Loader org.gradle.initialization.MixInLegacyTypesClassLoader                           : 374K
Loader org.gradle.internal.classloader.VisitableURLClassLoader                         : 88256B
Loader jdk.internal.loader.ClassLoaders$AppClassLoader                                 : 28449B
Loader jdk.internal.reflect.DelegatingClassLoader                                      : 22800B
Loader jdk.internal.loader.ClassLoaders$PlatformClassLoader                            : 14834B

Classes loaded by more than one classloader:
Class org.gradle.api.GradleException                                                  : loaded 3 times (x 80B)
Class org.gradle.util.GradleVersion                                                   : loaded 2 times (x 81B)
Class org.gradle.internal.classpath.ClassPath                                         : loaded 2 times (x 68B)
Class org.gradle.api.internal.classpath.DefaultModuleRegistry                         : loaded 2 times (x 84B)
Class org.gradle.internal.exceptions.NonGradleCauseExceptionsHolder                   : loaded 2 times (x 68B)
Class org.gradle.api.Action                                                           : loaded 2 times (x 68B)
Class org.gradle.api.internal.DefaultClassPathProvider                                : loaded 2 times (x 74B)
Class org.gradle.internal.installation.GradleInstallation$1                           : loaded 2 times (x 73B)
Class org.gradle.internal.exceptions.DefaultMultiCauseException                       : loaded 2 times (x 93B)
Class org.gradle.internal.time.MonotonicClock                                         : loaded 2 times (x 75B)
Class org.gradle.internal.classloader.FilteringClassLoader                            : loaded 2 times (x 103B)
Class org.gradle.internal.classpath.DefaultClassPath$ImmutableUniqueList$Builder      : loaded 2 times (x 73B)
Class kotlin.UninitializedPropertyAccessException                                     : loaded 2 times (x 80B)
Class org.gradle.internal.classloader.ClassLoaderVisitor                              : loaded 2 times (x 74B)
Class org.gradle.internal.time.DefaultCountdownTimer                                  : loaded 2 times (x 86B)
Class org.gradle.internal.service.DefaultServiceLocator                               : loaded 2 times (x 81B)
Class org.gradle.internal.service.UnknownServiceException                             : loaded 2 times (x 81B)
Class org.gradle.internal.classloader.DefaultClassLoaderFactory                       : loaded 2 times (x 80B)
Class org.gradle.internal.classloader.VisitableURLClassLoader$Spec                    : loaded 2 times (x 72B)
Class org.gradle.tooling.model.ProjectModel                                           : loaded 2 times (x 68B)
Class org.gradle.internal.installation.GradleInstallation                             : loaded 2 times (x 73B)
Class org.gradle.api.internal.classpath.ModuleRegistry                                : loaded 2 times (x 68B)
Class org.gradle.api.internal.ClassPathProvider                                       : loaded 2 times (x 68B)
Class org.gradle.internal.classloader.ClasspathUtil$1                                 : loaded 2 times (x 74B)
Class org.gradle.internal.classloader.ClassLoaderFactory                              : loaded 2 times (x 68B)
Class org.gradle.api.internal.classpath.ManifestUtil                                  : loaded 2 times (x 69B)
Class org.gradle.api.specs.Spec                                                       : loaded 2 times (x 68B)
Class kotlin.jvm.internal.Intrinsics                                                  : loaded 2 times (x 69B)
Class org.gradle.internal.IoActions                                                   : loaded 2 times (x 69B)
Class org.gradle.api.internal.classpath.EffectiveClassPath                            : loaded 2 times (x 88B)
Class org.gradle.internal.exceptions.ResolutionProvider                               : loaded 2 times (x 68B)
Class org.gradle.internal.installation.CurrentGradleInstallation                      : loaded 2 times (x 71B)
Class org.gradle.internal.agents.InstrumentingClassLoader                             : loaded 2 times (x 68B)
Class org.gradle.internal.installation.CurrentGradleInstallationLocator               : loaded 2 times (x 69B)
Class org.gradle.api.internal.classpath.Module                                        : loaded 2 times (x 68B)
Class org.gradle.internal.service.CachingServiceLocator                               : loaded 2 times (x 80B)
Class org.gradle.internal.time.Timer                                                  : loaded 2 times (x 68B)
Class org.gradle.internal.classpath.DefaultClassPath                                  : loaded 2 times (x 88B)
Class org.gradle.internal.time.Time                                                   : loaded 2 times (x 69B)
Class org.gradle.internal.time.TimeSource$1                                           : loaded 2 times (x 75B)
Class kotlin.KotlinNullPointerException                                               : loaded 2 times (x 81B)
Class org.gradle.internal.classloader.SystemClassLoaderSpec                           : loaded 2 times (x 69B)
Class kotlin.Function                                                                 : loaded 2 times (x 68B)
Class org.gradle.api.UncheckedIOException                                             : loaded 2 times (x 80B)
Class org.gradle.internal.time.CountdownTimer                                         : loaded 2 times (x 68B)
Class org.gradle.internal.time.Clock                                                  : loaded 2 times (x 68B)
Class org.gradle.internal.classloader.ClasspathUtil                                   : loaded 2 times (x 69B)
Class org.gradle.api.internal.DefaultClassPathRegistry                                : loaded 2 times (x 74B)
Class org.gradle.api.internal.classpath.DefaultModuleRegistry$DefaultModule           : loaded 2 times (x 84B)
Class org.gradle.internal.time.TimeSource                                             : loaded 2 times (x 68B)
Class org.gradle.api.internal.classpath.UnknownModuleException                        : loaded 2 times (x 80B)
Class org.gradle.internal.service.ServiceLookupException                              : loaded 2 times (x 80B)
Class org.gradle.cache.GlobalCache                                                    : loaded 2 times (x 68B)
Class [Lorg.gradle.api.internal.ClassPathProvider;                                    : loaded 2 times (x 67B)
Class org.gradle.internal.operations.MultipleBuildOperationFailures                   : loaded 2 times (x 93B)
Class org.gradle.util.internal.GUtil                                                  : loaded 2 times (x 69B)
Class org.gradle.internal.classloader.ClassLoaderSpec                                 : loaded 2 times (x 69B)
Class org.gradle.internal.classloader.VisitableURLClassLoader                         : loaded 2 times (x 115B)
Class org.gradle.internal.Cast                                                        : loaded 2 times (x 69B)
Class org.gradle.api.internal.ClassPathRegistry                                       : loaded 2 times (x 68B)
Class org.gradle.internal.classloader.VisitableURLClassLoader$InstrumentingVisitableURLClassLoader: loaded 2 times (x 121B)
Class org.gradle.internal.classloader.ClassLoaderHierarchy                            : loaded 2 times (x 68B)
Class org.gradle.internal.exceptions.MultiCauseException                              : loaded 2 times (x 68B)
Class org.gradle.internal.InternalTransformer                                         : loaded 2 times (x 68B)
Class org.gradle.internal.service.ServiceLocator                                      : loaded 2 times (x 68B)
Class org.gradle.internal.classpath.DefaultClassPath$ImmutableUniqueList              : loaded 2 times (x 159B)
Class org.gradle.internal.time.DefaultTimer                                           : loaded 2 times (x 78B)
Class org.gradle.internal.classpath.TransformedClassPath                              : loaded 2 times (x 94B)


---------------  S Y S T E M  ---------------

OS:
 Windows 11 , 64 bit Build 22621 (10.0.22621.3958)
OS uptime: 0 days 5:16 hours
Hyper-V role detected

CPU: total 4 (initial active 4) (4 cores per cpu, 2 threads per core) family 23 model 24 stepping 1 microcode 0x0, cx8, cmov, fxsr, ht, mmx, 3dnowpref, sse, sse2, sse3, ssse3, sse4a, sse4.1, sse4.2, popcnt, lzcnt, tsc, tscinvbit, avx, avx2, aes, clmul, bmi1, bmi2, adx, sha, fma, vzeroupper, clflush, clflushopt, hv
Processor Information for all 4 processors :
  Max Mhz: 2600, Current Mhz: 2600, Mhz Limit: 2600

Memory: 4k page, system-wide physical 6082M (271M free)
TotalPageFile size 14274M (AvailPageFile size 8M)
current process WorkingSet (physical memory assigned to process): 184M, peak: 184M
current process commit charge ("private bytes"): 203M, peak: 205M

vm_info: OpenJDK 64-Bit Server VM (17.0.11+0--11852314) for windows-amd64 JRE (17.0.11+0--11852314), built on May 16 2024 21:29:20 by "androidbuild" with MS VC++ 16.10 / 16.11 (VS2019)

END.
