#
# There is insufficient memory for the Java Runtime Environment to continue.
# Native memory allocation (mmap) failed to map 145752064 bytes. Error detail: G1 virtual space
# Possible reasons:
#   The system is out of physical RAM or swap space
#   This process is running with CompressedOops enabled, and the Java Heap may be blocking the growth of the native heap
# Possible solutions:
#   Reduce memory load on the system
#   Increase physical memory or swap space
#   Check if swap backing store is full
#   Decrease Java heap size (-Xmx/-Xms)
#   Decrease number of Java threads
#   Decrease Java thread stack sizes (-Xss)
#   Set larger code cache with -XX:ReservedCodeCacheSize=
#   JVM is running with Unscaled Compressed Oops mode in which the Java heap is
#     placed in the first 4GB address space. The Java Heap base address is the
#     maximum limit for the native heap growth. Please use -XX:HeapBaseMinAddress
#     to set the Java Heap base and to place the Java Heap above 4GB virtual address.
# This output file may be truncated or incomplete.
#
#  Out of Memory Error (os_windows.cpp:3825), pid=3784, tid=4804
#
# JRE version: OpenJDK Runtime Environment (17.0.11) (build 17.0.11+0--11852314)
# Java VM: OpenJDK 64-Bit Server VM (17.0.11+0--11852314, mixed mode, tiered, compressed oops, compressed class ptrs, g1 gc, windows-amd64)
# No core dump will be written. Minidumps are not enabled by default on client versions of Windows
#

---------------  S U M M A R Y ------------

Command Line: org.jetbrains.kotlin.cli.jvm.K2JVMCompiler @C:\Users\asusu\AndroidStudioProjects\starter-project-\starter-project\app\build\20241104_4522937478443118853.compiler.options

Host: AMD Ryzen 3 3250U with Radeon Graphics         , 4 cores, 5G,  Windows 11 , 64 bit Build 22621 (10.0.22621.3958)
Time: Mon Nov  4 13:41:30 2024 SE Asia Standard Time elapsed time: 15.604117 seconds (0d 0h 0m 15s)

---------------  T H R E A D  ---------------

Current thread (0x000001c0858b2b10):  VMThread "VM Thread" [stack: 0x0000004ebb400000,0x0000004ebb500000] [id=4804]

Stack: [0x0000004ebb400000,0x0000004ebb500000]
Native frames: (J=compiled Java code, j=interpreted, Vv=VM code, C=native code)
V  [jvm.dll+0x687bb9]
V  [jvm.dll+0x84142a]
V  [jvm.dll+0x8430ae]
V  [jvm.dll+0x843713]
V  [jvm.dll+0x24a35f]
V  [jvm.dll+0x684989]
V  [jvm.dll+0x67923a]
V  [jvm.dll+0x30af0b]
V  [jvm.dll+0x3123b6]
V  [jvm.dll+0x361dfe]
V  [jvm.dll+0x36202f]
V  [jvm.dll+0x2e0d38]
V  [jvm.dll+0x2df144]
V  [jvm.dll+0x2de74c]
V  [jvm.dll+0x32305b]
V  [jvm.dll+0x847e0b]
V  [jvm.dll+0x848b42]
V  [jvm.dll+0x84905d]
V  [jvm.dll+0x849434]
V  [jvm.dll+0x849500]
V  [jvm.dll+0x7efa4a]
V  [jvm.dll+0x686a35]
C  [ucrtbase.dll+0x29333]
C  [KERNEL32.DLL+0x1257d]
C  [ntdll.dll+0x5af08]

VM_Operation (0x0000004ebaefa170): G1CollectForAllocation, mode: safepoint, requested by thread 0x000001c0ece0e2f0


---------------  P R O C E S S  ---------------

Threads class SMR info:
_java_thread_list=0x000001c08c1162d0, length=13, elements={
0x000001c0ece0e2f0, 0x000001c0858d5260, 0x000001c0858d60e0, 0x000001c085a2c000,
0x000001c085a2cd90, 0x000001c085a33a90, 0x000001c085a4a110, 0x000001c085a4b2c0,
0x000001c085a4c510, 0x000001c085a5c2d0, 0x000001c085baa170, 0x000001c085bc6010,
0x000001c08b69baf0
}

Java Threads: ( => current thread )
  0x000001c0ece0e2f0 JavaThread "main" [_thread_blocked, id=14824, stack(0x0000004ebae00000,0x0000004ebaf00000)]
  0x000001c0858d5260 JavaThread "Reference Handler" daemon [_thread_blocked, id=12980, stack(0x0000004ebb500000,0x0000004ebb600000)]
  0x000001c0858d60e0 JavaThread "Finalizer" daemon [_thread_blocked, id=13824, stack(0x0000004ebb600000,0x0000004ebb700000)]
  0x000001c085a2c000 JavaThread "Signal Dispatcher" daemon [_thread_blocked, id=5576, stack(0x0000004ebb700000,0x0000004ebb800000)]
  0x000001c085a2cd90 JavaThread "Attach Listener" daemon [_thread_blocked, id=14864, stack(0x0000004ebb800000,0x0000004ebb900000)]
  0x000001c085a33a90 JavaThread "Service Thread" daemon [_thread_blocked, id=14948, stack(0x0000004ebb900000,0x0000004ebba00000)]
  0x000001c085a4a110 JavaThread "Monitor Deflation Thread" daemon [_thread_blocked, id=10820, stack(0x0000004ebba00000,0x0000004ebbb00000)]
  0x000001c085a4b2c0 JavaThread "C2 CompilerThread0" daemon [_thread_blocked, id=13348, stack(0x0000004ebbb00000,0x0000004ebbc00000)]
  0x000001c085a4c510 JavaThread "C1 CompilerThread0" daemon [_thread_blocked, id=10588, stack(0x0000004ebbc00000,0x0000004ebbd00000)]
  0x000001c085a5c2d0 JavaThread "Sweeper thread" daemon [_thread_blocked, id=13148, stack(0x0000004ebbd00000,0x0000004ebbe00000)]
  0x000001c085baa170 JavaThread "Notification Thread" daemon [_thread_blocked, id=16356, stack(0x0000004ebbe00000,0x0000004ebbf00000)]
  0x000001c085bc6010 JavaThread "Common-Cleaner" daemon [_thread_blocked, id=15980, stack(0x0000004ebc000000,0x0000004ebc100000)]
  0x000001c08b69baf0 JavaThread "C2 CompilerThread1" daemon [_thread_blocked, id=14400, stack(0x0000004ebc400000,0x0000004ebc500000)]

Other Threads:
=>0x000001c0858b2b10 VMThread "VM Thread" [stack: 0x0000004ebb400000,0x0000004ebb500000] [id=4804]
  0x000001c085bac660 WatcherThread [stack: 0x0000004ebbf00000,0x0000004ebc000000] [id=12084]
  0x000001c0ece58680 GCTaskThread "GC Thread#0" [stack: 0x0000004ebaf00000,0x0000004ebb000000] [id=16092]
  0x000001c08a2b6240 GCTaskThread "GC Thread#1" [stack: 0x0000004ebc100000,0x0000004ebc200000] [id=12688]
  0x000001c08a2c0660 GCTaskThread "GC Thread#2" [stack: 0x0000004ebc200000,0x0000004ebc300000] [id=14912]
  0x000001c08a2c0920 GCTaskThread "GC Thread#3" [stack: 0x0000004ebc300000,0x0000004ebc400000] [id=15404]
  0x000001c0ece65410 ConcurrentGCThread "G1 Main Marker" [stack: 0x0000004ebb000000,0x0000004ebb100000] [id=14856]
  0x000001c0ece65e30 ConcurrentGCThread "G1 Conc#0" [stack: 0x0000004ebb100000,0x0000004ebb200000] [id=16100]
  0x000001c0ece99990 ConcurrentGCThread "G1 Refine#0" [stack: 0x0000004ebb200000,0x0000004ebb300000] [id=664]
  0x000001c0857124b0 ConcurrentGCThread "G1 Service" [stack: 0x0000004ebb300000,0x0000004ebb400000] [id=14736]

Threads with active compile tasks:
C2 CompilerThread0    15661 8079       4       org.jetbrains.kotlin.fir.java.JavaTypeConversionKt::toConeKotlinTypeProbablyFlexible (118 bytes)
C1 CompilerThread0    15661 8084       3       org.jetbrains.kotlin.fir.scopes.impl.FirTypeIntersectionScopeContext::convertGroupedCallablesToIntersectionResults (1072 bytes)
C2 CompilerThread1    15661 8078       4       java.util.regex.Matcher::find (69 bytes)

VM state: at safepoint (normal execution)

VM Mutex/Monitor currently owned by a thread:  ([mutex/lock_event])
[0x000001c0ecdfbd70] Threads_lock - owner thread: 0x000001c0858b2b10
[0x000001c0ece0a180] Heap_lock - owner thread: 0x000001c0ece0e2f0

Heap address: 0x00000000a0e00000, size: 1522 MB, Compressed Oops mode: 32-bit

CDS archive(s) not mapped
Compressed class space mapped at: 0x0000000100000000-0x0000000140000000, reserved size: 1073741824
Narrow klass base: 0x0000000000000000, Narrow klass shift: 3, Narrow klass range: 0x140000000

GC Precious Log:
 CPUs: 4 total, 4 available
 Memory: 6082M
 Large Page Support: Disabled
 NUMA Support: Disabled
 Compressed Oops: Enabled (32-bit)
 Heap Region Size: 1M
 Heap Min Capacity: 8M
 Heap Initial Capacity: 96M
 Heap Max Capacity: 1522M
 Pre-touch: Disabled
 Parallel Workers: 4
 Concurrent Workers: 1
 Concurrent Refinement Workers: 4
 Periodic GC: Disabled

Heap:
 garbage-first heap   total 123904K, used 73539K [0x00000000a0e00000, 0x0000000100000000)
  region size 1024K, 1 young (1024K), 1 survivors (1024K)
 Metaspace       used 62908K, committed 63168K, reserved 1114112K
  class space    used 7329K, committed 7424K, reserved 1048576K

Heap Regions: E=young(eden), S=young(survivor), O=old, HS=humongous(starts), HC=humongous(continues), CS=collection set, F=free, OA=open archive, CA=closed archive, TAMS=top-at-mark-start (previous, next)
|   0|0x00000000a0e00000, 0x00000000a0f00000, 0x00000000a0f00000|100%|HS|  |TAMS 0x00000000a0f00000, 0x00000000a0e00000| Complete 
|   1|0x00000000a0f00000, 0x00000000a1000000, 0x00000000a1000000|100%|HC|  |TAMS 0x00000000a1000000, 0x00000000a0f00000| Complete 
|   2|0x00000000a1000000, 0x00000000a1100000, 0x00000000a1100000|100%|HC|  |TAMS 0x00000000a1100000, 0x00000000a1000000| Complete 
|   3|0x00000000a1100000, 0x00000000a1200000, 0x00000000a1200000|100%| O|  |TAMS 0x00000000a1200000, 0x00000000a1100000| Untracked 
|   4|0x00000000a1200000, 0x00000000a1300000, 0x00000000a1300000|100%| O|  |TAMS 0x00000000a1300000, 0x00000000a1200000| Untracked 
|   5|0x00000000a1300000, 0x00000000a1400000, 0x00000000a1400000|100%| O|  |TAMS 0x00000000a1400000, 0x00000000a1300000| Untracked 
|   6|0x00000000a1400000, 0x00000000a1500000, 0x00000000a1500000|100%| O|  |TAMS 0x00000000a1500000, 0x00000000a1400000| Untracked 
|   7|0x00000000a1500000, 0x00000000a1600000, 0x00000000a1600000|100%| O|  |TAMS 0x00000000a1600000, 0x00000000a1500000| Untracked 
|   8|0x00000000a1600000, 0x00000000a1700000, 0x00000000a1700000|100%| O|  |TAMS 0x00000000a1700000, 0x00000000a1600000| Untracked 
|   9|0x00000000a1700000, 0x00000000a1800000, 0x00000000a1800000|100%| O|  |TAMS 0x00000000a1800000, 0x00000000a1700000| Untracked 
|  10|0x00000000a1800000, 0x00000000a1900000, 0x00000000a1900000|100%| O|  |TAMS 0x00000000a1900000, 0x00000000a1800000| Untracked 
|  11|0x00000000a1900000, 0x00000000a1a00000, 0x00000000a1a00000|100%| O|  |TAMS 0x00000000a1a00000, 0x00000000a1900000| Untracked 
|  12|0x00000000a1a00000, 0x00000000a1b00000, 0x00000000a1b00000|100%| O|  |TAMS 0x00000000a1b00000, 0x00000000a1a00000| Untracked 
|  13|0x00000000a1b00000, 0x00000000a1c00000, 0x00000000a1c00000|100%| O|  |TAMS 0x00000000a1c00000, 0x00000000a1b00000| Untracked 
|  14|0x00000000a1c00000, 0x00000000a1d00000, 0x00000000a1d00000|100%| O|  |TAMS 0x00000000a1d00000, 0x00000000a1c00000| Untracked 
|  15|0x00000000a1d00000, 0x00000000a1e00000, 0x00000000a1e00000|100%| O|  |TAMS 0x00000000a1e00000, 0x00000000a1d00000| Untracked 
|  16|0x00000000a1e00000, 0x00000000a1f00000, 0x00000000a1f00000|100%| O|  |TAMS 0x00000000a1f00000, 0x00000000a1e00000| Untracked 
|  17|0x00000000a1f00000, 0x00000000a2000000, 0x00000000a2000000|100%| O|  |TAMS 0x00000000a2000000, 0x00000000a1f00000| Untracked 
|  18|0x00000000a2000000, 0x00000000a2100000, 0x00000000a2100000|100%| O|  |TAMS 0x00000000a2100000, 0x00000000a2000000| Untracked 
|  19|0x00000000a2100000, 0x00000000a2200000, 0x00000000a2200000|100%| O|  |TAMS 0x00000000a2200000, 0x00000000a2100000| Untracked 
|  20|0x00000000a2200000, 0x00000000a2300000, 0x00000000a2300000|100%| O|  |TAMS 0x00000000a2300000, 0x00000000a2200000| Untracked 
|  21|0x00000000a2300000, 0x00000000a2400000, 0x00000000a2400000|100%| O|  |TAMS 0x00000000a2400000, 0x00000000a2300000| Untracked 
|  22|0x00000000a2400000, 0x00000000a2500000, 0x00000000a2500000|100%| O|  |TAMS 0x00000000a2500000, 0x00000000a2400000| Untracked 
|  23|0x00000000a2500000, 0x00000000a2600000, 0x00000000a2600000|100%| O|  |TAMS 0x00000000a2500000, 0x00000000a2500000| Untracked 
|  24|0x00000000a2600000, 0x00000000a2700000, 0x00000000a2700000|100%| O|  |TAMS 0x00000000a2700000, 0x00000000a2600000| Untracked 
|  25|0x00000000a2700000, 0x00000000a2800000, 0x00000000a2800000|100%| O|  |TAMS 0x00000000a2800000, 0x00000000a2700000| Untracked 
|  26|0x00000000a2800000, 0x00000000a2900000, 0x00000000a2900000|100%| O|  |TAMS 0x00000000a2900000, 0x00000000a2800000| Untracked 
|  27|0x00000000a2900000, 0x00000000a2a00000, 0x00000000a2a00000|100%| O|  |TAMS 0x00000000a2a00000, 0x00000000a2900000| Untracked 
|  28|0x00000000a2a00000, 0x00000000a2b00000, 0x00000000a2b00000|100%| O|  |TAMS 0x00000000a2b00000, 0x00000000a2a00000| Untracked 
|  29|0x00000000a2b00000, 0x00000000a2c00000, 0x00000000a2c00000|100%| O|  |TAMS 0x00000000a2c00000, 0x00000000a2b00000| Untracked 
|  30|0x00000000a2c00000, 0x00000000a2d00000, 0x00000000a2d00000|100%| O|  |TAMS 0x00000000a2d00000, 0x00000000a2c00000| Untracked 
|  31|0x00000000a2d00000, 0x00000000a2e00000, 0x00000000a2e00000|100%| O|  |TAMS 0x00000000a2e00000, 0x00000000a2d00000| Untracked 
|  32|0x00000000a2e00000, 0x00000000a2f00000, 0x00000000a2f00000|100%| O|  |TAMS 0x00000000a2f00000, 0x00000000a2e00000| Untracked 
|  33|0x00000000a2f00000, 0x00000000a3000000, 0x00000000a3000000|100%| O|  |TAMS 0x00000000a3000000, 0x00000000a2f00000| Untracked 
|  34|0x00000000a3000000, 0x00000000a3100000, 0x00000000a3100000|100%| O|  |TAMS 0x00000000a3100000, 0x00000000a3000000| Untracked 
|  35|0x00000000a3100000, 0x00000000a3200000, 0x00000000a3200000|100%| O|  |TAMS 0x00000000a3200000, 0x00000000a3100000| Untracked 
|  36|0x00000000a3200000, 0x00000000a3300000, 0x00000000a3300000|100%| O|  |TAMS 0x00000000a3300000, 0x00000000a3200000| Untracked 
|  37|0x00000000a3300000, 0x00000000a3400000, 0x00000000a3400000|100%| O|  |TAMS 0x00000000a3400000, 0x00000000a3300000| Untracked 
|  38|0x00000000a3400000, 0x00000000a3500000, 0x00000000a3500000|100%| O|  |TAMS 0x00000000a3500000, 0x00000000a3400000| Untracked 
|  39|0x00000000a3500000, 0x00000000a3600000, 0x00000000a3600000|100%| O|  |TAMS 0x00000000a3600000, 0x00000000a3500000| Untracked 
|  40|0x00000000a3600000, 0x00000000a3700000, 0x00000000a3700000|100%| O|  |TAMS 0x00000000a3700000, 0x00000000a3600000| Untracked 
|  41|0x00000000a3700000, 0x00000000a3800000, 0x00000000a3800000|100%| O|  |TAMS 0x00000000a3800000, 0x00000000a3700000| Untracked 
|  42|0x00000000a3800000, 0x00000000a3900000, 0x00000000a3900000|100%| O|  |TAMS 0x00000000a3900000, 0x00000000a3800000| Untracked 
|  43|0x00000000a3900000, 0x00000000a3a00000, 0x00000000a3a00000|100%| O|  |TAMS 0x00000000a3a00000, 0x00000000a3900000| Untracked 
|  44|0x00000000a3a00000, 0x00000000a3b00000, 0x00000000a3b00000|100%| O|  |TAMS 0x00000000a3b00000, 0x00000000a3a00000| Untracked 
|  45|0x00000000a3b00000, 0x00000000a3c00000, 0x00000000a3c00000|100%| O|  |TAMS 0x00000000a3c00000, 0x00000000a3b00000| Untracked 
|  46|0x00000000a3c00000, 0x00000000a3d00000, 0x00000000a3d00000|100%| O|  |TAMS 0x00000000a3d00000, 0x00000000a3c00000| Untracked 
|  47|0x00000000a3d00000, 0x00000000a3e00000, 0x00000000a3e00000|100%| O|  |TAMS 0x00000000a3e00000, 0x00000000a3d00000| Untracked 
|  48|0x00000000a3e00000, 0x00000000a3f00000, 0x00000000a3f00000|100%| O|  |TAMS 0x00000000a3f00000, 0x00000000a3e00000| Untracked 
|  49|0x00000000a3f00000, 0x00000000a4000000, 0x00000000a4000000|100%| O|  |TAMS 0x00000000a4000000, 0x00000000a3f00000| Untracked 
|  50|0x00000000a4000000, 0x00000000a4100000, 0x00000000a4100000|100%| O|  |TAMS 0x00000000a4100000, 0x00000000a4000000| Untracked 
|  51|0x00000000a4100000, 0x00000000a4200000, 0x00000000a4200000|100%| O|  |TAMS 0x00000000a4200000, 0x00000000a4100000| Untracked 
|  52|0x00000000a4200000, 0x00000000a4300000, 0x00000000a4300000|100%| O|  |TAMS 0x00000000a4300000, 0x00000000a4200000| Untracked 
|  53|0x00000000a4300000, 0x00000000a4400000, 0x00000000a4400000|100%| O|  |TAMS 0x00000000a4400000, 0x00000000a4300000| Untracked 
|  54|0x00000000a4400000, 0x00000000a4500000, 0x00000000a4500000|100%| O|  |TAMS 0x00000000a4500000, 0x00000000a4400000| Untracked 
|  55|0x00000000a4500000, 0x00000000a4500000, 0x00000000a4600000|  0%| F|  |TAMS 0x00000000a4500000, 0x00000000a4500000| Untracked 
|  56|0x00000000a4600000, 0x00000000a4700000, 0x00000000a4700000|100%| O|  |TAMS 0x00000000a4600000, 0x00000000a4600000| Untracked 
|  57|0x00000000a4700000, 0x00000000a4800000, 0x00000000a4800000|100%| O|  |TAMS 0x00000000a4700000, 0x00000000a4700000| Untracked 
|  58|0x00000000a4800000, 0x00000000a4900000, 0x00000000a4900000|100%| O|  |TAMS 0x00000000a4800000, 0x00000000a4800000| Untracked 
|  59|0x00000000a4900000, 0x00000000a4a00000, 0x00000000a4a00000|100%| O|  |TAMS 0x00000000a4900000, 0x00000000a4900000| Untracked 
|  60|0x00000000a4a00000, 0x00000000a4b00000, 0x00000000a4b00000|100%| O|  |TAMS 0x00000000a4a00000, 0x00000000a4a00000| Untracked 
|  61|0x00000000a4b00000, 0x00000000a4c00000, 0x00000000a4c00000|100%| O|  |TAMS 0x00000000a4b00000, 0x00000000a4b00000| Untracked 
|  62|0x00000000a4c00000, 0x00000000a4d00000, 0x00000000a4d00000|100%| O|  |TAMS 0x00000000a4c00000, 0x00000000a4c00000| Untracked 
|  63|0x00000000a4d00000, 0x00000000a4e00000, 0x00000000a4e00000|100%| O|  |TAMS 0x00000000a4d00000, 0x00000000a4d00000| Untracked 
|  64|0x00000000a4e00000, 0x00000000a4f00000, 0x00000000a4f00000|100%| O|  |TAMS 0x00000000a4e00000, 0x00000000a4e00000| Untracked 
|  65|0x00000000a4f00000, 0x00000000a5000000, 0x00000000a5000000|100%| O|  |TAMS 0x00000000a4f00000, 0x00000000a4f00000| Untracked 
|  66|0x00000000a5000000, 0x00000000a5100000, 0x00000000a5100000|100%| O|  |TAMS 0x00000000a5000000, 0x00000000a5000000| Untracked 
|  67|0x00000000a5100000, 0x00000000a5200000, 0x00000000a5200000|100%| O|  |TAMS 0x00000000a5100000, 0x00000000a5100000| Untracked 
|  68|0x00000000a5200000, 0x00000000a5300000, 0x00000000a5300000|100%| O|  |TAMS 0x00000000a5200000, 0x00000000a5200000| Untracked 
|  69|0x00000000a5300000, 0x00000000a5400000, 0x00000000a5400000|100%| O|  |TAMS 0x00000000a5300000, 0x00000000a5300000| Untracked 
|  70|0x00000000a5400000, 0x00000000a5500000, 0x00000000a5500000|100%| O|  |TAMS 0x00000000a5400000, 0x00000000a5400000| Untracked 
|  71|0x00000000a5500000, 0x00000000a5600000, 0x00000000a5600000|100%| O|  |TAMS 0x00000000a5500000, 0x00000000a5500000| Untracked 
|  72|0x00000000a5600000, 0x00000000a5600000, 0x00000000a5700000|  0%| F|  |TAMS 0x00000000a5600000, 0x00000000a5600000| Untracked 
|  73|0x00000000a5700000, 0x00000000a5700000, 0x00000000a5800000|  0%| F|  |TAMS 0x00000000a5700000, 0x00000000a5700000| Untracked 
|  74|0x00000000a5800000, 0x00000000a5800000, 0x00000000a5900000|  0%| F|  |TAMS 0x00000000a5800000, 0x00000000a5800000| Untracked 
|  75|0x00000000a5900000, 0x00000000a5900000, 0x00000000a5a00000|  0%| F|  |TAMS 0x00000000a5900000, 0x00000000a5900000| Untracked 
|  76|0x00000000a5a00000, 0x00000000a5a00000, 0x00000000a5b00000|  0%| F|  |TAMS 0x00000000a5a00000, 0x00000000a5a00000| Untracked 
|  77|0x00000000a5b00000, 0x00000000a5b00000, 0x00000000a5c00000|  0%| F|  |TAMS 0x00000000a5b00000, 0x00000000a5b00000| Untracked 
|  78|0x00000000a5c00000, 0x00000000a5c00000, 0x00000000a5d00000|  0%| F|  |TAMS 0x00000000a5c00000, 0x00000000a5c00000| Untracked 
|  79|0x00000000a5d00000, 0x00000000a5d00000, 0x00000000a5e00000|  0%| F|  |TAMS 0x00000000a5d00000, 0x00000000a5d00000| Untracked 
|  80|0x00000000a5e00000, 0x00000000a5e00000, 0x00000000a5f00000|  0%| F|  |TAMS 0x00000000a5e00000, 0x00000000a5e00000| Untracked 
|  81|0x00000000a5f00000, 0x00000000a5f00000, 0x00000000a6000000|  0%| F|  |TAMS 0x00000000a5f00000, 0x00000000a5f00000| Untracked 
|  82|0x00000000a6000000, 0x00000000a6000000, 0x00000000a6100000|  0%| F|  |TAMS 0x00000000a6000000, 0x00000000a6000000| Untracked 
|  83|0x00000000a6100000, 0x00000000a6100000, 0x00000000a6200000|  0%| F|  |TAMS 0x00000000a6100000, 0x00000000a6100000| Untracked 
|  84|0x00000000a6200000, 0x00000000a6200000, 0x00000000a6300000|  0%| F|  |TAMS 0x00000000a6200000, 0x00000000a6200000| Untracked 
|  85|0x00000000a6300000, 0x00000000a6300000, 0x00000000a6400000|  0%| F|  |TAMS 0x00000000a6300000, 0x00000000a6300000| Untracked 
|  86|0x00000000a6400000, 0x00000000a6400000, 0x00000000a6500000|  0%| F|  |TAMS 0x00000000a6400000, 0x00000000a6400000| Untracked 
|  87|0x00000000a6500000, 0x00000000a6500000, 0x00000000a6600000|  0%| F|  |TAMS 0x00000000a6500000, 0x00000000a6500000| Untracked 
|  88|0x00000000a6600000, 0x00000000a6600000, 0x00000000a6700000|  0%| F|  |TAMS 0x00000000a6600000, 0x00000000a6600000| Untracked 
|  89|0x00000000a6700000, 0x00000000a6700000, 0x00000000a6800000|  0%| F|  |TAMS 0x00000000a6700000, 0x00000000a6700000| Untracked 
|  90|0x00000000a6800000, 0x00000000a6800000, 0x00000000a6900000|  0%| F|  |TAMS 0x00000000a6800000, 0x00000000a6800000| Untracked 
|  91|0x00000000a6900000, 0x00000000a6900000, 0x00000000a6a00000|  0%| F|  |TAMS 0x00000000a6900000, 0x00000000a6900000| Untracked 
|  92|0x00000000a6a00000, 0x00000000a6a00000, 0x00000000a6b00000|  0%| F|  |TAMS 0x00000000a6a00000, 0x00000000a6a00000| Untracked 
|  93|0x00000000a6b00000, 0x00000000a6b00000, 0x00000000a6c00000|  0%| F|  |TAMS 0x00000000a6b00000, 0x00000000a6b00000| Untracked 
|  94|0x00000000a6c00000, 0x00000000a6c00000, 0x00000000a6d00000|  0%| F|  |TAMS 0x00000000a6c00000, 0x00000000a6c00000| Untracked 
|  95|0x00000000a6d00000, 0x00000000a6d00000, 0x00000000a6e00000|  0%| F|  |TAMS 0x00000000a6d00000, 0x00000000a6d00000| Untracked 
|  96|0x00000000a6e00000, 0x00000000a6e00000, 0x00000000a6f00000|  0%| F|  |TAMS 0x00000000a6e00000, 0x00000000a6e00000| Untracked 
|  97|0x00000000a6f00000, 0x00000000a6f00000, 0x00000000a7000000|  0%| F|  |TAMS 0x00000000a6f00000, 0x00000000a6f00000| Untracked 
|  98|0x00000000a7000000, 0x00000000a7000000, 0x00000000a7100000|  0%| F|  |TAMS 0x00000000a7000000, 0x00000000a7000000| Untracked 
|  99|0x00000000a7100000, 0x00000000a7100000, 0x00000000a7200000|  0%| F|  |TAMS 0x00000000a7100000, 0x00000000a7100000| Untracked 
| 100|0x00000000a7200000, 0x00000000a7200000, 0x00000000a7300000|  0%| F|  |TAMS 0x00000000a7200000, 0x00000000a7200000| Untracked 
| 101|0x00000000a7300000, 0x00000000a7300000, 0x00000000a7400000|  0%| F|  |TAMS 0x00000000a7300000, 0x00000000a7300000| Untracked 
| 102|0x00000000a7400000, 0x00000000a7400000, 0x00000000a7500000|  0%| F|  |TAMS 0x00000000a7400000, 0x00000000a7400000| Untracked 
| 103|0x00000000a7500000, 0x00000000a7500000, 0x00000000a7600000|  0%| F|  |TAMS 0x00000000a7500000, 0x00000000a7500000| Untracked 
| 104|0x00000000a7600000, 0x00000000a7600000, 0x00000000a7700000|  0%| F|  |TAMS 0x00000000a7600000, 0x00000000a7600000| Untracked 
| 105|0x00000000a7700000, 0x00000000a7700000, 0x00000000a7800000|  0%| F|  |TAMS 0x00000000a7700000, 0x00000000a7700000| Untracked 
| 106|0x00000000a7800000, 0x00000000a7800000, 0x00000000a7900000|  0%| F|  |TAMS 0x00000000a7800000, 0x00000000a7800000| Untracked 
| 107|0x00000000a7900000, 0x00000000a7900000, 0x00000000a7a00000|  0%| F|  |TAMS 0x00000000a7900000, 0x00000000a7900000| Untracked 
| 108|0x00000000a7a00000, 0x00000000a7a00000, 0x00000000a7b00000|  0%| F|  |TAMS 0x00000000a7a00000, 0x00000000a7a00000| Untracked 
| 109|0x00000000a7b00000, 0x00000000a7b00000, 0x00000000a7c00000|  0%| F|  |TAMS 0x00000000a7b00000, 0x00000000a7b00000| Untracked 
| 110|0x00000000a7c00000, 0x00000000a7c00000, 0x00000000a7d00000|  0%| F|  |TAMS 0x00000000a7c00000, 0x00000000a7c00000| Untracked 
| 111|0x00000000a7d00000, 0x00000000a7d00000, 0x00000000a7e00000|  0%| F|  |TAMS 0x00000000a7d00000, 0x00000000a7d00000| Untracked 
| 112|0x00000000a7e00000, 0x00000000a7e00000, 0x00000000a7f00000|  0%| F|  |TAMS 0x00000000a7e00000, 0x00000000a7e00000| Untracked 
| 113|0x00000000a7f00000, 0x00000000a7f00000, 0x00000000a8000000|  0%| F|  |TAMS 0x00000000a7f00000, 0x00000000a7f00000| Untracked 
| 114|0x00000000a8000000, 0x00000000a8000000, 0x00000000a8100000|  0%| F|  |TAMS 0x00000000a8000000, 0x00000000a8000000| Untracked 
| 115|0x00000000a8100000, 0x00000000a8100000, 0x00000000a8200000|  0%| F|  |TAMS 0x00000000a8100000, 0x00000000a8100000| Untracked 
| 116|0x00000000a8200000, 0x00000000a8200000, 0x00000000a8300000|  0%| F|  |TAMS 0x00000000a8200000, 0x00000000a8200000| Untracked 
| 117|0x00000000a8300000, 0x00000000a8300000, 0x00000000a8400000|  0%| F|  |TAMS 0x00000000a8300000, 0x00000000a8300000| Untracked 
| 118|0x00000000a8400000, 0x00000000a84d0ff0, 0x00000000a8500000| 81%| S|CS|TAMS 0x00000000a8400000, 0x00000000a8400000| Complete 
| 119|0x00000000a8500000, 0x00000000a8500000, 0x00000000a8600000|  0%| F|  |TAMS 0x00000000a8500000, 0x00000000a8500000| Untracked 
| 120|0x00000000a8600000, 0x00000000a8600000, 0x00000000a8700000|  0%| F|  |TAMS 0x00000000a8600000, 0x00000000a8600000| Untracked 

Card table byte_map: [0x000001c0ffc20000,0x000001c0fff20000] _byte_map_base: 0x000001c0ff719000

Marking Bits (Prev, Next): (CMBitMap*) 0x000001c0ece58ce0, (CMBitMap*) 0x000001c0ece58ca0
 Prev Bits: [0x000001c081ad0000, 0x000001c083298000)
 Next Bits: [0x000001c080300000, 0x000001c081ac8000)

Polling page: 0x000001c0ecea0000

Metaspace:

Usage:
  Non-class:     54.28 MB used.
      Class:      7.16 MB used.
       Both:     61.43 MB used.

Virtual space:
  Non-class space:       64.00 MB reserved,      54.44 MB ( 85%) committed,  1 nodes.
      Class space:        1.00 GB reserved,       7.25 MB ( <1%) committed,  1 nodes.
             Both:        1.06 GB reserved,      61.69 MB (  6%) committed. 

Chunk freelists:
   Non-Class:  9.56 MB
       Class:  8.70 MB
        Both:  18.27 MB

MaxMetaspaceSize: unlimited
CompressedClassSpaceSize: 1.00 GB
Initial GC threshold: 21.00 MB
Current GC threshold: 102.62 MB
CDS: off
MetaspaceReclaimPolicy: balanced
 - commit_granule_bytes: 65536.
 - commit_granule_words: 8192.
 - virtual_space_node_default_size: 8388608.
 - enlarge_chunks_in_place: 1.
 - new_chunks_are_fully_committed: 0.
 - uncommit_free_chunks: 1.
 - use_allocation_guard: 0.
 - handle_deallocations: 1.


Internal statistics:

num_allocs_failed_limit: 9.
num_arena_births: 298.
num_arena_deaths: 0.
num_vsnodes_births: 2.
num_vsnodes_deaths: 0.
num_space_committed: 985.
num_space_uncommitted: 0.
num_chunks_returned_to_freelist: 9.
num_chunks_taken_from_freelist: 2271.
num_chunk_merges: 6.
num_chunk_splits: 1819.
num_chunks_enlarged: 1635.
num_inconsistent_stats: 0.

CodeHeap 'non-profiled nmethods': size=120000Kb used=3721Kb max_used=3721Kb free=116278Kb
 bounds [0x000001c0f7dc0000, 0x000001c0f8170000, 0x000001c0ff2f0000]
CodeHeap 'profiled nmethods': size=120000Kb used=20470Kb max_used=20470Kb free=99529Kb
 bounds [0x000001c0f02f0000, 0x000001c0f16f0000, 0x000001c0f7820000]
CodeHeap 'non-nmethods': size=5760Kb used=1339Kb max_used=1399Kb free=4420Kb
 bounds [0x000001c0f7820000, 0x000001c0f7a90000, 0x000001c0f7dc0000]
 total_blobs=7984 nmethods=7325 adapters=570
 compilation: enabled
              stopped_count=0, restarted_count=0
 full_count=0

Compilation events (20 events):
Event: 15.497 Thread 0x000001c085a4c510 nmethod 8074 0x000001c0f16eb990 code [0x000001c0f16ebb40, 0x000001c0f16ebe48]
Event: 15.497 Thread 0x000001c085a4c510 8075       3       org.jetbrains.kotlin.fir.java.enhancement.FirEnhancedSymbolsStorage$EnhancementSymbolsCache::enhancedFunctions$lambda$0 (36 bytes)
Event: 15.498 Thread 0x000001c085a4c510 nmethod 8075 0x000001c0f16ebf10 code [0x000001c0f16ec1e0, 0x000001c0f16ecea8]
Event: 15.541 Thread 0x000001c085a4b2c0 nmethod 8055 0x000001c0f815b310 code [0x000001c0f815b4c0, 0x000001c0f815b9d0]
Event: 15.541 Thread 0x000001c085a4b2c0 8076       4       org.jetbrains.kotlin.fir.resolve.TypeExpansionUtilsKt::directExpansionType (174 bytes)
Event: 15.546 Thread 0x000001c08b69baf0 nmethod 8062 0x000001c0f815be90 code [0x000001c0f815c1c0, 0x000001c0f815e860]
Event: 15.546 Thread 0x000001c08b69baf0 8044       4       kotlin.collections.builders.ListBuilder$Itr::<init> (37 bytes)
Event: 15.547 Thread 0x000001c085a4b2c0 nmethod 8076 0x000001c0f8160910 code [0x000001c0f8160b00, 0x000001c0f8160df0]
Event: 15.547 Thread 0x000001c085a4b2c0 8061       4       org.jetbrains.kotlin.fir.java.declarations.FirJavaValueParameterBuilder::<init> (36 bytes)
Event: 15.549 Thread 0x000001c08b69baf0 nmethod 8044 0x000001c0f8161210 code [0x000001c0f8161380, 0x000001c0f8161518]
Event: 15.549 Thread 0x000001c08b69baf0 8077       4       kotlin.collections.builders.ListBuilder::toArray (19 bytes)
Event: 15.553 Thread 0x000001c08b69baf0 nmethod 8077 0x000001c0f8161610 code [0x000001c0f81617a0, 0x000001c0f8161ab8]
Event: 15.553 Thread 0x000001c08b69baf0 8078       4       java.util.regex.Matcher::find (69 bytes)
Event: 15.553 Thread 0x000001c085a4b2c0 nmethod 8061 0x000001c0f8161c90 code [0x000001c0f8161e20, 0x000001c0f8162218]
Event: 15.553 Thread 0x000001c085a4b2c0 7981       4       org.jetbrains.kotlin.fir.types.ConeKotlinType::getKind (4 bytes)
Event: 15.554 Thread 0x000001c085a4b2c0 nmethod 7981 0x000001c0f8162390 code [0x000001c0f8162500, 0x000001c0f8162578]
Event: 15.554 Thread 0x000001c085a4b2c0 8079       4       org.jetbrains.kotlin.fir.java.JavaTypeConversionKt::toConeKotlinTypeProbablyFlexible (118 bytes)
Event: 15.555 Thread 0x000001c085a4c510 8080       3       org.jetbrains.kotlin.fir.scopes.FirTypeScopeKt$getDirectOverriddenFunctions$$inlined$processDirectlyOverriddenFunctions$1::invoke (13 bytes)
Event: 15.555 Thread 0x000001c085a4c510 nmethod 8080 0x000001c0f16ed390 code [0x000001c0f16ed540, 0x000001c0f16ed848]
Event: 15.571 Thread 0x000001c085a4c510 8084       3       org.jetbrains.kotlin.fir.scopes.impl.FirTypeIntersectionScopeContext::convertGroupedCallablesToIntersectionResults (1072 bytes)

GC Heap History (20 events):
Event: 7.608 GC heap after
{Heap after GC invocations=14 (full 0):
 garbage-first heap   total 61440K, used 36726K [0x00000000a0e00000, 0x0000000100000000)
  region size 1024K, 2 young (2048K), 2 survivors (2048K)
 Metaspace       used 46069K, committed 46272K, reserved 1114112K
  class space    used 5468K, committed 5568K, reserved 1048576K
}
Event: 7.966 GC heap before
{Heap before GC invocations=15 (full 0):
 garbage-first heap   total 68608K, used 44918K [0x00000000a0e00000, 0x0000000100000000)
  region size 1024K, 11 young (11264K), 2 survivors (2048K)
 Metaspace       used 47828K, committed 48064K, reserved 1114112K
  class space    used 5704K, committed 5824K, reserved 1048576K
}
Event: 7.978 GC heap after
{Heap after GC invocations=16 (full 0):
 garbage-first heap   total 68608K, used 38801K [0x00000000a0e00000, 0x0000000100000000)
  region size 1024K, 2 young (2048K), 2 survivors (2048K)
 Metaspace       used 47828K, committed 48064K, reserved 1114112K
  class space    used 5704K, committed 5824K, reserved 1048576K
}
Event: 8.229 GC heap before
{Heap before GC invocations=16 (full 0):
 garbage-first heap   total 68608K, used 50065K [0x00000000a0e00000, 0x0000000100000000)
  region size 1024K, 14 young (14336K), 2 survivors (2048K)
 Metaspace       used 49235K, committed 49472K, reserved 1114112K
  class space    used 5873K, committed 6016K, reserved 1048576K
}
Event: 8.242 GC heap after
{Heap after GC invocations=17 (full 0):
 garbage-first heap   total 68608K, used 41894K [0x00000000a0e00000, 0x0000000100000000)
  region size 1024K, 2 young (2048K), 2 survivors (2048K)
 Metaspace       used 49235K, committed 49472K, reserved 1114112K
  class space    used 5873K, committed 6016K, reserved 1048576K
}
Event: 8.797 GC heap before
{Heap before GC invocations=18 (full 0):
 garbage-first heap   total 76800K, used 52134K [0x00000000a0e00000, 0x0000000100000000)
  region size 1024K, 12 young (12288K), 2 survivors (2048K)
 Metaspace       used 50883K, committed 51200K, reserved 1114112K
  class space    used 6127K, committed 6272K, reserved 1048576K
}
Event: 8.809 GC heap after
{Heap after GC invocations=19 (full 0):
 garbage-first heap   total 76800K, used 43925K [0x00000000a0e00000, 0x0000000100000000)
  region size 1024K, 2 young (2048K), 2 survivors (2048K)
 Metaspace       used 50883K, committed 51200K, reserved 1114112K
  class space    used 6127K, committed 6272K, reserved 1048576K
}
Event: 9.394 GC heap before
{Heap before GC invocations=19 (full 0):
 garbage-first heap   total 76800K, used 57237K [0x00000000a0e00000, 0x0000000100000000)
  region size 1024K, 16 young (16384K), 2 survivors (2048K)
 Metaspace       used 53837K, committed 54080K, reserved 1114112K
  class space    used 6466K, committed 6592K, reserved 1048576K
}
Event: 9.409 GC heap after
{Heap after GC invocations=20 (full 0):
 garbage-first heap   total 123904K, used 45743K [0x00000000a0e00000, 0x0000000100000000)
  region size 1024K, 2 young (2048K), 2 survivors (2048K)
 Metaspace       used 53837K, committed 54080K, reserved 1114112K
  class space    used 6466K, committed 6592K, reserved 1048576K
}
Event: 11.596 GC heap before
{Heap before GC invocations=21 (full 0):
 garbage-first heap   total 123904K, used 88751K [0x00000000a0e00000, 0x0000000100000000)
  region size 1024K, 44 young (45056K), 2 survivors (2048K)
 Metaspace       used 57848K, committed 58112K, reserved 1114112K
  class space    used 6944K, committed 7040K, reserved 1048576K
}
Event: 11.631 GC heap after
{Heap after GC invocations=22 (full 0):
 garbage-first heap   total 123904K, used 53523K [0x00000000a0e00000, 0x0000000100000000)
  region size 1024K, 6 young (6144K), 6 survivors (6144K)
 Metaspace       used 57848K, committed 58112K, reserved 1114112K
  class space    used 6944K, committed 7040K, reserved 1048576K
}
Event: 11.655 GC heap before
{Heap before GC invocations=22 (full 0):
 garbage-first heap   total 123904K, used 54547K [0x00000000a0e00000, 0x0000000100000000)
  region size 1024K, 7 young (7168K), 6 survivors (6144K)
 Metaspace       used 57855K, committed 58112K, reserved 1114112K
  class space    used 6944K, committed 7040K, reserved 1048576K
}
Event: 11.678 GC heap after
{Heap after GC invocations=23 (full 0):
 garbage-first heap   total 123904K, used 54824K [0x00000000a0e00000, 0x0000000100000000)
  region size 1024K, 1 young (1024K), 1 survivors (1024K)
 Metaspace       used 57855K, committed 58112K, reserved 1114112K
  class space    used 6944K, committed 7040K, reserved 1048576K
}
Event: 13.000 GC heap before
{Heap before GC invocations=23 (full 0):
 garbage-first heap   total 123904K, used 88616K [0x00000000a0e00000, 0x0000000100000000)
  region size 1024K, 34 young (34816K), 1 survivors (1024K)
 Metaspace       used 59055K, committed 59328K, reserved 1114112K
  class space    used 6983K, committed 7104K, reserved 1048576K
}
Event: 13.030 GC heap after
{Heap after GC invocations=24 (full 0):
 garbage-first heap   total 123904K, used 62464K [0x00000000a0e00000, 0x0000000100000000)
  region size 1024K, 5 young (5120K), 5 survivors (5120K)
 Metaspace       used 59055K, committed 59328K, reserved 1114112K
  class space    used 6983K, committed 7104K, reserved 1048576K
}
Event: 14.573 GC heap before
{Heap before GC invocations=24 (full 0):
 garbage-first heap   total 123904K, used 93184K [0x00000000a0e00000, 0x0000000100000000)
  region size 1024K, 35 young (35840K), 5 survivors (5120K)
 Metaspace       used 62494K, committed 62784K, reserved 1114112K
  class space    used 7292K, committed 7424K, reserved 1048576K
}
Event: 14.607 GC heap after
{Heap after GC invocations=25 (full 0):
 garbage-first heap   total 123904K, used 67407K [0x00000000a0e00000, 0x0000000100000000)
  region size 1024K, 5 young (5120K), 5 survivors (5120K)
 Metaspace       used 62494K, committed 62784K, reserved 1114112K
  class space    used 7292K, committed 7424K, reserved 1048576K
}
Event: 15.500 GC heap before
{Heap before GC invocations=26 (full 0):
 garbage-first heap   total 123904K, used 94031K [0x00000000a0e00000, 0x0000000100000000)
  region size 1024K, 32 young (32768K), 5 survivors (5120K)
 Metaspace       used 62906K, committed 63168K, reserved 1114112K
  class space    used 7329K, committed 7424K, reserved 1048576K
}
Event: 15.540 GC heap after
{Heap after GC invocations=27 (full 0):
 garbage-first heap   total 123904K, used 72613K [0x00000000a0e00000, 0x0000000100000000)
  region size 1024K, 4 young (4096K), 4 survivors (4096K)
 Metaspace       used 62906K, committed 63168K, reserved 1114112K
  class space    used 7329K, committed 7424K, reserved 1048576K
}
Event: 15.575 GC heap before
{Heap before GC invocations=27 (full 0):
 garbage-first heap   total 123904K, used 74661K [0x00000000a0e00000, 0x0000000100000000)
  region size 1024K, 6 young (6144K), 4 survivors (4096K)
 Metaspace       used 62908K, committed 63168K, reserved 1114112K
  class space    used 7329K, committed 7424K, reserved 1048576K
}

Dll operation events (2 events):
Event: 0.015 Loaded shared library C:\Program Files\Android\Android Studio\jbr\bin\java.dll
Event: 3.148 Loaded shared library C:\Program Files\Android\Android Studio\jbr\bin\verify.dll

Deoptimization events (20 events):
Event: 13.704 Thread 0x000001c0ece0e2f0 DEOPT PACKING pc=0x000001c0f7e1700c sp=0x0000004ebaefb680
Event: 13.704 Thread 0x000001c0ece0e2f0 DEOPT UNPACKING pc=0x000001c0f78769a3 sp=0x0000004ebaefb620 mode 2
Event: 15.117 Thread 0x000001c0ece0e2f0 DEOPT PACKING pc=0x000001c0f0754ca5 sp=0x0000004ebaefab60
Event: 15.117 Thread 0x000001c0ece0e2f0 DEOPT UNPACKING pc=0x000001c0f7877143 sp=0x0000004ebaef9ff8 mode 0
Event: 15.351 Thread 0x000001c0ece0e2f0 DEOPT PACKING pc=0x000001c0f0754ca5 sp=0x0000004ebaef94c0
Event: 15.351 Thread 0x000001c0ece0e2f0 DEOPT UNPACKING pc=0x000001c0f7877143 sp=0x0000004ebaef8958 mode 0
Event: 15.382 Thread 0x000001c0ece0e2f0 Uncommon trap: trap_request=0xfffffff4 fr.pc=0x000001c0f81532f8 relative=0x0000000000002358
Event: 15.382 Thread 0x000001c0ece0e2f0 Uncommon trap: reason=null_check action=make_not_entrant pc=0x000001c0f81532f8 method=org.jetbrains.kotlin.fir.scopes.impl.FirClassDeclaredMemberScopeImpl.processFunctionsByName(Lorg/jetbrains/kotlin/name/Name;Lkotlin/jvm/functions/Function1;)V @ 38 c2
Event: 15.382 Thread 0x000001c0ece0e2f0 DEOPT PACKING pc=0x000001c0f81532f8 sp=0x0000004ebaefde80
Event: 15.382 Thread 0x000001c0ece0e2f0 DEOPT UNPACKING pc=0x000001c0f78769a3 sp=0x0000004ebaefdce0 mode 2
Event: 15.413 Thread 0x000001c0ece0e2f0 DEOPT PACKING pc=0x000001c0f1240aca sp=0x0000004ebaefaf10
Event: 15.413 Thread 0x000001c0ece0e2f0 DEOPT UNPACKING pc=0x000001c0f7877143 sp=0x0000004ebaefa3b8 mode 0
Event: 15.415 Thread 0x000001c0ece0e2f0 Uncommon trap: trap_request=0xffffff5c fr.pc=0x000001c0f8155634 relative=0x00000000000000f4
Event: 15.415 Thread 0x000001c0ece0e2f0 Uncommon trap: reason=speculate_null_check action=make_not_entrant pc=0x000001c0f8155634 method=org.jetbrains.kotlin.com.intellij.openapi.vfs.VfsUtilCore.isAncestor(Lorg/jetbrains/kotlin/com/intellij/openapi/vfs/VirtualFile;Lorg/jetbrains/kotlin/com/intel
Event: 15.415 Thread 0x000001c0ece0e2f0 DEOPT PACKING pc=0x000001c0f8155634 sp=0x0000004ebaef9880
Event: 15.415 Thread 0x000001c0ece0e2f0 DEOPT UNPACKING pc=0x000001c0f78769a3 sp=0x0000004ebaef97a8 mode 2
Event: 15.416 Thread 0x000001c0ece0e2f0 Uncommon trap: trap_request=0xffffff5c fr.pc=0x000001c0f7deef30 relative=0x0000000000000170
Event: 15.416 Thread 0x000001c0ece0e2f0 Uncommon trap: reason=speculate_null_check action=make_not_entrant pc=0x000001c0f7deef30 method=org.jetbrains.kotlin.com.intellij.openapi.vfs.VfsUtilCore.isAncestor(Lorg/jetbrains/kotlin/com/intellij/openapi/vfs/VirtualFile;Lorg/jetbrains/kotlin/com/intel
Event: 15.416 Thread 0x000001c0ece0e2f0 DEOPT PACKING pc=0x000001c0f7deef30 sp=0x0000004ebaef94f0
Event: 15.416 Thread 0x000001c0ece0e2f0 DEOPT UNPACKING pc=0x000001c0f78769a3 sp=0x0000004ebaef9438 mode 2

Classes unloaded (0 events):
No events

Classes redefined (0 events):
No events

Internal exceptions (20 events):
Event: 9.842 Thread 0x000001c0ece0e2f0 Exception <a 'java/lang/NoSuchMethodError'{0x00000000a7ea8008}: 'java.lang.Object java.lang.invoke.DirectMethodHandle$Holder.newInvokeSpecial(java.lang.Object, java.lang.Object, java.lang.Object, int)'> (0x00000000a7ea8008) 
thrown [s\src\hotspot\share\interpreter\linkResolver.cpp, line 771]
Event: 9.842 Thread 0x000001c0ece0e2f0 Exception <a 'java/lang/NoSuchMethodError'{0x00000000a7eac068}: 'java.lang.Object java.lang.invoke.DirectMethodHandle$Holder.invokeSpecial(java.lang.Object, java.lang.Object, java.lang.Object, java.lang.Object, int)'> (0x00000000a7eac068) 
thrown [s\src\hotspot\share\interpreter\linkResolver.cpp, line 771]
Event: 9.843 Thread 0x000001c0ece0e2f0 Exception <a 'java/lang/NoSuchMethodError'{0x00000000a7eafa18}: 'java.lang.Object java.lang.invoke.Invokers$Holder.linkToTargetMethod(java.lang.Object, java.lang.Object, int, java.lang.Object)'> (0x00000000a7eafa18) 
thrown [s\src\hotspot\share\interpreter\linkResolver.cpp, line 771]
Event: 9.989 Thread 0x000001c0ece0e2f0 Exception <a 'java/lang/NoSuchMethodError'{0x00000000a7a792e8}: 'java.lang.Object java.lang.invoke.DirectMethodHandle$Holder.newInvokeSpecial(java.lang.Object, java.lang.Object, java.lang.Object, java.lang.Object, java.lang.Object, int)'> (0x00000000a7a792e8) 
thrown [s\src\hotspot\share\interpreter\linkResolver.cpp, line 771]
Event: 9.995 Thread 0x000001c0ece0e2f0 Exception <a 'java/lang/NoSuchMethodError'{0x00000000a7a99468}: 'java.lang.Object java.lang.invoke.DirectMethodHandle$Holder.invokeStatic(java.lang.Object, java.lang.Object, java.lang.Object, int, java.lang.Object, java.lang.Object)'> (0x00000000a7a99468) 
thrown [s\src\hotspot\share\interpreter\linkResolver.cpp, line 771]
Event: 10.195 Thread 0x000001c0ece0e2f0 Exception <a 'java/lang/NoSuchMethodError'{0x00000000a7603500}: 'java.lang.Object java.lang.invoke.DirectMethodHandle$Holder.newInvokeSpecial(java.lang.Object, java.lang.Object, java.lang.Object, java.lang.Object, java.lang.Object, java.lang.Object, java.lang.Object, java.lang.Object, java.lang.Object)'> (0x00000000a7603500) 
thrown [s\src\hotspot\share\interpreter\linkResolver.cpp, line 771]
Event: 10.196 Thread 0x000001c0ece0e2f0 Exception <a 'java/lang/NoSuchMethodError'{0x00000000a7608dc0}: 'java.lang.Object java.lang.invoke.DirectMethodHandle$Holder.invokeSpecial(java.lang.Object, java.lang.Object, java.lang.Object, java.lang.Object, java.lang.Object, java.lang.Object, java.lang.Object, java.lang.Object, java.lang.Object, java.lang.Object)'> (0x00000000a7608dc0) 
thrown [s\src\hotspot\share\interpreter\linkResolver.cpp, line 771]
Event: 10.196 Thread 0x000001c0ece0e2f0 Exception <a 'java/lang/NoSuchMethodError'{0x00000000a760d630}: 'java.lang.Object java.lang.invoke.Invokers$Holder.linkToTargetMethod(java.lang.Object, java.lang.Object, java.lang.Object, java.lang.Object, java.lang.Object, java.lang.Object, java.lang.Object, java.lang.Object, java.lang.Object)'> (0x00000000a760d630) 
thrown [s\src\hotspot\share\interpreter\linkResolver.cpp, line 771]
Event: 10.297 Thread 0x000001c0ece0e2f0 Exception <a 'java/lang/NoSuchMethodError'{0x00000000a759dbf0}: 'java.lang.Object java.lang.invoke.DirectMethodHandle$Holder.newInvokeSpecial(java.lang.Object, int, java.lang.Object, java.lang.Object, java.lang.Object)'> (0x00000000a759dbf0) 
thrown [s\src\hotspot\share\interpreter\linkResolver.cpp, line 771]
Event: 10.298 Thread 0x000001c0ece0e2f0 Exception <a 'java/lang/NoSuchMethodError'{0x00000000a75a5a18}: 'java.lang.Object java.lang.invoke.Invokers$Holder.linkToTargetMethod(int, java.lang.Object, java.lang.Object, java.lang.Object, java.lang.Object)'> (0x00000000a75a5a18) 
thrown [s\src\hotspot\share\interpreter\linkResolver.cpp, line 771]
Event: 11.175 Thread 0x000001c0ece0e2f0 Exception <a 'java/lang/NoSuchMethodError'{0x00000000a640e430}: 'java.lang.Object java.lang.invoke.DirectMethodHandle$Holder.invokeStatic(java.lang.Object, java.lang.Object, java.lang.Object, int, int, java.lang.Object)'> (0x00000000a640e430) 
thrown [s\src\hotspot\share\interpreter\linkResolver.cpp, line 771]
Event: 11.176 Thread 0x000001c0ece0e2f0 Exception <a 'java/lang/NoSuchMethodError'{0x00000000a6417a88}: 'java.lang.Object java.lang.invoke.DirectMethodHandle$Holder.newInvokeSpecial(java.lang.Object, java.lang.Object, java.lang.Object, int, int)'> (0x00000000a6417a88) 
thrown [s\src\hotspot\share\interpreter\linkResolver.cpp, line 771]
Event: 11.177 Thread 0x000001c0ece0e2f0 Exception <a 'java/lang/NoSuchMethodError'{0x00000000a641bb70}: 'java.lang.Object java.lang.invoke.DirectMethodHandle$Holder.invokeSpecial(java.lang.Object, java.lang.Object, java.lang.Object, java.lang.Object, int, int)'> (0x00000000a641bb70) 
thrown [s\src\hotspot\share\interpreter\linkResolver.cpp, line 771]
Event: 11.329 Thread 0x000001c0ece0e2f0 Exception <a 'java/lang/NoSuchMethodError'{0x00000000a62677c0}: 'void java.lang.invoke.DirectMethodHandle$Holder.invokeInterface(java.lang.Object, java.lang.Object)'> (0x00000000a62677c0) 
thrown [s\src\hotspot\share\interpreter\linkResolver.cpp, line 771]
Event: 11.363 Thread 0x000001c0ece0e2f0 Exception <a 'java/lang/IncompatibleClassChangeError'{0x00000000a62a1a98}: Found class java.lang.Object, but interface was expected> (0x00000000a62a1a98) 
thrown [s\src\hotspot\share\interpreter\linkResolver.cpp, line 838]
Event: 13.517 Thread 0x000001c0ece0e2f0 Implicit null exception at 0x000001c0f7e7f94c to 0x000001c0f7e7fa28
Event: 14.617 Thread 0x000001c0ece0e2f0 Exception <a 'java/lang/NoSuchMethodError'{0x00000000a862c430}: 'java.lang.Object java.lang.invoke.DirectMethodHandle$Holder.newInvokeSpecial(java.lang.Object, java.lang.Object, int, java.lang.Object, java.lang.Object, java.lang.Object)'> (0x00000000a862c430) 
thrown [s\src\hotspot\share\interpreter\linkResolver.cpp, line 771]
Event: 14.618 Thread 0x000001c0ece0e2f0 Exception <a 'java/lang/NoSuchMethodError'{0x00000000a86307a0}: 'java.lang.Object java.lang.invoke.DirectMethodHandle$Holder.invokeSpecial(java.lang.Object, java.lang.Object, java.lang.Object, int, java.lang.Object, java.lang.Object, java.lang.Object)'> (0x00000000a86307a0) 
thrown [s\src\hotspot\share\interpreter\linkResolver.cpp, line 771]
Event: 14.619 Thread 0x000001c0ece0e2f0 Exception <a 'java/lang/NoSuchMethodError'{0x00000000a8634378}: 'java.lang.Object java.lang.invoke.Invokers$Holder.linkToTargetMethod(java.lang.Object, int, java.lang.Object, java.lang.Object, java.lang.Object, java.lang.Object)'> (0x00000000a8634378) 
thrown [s\src\hotspot\share\interpreter\linkResolver.cpp, line 771]
Event: 15.382 Thread 0x000001c0ece0e2f0 Implicit null exception at 0x000001c0f815170f to 0x000001c0f81532d4

VM Operations (20 events):
Event: 13.755 Executing VM operation: HandshakeAllThreads done
Event: 14.033 Executing VM operation: ICBufferFull
Event: 14.033 Executing VM operation: ICBufferFull done
Event: 14.316 Executing VM operation: ICBufferFull
Event: 14.316 Executing VM operation: ICBufferFull done
Event: 14.573 Executing VM operation: G1CollectForAllocation
Event: 14.607 Executing VM operation: G1CollectForAllocation done
Event: 14.632 Executing VM operation: HandshakeAllThreads
Event: 14.632 Executing VM operation: HandshakeAllThreads done
Event: 14.633 Executing VM operation: HandshakeAllThreads
Event: 14.634 Executing VM operation: HandshakeAllThreads done
Event: 14.837 Executing VM operation: G1PauseRemark
Event: 14.851 Executing VM operation: G1PauseRemark done
Event: 14.966 Executing VM operation: G1PauseCleanup
Event: 14.967 Executing VM operation: G1PauseCleanup done
Event: 15.039 Executing VM operation: HandshakeAllThreads
Event: 15.039 Executing VM operation: HandshakeAllThreads done
Event: 15.500 Executing VM operation: G1CollectForAllocation
Event: 15.540 Executing VM operation: G1CollectForAllocation done
Event: 15.575 Executing VM operation: G1CollectForAllocation

Events (20 events):
Event: 13.590 loading class java/security/CodeSigner
Event: 13.590 loading class java/security/CodeSigner done
Event: 13.632 loading class java/text/MessageFormat
Event: 13.633 loading class java/text/Format
Event: 13.633 loading class java/text/Format done
Event: 13.633 loading class java/text/MessageFormat done
Event: 13.633 loading class java/util/Locale$Category
Event: 13.633 loading class java/util/Locale$Category done
Event: 13.701 loading class java/text/ChoiceFormat
Event: 13.701 loading class java/text/NumberFormat
Event: 13.702 loading class java/text/NumberFormat done
Event: 13.702 loading class java/text/ChoiceFormat done
Event: 13.871 loading class java/util/EnumMap$EntrySet
Event: 13.872 loading class java/util/EnumMap$EntrySet done
Event: 13.872 loading class java/util/EnumMap$EntryIterator
Event: 13.872 loading class java/util/EnumMap$EnumMapIterator
Event: 13.873 loading class java/util/EnumMap$EnumMapIterator done
Event: 13.873 loading class java/util/EnumMap$EntryIterator done
Event: 13.873 loading class java/util/EnumMap$EntryIterator$Entry
Event: 13.873 loading class java/util/EnumMap$EntryIterator$Entry done


Dynamic libraries:
0x00007ff777520000 - 0x00007ff77752a000 	C:\Program Files\Android\Android Studio\jbr\bin\java.exe
0x00007fff33430000 - 0x00007fff33647000 	C:\Windows\SYSTEM32\ntdll.dll
0x00007fff323d0000 - 0x00007fff32494000 	C:\Windows\System32\KERNEL32.DLL
0x00007fff308d0000 - 0x00007fff30c87000 	C:\Windows\System32\KERNELBASE.dll
0x00007fff30740000 - 0x00007fff30851000 	C:\Windows\System32\ucrtbase.dll
0x00007ffeffa00000 - 0x00007ffeffa17000 	C:\Program Files\Android\Android Studio\jbr\bin\jli.dll
0x00007fff1ec10000 - 0x00007fff1ec2b000 	C:\Program Files\Android\Android Studio\jbr\bin\VCRUNTIME140.dll
0x00007fff31e30000 - 0x00007fff31fdf000 	C:\Windows\System32\USER32.dll
0x00007fff30fc0000 - 0x00007fff30fe6000 	C:\Windows\System32\win32u.dll
0x00007fff31160000 - 0x00007fff31189000 	C:\Windows\System32\GDI32.dll
0x00007fff21390000 - 0x00007fff21623000 	C:\Windows\WinSxS\amd64_microsoft.windows.common-controls_6595b64144ccf1df_6.0.22621.3672_none_2713b9d173822955\COMCTL32.dll
0x00007fff30d50000 - 0x00007fff30e68000 	C:\Windows\System32\gdi32full.dll
0x00007fff31190000 - 0x00007fff31237000 	C:\Windows\System32\msvcrt.dll
0x00007fff30f20000 - 0x00007fff30fba000 	C:\Windows\System32\msvcp_win.dll
0x00007fff31c30000 - 0x00007fff31c61000 	C:\Windows\System32\IMM32.DLL
0x0000000067190000 - 0x000000006719c000 	C:\Program Files (x86)\360\Total Security\safemon\SafeWrapper.dll
0x00007fff32310000 - 0x00007fff323c2000 	C:\Windows\System32\ADVAPI32.dll
0x00007fff33150000 - 0x00007fff331f8000 	C:\Windows\System32\sechost.dll
0x00007fff30ef0000 - 0x00007fff30f18000 	C:\Windows\System32\bcrypt.dll
0x00007fff32b10000 - 0x00007fff32c24000 	C:\Windows\System32\RPCRT4.dll
0x00007ffeccc20000 - 0x00007ffeccccc000 	C:\Program Files (x86)\360\Total Security\safemon\libzdtp64.dll
0x00007fff313c0000 - 0x00007fff31c29000 	C:\Windows\System32\SHELL32.dll
0x00007fff32630000 - 0x00007fff3268e000 	C:\Windows\System32\SHLWAPI.dll
0x00007fff302b0000 - 0x00007fff302ba000 	C:\Windows\SYSTEM32\VERSION.dll
0x00007ffedf0f0000 - 0x00007ffedf0fc000 	C:\Program Files\Android\Android Studio\jbr\bin\vcruntime140_1.dll
0x00007ffeb2a50000 - 0x00007ffeb2add000 	C:\Program Files\Android\Android Studio\jbr\bin\msvcp140.dll
0x00007ffebe0c0000 - 0x00007ffebed43000 	C:\Program Files\Android\Android Studio\jbr\bin\server\jvm.dll
0x00007fff30610000 - 0x00007fff3065d000 	C:\Windows\SYSTEM32\POWRPROF.dll
0x00007fff2a160000 - 0x00007fff2a169000 	C:\Windows\SYSTEM32\WSOCK32.dll
0x00007fff2c6e0000 - 0x00007fff2c714000 	C:\Windows\SYSTEM32\WINMM.dll
0x00007fff321e0000 - 0x00007fff32251000 	C:\Windows\System32\WS2_32.dll
0x00007fff305f0000 - 0x00007fff30603000 	C:\Windows\SYSTEM32\UMPDC.dll
0x00007fff2f6f0000 - 0x00007fff2f708000 	C:\Windows\SYSTEM32\kernel.appcore.dll
0x00007fff26e30000 - 0x00007fff26e3a000 	C:\Program Files\Android\Android Studio\jbr\bin\jimage.dll
0x00007fff2e220000 - 0x00007fff2e452000 	C:\Windows\SYSTEM32\DBGHELP.DLL
0x00007fff32d40000 - 0x00007fff330ce000 	C:\Windows\System32\combase.dll
0x00007fff32550000 - 0x00007fff32627000 	C:\Windows\System32\OLEAUT32.dll
0x00007fff103f0000 - 0x00007fff10422000 	C:\Windows\SYSTEM32\dbgcore.DLL
0x00007fff30e70000 - 0x00007fff30eeb000 	C:\Windows\System32\bcryptPrimitives.dll
0x00007fff1ee40000 - 0x00007fff1ee65000 	C:\Program Files\Android\Android Studio\jbr\bin\java.dll
0x00007fff1cfb0000 - 0x00007fff1cfc8000 	C:\Program Files\Android\Android Studio\jbr\bin\zip.dll
0x00007fff2e5f0000 - 0x00007fff2eeef000 	C:\Windows\SYSTEM32\windows.storage.dll
0x00007fff2e4b0000 - 0x00007fff2e5ef000 	C:\Windows\SYSTEM32\wintypes.dll
0x00007fff31fe0000 - 0x00007fff320d9000 	C:\Windows\System32\SHCORE.dll
0x00007fff30670000 - 0x00007fff30697000 	C:\Windows\SYSTEM32\profapi.dll
0x00007fff115a0000 - 0x00007fff115b9000 	C:\Program Files\Android\Android Studio\jbr\bin\net.dll
0x00007fff2a650000 - 0x00007fff2a786000 	C:\Windows\SYSTEM32\WINHTTP.dll
0x00007fff2fb70000 - 0x00007fff2fbd9000 	C:\Windows\system32\mswsock.dll
0x00007fff083f0000 - 0x00007fff08406000 	C:\Program Files\Android\Android Studio\jbr\bin\nio.dll
0x00007fff1cea0000 - 0x00007fff1ceb0000 	C:\Program Files\Android\Android Studio\jbr\bin\verify.dll

dbghelp: loaded successfully - version: 4.0.5 - missing functions: none
symbol engine: initialized successfully - sym options: 0x614 - pdb path: .;C:\Program Files\Android\Android Studio\jbr\bin;C:\Windows\SYSTEM32;C:\Windows\WinSxS\amd64_microsoft.windows.common-controls_6595b64144ccf1df_6.0.22621.3672_none_2713b9d173822955;C:\Program Files (x86)\360\Total Security\safemon;C:\Program Files\Android\Android Studio\jbr\bin\server

VM Arguments:
java_command: org.jetbrains.kotlin.cli.jvm.K2JVMCompiler @C:\Users\asusu\AndroidStudioProjects\starter-project-\starter-project\app\build\20241104_4522937478443118853.compiler.options
java_class_path (initial): C:\Users\asusu\.gradle\caches\modules-2\files-2.1\org.jetbrains.kotlin\kotlin-compiler-embeddable\2.0.10\40d7b56154061d2ec6a95159417af03940e8679e\kotlin-compiler-embeddable-2.0.10.jar;C:\Users\asusu\.gradle\caches\modules-2\files-2.1\org.jetbrains.kotlin\kotlin-stdlib\2.0.10\9120f9dd349d5c67fa6710c4049c3128ef6b51db\kotlin-stdlib-2.0.10.jar;C:\Users\asusu\.gradle\caches\modules-2\files-2.1\org.jetbrains.kotlin\kotlin-script-runtime\2.0.10\5dc0dfee8e71c0afd7f6085789aeb991bfe60eda\kotlin-script-runtime-2.0.10.jar;C:\Users\asusu\.gradle\caches\modules-2\files-2.1\org.jetbrains.kotlin\kotlin-reflect\1.6.10\1cbe9c92c12a94eea200d23c2bbaedaf3daf5132\kotlin-reflect-1.6.10.jar;C:\Users\asusu\.gradle\caches\modules-2\files-2.1\org.jetbrains.kotlin\kotlin-daemon-embeddable\2.0.10\49b9b08540022f7a407967bf0d6ddd4e9ac54d4\kotlin-daemon-embeddable-2.0.10.jar;C:\Users\asusu\.gradle\caches\modules-2\files-2.1\org.jetbrains.intellij.deps\trove4j\1.0.20200330\3afb14d5f9ceb459d724e907a21145e8ff394f02\trove4j-1.0.20200330.jar;C:\Users\asusu\.gradle\caches\modules-2\files-2.1\org.jetbrains\annotations\13.0\919f0dfe192fb4e063e7dacadee7f8bb9a2672a9\annotations-13.0.jar
Launcher Type: SUN_STANDARD

[Global flags]
     intx CICompilerCount                          = 3                                         {product} {ergonomic}
     uint ConcGCThreads                            = 1                                         {product} {ergonomic}
     uint G1ConcRefinementThreads                  = 4                                         {product} {ergonomic}
   size_t G1HeapRegionSize                         = 1048576                                   {product} {ergonomic}
    uintx GCDrainStackTargetSize                   = 64                                        {product} {ergonomic}
   size_t InitialHeapSize                          = 100663296                                 {product} {ergonomic}
   size_t MarkStackSize                            = 4194304                                   {product} {ergonomic}
   size_t MaxHeapSize                              = 1595932672                                {product} {ergonomic}
   size_t MaxNewSize                               = 957349888                                 {product} {ergonomic}
   size_t MinHeapDeltaBytes                        = 1048576                                   {product} {ergonomic}
   size_t MinHeapSize                              = 8388608                                   {product} {ergonomic}
    uintx NonNMethodCodeHeapSize                   = 5832780                                {pd product} {ergonomic}
    uintx NonProfiledCodeHeapSize                  = 122912730                              {pd product} {ergonomic}
    uintx ProfiledCodeHeapSize                     = 122912730                              {pd product} {ergonomic}
    uintx ReservedCodeCacheSize                    = 251658240                              {pd product} {ergonomic}
     bool SegmentedCodeCache                       = true                                      {product} {ergonomic}
   size_t SoftMaxHeapSize                          = 1595932672                             {manageable} {ergonomic}
     bool UseCompressedClassPointers               = true                           {product lp64_product} {ergonomic}
     bool UseCompressedOops                        = true                           {product lp64_product} {ergonomic}
     bool UseG1GC                                  = true                                      {product} {ergonomic}
     bool UseLargePagesIndividualAllocation        = false                                  {pd product} {ergonomic}

Logging:
Log output configuration:
 #0: stdout all=warning uptime,level,tags
 #1: stderr all=off uptime,level,tags

Environment Variables:
JAVA_HOME=C:\Program Files\Zulu\zulu-17
PATH=C:\Program Files\Zulu\zulu-17\bin\;C:\Program Files (x86)\Common Files\Intel\Shared Files\cpp\bin\Intel64;C:\Windows\system32;C:\Windows;C:\Windows\System32\Wbem;C:\Windows\System32\WindowsPowerShell\v1.0\;C:\Windows\System32\OpenSSH\;C:\Program Files\Git\cmd;C:\Program Files\Git\bin;C:\Program Files (x86)\Yarn\bin\;C:\Program Files\Yarn\bin;C:\Program Files\nodejs\;C:\Program Files\IBM\SPSS\Statistics\25\JRE\bin;C:\gradle\bin;C:\Users\asusu\AppData\Local\Microsoft\WindowsApps;C:\Users\asusu\AppData\Local\Programs\Microsoft VS Code\bin;C:\Users\asusu\composer;C:\Users\asusu\AppData\Roaming\Composer\vendor\bin;C:\Users\asusu\AppData\Local\Yarn\bin;C:\Program Files\Yarn\bin;C:\Users\asusu\AppData\Roaming\npm;C:\laragon\bin\php\php-8.1.10-Win32-vs16-x64;;C:\Program Files\JetBrains\IntelliJ IDEA Community Edition 2024.2.1\bin;
USERNAME=asus
OS=Windows_NT
PROCESSOR_IDENTIFIER=AMD64 Family 23 Model 24 Stepping 1, AuthenticAMD
TMP=C:\Users\asusu\AppData\Local\Temp
TEMP=C:\Users\asusu\AppData\Local\Temp



Periodic native trim disabled

JNI global refs:
JNI global refs: 10, weak refs: 6

JNI global refs memory usage: 843, weak refs: 841

Process memory usage:
Resident Set Size: 297404K (4% of 6228052K total physical memory with 594188K free physical memory)

OOME stack traces (most recent first):
Classloader memory used:
Loader jdk.internal.loader.ClassLoaders$AppClassLoader                                 : 6504K
Loader bootstrap                                                                       : 1357K
Loader jdk.internal.reflect.DelegatingClassLoader                                      : 1699B


---------------  S Y S T E M  ---------------

OS:
 Windows 11 , 64 bit Build 22621 (10.0.22621.3958)
OS uptime: 0 days 5:07 hours
Hyper-V role detected

CPU: total 4 (initial active 4) (4 cores per cpu, 2 threads per core) family 23 model 24 stepping 1 microcode 0x0, cx8, cmov, fxsr, ht, mmx, 3dnowpref, sse, sse2, sse3, ssse3, sse4a, sse4.1, sse4.2, popcnt, lzcnt, tsc, tscinvbit, avx, avx2, aes, clmul, bmi1, bmi2, adx, sha, fma, vzeroupper, clflush, clflushopt, hv
Processor Information for all 4 processors :
  Max Mhz: 2600, Current Mhz: 2600, Mhz Limit: 2600

Memory: 4k page, system-wide physical 6082M (580M free)
TotalPageFile size 14274M (AvailPageFile size 110M)
current process WorkingSet (physical memory assigned to process): 290M, peak: 312M
current process commit charge ("private bytes"): 314M, peak: 454M

vm_info: OpenJDK 64-Bit Server VM (17.0.11+0--11852314) for windows-amd64 JRE (17.0.11+0--11852314), built on May 16 2024 21:29:20 by "androidbuild" with MS VC++ 16.10 / 16.11 (VS2019)

END.
