#
# There is insufficient memory for the Java Runtime Environment to continue.
# Native memory allocation (mmap) failed to map 62914560 bytes. Error detail: G1 virtual space
# Possible reasons:
#   The system is out of physical RAM or swap space
#   This process is running with CompressedOops enabled, and the Java Heap may be blocking the growth of the native heap
# Possible solutions:
#   Reduce memory load on the system
#   Increase physical memory or swap space
#   Check if swap backing store is full
#   Decrease Java heap size (-Xmx/-Xms)
#   Decrease number of Java threads
#   Decrease Java thread stack sizes (-Xss)
#   Set larger code cache with -XX:ReservedCodeCacheSize=
#   JVM is running with Unscaled Compressed Oops mode in which the Java heap is
#     placed in the first 4GB address space. The Java Heap base address is the
#     maximum limit for the native heap growth. Please use -XX:HeapBaseMinAddress
#     to set the Java Heap base and to place the Java Heap above 4GB virtual address.
# This output file may be truncated or incomplete.
#
#  Out of Memory Error (os_windows.cpp:3825), pid=7368, tid=12756
#
# JRE version: OpenJDK Runtime Environment (17.0.11) (build 17.0.11+0--11852314)
# Java VM: OpenJDK 64-Bit Server VM (17.0.11+0--11852314, mixed mode, tiered, compressed oops, compressed class ptrs, g1 gc, windows-amd64)
# No core dump will be written. Minidumps are not enabled by default on client versions of Windows
#

---------------  S U M M A R Y ------------

Command Line: org.jetbrains.kotlin.cli.jvm.K2JVMCompiler @C:\Users\asusu\AndroidStudioProjects\starter-project-\starter-project\app\build\20241104_7089625495001964151.compiler.options

Host: AMD Ryzen 3 3250U with Radeon Graphics         , 4 cores, 5G,  Windows 11 , 64 bit Build 22621 (10.0.22621.3958)
Time: Mon Nov  4 13:44:35 2024 SE Asia Standard Time elapsed time: 9.340005 seconds (0d 0h 0m 9s)

---------------  T H R E A D  ---------------

Current thread (0x000001c3ee080710):  VMThread "VM Thread" [stack: 0x0000005b5ab00000,0x0000005b5ac00000] [id=12756]

Stack: [0x0000005b5ab00000,0x0000005b5ac00000]
Native frames: (J=compiled Java code, j=interpreted, Vv=VM code, C=native code)
V  [jvm.dll+0x687bb9]
V  [jvm.dll+0x84142a]
V  [jvm.dll+0x8430ae]
V  [jvm.dll+0x843713]
V  [jvm.dll+0x24a35f]
V  [jvm.dll+0x684989]
V  [jvm.dll+0x67923a]
V  [jvm.dll+0x30af0b]
V  [jvm.dll+0x3123b6]
V  [jvm.dll+0x361dfe]
V  [jvm.dll+0x36202f]
V  [jvm.dll+0x2e0d38]
V  [jvm.dll+0x2df144]
V  [jvm.dll+0x2de74c]
V  [jvm.dll+0x32305b]
V  [jvm.dll+0x847e0b]
V  [jvm.dll+0x848b42]
V  [jvm.dll+0x84905d]
V  [jvm.dll+0x849434]
V  [jvm.dll+0x849500]
V  [jvm.dll+0x7efa4a]
V  [jvm.dll+0x686a35]
C  [ucrtbase.dll+0x29333]
C  [KERNEL32.DLL+0x1257d]
C  [ntdll.dll+0x5af08]

VM_Operation (0x0000005b5a5fb2b0): G1CollectForAllocation, mode: safepoint, requested by thread 0x000001c3d5e1e530


---------------  P R O C E S S  ---------------

Threads class SMR info:
_java_thread_list=0x000001c3f5a1f140, length=13, elements={
0x000001c3d5e1e530, 0x000001c3ee0a4260, 0x000001c3ee0a4e20, 0x000001c3ee21f550,
0x000001c3ee220020, 0x000001c3ee2229f0, 0x000001c3ee223f20, 0x000001c3ee224cc0,
0x000001c3ee228740, 0x000001c3ee22d1b0, 0x000001c3ee381c70, 0x000001c3ee38f1d0,
0x000001c3ee8ff060
}

Java Threads: ( => current thread )
  0x000001c3d5e1e530 JavaThread "main" [_thread_blocked, id=13824, stack(0x0000005b5a500000,0x0000005b5a600000)]
  0x000001c3ee0a4260 JavaThread "Reference Handler" daemon [_thread_blocked, id=15088, stack(0x0000005b5ac00000,0x0000005b5ad00000)]
  0x000001c3ee0a4e20 JavaThread "Finalizer" daemon [_thread_blocked, id=9476, stack(0x0000005b5ad00000,0x0000005b5ae00000)]
  0x000001c3ee21f550 JavaThread "Signal Dispatcher" daemon [_thread_blocked, id=1896, stack(0x0000005b5ae00000,0x0000005b5af00000)]
  0x000001c3ee220020 JavaThread "Attach Listener" daemon [_thread_blocked, id=13216, stack(0x0000005b5af00000,0x0000005b5b000000)]
  0x000001c3ee2229f0 JavaThread "Service Thread" daemon [_thread_blocked, id=7072, stack(0x0000005b5b000000,0x0000005b5b100000)]
  0x000001c3ee223f20 JavaThread "Monitor Deflation Thread" daemon [_thread_blocked, id=14568, stack(0x0000005b5b100000,0x0000005b5b200000)]
  0x000001c3ee224cc0 JavaThread "C2 CompilerThread0" daemon [_thread_blocked, id=13496, stack(0x0000005b5b200000,0x0000005b5b300000)]
  0x000001c3ee228740 JavaThread "C1 CompilerThread0" daemon [_thread_blocked, id=12148, stack(0x0000005b5b300000,0x0000005b5b400000)]
  0x000001c3ee22d1b0 JavaThread "Sweeper thread" daemon [_thread_blocked, id=14460, stack(0x0000005b5b400000,0x0000005b5b500000)]
  0x000001c3ee381c70 JavaThread "Notification Thread" daemon [_thread_blocked, id=16084, stack(0x0000005b5b500000,0x0000005b5b600000)]
  0x000001c3ee38f1d0 JavaThread "Common-Cleaner" daemon [_thread_blocked, id=16140, stack(0x0000005b5b700000,0x0000005b5b800000)]
  0x000001c3ee8ff060 JavaThread "C2 CompilerThread1" daemon [_thread_blocked, id=3512, stack(0x0000005b5bb00000,0x0000005b5bc00000)]

Other Threads:
=>0x000001c3ee080710 VMThread "VM Thread" [stack: 0x0000005b5ab00000,0x0000005b5ac00000] [id=12756]
  0x000001c3ee00dd10 WatcherThread [stack: 0x0000005b5b600000,0x0000005b5b700000] [id=15572]
  0x000001c3d5e69110 GCTaskThread "GC Thread#0" [stack: 0x0000005b5a600000,0x0000005b5a700000] [id=15808]
  0x000001c3ee97cbe0 GCTaskThread "GC Thread#1" [stack: 0x0000005b5b800000,0x0000005b5b900000] [id=15156]
  0x000001c3ee97d8a0 GCTaskThread "GC Thread#2" [stack: 0x0000005b5b900000,0x0000005b5ba00000] [id=14444]
  0x000001c3ee996cf0 GCTaskThread "GC Thread#3" [stack: 0x0000005b5ba00000,0x0000005b5bb00000] [id=6960]
  0x000001c3d5e75d40 ConcurrentGCThread "G1 Main Marker" [stack: 0x0000005b5a700000,0x0000005b5a800000] [id=2188]
  0x000001c3d5e76600 ConcurrentGCThread "G1 Conc#0" [stack: 0x0000005b5a800000,0x0000005b5a900000] [id=16104]
  0x000001c3d5ea6c10 ConcurrentGCThread "G1 Refine#0" [stack: 0x0000005b5a900000,0x0000005b5aa00000] [id=15876]
  0x000001c3f48863f0 ConcurrentGCThread "G1 Refine#1" [stack: 0x0000005b5bc00000,0x0000005b5bd00000] [id=14972]
  0x000001c3edee2aa0 ConcurrentGCThread "G1 Service" [stack: 0x0000005b5aa00000,0x0000005b5ab00000] [id=13776]

Threads with active compile tasks:
C2 CompilerThread0     9389 3683       4       java.lang.ClassLoader::loadClass (7 bytes)
C1 CompilerThread0     9389 3778       3       org.jetbrains.kotlin.fir.deserialization.FirMemberDeserializer::loadFunction (1104 bytes)
C2 CompilerThread1     9389 3725       4       org.jetbrains.org.objectweb.asm.ClassReader::readMethod (1061 bytes)

VM state: at safepoint (normal execution)

VM Mutex/Monitor currently owned by a thread:  ([mutex/lock_event])
[0x000001c3d5e0b2c0] Threads_lock - owner thread: 0x000001c3ee080710
[0x000001c3d5e196d0] Heap_lock - owner thread: 0x000001c3d5e1e530

Heap address: 0x00000000a0e00000, size: 1522 MB, Compressed Oops mode: 32-bit

CDS archive(s) not mapped
Compressed class space mapped at: 0x0000000100000000-0x0000000140000000, reserved size: 1073741824
Narrow klass base: 0x0000000000000000, Narrow klass shift: 3, Narrow klass range: 0x140000000

GC Precious Log:
 CPUs: 4 total, 4 available
 Memory: 6082M
 Large Page Support: Disabled
 NUMA Support: Disabled
 Compressed Oops: Enabled (32-bit)
 Heap Region Size: 1M
 Heap Min Capacity: 8M
 Heap Initial Capacity: 96M
 Heap Max Capacity: 1522M
 Pre-touch: Disabled
 Parallel Workers: 4
 Concurrent Workers: 1
 Concurrent Refinement Workers: 4
 Periodic GC: Disabled

Heap:
 garbage-first heap   total 69632K, used 38314K [0x00000000a0e00000, 0x0000000100000000)
  region size 1024K, 2 young (2048K), 2 survivors (2048K)
 Metaspace       used 47907K, committed 48128K, reserved 1114112K
  class space    used 5704K, committed 5760K, reserved 1048576K

Heap Regions: E=young(eden), S=young(survivor), O=old, HS=humongous(starts), HC=humongous(continues), CS=collection set, F=free, OA=open archive, CA=closed archive, TAMS=top-at-mark-start (previous, next)
|   0|0x00000000a0e00000, 0x00000000a0f00000, 0x00000000a0f00000|100%|HS|  |TAMS 0x00000000a0f00000, 0x00000000a0f00000| Complete 
|   1|0x00000000a0f00000, 0x00000000a1000000, 0x00000000a1000000|100%|HC|  |TAMS 0x00000000a1000000, 0x00000000a1000000| Complete 
|   2|0x00000000a1000000, 0x00000000a1100000, 0x00000000a1100000|100%|HC|  |TAMS 0x00000000a1100000, 0x00000000a1100000| Complete 
|   3|0x00000000a1100000, 0x00000000a1200000, 0x00000000a1200000|100%| O|  |TAMS 0x00000000a1200000, 0x00000000a1200000| Untracked 
|   4|0x00000000a1200000, 0x00000000a1300000, 0x00000000a1300000|100%| O|  |TAMS 0x00000000a1300000, 0x00000000a1300000| Untracked 
|   5|0x00000000a1300000, 0x00000000a1400000, 0x00000000a1400000|100%| O|  |TAMS 0x00000000a1400000, 0x00000000a1400000| Untracked 
|   6|0x00000000a1400000, 0x00000000a1500000, 0x00000000a1500000|100%| O|  |TAMS 0x00000000a1500000, 0x00000000a1500000| Untracked 
|   7|0x00000000a1500000, 0x00000000a1600000, 0x00000000a1600000|100%| O|  |TAMS 0x00000000a1600000, 0x00000000a1600000| Untracked 
|   8|0x00000000a1600000, 0x00000000a1700000, 0x00000000a1700000|100%| O|  |TAMS 0x00000000a1700000, 0x00000000a1700000| Untracked 
|   9|0x00000000a1700000, 0x00000000a1800000, 0x00000000a1800000|100%| O|  |TAMS 0x00000000a1800000, 0x00000000a1800000| Untracked 
|  10|0x00000000a1800000, 0x00000000a1900000, 0x00000000a1900000|100%| O|  |TAMS 0x00000000a1900000, 0x00000000a1900000| Untracked 
|  11|0x00000000a1900000, 0x00000000a1a00000, 0x00000000a1a00000|100%| O|  |TAMS 0x00000000a1a00000, 0x00000000a1a00000| Untracked 
|  12|0x00000000a1a00000, 0x00000000a1b00000, 0x00000000a1b00000|100%| O|  |TAMS 0x00000000a1b00000, 0x00000000a1b00000| Untracked 
|  13|0x00000000a1b00000, 0x00000000a1c00000, 0x00000000a1c00000|100%| O|  |TAMS 0x00000000a1c00000, 0x00000000a1c00000| Untracked 
|  14|0x00000000a1c00000, 0x00000000a1d00000, 0x00000000a1d00000|100%|HS|  |TAMS 0x00000000a1d00000, 0x00000000a1d00000| Complete 
|  15|0x00000000a1d00000, 0x00000000a1e00000, 0x00000000a1e00000|100%| O|  |TAMS 0x00000000a1e00000, 0x00000000a1e00000| Untracked 
|  16|0x00000000a1e00000, 0x00000000a1f00000, 0x00000000a1f00000|100%| O|  |TAMS 0x00000000a1f00000, 0x00000000a1f00000| Untracked 
|  17|0x00000000a1f00000, 0x00000000a2000000, 0x00000000a2000000|100%| O|  |TAMS 0x00000000a2000000, 0x00000000a2000000| Untracked 
|  18|0x00000000a2000000, 0x00000000a2100000, 0x00000000a2100000|100%| O|  |TAMS 0x00000000a2100000, 0x00000000a2100000| Untracked 
|  19|0x00000000a2100000, 0x00000000a2200000, 0x00000000a2200000|100%| O|  |TAMS 0x00000000a2189a00, 0x00000000a2200000| Untracked 
|  20|0x00000000a2200000, 0x00000000a2300000, 0x00000000a2300000|100%| O|  |TAMS 0x00000000a2200000, 0x00000000a2300000| Untracked 
|  21|0x00000000a2300000, 0x00000000a2400000, 0x00000000a2400000|100%| O|  |TAMS 0x00000000a2300000, 0x00000000a2400000| Untracked 
|  22|0x00000000a2400000, 0x00000000a2500000, 0x00000000a2500000|100%| O|  |TAMS 0x00000000a2400000, 0x00000000a2500000| Untracked 
|  23|0x00000000a2500000, 0x00000000a2600000, 0x00000000a2600000|100%| O|  |TAMS 0x00000000a2500000, 0x00000000a2600000| Untracked 
|  24|0x00000000a2600000, 0x00000000a2700000, 0x00000000a2700000|100%| O|  |TAMS 0x00000000a2600000, 0x00000000a2700000| Untracked 
|  25|0x00000000a2700000, 0x00000000a2800000, 0x00000000a2800000|100%| O|  |TAMS 0x00000000a2700000, 0x00000000a2800000| Untracked 
|  26|0x00000000a2800000, 0x00000000a2900000, 0x00000000a2900000|100%| O|  |TAMS 0x00000000a2800000, 0x00000000a2900000| Untracked 
|  27|0x00000000a2900000, 0x00000000a2a00000, 0x00000000a2a00000|100%| O|  |TAMS 0x00000000a2900000, 0x00000000a2a00000| Untracked 
|  28|0x00000000a2a00000, 0x00000000a2b00000, 0x00000000a2b00000|100%| O|  |TAMS 0x00000000a2a00000, 0x00000000a2b00000| Untracked 
|  29|0x00000000a2b00000, 0x00000000a2c00000, 0x00000000a2c00000|100%| O|  |TAMS 0x00000000a2b00000, 0x00000000a2c00000| Untracked 
|  30|0x00000000a2c00000, 0x00000000a2d00000, 0x00000000a2d00000|100%| O|  |TAMS 0x00000000a2c00000, 0x00000000a2d00000| Untracked 
|  31|0x00000000a2d00000, 0x00000000a2e00000, 0x00000000a2e00000|100%| O|  |TAMS 0x00000000a2d00000, 0x00000000a2d00000| Untracked 
|  32|0x00000000a2e00000, 0x00000000a2f00000, 0x00000000a2f00000|100%| O|  |TAMS 0x00000000a2e00000, 0x00000000a2e00000| Untracked 
|  33|0x00000000a2f00000, 0x00000000a3000000, 0x00000000a3000000|100%| O|  |TAMS 0x00000000a2f00000, 0x00000000a2f00000| Untracked 
|  34|0x00000000a3000000, 0x00000000a3080000, 0x00000000a3100000| 50%| O|  |TAMS 0x00000000a3000000, 0x00000000a3000000| Untracked 
|  35|0x00000000a3100000, 0x00000000a3200000, 0x00000000a3200000|100%| O|  |TAMS 0x00000000a3100000, 0x00000000a31b7e00| Untracked 
|  36|0x00000000a3200000, 0x00000000a3200000, 0x00000000a3300000|  0%| F|  |TAMS 0x00000000a3200000, 0x00000000a3200000| Untracked 
|  37|0x00000000a3300000, 0x00000000a3300000, 0x00000000a3400000|  0%| F|  |TAMS 0x00000000a3300000, 0x00000000a3300000| Untracked 
|  38|0x00000000a3400000, 0x00000000a3400000, 0x00000000a3500000|  0%| F|  |TAMS 0x00000000a3400000, 0x00000000a3400000| Untracked 
|  39|0x00000000a3500000, 0x00000000a3500000, 0x00000000a3600000|  0%| F|  |TAMS 0x00000000a3500000, 0x00000000a3500000| Untracked 
|  40|0x00000000a3600000, 0x00000000a3600000, 0x00000000a3700000|  0%| F|  |TAMS 0x00000000a3600000, 0x00000000a3600000| Untracked 
|  41|0x00000000a3700000, 0x00000000a3700000, 0x00000000a3800000|  0%| F|  |TAMS 0x00000000a3700000, 0x00000000a3700000| Untracked 
|  42|0x00000000a3800000, 0x00000000a3800000, 0x00000000a3900000|  0%| F|  |TAMS 0x00000000a3800000, 0x00000000a3800000| Untracked 
|  43|0x00000000a3900000, 0x00000000a3900000, 0x00000000a3a00000|  0%| F|  |TAMS 0x00000000a3900000, 0x00000000a3900000| Untracked 
|  44|0x00000000a3a00000, 0x00000000a3a00000, 0x00000000a3b00000|  0%| F|  |TAMS 0x00000000a3a00000, 0x00000000a3a00000| Untracked 
|  45|0x00000000a3b00000, 0x00000000a3b00000, 0x00000000a3c00000|  0%| F|  |TAMS 0x00000000a3b00000, 0x00000000a3b00000| Untracked 
|  46|0x00000000a3c00000, 0x00000000a3c00000, 0x00000000a3d00000|  0%| F|  |TAMS 0x00000000a3c00000, 0x00000000a3c00000| Untracked 
|  47|0x00000000a3d00000, 0x00000000a3d00000, 0x00000000a3e00000|  0%| F|  |TAMS 0x00000000a3d00000, 0x00000000a3d00000| Untracked 
|  48|0x00000000a3e00000, 0x00000000a3e00000, 0x00000000a3f00000|  0%| F|  |TAMS 0x00000000a3e00000, 0x00000000a3e00000| Untracked 
|  49|0x00000000a3f00000, 0x00000000a3f00000, 0x00000000a4000000|  0%| F|  |TAMS 0x00000000a3f00000, 0x00000000a3f00000| Untracked 
|  50|0x00000000a4000000, 0x00000000a40eaac8, 0x00000000a4100000| 91%| S|CS|TAMS 0x00000000a4000000, 0x00000000a4000000| Complete 
|  51|0x00000000a4100000, 0x00000000a4200000, 0x00000000a4200000|100%| S|CS|TAMS 0x00000000a4100000, 0x00000000a4100000| Complete 
|  52|0x00000000a4200000, 0x00000000a4200000, 0x00000000a4300000|  0%| F|  |TAMS 0x00000000a4200000, 0x00000000a4200000| Untracked 
|  53|0x00000000a4300000, 0x00000000a4300000, 0x00000000a4400000|  0%| F|  |TAMS 0x00000000a4300000, 0x00000000a4300000| Untracked 
|  54|0x00000000a4400000, 0x00000000a4400000, 0x00000000a4500000|  0%| F|  |TAMS 0x00000000a4400000, 0x00000000a4400000| Untracked 
|  55|0x00000000a4500000, 0x00000000a4500000, 0x00000000a4600000|  0%| F|  |TAMS 0x00000000a4500000, 0x00000000a4500000| Untracked 
|  56|0x00000000a4600000, 0x00000000a4600000, 0x00000000a4700000|  0%| F|  |TAMS 0x00000000a4600000, 0x00000000a4600000| Untracked 
|  57|0x00000000a4700000, 0x00000000a4700000, 0x00000000a4800000|  0%| F|  |TAMS 0x00000000a4700000, 0x00000000a4700000| Untracked 
|  58|0x00000000a4800000, 0x00000000a4800000, 0x00000000a4900000|  0%| F|  |TAMS 0x00000000a4800000, 0x00000000a4800000| Untracked 
|  59|0x00000000a4900000, 0x00000000a4900000, 0x00000000a4a00000|  0%| F|  |TAMS 0x00000000a4900000, 0x00000000a4900000| Untracked 
|  60|0x00000000a4a00000, 0x00000000a4a00000, 0x00000000a4b00000|  0%| F|  |TAMS 0x00000000a4a00000, 0x00000000a4a00000| Untracked 
|  61|0x00000000a4b00000, 0x00000000a4b00000, 0x00000000a4c00000|  0%| F|  |TAMS 0x00000000a4b00000, 0x00000000a4b00000| Untracked 
|  62|0x00000000a4c00000, 0x00000000a4c00000, 0x00000000a4d00000|  0%| F|  |TAMS 0x00000000a4c00000, 0x00000000a4c00000| Untracked 
|  63|0x00000000a4d00000, 0x00000000a4d00000, 0x00000000a4e00000|  0%| F|  |TAMS 0x00000000a4d00000, 0x00000000a4d00000| Untracked 
|  64|0x00000000a4e00000, 0x00000000a4e00000, 0x00000000a4f00000|  0%| F|  |TAMS 0x00000000a4e00000, 0x00000000a4e00000| Untracked 
|  65|0x00000000a4f00000, 0x00000000a4f00000, 0x00000000a5000000|  0%| F|  |TAMS 0x00000000a4f00000, 0x00000000a4f00000| Untracked 
|  66|0x00000000a5000000, 0x00000000a5000000, 0x00000000a5100000|  0%| F|  |TAMS 0x00000000a5000000, 0x00000000a5000000| Untracked 
|  67|0x00000000a5100000, 0x00000000a5100000, 0x00000000a5200000|  0%| F|  |TAMS 0x00000000a5100000, 0x00000000a5100000| Untracked 

Card table byte_map: [0x000001c3e85d0000,0x000001c3e88d0000] _byte_map_base: 0x000001c3e80c9000

Marking Bits (Prev, Next): (CMBitMap*) 0x000001c3d5e69610, (CMBitMap*) 0x000001c3d5e695d0
 Prev Bits: [0x000001c3ea3a0000, 0x000001c3ebb68000)
 Next Bits: [0x000001c3e8bd0000, 0x000001c3ea398000)

Polling page: 0x000001c3d3db0000

Metaspace:

Usage:
  Non-class:     41.21 MB used.
      Class:      5.57 MB used.
       Both:     46.78 MB used.

Virtual space:
  Non-class space:       64.00 MB reserved,      41.38 MB ( 65%) committed,  1 nodes.
      Class space:        1.00 GB reserved,       5.62 MB ( <1%) committed,  1 nodes.
             Both:        1.06 GB reserved,      47.00 MB (  4%) committed. 

Chunk freelists:
   Non-Class:  6.23 MB
       Class:  10.25 MB
        Both:  16.48 MB

MaxMetaspaceSize: unlimited
CompressedClassSpaceSize: 1.00 GB
Initial GC threshold: 21.00 MB
Current GC threshold: 73.12 MB
CDS: off
MetaspaceReclaimPolicy: balanced
 - commit_granule_bytes: 65536.
 - commit_granule_words: 8192.
 - virtual_space_node_default_size: 8388608.
 - enlarge_chunks_in_place: 1.
 - new_chunks_are_fully_committed: 0.
 - uncommit_free_chunks: 1.
 - use_allocation_guard: 0.
 - handle_deallocations: 1.


Internal statistics:

num_allocs_failed_limit: 9.
num_arena_births: 180.
num_arena_deaths: 0.
num_vsnodes_births: 2.
num_vsnodes_deaths: 0.
num_space_committed: 751.
num_space_uncommitted: 0.
num_chunks_returned_to_freelist: 9.
num_chunks_taken_from_freelist: 1569.
num_chunk_merges: 9.
num_chunk_splits: 1296.
num_chunks_enlarged: 1181.
num_inconsistent_stats: 0.

CodeHeap 'non-profiled nmethods': size=120000Kb used=1793Kb max_used=1793Kb free=118206Kb
 bounds [0x000001c3e0da0000, 0x000001c3e1010000, 0x000001c3e82d0000]
CodeHeap 'profiled nmethods': size=120000Kb used=8576Kb max_used=8576Kb free=111424Kb
 bounds [0x000001c3d92d0000, 0x000001c3d9b30000, 0x000001c3e0800000]
CodeHeap 'non-nmethods': size=5760Kb used=1287Kb max_used=1341Kb free=4472Kb
 bounds [0x000001c3e0800000, 0x000001c3e0a70000, 0x000001c3e0da0000]
 total_blobs=4359 nmethods=3759 adapters=512
 compilation: enabled
              stopped_count=0, restarted_count=0
 full_count=0

Compilation events (20 events):
Event: 9.283 Thread 0x000001c3ee228740 nmethod 3767 0x000001c3d9b16590 code [0x000001c3d9b16880, 0x000001c3d9b175c8]
Event: 9.283 Thread 0x000001c3ee228740 3768       3       java.util.HashMap::<init> (8 bytes)
Event: 9.283 Thread 0x000001c3ee228740 nmethod 3768 0x000001c3d9b17b90 code [0x000001c3d9b17d60, 0x000001c3d9b17ea8]
Event: 9.286 Thread 0x000001c3ee228740 3769       3       java.util.LinkedList::node (65 bytes)
Event: 9.287 Thread 0x000001c3ee228740 nmethod 3769 0x000001c3d9b17f90 code [0x000001c3d9b18140, 0x000001c3d9b18418]
Event: 9.287 Thread 0x000001c3ee228740 3770       3       org.jetbrains.kotlin.fir.deserialization.FirDeserializationContext::childContext$default (132 bytes)
Event: 9.287 Thread 0x000001c3ee228740 nmethod 3770 0x000001c3d9b18590 code [0x000001c3d9b18740, 0x000001c3d9b18b48]
Event: 9.287 Thread 0x000001c3ee228740 3771       1       org.jetbrains.kotlin.fir.expressions.builder.FirAnnotationArgumentMappingBuilder::getMapping (5 bytes)
Event: 9.287 Thread 0x000001c3ee228740 nmethod 3771 0x000001c3e0f5fe90 code [0x000001c3e0f60020, 0x000001c3e0f600f8]
Event: 9.287 Thread 0x000001c3ee228740 3772       3       java.util.Collections$EmptyList::toArray (5 bytes)
Event: 9.288 Thread 0x000001c3ee228740 nmethod 3772 0x000001c3d9b18d10 code [0x000001c3d9b18ea0, 0x000001c3d9b19038]
Event: 9.288 Thread 0x000001c3ee228740 3773       3       org.jetbrains.kotlin.fir.expressions.FirAnnotation::<init> (5 bytes)
Event: 9.289 Thread 0x000001c3ee228740 nmethod 3773 0x000001c3d9b19110 code [0x000001c3d9b192c0, 0x000001c3d9b194f8]
Event: 9.289 Thread 0x000001c3ee228740 3774       3       java.util.LinkedList$ListItr::<init> (47 bytes)
Event: 9.290 Thread 0x000001c3ee228740 nmethod 3774 0x000001c3d9b19610 code [0x000001c3d9b197c0, 0x000001c3d9b19aa8]
Event: 9.290 Thread 0x000001c3ee228740 3775       1       org.jetbrains.kotlin.fir.symbols.FirLazyDeclarationResolver::setLazyResolveContractChecksEnabled (6 bytes)
Event: 9.290 Thread 0x000001c3ee228740 nmethod 3775 0x000001c3e0f60190 code [0x000001c3e0f60320, 0x000001c3e0f603f8]
Event: 9.290 Thread 0x000001c3ee228740 3776       3       org.jetbrains.kotlin.fir.deserialization.FirMemberDeserializer::valueParameters$default (25 bytes)
Event: 9.291 Thread 0x000001c3ee228740 nmethod 3776 0x000001c3d9b19c10 code [0x000001c3d9b19dc0, 0x000001c3d9b19f28]
Event: 9.291 Thread 0x000001c3ee228740 3778       3       org.jetbrains.kotlin.fir.deserialization.FirMemberDeserializer::loadFunction (1104 bytes)

GC Heap History (20 events):
Event: 2.117 GC heap after
{Heap after GC invocations=2 (full 0):
 garbage-first heap   total 98304K, used 6128K [0x00000000a0e00000, 0x0000000100000000)
  region size 1024K, 1 young (1024K), 1 survivors (1024K)
 Metaspace       used 16168K, committed 16320K, reserved 1114112K
  class space    used 1611K, committed 1664K, reserved 1048576K
}
Event: 3.527 GC heap before
{Heap before GC invocations=2 (full 0):
 garbage-first heap   total 98304K, used 32752K [0x00000000a0e00000, 0x0000000100000000)
  region size 1024K, 28 young (28672K), 1 survivors (1024K)
 Metaspace       used 21325K, committed 21504K, reserved 1114112K
  class space    used 2276K, committed 2368K, reserved 1048576K
}
Event: 3.551 GC heap after
{Heap after GC invocations=3 (full 0):
 garbage-first heap   total 98304K, used 13029K [0x00000000a0e00000, 0x0000000100000000)
  region size 1024K, 8 young (8192K), 8 survivors (8192K)
 Metaspace       used 21325K, committed 21504K, reserved 1114112K
  class space    used 2276K, committed 2368K, reserved 1048576K
}
Event: 4.603 GC heap before
{Heap before GC invocations=4 (full 0):
 garbage-first heap   total 48128K, used 33509K [0x00000000a0e00000, 0x0000000100000000)
  region size 1024K, 28 young (28672K), 8 survivors (8192K)
 Metaspace       used 27576K, committed 27840K, reserved 1114112K
  class space    used 3472K, committed 3584K, reserved 1048576K
}
Event: 4.624 GC heap after
{Heap after GC invocations=5 (full 0):
 garbage-first heap   total 48128K, used 14449K [0x00000000a0e00000, 0x0000000100000000)
  region size 1024K, 2 young (2048K), 2 survivors (2048K)
 Metaspace       used 27576K, committed 27840K, reserved 1114112K
  class space    used 3472K, committed 3584K, reserved 1048576K
}
Event: 4.658 GC heap before
{Heap before GC invocations=5 (full 0):
 garbage-first heap   total 48128K, used 15473K [0x00000000a0e00000, 0x0000000100000000)
  region size 1024K, 3 young (3072K), 2 survivors (2048K)
 Metaspace       used 27887K, committed 28096K, reserved 1114112K
  class space    used 3548K, committed 3648K, reserved 1048576K
}
Event: 4.662 GC heap after
{Heap after GC invocations=6 (full 0):
 garbage-first heap   total 48128K, used 14774K [0x00000000a0e00000, 0x0000000100000000)
  region size 1024K, 1 young (1024K), 1 survivors (1024K)
 Metaspace       used 27887K, committed 28096K, reserved 1114112K
  class space    used 3548K, committed 3648K, reserved 1048576K
}
Event: 5.458 GC heap before
{Heap before GC invocations=6 (full 0):
 garbage-first heap   total 48128K, used 33206K [0x00000000a0e00000, 0x0000000100000000)
  region size 1024K, 19 young (19456K), 1 survivors (1024K)
 Metaspace       used 31650K, committed 31872K, reserved 1114112K
  class space    used 3952K, committed 4032K, reserved 1048576K
}
Event: 5.467 GC heap after
{Heap after GC invocations=7 (full 0):
 garbage-first heap   total 65536K, used 16132K [0x00000000a0e00000, 0x0000000100000000)
  region size 1024K, 2 young (2048K), 2 survivors (2048K)
 Metaspace       used 31650K, committed 31872K, reserved 1114112K
  class space    used 3952K, committed 4032K, reserved 1048576K
}
Event: 5.932 GC heap before
{Heap before GC invocations=7 (full 0):
 garbage-first heap   total 65536K, used 30468K [0x00000000a0e00000, 0x0000000100000000)
  region size 1024K, 18 young (18432K), 2 survivors (2048K)
 Metaspace       used 35813K, committed 35968K, reserved 1114112K
  class space    used 4364K, committed 4416K, reserved 1048576K
}
Event: 5.940 GC heap after
{Heap after GC invocations=8 (full 0):
 garbage-first heap   total 65536K, used 16667K [0x00000000a0e00000, 0x0000000100000000)
  region size 1024K, 3 young (3072K), 3 survivors (3072K)
 Metaspace       used 35813K, committed 35968K, reserved 1114112K
  class space    used 4364K, committed 4416K, reserved 1048576K
}
Event: 7.409 GC heap before
{Heap before GC invocations=9 (full 0):
 garbage-first heap   total 65536K, used 48411K [0x00000000a0e00000, 0x0000000100000000)
  region size 1024K, 34 young (34816K), 3 survivors (3072K)
 Metaspace       used 42712K, committed 42880K, reserved 1114112K
  class space    used 5121K, committed 5184K, reserved 1048576K
}
Event: 7.425 GC heap after
{Heap after GC invocations=10 (full 0):
 garbage-first heap   total 65536K, used 19548K [0x00000000a0e00000, 0x0000000100000000)
  region size 1024K, 5 young (5120K), 5 survivors (5120K)
 Metaspace       used 42712K, committed 42880K, reserved 1114112K
  class space    used 5121K, committed 5184K, reserved 1048576K
}
Event: 7.481 GC heap before
{Heap before GC invocations=10 (full 0):
 garbage-first heap   total 65536K, used 19548K [0x00000000a0e00000, 0x0000000100000000)
  region size 1024K, 6 young (6144K), 5 survivors (5120K)
 Metaspace       used 42887K, committed 43136K, reserved 1114112K
  class space    used 5137K, committed 5248K, reserved 1048576K
}
Event: 7.497 GC heap after
{Heap after GC invocations=11 (full 0):
 garbage-first heap   total 65536K, used 19836K [0x00000000a0e00000, 0x0000000100000000)
  region size 1024K, 1 young (1024K), 1 survivors (1024K)
 Metaspace       used 42887K, committed 43136K, reserved 1114112K
  class space    used 5137K, committed 5248K, reserved 1048576K
}
Event: 8.473 GC heap before
{Heap before GC invocations=11 (full 0):
 garbage-first heap   total 65536K, used 49532K [0x00000000a0e00000, 0x0000000100000000)
  region size 1024K, 29 young (29696K), 1 survivors (1024K)
 Metaspace       used 44657K, committed 44928K, reserved 1114112K
  class space    used 5277K, committed 5376K, reserved 1048576K
}
Event: 8.504 GC heap after
{Heap after GC invocations=12 (full 0):
 garbage-first heap   total 65536K, used 28031K [0x00000000a0e00000, 0x0000000100000000)
  region size 1024K, 4 young (4096K), 4 survivors (4096K)
 Metaspace       used 44657K, committed 44928K, reserved 1114112K
  class space    used 5277K, committed 5376K, reserved 1048576K
}
Event: 8.837 GC heap before
{Heap before GC invocations=13 (full 0):
 garbage-first heap   total 65536K, used 47487K [0x00000000a0e00000, 0x0000000100000000)
  region size 1024K, 23 young (23552K), 4 survivors (4096K)
 Metaspace       used 44731K, committed 44928K, reserved 1114112K
  class space    used 5283K, committed 5376K, reserved 1048576K
}
Event: 8.867 GC heap after
{Heap after GC invocations=14 (full 0):
 garbage-first heap   total 65536K, used 35551K [0x00000000a0e00000, 0x0000000100000000)
  region size 1024K, 3 young (3072K), 3 survivors (3072K)
 Metaspace       used 44731K, committed 44928K, reserved 1114112K
  class space    used 5283K, committed 5376K, reserved 1048576K
}
Event: 9.321 GC heap before
{Heap before GC invocations=14 (full 0):
 garbage-first heap   total 65536K, used 46815K [0x00000000a0e00000, 0x0000000100000000)
  region size 1024K, 15 young (15360K), 3 survivors (3072K)
 Metaspace       used 47907K, committed 48128K, reserved 1114112K
  class space    used 5704K, committed 5760K, reserved 1048576K
}

Dll operation events (2 events):
Event: 0.024 Loaded shared library C:\Program Files\Android\Android Studio\jbr\bin\java.dll
Event: 3.602 Loaded shared library C:\Program Files\Android\Android Studio\jbr\bin\verify.dll

Deoptimization events (20 events):
Event: 8.170 Thread 0x000001c3d5e1e530 DEOPT PACKING pc=0x000001c3d97b27b8 sp=0x0000005b5a5f9910
Event: 8.170 Thread 0x000001c3d5e1e530 DEOPT UNPACKING pc=0x000001c3e0857143 sp=0x0000005b5a5f8e28 mode 0
Event: 8.179 Thread 0x000001c3d5e1e530 DEOPT PACKING pc=0x000001c3d97b2fd6 sp=0x0000005b5a5fc730
Event: 8.179 Thread 0x000001c3d5e1e530 DEOPT UNPACKING pc=0x000001c3e0857143 sp=0x0000005b5a5fbbb8 mode 0
Event: 8.673 Thread 0x000001c3d5e1e530 DEOPT PACKING pc=0x000001c3d99dec21 sp=0x0000005b5a5fb800
Event: 8.673 Thread 0x000001c3d5e1e530 DEOPT UNPACKING pc=0x000001c3e0857143 sp=0x0000005b5a5fad08 mode 0
Event: 8.689 Thread 0x000001c3d5e1e530 DEOPT PACKING pc=0x000001c3d99dec21 sp=0x0000005b5a5fb800
Event: 8.689 Thread 0x000001c3d5e1e530 DEOPT UNPACKING pc=0x000001c3e0857143 sp=0x0000005b5a5fad08 mode 0
Event: 8.721 Thread 0x000001c3d5e1e530 DEOPT PACKING pc=0x000001c3d99dec21 sp=0x0000005b5a5fb800
Event: 8.721 Thread 0x000001c3d5e1e530 DEOPT UNPACKING pc=0x000001c3e0857143 sp=0x0000005b5a5fad08 mode 0
Event: 8.731 Thread 0x000001c3d5e1e530 DEOPT PACKING pc=0x000001c3d99dec21 sp=0x0000005b5a5fb800
Event: 8.731 Thread 0x000001c3d5e1e530 DEOPT UNPACKING pc=0x000001c3e0857143 sp=0x0000005b5a5fad08 mode 0
Event: 8.770 Thread 0x000001c3d5e1e530 Uncommon trap: trap_request=0xffffff45 fr.pc=0x000001c3e0f17b40 relative=0x0000000000000220
Event: 8.770 Thread 0x000001c3d5e1e530 Uncommon trap: reason=unstable_if action=reinterpret pc=0x000001c3e0f17b40 method=org.jetbrains.org.objectweb.asm.Type.getTypeInternal(Ljava/lang/String;II)Lorg/jetbrains/org/objectweb/asm/Type; @ 5 c2
Event: 8.770 Thread 0x000001c3d5e1e530 DEOPT PACKING pc=0x000001c3e0f17b40 sp=0x0000005b5a5fb850
Event: 8.770 Thread 0x000001c3d5e1e530 DEOPT UNPACKING pc=0x000001c3e08569a3 sp=0x0000005b5a5fb7e8 mode 2
Event: 9.235 Thread 0x000001c3d5e1e530 Uncommon trap: trap_request=0xffffff45 fr.pc=0x000001c3e0eee940 relative=0x0000000000000220
Event: 9.235 Thread 0x000001c3d5e1e530 Uncommon trap: reason=unstable_if action=reinterpret pc=0x000001c3e0eee940 method=org.jetbrains.kotlin.name.Name.hashCode()I @ 16 c2
Event: 9.235 Thread 0x000001c3d5e1e530 DEOPT PACKING pc=0x000001c3e0eee940 sp=0x0000005b5a5fb2d0
Event: 9.236 Thread 0x000001c3d5e1e530 DEOPT UNPACKING pc=0x000001c3e08569a3 sp=0x0000005b5a5fb268 mode 2

Classes unloaded (0 events):
No events

Classes redefined (0 events):
No events

Internal exceptions (20 events):
Event: 2.141 Thread 0x000001c3d5e1e530 Exception <a 'java/lang/NoSuchMethodError'{0x00000000a6d6e690}: 'int java.lang.invoke.DirectMethodHandle$Holder.invokeStaticInit(java.lang.Object, java.lang.Object)'> (0x00000000a6d6e690) 
thrown [s\src\hotspot\share\interpreter\linkResolver.cpp, line 771]
Event: 2.181 Thread 0x000001c3d5e1e530 Exception <a 'java/lang/NoSuchMethodError'{0x00000000a6c4dad0}: 'void java.lang.invoke.DirectMethodHandle$Holder.invokeSpecial(java.lang.Object, java.lang.Object, java.lang.Object)'> (0x00000000a6c4dad0) 
thrown [s\src\hotspot\share\interpreter\linkResolver.cpp, line 771]
Event: 2.419 Thread 0x000001c3d5e1e530 Exception <a 'java/lang/NoSuchMethodError'{0x00000000a69d3db0}: 'void java.lang.invoke.DirectMethodHandle$Holder.invokeStatic(java.lang.Object, java.lang.Object, java.lang.Object, java.lang.Object)'> (0x00000000a69d3db0) 
thrown [s\src\hotspot\share\interpreter\linkResolver.cpp, line 771]
Event: 2.532 Thread 0x000001c3d5e1e530 Exception <a 'java/lang/NoSuchMethodError'{0x00000000a659af08}: 'void java.lang.invoke.DirectMethodHandle$Holder.invokeStaticInit(java.lang.Object, java.lang.Object)'> (0x00000000a659af08) 
thrown [s\src\hotspot\share\interpreter\linkResolver.cpp, line 771]
Event: 2.699 Thread 0x000001c3d5e1e530 Exception <a 'java/lang/NoSuchMethodError'{0x00000000a60b0798}: 'void java.lang.invoke.DirectMethodHandle$Holder.invokeVirtual(java.lang.Object, java.lang.Object)'> (0x00000000a60b0798) 
thrown [s\src\hotspot\share\interpreter\linkResolver.cpp, line 771]
Event: 2.714 Thread 0x000001c3d5e1e530 Exception <a 'java/lang/NoSuchMethodError'{0x00000000a60ff508}: 'int java.lang.invoke.DirectMethodHandle$Holder.invokeVirtual(java.lang.Object, java.lang.Object)'> (0x00000000a60ff508) 
thrown [s\src\hotspot\share\interpreter\linkResolver.cpp, line 771]
Event: 2.733 Thread 0x000001c3d5e1e530 Exception <a 'java/lang/NoSuchMethodError'{0x00000000a5f38d90}: 'java.lang.Object java.lang.invoke.Invokers$Holder.invoke_MT(java.lang.Object, java.lang.Object, java.lang.Object)'> (0x00000000a5f38d90) 
thrown [s\src\hotspot\share\interpreter\linkResolver.cpp, line 771]
Event: 3.579 Thread 0x000001c3d5e1e530 Exception <a 'java/lang/NoSuchMethodError'{0x00000000a340d0a0}: 'java.lang.Object java.lang.invoke.DirectMethodHandle$Holder.newInvokeSpecial(java.lang.Object, int, java.lang.Object, java.lang.Object, java.lang.Object, java.lang.Object)'> (0x00000000a340d0a0) 
thrown [s\src\hotspot\share\interpreter\linkResolver.cpp, line 771]
Event: 3.644 Thread 0x000001c3d5e1e530 Exception <a 'java/lang/NoSuchMethodError'{0x00000000a336e438}: 'java.lang.Object java.lang.invoke.DirectMethodHandle$Holder.invokeStatic(java.lang.Object, java.lang.Object, int, java.lang.Object)'> (0x00000000a336e438) 
thrown [s\src\hotspot\share\interpreter\linkResolver.cpp, line 771]
Event: 5.209 Thread 0x000001c3d5e1e530 Exception <a 'java/lang/NoSuchMethodError'{0x00000000a31509b8}: 'java.lang.Object java.lang.invoke.DirectMethodHandle$Holder.newInvokeSpecial(java.lang.Object, java.lang.Object, java.lang.Object, java.lang.Object, java.lang.Object, java.lang.Object, java.lang.Object)'> (0x00000000a31509b8) 
thrown [s\src\hotspot\share\interpreter\linkResolver.cpp, line 771]
Event: 5.210 Thread 0x000001c3d5e1e530 Exception <a 'java/lang/NoSuchMethodError'{0x00000000a31552c8}: 'java.lang.Object java.lang.invoke.Invokers$Holder.linkToTargetMethod(java.lang.Object, java.lang.Object, java.lang.Object, java.lang.Object, java.lang.Object, java.lang.Object, java.lang.Object)'> (0x00000000a31552c8) 
thrown [s\src\hotspot\share\interpreter\linkResolver.cpp, line 771]
Event: 5.651 Thread 0x000001c3d5e1e530 Exception <a 'java/lang/NoSuchMethodError'{0x00000000a4a5ce90}: 'java.lang.Object java.lang.invoke.DirectMethodHandle$Holder.invokeVirtual(java.lang.Object, java.lang.Object, java.lang.Object)'> (0x00000000a4a5ce90) 
thrown [s\src\hotspot\share\interpreter\linkResolver.cpp, line 771]
Event: 5.709 Thread 0x000001c3d5e1e530 Exception <a 'java/lang/NoSuchMethodError'{0x00000000a45e0910}: 'java.lang.Object java.lang.invoke.DirectMethodHandle$Holder.newInvokeSpecial(java.lang.Object, java.lang.Object, int)'> (0x00000000a45e0910) 
thrown [s\src\hotspot\share\interpreter\linkResolver.cpp, line 771]
Event: 6.166 Thread 0x000001c3d5e1e530 Exception <a 'java/lang/NoSuchMethodError'{0x00000000a4da1238}: 'int java.lang.invoke.DirectMethodHandle$Holder.invokeStaticInit(java.lang.Object, int)'> (0x00000000a4da1238) 
thrown [s\src\hotspot\share\interpreter\linkResolver.cpp, line 771]
Event: 7.939 Thread 0x000001c3d5e1e530 Implicit null exception at 0x000001c3e0e3f958 to 0x000001c3e0e3f9ea
Event: 7.952 Thread 0x000001c3d5e1e530 Implicit null exception at 0x000001c3e0df0d0f to 0x000001c3e0df0d85
Event: 8.182 Thread 0x000001c3d5e1e530 Exception <a 'java/lang/NoSuchMethodError'{0x00000000a39bb2a0}: 'java.lang.Object java.lang.invoke.DirectMethodHandle$Holder.newInvokeSpecial(java.lang.Object, java.lang.Object, java.lang.Object, java.lang.Object, java.lang.Object, java.lang.Object)'> (0x00000000a39bb2a0) 
thrown [s\src\hotspot\share\interpreter\linkResolver.cpp, line 771]
Event: 9.112 Thread 0x000001c3d5e1e530 Exception <a 'java/lang/NoSuchMethodError'{0x00000000a4b3cdb0}: 'java.lang.Object java.lang.invoke.DirectMethodHandle$Holder.invokeStatic(java.lang.Object, java.lang.Object, java.lang.Object, java.lang.Object, int)'> (0x00000000a4b3cdb0) 
thrown [s\src\hotspot\share\interpreter\linkResolver.cpp, line 771]
Event: 9.113 Thread 0x000001c3d5e1e530 Exception <a 'java/lang/NoSuchMethodError'{0x00000000a4b47318}: 'java.lang.Object java.lang.invoke.DirectMethodHandle$Holder.newInvokeSpecial(java.lang.Object, java.lang.Object, java.lang.Object, java.lang.Object, int)'> (0x00000000a4b47318) 
thrown [s\src\hotspot\share\interpreter\linkResolver.cpp, line 771]
Event: 9.114 Thread 0x000001c3d5e1e530 Exception <a 'java/lang/NoSuchMethodError'{0x00000000a4b4f238}: 'java.lang.Object java.lang.invoke.Invokers$Holder.linkToTargetMethod(java.lang.Object, java.lang.Object, java.lang.Object, int, java.lang.Object)'> (0x00000000a4b4f238) 
thrown [s\src\hotspot\share\interpreter\linkResolver.cpp, line 771]

VM Operations (20 events):
Event: 8.051 Executing VM operation: ICBufferFull done
Event: 8.473 Executing VM operation: G1CollectForAllocation
Event: 8.504 Executing VM operation: G1CollectForAllocation done
Event: 8.589 Executing VM operation: G1PauseRemark
Event: 8.596 Executing VM operation: G1PauseRemark done
Event: 8.627 Executing VM operation: G1PauseCleanup
Event: 8.628 Executing VM operation: G1PauseCleanup done
Event: 8.823 Executing VM operation: HandshakeAllThreads
Event: 8.823 Executing VM operation: HandshakeAllThreads done
Event: 8.837 Executing VM operation: G1CollectForAllocation
Event: 8.867 Executing VM operation: G1CollectForAllocation done
Event: 8.897 Executing VM operation: HandshakeAllThreads
Event: 8.897 Executing VM operation: HandshakeAllThreads done
Event: 8.897 Executing VM operation: HandshakeAllThreads
Event: 8.897 Executing VM operation: HandshakeAllThreads done
Event: 9.027 Executing VM operation: HandshakeAllThreads
Event: 9.027 Executing VM operation: HandshakeAllThreads done
Event: 9.048 Executing VM operation: HandshakeAllThreads
Event: 9.048 Executing VM operation: HandshakeAllThreads done
Event: 9.321 Executing VM operation: G1CollectForAllocation

Events (20 events):
Event: 7.002 loading class java/lang/Override
Event: 7.002 loading class java/lang/Override done
Event: 7.383 loading class java/text/StringCharacterIterator
Event: 7.383 loading class java/text/CharacterIterator
Event: 7.384 loading class java/text/CharacterIterator done
Event: 7.384 loading class java/text/StringCharacterIterator done
Event: 8.174 loading class java/util/ArrayList$SubList$1
Event: 8.174 loading class java/util/ArrayList$SubList$1 done
Event: 8.823 loading class java/util/AbstractList$ListItr
Event: 8.823 loading class java/util/AbstractList$ListItr done
Event: 8.888 loading class java/util/function/UnaryOperator
Event: 8.888 loading class java/util/function/UnaryOperator done
Event: 9.055 loading class java/util/function/ToIntFunction
Event: 9.055 loading class java/util/function/ToIntFunction done
Event: 9.080 loading class java/util/AbstractList$SubList$1
Event: 9.080 loading class java/util/AbstractList$SubList$1 done
Event: 9.108 Thread 0x000001c3ee8ff5b0 Thread exited: 0x000001c3ee8ff5b0
Event: 9.109 loading class java/util/regex/Pattern$StartS
Event: 9.109 loading class java/util/regex/Pattern$StartS done
Event: 9.182 Thread 0x000001c3ee8ff060 Thread added: 0x000001c3ee8ff060


Dynamic libraries:
0x00007ff777520000 - 0x00007ff77752a000 	C:\Program Files\Android\Android Studio\jbr\bin\java.exe
0x00007fff33430000 - 0x00007fff33647000 	C:\Windows\SYSTEM32\ntdll.dll
0x00007fff323d0000 - 0x00007fff32494000 	C:\Windows\System32\KERNEL32.DLL
0x00007fff308d0000 - 0x00007fff30c87000 	C:\Windows\System32\KERNELBASE.dll
0x00007fff30740000 - 0x00007fff30851000 	C:\Windows\System32\ucrtbase.dll
0x00007ffeffa00000 - 0x00007ffeffa17000 	C:\Program Files\Android\Android Studio\jbr\bin\jli.dll
0x00007fff31e30000 - 0x00007fff31fdf000 	C:\Windows\System32\USER32.dll
0x00007fff1ec10000 - 0x00007fff1ec2b000 	C:\Program Files\Android\Android Studio\jbr\bin\VCRUNTIME140.dll
0x00007fff30fc0000 - 0x00007fff30fe6000 	C:\Windows\System32\win32u.dll
0x00007fff31160000 - 0x00007fff31189000 	C:\Windows\System32\GDI32.dll
0x00007fff30d50000 - 0x00007fff30e68000 	C:\Windows\System32\gdi32full.dll
0x00007fff21390000 - 0x00007fff21623000 	C:\Windows\WinSxS\amd64_microsoft.windows.common-controls_6595b64144ccf1df_6.0.22621.3672_none_2713b9d173822955\COMCTL32.dll
0x00007fff30f20000 - 0x00007fff30fba000 	C:\Windows\System32\msvcp_win.dll
0x00007fff31190000 - 0x00007fff31237000 	C:\Windows\System32\msvcrt.dll
0x00007fff31c30000 - 0x00007fff31c61000 	C:\Windows\System32\IMM32.DLL
0x0000000067190000 - 0x000000006719c000 	C:\Program Files (x86)\360\Total Security\safemon\SafeWrapper.dll
0x00007fff32310000 - 0x00007fff323c2000 	C:\Windows\System32\ADVAPI32.dll
0x00007fff33150000 - 0x00007fff331f8000 	C:\Windows\System32\sechost.dll
0x00007fff30ef0000 - 0x00007fff30f18000 	C:\Windows\System32\bcrypt.dll
0x00007fff32b10000 - 0x00007fff32c24000 	C:\Windows\System32\RPCRT4.dll
0x00007ffeccc20000 - 0x00007ffeccccc000 	C:\Program Files (x86)\360\Total Security\safemon\libzdtp64.dll
0x00007fff313c0000 - 0x00007fff31c29000 	C:\Windows\System32\SHELL32.dll
0x00007fff32630000 - 0x00007fff3268e000 	C:\Windows\System32\SHLWAPI.dll
0x00007fff302b0000 - 0x00007fff302ba000 	C:\Windows\SYSTEM32\VERSION.dll
0x00007ffedf0f0000 - 0x00007ffedf0fc000 	C:\Program Files\Android\Android Studio\jbr\bin\vcruntime140_1.dll
0x00007ffeb2a50000 - 0x00007ffeb2add000 	C:\Program Files\Android\Android Studio\jbr\bin\msvcp140.dll
0x00007ffebe0c0000 - 0x00007ffebed43000 	C:\Program Files\Android\Android Studio\jbr\bin\server\jvm.dll
0x00007fff30610000 - 0x00007fff3065d000 	C:\Windows\SYSTEM32\POWRPROF.dll
0x00007fff2c6e0000 - 0x00007fff2c714000 	C:\Windows\SYSTEM32\WINMM.dll
0x00007fff2a160000 - 0x00007fff2a169000 	C:\Windows\SYSTEM32\WSOCK32.dll
0x00007fff321e0000 - 0x00007fff32251000 	C:\Windows\System32\WS2_32.dll
0x00007fff305f0000 - 0x00007fff30603000 	C:\Windows\SYSTEM32\UMPDC.dll
0x00007fff2f6f0000 - 0x00007fff2f708000 	C:\Windows\SYSTEM32\kernel.appcore.dll
0x00007fff26e30000 - 0x00007fff26e3a000 	C:\Program Files\Android\Android Studio\jbr\bin\jimage.dll
0x00007fff2e220000 - 0x00007fff2e452000 	C:\Windows\SYSTEM32\DBGHELP.DLL
0x00007fff32d40000 - 0x00007fff330ce000 	C:\Windows\System32\combase.dll
0x00007fff32550000 - 0x00007fff32627000 	C:\Windows\System32\OLEAUT32.dll
0x00007fff103f0000 - 0x00007fff10422000 	C:\Windows\SYSTEM32\dbgcore.DLL
0x00007fff30e70000 - 0x00007fff30eeb000 	C:\Windows\System32\bcryptPrimitives.dll
0x00007fff1ee40000 - 0x00007fff1ee65000 	C:\Program Files\Android\Android Studio\jbr\bin\java.dll
0x00007fff1cfb0000 - 0x00007fff1cfc8000 	C:\Program Files\Android\Android Studio\jbr\bin\zip.dll
0x00007fff2e5f0000 - 0x00007fff2eeef000 	C:\Windows\SYSTEM32\windows.storage.dll
0x00007fff2e4b0000 - 0x00007fff2e5ef000 	C:\Windows\SYSTEM32\wintypes.dll
0x00007fff31fe0000 - 0x00007fff320d9000 	C:\Windows\System32\SHCORE.dll
0x00007fff30670000 - 0x00007fff30697000 	C:\Windows\SYSTEM32\profapi.dll
0x00007fff115a0000 - 0x00007fff115b9000 	C:\Program Files\Android\Android Studio\jbr\bin\net.dll
0x00007fff2a650000 - 0x00007fff2a786000 	C:\Windows\SYSTEM32\WINHTTP.dll
0x00007fff2fb70000 - 0x00007fff2fbd9000 	C:\Windows\system32\mswsock.dll
0x00007fff083f0000 - 0x00007fff08406000 	C:\Program Files\Android\Android Studio\jbr\bin\nio.dll
0x00007fff1cea0000 - 0x00007fff1ceb0000 	C:\Program Files\Android\Android Studio\jbr\bin\verify.dll

dbghelp: loaded successfully - version: 4.0.5 - missing functions: none
symbol engine: initialized successfully - sym options: 0x614 - pdb path: .;C:\Program Files\Android\Android Studio\jbr\bin;C:\Windows\SYSTEM32;C:\Windows\WinSxS\amd64_microsoft.windows.common-controls_6595b64144ccf1df_6.0.22621.3672_none_2713b9d173822955;C:\Program Files (x86)\360\Total Security\safemon;C:\Program Files\Android\Android Studio\jbr\bin\server

VM Arguments:
java_command: org.jetbrains.kotlin.cli.jvm.K2JVMCompiler @C:\Users\asusu\AndroidStudioProjects\starter-project-\starter-project\app\build\20241104_7089625495001964151.compiler.options
java_class_path (initial): C:\Users\asusu\.gradle\caches\modules-2\files-2.1\org.jetbrains.kotlin\kotlin-compiler-embeddable\2.0.10\40d7b56154061d2ec6a95159417af03940e8679e\kotlin-compiler-embeddable-2.0.10.jar;C:\Users\asusu\.gradle\caches\modules-2\files-2.1\org.jetbrains.kotlin\kotlin-stdlib\2.0.10\9120f9dd349d5c67fa6710c4049c3128ef6b51db\kotlin-stdlib-2.0.10.jar;C:\Users\asusu\.gradle\caches\modules-2\files-2.1\org.jetbrains.kotlin\kotlin-script-runtime\2.0.10\5dc0dfee8e71c0afd7f6085789aeb991bfe60eda\kotlin-script-runtime-2.0.10.jar;C:\Users\asusu\.gradle\caches\modules-2\files-2.1\org.jetbrains.kotlin\kotlin-reflect\1.6.10\1cbe9c92c12a94eea200d23c2bbaedaf3daf5132\kotlin-reflect-1.6.10.jar;C:\Users\asusu\.gradle\caches\modules-2\files-2.1\org.jetbrains.kotlin\kotlin-daemon-embeddable\2.0.10\49b9b08540022f7a407967bf0d6ddd4e9ac54d4\kotlin-daemon-embeddable-2.0.10.jar;C:\Users\asusu\.gradle\caches\modules-2\files-2.1\org.jetbrains.intellij.deps\trove4j\1.0.20200330\3afb14d5f9ceb459d724e907a21145e8ff394f02\trove4j-1.0.20200330.jar;C:\Users\asusu\.gradle\caches\modules-2\files-2.1\org.jetbrains\annotations\13.0\919f0dfe192fb4e063e7dacadee7f8bb9a2672a9\annotations-13.0.jar
Launcher Type: SUN_STANDARD

[Global flags]
     intx CICompilerCount                          = 3                                         {product} {ergonomic}
     uint ConcGCThreads                            = 1                                         {product} {ergonomic}
     uint G1ConcRefinementThreads                  = 4                                         {product} {ergonomic}
   size_t G1HeapRegionSize                         = 1048576                                   {product} {ergonomic}
    uintx GCDrainStackTargetSize                   = 64                                        {product} {ergonomic}
   size_t InitialHeapSize                          = 100663296                                 {product} {ergonomic}
   size_t MarkStackSize                            = 4194304                                   {product} {ergonomic}
   size_t MaxHeapSize                              = 1595932672                                {product} {ergonomic}
   size_t MaxNewSize                               = 957349888                                 {product} {ergonomic}
   size_t MinHeapDeltaBytes                        = 1048576                                   {product} {ergonomic}
   size_t MinHeapSize                              = 8388608                                   {product} {ergonomic}
    uintx NonNMethodCodeHeapSize                   = 5832780                                {pd product} {ergonomic}
    uintx NonProfiledCodeHeapSize                  = 122912730                              {pd product} {ergonomic}
    uintx ProfiledCodeHeapSize                     = 122912730                              {pd product} {ergonomic}
    uintx ReservedCodeCacheSize                    = 251658240                              {pd product} {ergonomic}
     bool SegmentedCodeCache                       = true                                      {product} {ergonomic}
   size_t SoftMaxHeapSize                          = 1595932672                             {manageable} {ergonomic}
     bool UseCompressedClassPointers               = true                           {product lp64_product} {ergonomic}
     bool UseCompressedOops                        = true                           {product lp64_product} {ergonomic}
     bool UseG1GC                                  = true                                      {product} {ergonomic}
     bool UseLargePagesIndividualAllocation        = false                                  {pd product} {ergonomic}

Logging:
Log output configuration:
 #0: stdout all=warning uptime,level,tags
 #1: stderr all=off uptime,level,tags

Environment Variables:
JAVA_HOME=C:\Program Files\Zulu\zulu-17
PATH=C:\Program Files\Zulu\zulu-17\bin\;C:\Program Files (x86)\Common Files\Intel\Shared Files\cpp\bin\Intel64;C:\Windows\system32;C:\Windows;C:\Windows\System32\Wbem;C:\Windows\System32\WindowsPowerShell\v1.0\;C:\Windows\System32\OpenSSH\;C:\Program Files\Git\cmd;C:\Program Files\Git\bin;C:\Program Files (x86)\Yarn\bin\;C:\Program Files\Yarn\bin;C:\Program Files\nodejs\;C:\Program Files\IBM\SPSS\Statistics\25\JRE\bin;C:\gradle\bin;C:\Users\asusu\AppData\Local\Microsoft\WindowsApps;C:\Users\asusu\AppData\Local\Programs\Microsoft VS Code\bin;C:\Users\asusu\composer;C:\Users\asusu\AppData\Roaming\Composer\vendor\bin;C:\Users\asusu\AppData\Local\Yarn\bin;C:\Program Files\Yarn\bin;C:\Users\asusu\AppData\Roaming\npm;C:\laragon\bin\php\php-8.1.10-Win32-vs16-x64;;C:\Program Files\JetBrains\IntelliJ IDEA Community Edition 2024.2.1\bin;
USERNAME=asus
OS=Windows_NT
PROCESSOR_IDENTIFIER=AMD64 Family 23 Model 24 Stepping 1, AuthenticAMD
TMP=C:\Users\asusu\AppData\Local\Temp
TEMP=C:\Users\asusu\AppData\Local\Temp



Periodic native trim disabled

JNI global refs:
JNI global refs: 9, weak refs: 13

JNI global refs memory usage: 843, weak refs: 841

Process memory usage:
Resident Set Size: 205088K (3% of 6228052K total physical memory with 557564K free physical memory)

OOME stack traces (most recent first):
Classloader memory used:
Loader jdk.internal.loader.ClassLoaders$AppClassLoader                                 : 4703K
Loader bootstrap                                                                       : 1283K
Loader jdk.internal.reflect.DelegatingClassLoader                                      : 1699B


---------------  S Y S T E M  ---------------

OS:
 Windows 11 , 64 bit Build 22621 (10.0.22621.3958)
OS uptime: 0 days 5:10 hours
Hyper-V role detected

CPU: total 4 (initial active 4) (4 cores per cpu, 2 threads per core) family 23 model 24 stepping 1 microcode 0x0, cx8, cmov, fxsr, ht, mmx, 3dnowpref, sse, sse2, sse3, ssse3, sse4a, sse4.1, sse4.2, popcnt, lzcnt, tsc, tscinvbit, avx, avx2, aes, clmul, bmi1, bmi2, adx, sha, fma, vzeroupper, clflush, clflushopt, hv
Processor Information for all 4 processors :
  Max Mhz: 2600, Current Mhz: 2600, Mhz Limit: 2600

Memory: 4k page, system-wide physical 6082M (545M free)
TotalPageFile size 14274M (AvailPageFile size 53M)
current process WorkingSet (physical memory assigned to process): 200M, peak: 200M
current process commit charge ("private bytes"): 229M, peak: 290M

vm_info: OpenJDK 64-Bit Server VM (17.0.11+0--11852314) for windows-amd64 JRE (17.0.11+0--11852314), built on May 16 2024 21:29:20 by "androidbuild" with MS VC++ 16.10 / 16.11 (VS2019)

END.
