#
# There is insufficient memory for the Java Runtime Environment to continue.
# Native memory allocation (mmap) failed to map 31457280 bytes. Error detail: G1 virtual space
# Possible reasons:
#   The system is out of physical RAM or swap space
#   This process is running with CompressedOops enabled, and the Java Heap may be blocking the growth of the native heap
# Possible solutions:
#   Reduce memory load on the system
#   Increase physical memory or swap space
#   Check if swap backing store is full
#   Decrease Java heap size (-Xmx/-Xms)
#   Decrease number of Java threads
#   Decrease Java thread stack sizes (-Xss)
#   Set larger code cache with -XX:ReservedCodeCacheSize=
#   JVM is running with Unscaled Compressed Oops mode in which the Java heap is
#     placed in the first 4GB address space. The Java Heap base address is the
#     maximum limit for the native heap growth. Please use -XX:HeapBaseMinAddress
#     to set the Java Heap base and to place the Java Heap above 4GB virtual address.
# This output file may be truncated or incomplete.
#
#  Out of Memory Error (os_windows.cpp:3825), pid=14852, tid=2100
#
# JRE version: OpenJDK Runtime Environment (17.0.11) (build 17.0.11+0--11852314)
# Java VM: OpenJDK 64-Bit Server VM (17.0.11+0--11852314, mixed mode, tiered, compressed oops, compressed class ptrs, g1 gc, windows-amd64)
# No core dump will be written. Minidumps are not enabled by default on client versions of Windows
#

---------------  S U M M A R Y ------------

Command Line: org.jetbrains.kotlin.cli.jvm.K2JVMCompiler @C:\Users\asusu\AndroidStudioProjects\starter-project-\starter-project\app\build\20241104_6791262289127987123.compiler.options

Host: AMD Ryzen 3 3250U with Radeon Graphics         , 4 cores, 5G,  Windows 11 , 64 bit Build 22621 (10.0.22621.3958)
Time: Mon Nov  4 13:51:55 2024 SE Asia Standard Time elapsed time: 13.506953 seconds (0d 0h 0m 13s)

---------------  T H R E A D  ---------------

Current thread (0x000001b683db04a0):  VMThread "VM Thread" [stack: 0x0000005b05300000,0x0000005b05400000] [id=2100]

Stack: [0x0000005b05300000,0x0000005b05400000]
Native frames: (J=compiled Java code, j=interpreted, Vv=VM code, C=native code)
V  [jvm.dll+0x687bb9]
V  [jvm.dll+0x84142a]
V  [jvm.dll+0x8430ae]
V  [jvm.dll+0x843713]
V  [jvm.dll+0x24a35f]
V  [jvm.dll+0x684989]
V  [jvm.dll+0x67923a]
V  [jvm.dll+0x30af0b]
V  [jvm.dll+0x3123b6]
V  [jvm.dll+0x361dfe]
V  [jvm.dll+0x36202f]
V  [jvm.dll+0x2e0d38]
V  [jvm.dll+0x2df144]
V  [jvm.dll+0x2de74c]
V  [jvm.dll+0x32305b]
V  [jvm.dll+0x847e0b]
V  [jvm.dll+0x848b42]
V  [jvm.dll+0x84905d]
V  [jvm.dll+0x849434]
V  [jvm.dll+0x849500]
V  [jvm.dll+0x7efa4a]
V  [jvm.dll+0x686a35]
C  [ucrtbase.dll+0x29333]
C  [KERNEL32.DLL+0x1257d]
C  [ntdll.dll+0x5af08]

VM_Operation (0x0000005b04df8040): G1CollectForAllocation, mode: safepoint, requested by thread 0x000001b6e9b1e2f0


---------------  P R O C E S S  ---------------

Threads class SMR info:
_java_thread_list=0x000001b688615bb0, length=12, elements={
0x000001b6e9b1e2f0, 0x000001b683e0a340, 0x000001b683e0b590, 0x000001b688010dc0,
0x000001b68802fd40, 0x000001b688035b70, 0x000001b688036530, 0x000001b68806c040,
0x000001b688074d30, 0x000001b688075b00, 0x000001b688184010, 0x000001b6881844f0
}

Java Threads: ( => current thread )
  0x000001b6e9b1e2f0 JavaThread "main" [_thread_blocked, id=1476, stack(0x0000005b04d00000,0x0000005b04e00000)]
  0x000001b683e0a340 JavaThread "Reference Handler" daemon [_thread_blocked, id=5800, stack(0x0000005b05400000,0x0000005b05500000)]
  0x000001b683e0b590 JavaThread "Finalizer" daemon [_thread_blocked, id=12828, stack(0x0000005b05500000,0x0000005b05600000)]
  0x000001b688010dc0 JavaThread "Signal Dispatcher" daemon [_thread_blocked, id=3724, stack(0x0000005b05600000,0x0000005b05700000)]
  0x000001b68802fd40 JavaThread "Attach Listener" daemon [_thread_blocked, id=5424, stack(0x0000005b05700000,0x0000005b05800000)]
  0x000001b688035b70 JavaThread "Service Thread" daemon [_thread_blocked, id=12068, stack(0x0000005b05800000,0x0000005b05900000)]
  0x000001b688036530 JavaThread "Monitor Deflation Thread" daemon [_thread_blocked, id=5908, stack(0x0000005b05900000,0x0000005b05a00000)]
  0x000001b68806c040 JavaThread "C2 CompilerThread0" daemon [_thread_blocked, id=12848, stack(0x0000005b05a00000,0x0000005b05b00000)]
  0x000001b688074d30 JavaThread "C1 CompilerThread0" daemon [_thread_blocked, id=660, stack(0x0000005b05b00000,0x0000005b05c00000)]
  0x000001b688075b00 JavaThread "Sweeper thread" daemon [_thread_blocked, id=2652, stack(0x0000005b05c00000,0x0000005b05d00000)]
  0x000001b688184010 JavaThread "Notification Thread" daemon [_thread_blocked, id=13600, stack(0x0000005b05d00000,0x0000005b05e00000)]
  0x000001b6881844f0 JavaThread "Common-Cleaner" daemon [_thread_blocked, id=10388, stack(0x0000005b05f00000,0x0000005b06000000)]

Other Threads:
=>0x000001b683db04a0 VMThread "VM Thread" [stack: 0x0000005b05300000,0x0000005b05400000] [id=2100]
  0x000001b683d83b90 WatcherThread [stack: 0x0000005b05e00000,0x0000005b05f00000] [id=5128]
  0x000001b6e9b68680 GCTaskThread "GC Thread#0" [stack: 0x0000005b04e00000,0x0000005b04f00000] [id=15680]
  0x000001b68877e880 GCTaskThread "GC Thread#1" [stack: 0x0000005b06000000,0x0000005b06100000] [id=10108]
  0x000001b6887bdab0 GCTaskThread "GC Thread#2" [stack: 0x0000005b06100000,0x0000005b06200000] [id=15700]
  0x000001b6887bdd70 GCTaskThread "GC Thread#3" [stack: 0x0000005b06200000,0x0000005b06300000] [id=13692]
  0x000001b6e9b75410 ConcurrentGCThread "G1 Main Marker" [stack: 0x0000005b04f00000,0x0000005b05000000] [id=1656]
  0x000001b6e9b75e30 ConcurrentGCThread "G1 Conc#0" [stack: 0x0000005b05000000,0x0000005b05100000] [id=15544]
  0x000001b6e9bad670 ConcurrentGCThread "G1 Refine#0" [stack: 0x0000005b05100000,0x0000005b05200000] [id=15604]
  0x000001b68ab4e200 ConcurrentGCThread "G1 Refine#1" [stack: 0x0000005b06400000,0x0000005b06500000] [id=16176]
  0x000001b6e9bae0a0 ConcurrentGCThread "G1 Service" [stack: 0x0000005b05200000,0x0000005b05300000] [id=2300]

Threads with active compile tasks:
C2 CompilerThread0    13562 6251       4       org.jetbrains.org.objectweb.asm.ClassReader::readMethod (1061 bytes)

VM state: at safepoint (normal execution)

VM Mutex/Monitor currently owned by a thread:  ([mutex/lock_event])
[0x000001b6e9b0b470] Threads_lock - owner thread: 0x000001b683db04a0
[0x000001b6e9b19010] Heap_lock - owner thread: 0x000001b6e9b1e2f0

Heap address: 0x00000000a0e00000, size: 1522 MB, Compressed Oops mode: 32-bit

CDS archive(s) not mapped
Compressed class space mapped at: 0x0000000100000000-0x0000000140000000, reserved size: 1073741824
Narrow klass base: 0x0000000000000000, Narrow klass shift: 3, Narrow klass range: 0x140000000

GC Precious Log:
 CPUs: 4 total, 4 available
 Memory: 6082M
 Large Page Support: Disabled
 NUMA Support: Disabled
 Compressed Oops: Enabled (32-bit)
 Heap Region Size: 1M
 Heap Min Capacity: 8M
 Heap Initial Capacity: 96M
 Heap Max Capacity: 1522M
 Pre-touch: Disabled
 Parallel Workers: 4
 Concurrent Workers: 1
 Concurrent Refinement Workers: 4
 Periodic GC: Disabled

Heap:
 garbage-first heap   total 96256K, used 53711K [0x00000000a0e00000, 0x0000000100000000)
  region size 1024K, 4 young (4096K), 4 survivors (4096K)
 Metaspace       used 58244K, committed 58432K, reserved 1114112K
  class space    used 6952K, committed 7040K, reserved 1048576K

Heap Regions: E=young(eden), S=young(survivor), O=old, HS=humongous(starts), HC=humongous(continues), CS=collection set, F=free, OA=open archive, CA=closed archive, TAMS=top-at-mark-start (previous, next)
|   0|0x00000000a0e00000, 0x00000000a0f00000, 0x00000000a0f00000|100%|HS|  |TAMS 0x00000000a0f00000, 0x00000000a0f00000| Complete 
|   1|0x00000000a0f00000, 0x00000000a1000000, 0x00000000a1000000|100%|HC|  |TAMS 0x00000000a1000000, 0x00000000a1000000| Complete 
|   2|0x00000000a1000000, 0x00000000a1100000, 0x00000000a1100000|100%|HC|  |TAMS 0x00000000a1100000, 0x00000000a1100000| Complete 
|   3|0x00000000a1100000, 0x00000000a1200000, 0x00000000a1200000|100%| O|  |TAMS 0x00000000a1200000, 0x00000000a1200000| Untracked 
|   4|0x00000000a1200000, 0x00000000a1300000, 0x00000000a1300000|100%| O|  |TAMS 0x00000000a1300000, 0x00000000a1300000| Untracked 
|   5|0x00000000a1300000, 0x00000000a1400000, 0x00000000a1400000|100%| O|  |TAMS 0x00000000a1400000, 0x00000000a1400000| Untracked 
|   6|0x00000000a1400000, 0x00000000a1500000, 0x00000000a1500000|100%| O|  |TAMS 0x00000000a1500000, 0x00000000a1500000| Untracked 
|   7|0x00000000a1500000, 0x00000000a1600000, 0x00000000a1600000|100%| O|  |TAMS 0x00000000a1600000, 0x00000000a1600000| Untracked 
|   8|0x00000000a1600000, 0x00000000a1700000, 0x00000000a1700000|100%| O|  |TAMS 0x00000000a1700000, 0x00000000a1700000| Untracked 
|   9|0x00000000a1700000, 0x00000000a1800000, 0x00000000a1800000|100%| O|  |TAMS 0x00000000a1800000, 0x00000000a1800000| Untracked 
|  10|0x00000000a1800000, 0x00000000a1900000, 0x00000000a1900000|100%| O|  |TAMS 0x00000000a1900000, 0x00000000a1900000| Untracked 
|  11|0x00000000a1900000, 0x00000000a1a00000, 0x00000000a1a00000|100%| O|  |TAMS 0x00000000a1a00000, 0x00000000a1a00000| Untracked 
|  12|0x00000000a1a00000, 0x00000000a1b00000, 0x00000000a1b00000|100%| O|  |TAMS 0x00000000a1b00000, 0x00000000a1b00000| Untracked 
|  13|0x00000000a1b00000, 0x00000000a1c00000, 0x00000000a1c00000|100%| O|  |TAMS 0x00000000a1c00000, 0x00000000a1c00000| Untracked 
|  14|0x00000000a1c00000, 0x00000000a1d00000, 0x00000000a1d00000|100%| O|  |TAMS 0x00000000a1c00000, 0x00000000a1d00000| Untracked 
|  15|0x00000000a1d00000, 0x00000000a1e00000, 0x00000000a1e00000|100%| O|  |TAMS 0x00000000a1e00000, 0x00000000a1e00000| Untracked 
|  16|0x00000000a1e00000, 0x00000000a1f00000, 0x00000000a1f00000|100%| O|  |TAMS 0x00000000a1f00000, 0x00000000a1f00000| Untracked 
|  17|0x00000000a1f00000, 0x00000000a2000000, 0x00000000a2000000|100%| O|  |TAMS 0x00000000a1fdd400, 0x00000000a2000000| Untracked 
|  18|0x00000000a2000000, 0x00000000a2100000, 0x00000000a2100000|100%| O|  |TAMS 0x00000000a2000000, 0x00000000a2100000| Untracked 
|  19|0x00000000a2100000, 0x00000000a2200000, 0x00000000a2200000|100%| O|  |TAMS 0x00000000a2100000, 0x00000000a2200000| Untracked 
|  20|0x00000000a2200000, 0x00000000a2300000, 0x00000000a2300000|100%| O|  |TAMS 0x00000000a2200000, 0x00000000a2300000| Untracked 
|  21|0x00000000a2300000, 0x00000000a2400000, 0x00000000a2400000|100%| O|  |TAMS 0x00000000a2300000, 0x00000000a2400000| Untracked 
|  22|0x00000000a2400000, 0x00000000a2500000, 0x00000000a2500000|100%| O|  |TAMS 0x00000000a2400000, 0x00000000a2500000| Untracked 
|  23|0x00000000a2500000, 0x00000000a2600000, 0x00000000a2600000|100%| O|  |TAMS 0x00000000a2500000, 0x00000000a2600000| Untracked 
|  24|0x00000000a2600000, 0x00000000a2700000, 0x00000000a2700000|100%| O|  |TAMS 0x00000000a2600000, 0x00000000a2700000| Untracked 
|  25|0x00000000a2700000, 0x00000000a2800000, 0x00000000a2800000|100%|HS|  |TAMS 0x00000000a2700000, 0x00000000a2800000| Complete 
|  26|0x00000000a2800000, 0x00000000a2900000, 0x00000000a2900000|100%| O|  |TAMS 0x00000000a2800000, 0x00000000a2900000| Untracked 
|  27|0x00000000a2900000, 0x00000000a2a00000, 0x00000000a2a00000|100%| O|  |TAMS 0x00000000a2900000, 0x00000000a2a00000| Untracked 
|  28|0x00000000a2a00000, 0x00000000a2b00000, 0x00000000a2b00000|100%| O|  |TAMS 0x00000000a2a00000, 0x00000000a2b00000| Untracked 
|  29|0x00000000a2b00000, 0x00000000a2c00000, 0x00000000a2c00000|100%| O|  |TAMS 0x00000000a2b00000, 0x00000000a2c00000| Untracked 
|  30|0x00000000a2c00000, 0x00000000a2d00000, 0x00000000a2d00000|100%| O|  |TAMS 0x00000000a2c00000, 0x00000000a2d00000| Untracked 
|  31|0x00000000a2d00000, 0x00000000a2e00000, 0x00000000a2e00000|100%| O|  |TAMS 0x00000000a2d00000, 0x00000000a2e00000| Untracked 
|  32|0x00000000a2e00000, 0x00000000a2f00000, 0x00000000a2f00000|100%| O|  |TAMS 0x00000000a2e00000, 0x00000000a2f00000| Untracked 
|  33|0x00000000a2f00000, 0x00000000a3000000, 0x00000000a3000000|100%| O|  |TAMS 0x00000000a2f00000, 0x00000000a3000000| Untracked 
|  34|0x00000000a3000000, 0x00000000a3100000, 0x00000000a3100000|100%| O|  |TAMS 0x00000000a3000000, 0x00000000a3100000| Untracked 
|  35|0x00000000a3100000, 0x00000000a3200000, 0x00000000a3200000|100%| O|  |TAMS 0x00000000a3100000, 0x00000000a3200000| Untracked 
|  36|0x00000000a3200000, 0x00000000a3300000, 0x00000000a3300000|100%| O|  |TAMS 0x00000000a3200000, 0x00000000a3300000| Untracked 
|  37|0x00000000a3300000, 0x00000000a3400000, 0x00000000a3400000|100%| O|  |TAMS 0x00000000a3300000, 0x00000000a3400000| Untracked 
|  38|0x00000000a3400000, 0x00000000a3500000, 0x00000000a3500000|100%| O|  |TAMS 0x00000000a3400000, 0x00000000a3500000| Untracked 
|  39|0x00000000a3500000, 0x00000000a3600000, 0x00000000a3600000|100%| O|  |TAMS 0x00000000a3500000, 0x00000000a3600000| Untracked 
|  40|0x00000000a3600000, 0x00000000a3700000, 0x00000000a3700000|100%| O|  |TAMS 0x00000000a3600000, 0x00000000a3700000| Untracked 
|  41|0x00000000a3700000, 0x00000000a3800000, 0x00000000a3800000|100%| O|  |TAMS 0x00000000a3700000, 0x00000000a3800000| Untracked 
|  42|0x00000000a3800000, 0x00000000a3900000, 0x00000000a3900000|100%| O|  |TAMS 0x00000000a3800000, 0x00000000a3900000| Untracked 
|  43|0x00000000a3900000, 0x00000000a3a00000, 0x00000000a3a00000|100%| O|  |TAMS 0x00000000a3900000, 0x00000000a3980000| Untracked 
|  44|0x00000000a3a00000, 0x00000000a3b00000, 0x00000000a3b00000|100%| O|  |TAMS 0x00000000a3a00000, 0x00000000a3a00000| Untracked 
|  45|0x00000000a3b00000, 0x00000000a3c00000, 0x00000000a3c00000|100%| O|  |TAMS 0x00000000a3b00000, 0x00000000a3b00000| Untracked 
|  46|0x00000000a3c00000, 0x00000000a3d00000, 0x00000000a3d00000|100%| O|  |TAMS 0x00000000a3c00000, 0x00000000a3c00000| Untracked 
|  47|0x00000000a3d00000, 0x00000000a3e00000, 0x00000000a3e00000|100%| O|  |TAMS 0x00000000a3d00000, 0x00000000a3d00000| Untracked 
|  48|0x00000000a3e00000, 0x00000000a3e73c00, 0x00000000a3f00000| 45%| O|  |TAMS 0x00000000a3e00000, 0x00000000a3e00000| Untracked 
|  49|0x00000000a3f00000, 0x00000000a3f00000, 0x00000000a4000000|  0%| F|  |TAMS 0x00000000a3f00000, 0x00000000a3f00000| Untracked 
|  50|0x00000000a4000000, 0x00000000a4000000, 0x00000000a4100000|  0%| F|  |TAMS 0x00000000a4000000, 0x00000000a4000000| Untracked 
|  51|0x00000000a4100000, 0x00000000a4100000, 0x00000000a4200000|  0%| F|  |TAMS 0x00000000a4100000, 0x00000000a4100000| Untracked 
|  52|0x00000000a4200000, 0x00000000a4200000, 0x00000000a4300000|  0%| F|  |TAMS 0x00000000a4200000, 0x00000000a4200000| Untracked 
|  53|0x00000000a4300000, 0x00000000a4300000, 0x00000000a4400000|  0%| F|  |TAMS 0x00000000a4300000, 0x00000000a4300000| Untracked 
|  54|0x00000000a4400000, 0x00000000a4400000, 0x00000000a4500000|  0%| F|  |TAMS 0x00000000a4400000, 0x00000000a4400000| Untracked 
|  55|0x00000000a4500000, 0x00000000a4500000, 0x00000000a4600000|  0%| F|  |TAMS 0x00000000a4500000, 0x00000000a4500000| Untracked 
|  56|0x00000000a4600000, 0x00000000a4600000, 0x00000000a4700000|  0%| F|  |TAMS 0x00000000a4600000, 0x00000000a4600000| Untracked 
|  57|0x00000000a4700000, 0x00000000a4700000, 0x00000000a4800000|  0%| F|  |TAMS 0x00000000a4700000, 0x00000000a4700000| Untracked 
|  58|0x00000000a4800000, 0x00000000a4800000, 0x00000000a4900000|  0%| F|  |TAMS 0x00000000a4800000, 0x00000000a4800000| Untracked 
|  59|0x00000000a4900000, 0x00000000a4900000, 0x00000000a4a00000|  0%| F|  |TAMS 0x00000000a4900000, 0x00000000a4900000| Untracked 
|  60|0x00000000a4a00000, 0x00000000a4a00000, 0x00000000a4b00000|  0%| F|  |TAMS 0x00000000a4a00000, 0x00000000a4a00000| Untracked 
|  61|0x00000000a4b00000, 0x00000000a4b00000, 0x00000000a4c00000|  0%| F|  |TAMS 0x00000000a4b00000, 0x00000000a4b00000| Untracked 
|  62|0x00000000a4c00000, 0x00000000a4c00000, 0x00000000a4d00000|  0%| F|  |TAMS 0x00000000a4c00000, 0x00000000a4c00000| Untracked 
|  63|0x00000000a4d00000, 0x00000000a4d00000, 0x00000000a4e00000|  0%| F|  |TAMS 0x00000000a4d00000, 0x00000000a4d00000| Untracked 
|  64|0x00000000a4e00000, 0x00000000a4e00000, 0x00000000a4f00000|  0%| F|  |TAMS 0x00000000a4e00000, 0x00000000a4e00000| Untracked 
|  65|0x00000000a4f00000, 0x00000000a4f00000, 0x00000000a5000000|  0%| F|  |TAMS 0x00000000a4f00000, 0x00000000a4f00000| Untracked 
|  66|0x00000000a5000000, 0x00000000a5100000, 0x00000000a5100000|100%| S|CS|TAMS 0x00000000a5000000, 0x00000000a5000000| Complete 
|  67|0x00000000a5100000, 0x00000000a5100000, 0x00000000a5200000|  0%| F|  |TAMS 0x00000000a5100000, 0x00000000a5100000| Untracked 
|  68|0x00000000a5200000, 0x00000000a5300000, 0x00000000a5300000|100%| S|CS|TAMS 0x00000000a5200000, 0x00000000a5200000| Complete 
|  69|0x00000000a5300000, 0x00000000a5400000, 0x00000000a5400000|100%| S|CS|TAMS 0x00000000a5300000, 0x00000000a5300000| Complete 
|  70|0x00000000a5400000, 0x00000000a5500000, 0x00000000a5500000|100%| S|CS|TAMS 0x00000000a5400000, 0x00000000a5400000| Complete 
|  71|0x00000000a5500000, 0x00000000a5500000, 0x00000000a5600000|  0%| F|  |TAMS 0x00000000a5500000, 0x00000000a5500000| Untracked 
|  72|0x00000000a5600000, 0x00000000a5600000, 0x00000000a5700000|  0%| F|  |TAMS 0x00000000a5600000, 0x00000000a5600000| Untracked 
|  73|0x00000000a5700000, 0x00000000a5700000, 0x00000000a5800000|  0%| F|  |TAMS 0x00000000a5700000, 0x00000000a5700000| Untracked 
|  74|0x00000000a5800000, 0x00000000a5800000, 0x00000000a5900000|  0%| F|  |TAMS 0x00000000a5800000, 0x00000000a5800000| Untracked 
|  75|0x00000000a5900000, 0x00000000a5900000, 0x00000000a5a00000|  0%| F|  |TAMS 0x00000000a5900000, 0x00000000a5900000| Untracked 
|  76|0x00000000a5a00000, 0x00000000a5a00000, 0x00000000a5b00000|  0%| F|  |TAMS 0x00000000a5a00000, 0x00000000a5a00000| Untracked 
|  77|0x00000000a5b00000, 0x00000000a5b00000, 0x00000000a5c00000|  0%| F|  |TAMS 0x00000000a5b00000, 0x00000000a5b00000| Untracked 
|  78|0x00000000a5c00000, 0x00000000a5c00000, 0x00000000a5d00000|  0%| F|  |TAMS 0x00000000a5c00000, 0x00000000a5c00000| Untracked 
|  79|0x00000000a5d00000, 0x00000000a5d00000, 0x00000000a5e00000|  0%| F|  |TAMS 0x00000000a5d00000, 0x00000000a5d00000| Untracked 
|  80|0x00000000a5e00000, 0x00000000a5e00000, 0x00000000a5f00000|  0%| F|  |TAMS 0x00000000a5e00000, 0x00000000a5e00000| Untracked 
|  81|0x00000000a5f00000, 0x00000000a5f00000, 0x00000000a6000000|  0%| F|  |TAMS 0x00000000a5f00000, 0x00000000a5f00000| Untracked 
|  82|0x00000000a6000000, 0x00000000a6000000, 0x00000000a6100000|  0%| F|  |TAMS 0x00000000a6000000, 0x00000000a6000000| Untracked 
|  83|0x00000000a6100000, 0x00000000a6100000, 0x00000000a6200000|  0%| F|  |TAMS 0x00000000a6100000, 0x00000000a6100000| Untracked 
|  84|0x00000000a6200000, 0x00000000a6200000, 0x00000000a6300000|  0%| F|  |TAMS 0x00000000a6200000, 0x00000000a6200000| Untracked 
|  85|0x00000000a6300000, 0x00000000a6300000, 0x00000000a6400000|  0%| F|  |TAMS 0x00000000a6300000, 0x00000000a6300000| Untracked 
|  86|0x00000000a6400000, 0x00000000a6400000, 0x00000000a6500000|  0%| F|  |TAMS 0x00000000a6400000, 0x00000000a6400000| Untracked 
|  87|0x00000000a6500000, 0x00000000a6500000, 0x00000000a6600000|  0%| F|  |TAMS 0x00000000a6500000, 0x00000000a6500000| Untracked 
|  88|0x00000000a6600000, 0x00000000a6600000, 0x00000000a6700000|  0%| F|  |TAMS 0x00000000a6600000, 0x00000000a6600000| Untracked 
|  89|0x00000000a6700000, 0x00000000a6700000, 0x00000000a6800000|  0%| F|  |TAMS 0x00000000a6700000, 0x00000000a6700000| Untracked 
|  90|0x00000000a6800000, 0x00000000a6800000, 0x00000000a6900000|  0%| F|  |TAMS 0x00000000a6800000, 0x00000000a6800000| Untracked 
|  91|0x00000000a6900000, 0x00000000a6900000, 0x00000000a6a00000|  0%| F|  |TAMS 0x00000000a6900000, 0x00000000a6900000| Untracked 
|  92|0x00000000a6a00000, 0x00000000a6a00000, 0x00000000a6b00000|  0%| F|  |TAMS 0x00000000a6a00000, 0x00000000a6a00000| Untracked 
|  93|0x00000000a6b00000, 0x00000000a6b00000, 0x00000000a6c00000|  0%| F|  |TAMS 0x00000000a6b00000, 0x00000000a6b00000| Untracked 

Card table byte_map: [0x000001b6fe0f0000,0x000001b6fe3f0000] _byte_map_base: 0x000001b6fdbe9000

Marking Bits (Prev, Next): (CMBitMap*) 0x000001b6e9b68ce0, (CMBitMap*) 0x000001b6e9b68ca0
 Prev Bits: [0x000001b680000000, 0x000001b6817c8000)
 Next Bits: [0x000001b6fe6f0000, 0x000001b6ffeb8000)

Polling page: 0x000001b6e9bb0000

Metaspace:

Usage:
  Non-class:     50.09 MB used.
      Class:      6.79 MB used.
       Both:     56.88 MB used.

Virtual space:
  Non-class space:       64.00 MB reserved,      50.19 MB ( 78%) committed,  1 nodes.
      Class space:        1.00 GB reserved,       6.88 MB ( <1%) committed,  1 nodes.
             Both:        1.06 GB reserved,      57.06 MB (  5%) committed. 

Chunk freelists:
   Non-Class:  13.19 MB
       Class:  9.07 MB
        Both:  22.25 MB

MaxMetaspaceSize: unlimited
CompressedClassSpaceSize: 1.00 GB
Initial GC threshold: 21.00 MB
Current GC threshold: 71.38 MB
CDS: off
MetaspaceReclaimPolicy: balanced
 - commit_granule_bytes: 65536.
 - commit_granule_words: 8192.
 - virtual_space_node_default_size: 8388608.
 - enlarge_chunks_in_place: 1.
 - new_chunks_are_fully_committed: 0.
 - uncommit_free_chunks: 1.
 - use_allocation_guard: 0.
 - handle_deallocations: 1.


Internal statistics:

num_allocs_failed_limit: 9.
num_arena_births: 286.
num_arena_deaths: 0.
num_vsnodes_births: 2.
num_vsnodes_deaths: 0.
num_space_committed: 911.
num_space_uncommitted: 0.
num_chunks_returned_to_freelist: 9.
num_chunks_taken_from_freelist: 2096.
num_chunk_merges: 9.
num_chunk_splits: 1674.
num_chunks_enlarged: 1499.
num_inconsistent_stats: 0.

CodeHeap 'non-profiled nmethods': size=120000Kb used=2718Kb max_used=2923Kb free=117281Kb
 bounds [0x000001b6f62a0000, 0x000001b6f6590000, 0x000001b6fd7d0000]
CodeHeap 'profiled nmethods': size=120000Kb used=14022Kb max_used=14062Kb free=105977Kb
 bounds [0x000001b6ee7d0000, 0x000001b6ef5f0000, 0x000001b6f5d00000]
CodeHeap 'non-nmethods': size=5760Kb used=1324Kb max_used=1382Kb free=4435Kb
 bounds [0x000001b6f5d00000, 0x000001b6f5f70000, 0x000001b6f62a0000]
 total_blobs=6197 nmethods=5551 adapters=558
 compilation: enabled
              stopped_count=0, restarted_count=0
 full_count=0

Compilation events (20 events):
Event: 13.465 Thread 0x000001b688074d30 6328       3       org.jetbrains.kotlin.load.kotlin.FileBasedKotlinClass$3$1::visit (52 bytes)
Event: 13.465 Thread 0x000001b688074d30 nmethod 6328 0x000001b6ee7f4590 code [0x000001b6ee7f4780, 0x000001b6ee7f4d78]
Event: 13.466 Thread 0x000001b688074d30 6329       1       org.jetbrains.kotlin.fir.deserialization.AbstractFirDeserializedSymbolProvider$ClassMetadataFindResult$Metadata::component1 (5 bytes)
Event: 13.466 Thread 0x000001b688074d30 nmethod 6329 0x000001b6f6451690 code [0x000001b6f6451820, 0x000001b6f64518f8]
Event: 13.466 Thread 0x000001b688074d30 6330       1       org.jetbrains.kotlin.fir.deserialization.AbstractFirDeserializedSymbolProvider$ClassMetadataFindResult$Metadata::component2 (5 bytes)
Event: 13.466 Thread 0x000001b688074d30 nmethod 6330 0x000001b6f6451390 code [0x000001b6f6451520, 0x000001b6f64515f8]
Event: 13.466 Thread 0x000001b688074d30 6331       1       org.jetbrains.kotlin.fir.deserialization.AbstractFirDeserializedSymbolProvider$ClassMetadataFindResult$Metadata::component3 (5 bytes)
Event: 13.466 Thread 0x000001b688074d30 nmethod 6331 0x000001b6f6451090 code [0x000001b6f6451220, 0x000001b6f64512f8]
Event: 13.466 Thread 0x000001b688074d30 6332       1       org.jetbrains.kotlin.fir.deserialization.AbstractFirDeserializedSymbolProvider$ClassMetadataFindResult$Metadata::component4 (5 bytes)
Event: 13.466 Thread 0x000001b688074d30 nmethod 6332 0x000001b6f6450d90 code [0x000001b6f6450f20, 0x000001b6f6450ff8]
Event: 13.466 Thread 0x000001b688074d30 6333       1       org.jetbrains.kotlin.fir.deserialization.AbstractFirDeserializedSymbolProvider$ClassMetadataFindResult$Metadata::component5 (5 bytes)
Event: 13.466 Thread 0x000001b688074d30 nmethod 6333 0x000001b6f6450810 code [0x000001b6f64509a0, 0x000001b6f6450a78]
Event: 13.466 Thread 0x000001b688074d30 6334       1       org.jetbrains.kotlin.fir.deserialization.AbstractFirDeserializedSymbolProvider$ClassMetadataFindResult$Metadata::component6 (5 bytes)
Event: 13.466 Thread 0x000001b688074d30 nmethod 6334 0x000001b6f6336490 code [0x000001b6f6336620, 0x000001b6f63366f8]
Event: 13.466 Thread 0x000001b688074d30 6335       1       org.jetbrains.kotlin.fir.deserialization.AbstractFirDeserializedSymbolProvider$ClassMetadataFindResult$Metadata::getFlexibleTypeFactory (5 bytes)
Event: 13.467 Thread 0x000001b688074d30 nmethod 6335 0x000001b6f6336190 code [0x000001b6f6336320, 0x000001b6f63363f8]
Event: 13.467 Thread 0x000001b688074d30 6336       1       org.jetbrains.kotlin.load.kotlin.KotlinJvmBinarySourceElement::getBinaryClass (5 bytes)
Event: 13.467 Thread 0x000001b688074d30 nmethod 6336 0x000001b6f6335e90 code [0x000001b6f6336020, 0x000001b6f63360f8]
Event: 13.469 Thread 0x000001b688074d30 6337       3       org.jetbrains.kotlin.name.FqNamesUtilKt::isSubpackageOf (60 bytes)
Event: 13.470 Thread 0x000001b688074d30 nmethod 6337 0x000001b6eec0cb90 code [0x000001b6eec0cf00, 0x000001b6eec0e0d8]

GC Heap History (20 events):
Event: 3.932 GC heap after
{Heap after GC invocations=7 (full 0):
 garbage-first heap   total 48128K, used 15538K [0x00000000a0e00000, 0x0000000100000000)
  region size 1024K, 2 young (2048K), 2 survivors (2048K)
 Metaspace       used 31670K, committed 31872K, reserved 1114112K
  class space    used 3953K, committed 4032K, reserved 1048576K
}
Event: 4.293 GC heap before
{Heap before GC invocations=7 (full 0):
 garbage-first heap   total 48128K, used 29874K [0x00000000a0e00000, 0x0000000100000000)
  region size 1024K, 18 young (18432K), 2 survivors (2048K)
 Metaspace       used 35735K, committed 35968K, reserved 1114112K
  class space    used 4361K, committed 4480K, reserved 1048576K
}
Event: 4.300 GC heap after
{Heap after GC invocations=8 (full 0):
 garbage-first heap   total 48128K, used 16268K [0x00000000a0e00000, 0x0000000100000000)
  region size 1024K, 1 young (1024K), 1 survivors (1024K)
 Metaspace       used 35735K, committed 35968K, reserved 1114112K
  class space    used 4361K, committed 4480K, reserved 1048576K
}
Event: 5.086 GC heap before
{Heap before GC invocations=9 (full 0):
 garbage-first heap   total 48128K, used 34700K [0x00000000a0e00000, 0x0000000100000000)
  region size 1024K, 19 young (19456K), 1 survivors (1024K)
 Metaspace       used 40139K, committed 40320K, reserved 1114112K
  class space    used 4834K, committed 4928K, reserved 1048576K
}
Event: 5.093 GC heap after
{Heap after GC invocations=10 (full 0):
 garbage-first heap   total 48128K, used 17412K [0x00000000a0e00000, 0x0000000100000000)
  region size 1024K, 2 young (2048K), 2 survivors (2048K)
 Metaspace       used 40139K, committed 40320K, reserved 1114112K
  class space    used 4834K, committed 4928K, reserved 1048576K
}
Event: 5.149 GC heap before
{Heap before GC invocations=10 (full 0):
 garbage-first heap   total 48128K, used 18436K [0x00000000a0e00000, 0x0000000100000000)
  region size 1024K, 3 young (3072K), 2 survivors (2048K)
 Metaspace       used 40397K, committed 40640K, reserved 1114112K
  class space    used 4866K, committed 4992K, reserved 1048576K
}
Event: 5.159 GC heap after
{Heap after GC invocations=11 (full 0):
 garbage-first heap   total 48128K, used 17587K [0x00000000a0e00000, 0x0000000100000000)
  region size 1024K, 1 young (1024K), 1 survivors (1024K)
 Metaspace       used 40397K, committed 40640K, reserved 1114112K
  class space    used 4866K, committed 4992K, reserved 1048576K
}
Event: 6.023 GC heap before
{Heap before GC invocations=11 (full 0):
 garbage-first heap   total 48128K, used 36019K [0x00000000a0e00000, 0x0000000100000000)
  region size 1024K, 19 young (19456K), 1 survivors (1024K)
 Metaspace       used 43610K, committed 43840K, reserved 1114112K
  class space    used 5203K, committed 5312K, reserved 1048576K
}
Event: 6.033 GC heap after
{Heap after GC invocations=12 (full 0):
 garbage-first heap   total 48128K, used 20111K [0x00000000a0e00000, 0x0000000100000000)
  region size 1024K, 3 young (3072K), 3 survivors (3072K)
 Metaspace       used 43610K, committed 43840K, reserved 1114112K
  class space    used 5203K, committed 5312K, reserved 1048576K
}
Event: 6.433 GC heap before
{Heap before GC invocations=13 (full 0):
 garbage-first heap   total 48128K, used 35471K [0x00000000a0e00000, 0x0000000100000000)
  region size 1024K, 18 young (18432K), 3 survivors (3072K)
 Metaspace       used 44237K, committed 44480K, reserved 1114112K
  class space    used 5259K, committed 5376K, reserved 1048576K
}
Event: 6.451 GC heap after
{Heap after GC invocations=14 (full 0):
 garbage-first heap   total 48128K, used 24793K [0x00000000a0e00000, 0x0000000100000000)
  region size 1024K, 3 young (3072K), 3 survivors (3072K)
 Metaspace       used 44237K, committed 44480K, reserved 1114112K
  class space    used 5259K, committed 5376K, reserved 1048576K
}
Event: 6.622 GC heap before
{Heap before GC invocations=14 (full 0):
 garbage-first heap   total 48128K, used 31961K [0x00000000a0e00000, 0x0000000100000000)
  region size 1024K, 11 young (11264K), 3 survivors (3072K)
 Metaspace       used 44548K, committed 44736K, reserved 1114112K
  class space    used 5276K, committed 5376K, reserved 1048576K
}
Event: 6.635 GC heap after
{Heap after GC invocations=15 (full 0):
 garbage-first heap   total 96256K, used 27121K [0x00000000a0e00000, 0x0000000100000000)
  region size 1024K, 2 young (2048K), 2 survivors (2048K)
 Metaspace       used 44548K, committed 44736K, reserved 1114112K
  class space    used 5276K, committed 5376K, reserved 1048576K
}
Event: 7.451 GC heap before
{Heap before GC invocations=15 (full 0):
 garbage-first heap   total 96256K, used 66033K [0x00000000a0e00000, 0x0000000100000000)
  region size 1024K, 39 young (39936K), 2 survivors (2048K)
 Metaspace       used 47953K, committed 48192K, reserved 1114112K
  class space    used 5705K, committed 5824K, reserved 1048576K
}
Event: 7.478 GC heap after
{Heap after GC invocations=16 (full 0):
 garbage-first heap   total 96256K, used 38830K [0x00000000a0e00000, 0x0000000100000000)
  region size 1024K, 5 young (5120K), 5 survivors (5120K)
 Metaspace       used 47953K, committed 48192K, reserved 1114112K
  class space    used 5705K, committed 5824K, reserved 1048576K
}
Event: 9.637 GC heap before
{Heap before GC invocations=16 (full 0):
 garbage-first heap   total 96256K, used 66478K [0x00000000a0e00000, 0x0000000100000000)
  region size 1024K, 32 young (32768K), 5 survivors (5120K)
 Metaspace       used 52955K, committed 53248K, reserved 1114112K
  class space    used 6337K, committed 6464K, reserved 1048576K
}
Event: 9.660 GC heap after
{Heap after GC invocations=17 (full 0):
 garbage-first heap   total 96256K, used 44032K [0x00000000a0e00000, 0x0000000100000000)
  region size 1024K, 4 young (4096K), 4 survivors (4096K)
 Metaspace       used 52955K, committed 53248K, reserved 1114112K
  class space    used 6337K, committed 6464K, reserved 1048576K
}
Event: 11.051 GC heap before
{Heap before GC invocations=17 (full 0):
 garbage-first heap   total 96256K, used 70656K [0x00000000a0e00000, 0x0000000100000000)
  region size 1024K, 30 young (30720K), 4 survivors (4096K)
 Metaspace       used 55899K, committed 56256K, reserved 1114112K
  class space    used 6700K, committed 6848K, reserved 1048576K
}
Event: 11.079 GC heap after
{Heap after GC invocations=18 (full 0):
 garbage-first heap   total 96256K, used 48640K [0x00000000a0e00000, 0x0000000100000000)
  region size 1024K, 4 young (4096K), 4 survivors (4096K)
 Metaspace       used 55899K, committed 56256K, reserved 1114112K
  class space    used 6700K, committed 6848K, reserved 1048576K
}
Event: 13.474 GC heap before
{Heap before GC invocations=18 (full 0):
 garbage-first heap   total 96256K, used 71168K [0x00000000a0e00000, 0x0000000100000000)
  region size 1024K, 27 young (27648K), 4 survivors (4096K)
 Metaspace       used 58244K, committed 58432K, reserved 1114112K
  class space    used 6952K, committed 7040K, reserved 1048576K
}

Dll operation events (2 events):
Event: 0.020 Loaded shared library C:\Program Files\Android\Android Studio\jbr\bin\java.dll
Event: 2.453 Loaded shared library C:\Program Files\Android\Android Studio\jbr\bin\verify.dll

Deoptimization events (20 events):
Event: 13.066 Thread 0x000001b6e9b1e2f0 Uncommon trap: trap_request=0xffffffde fr.pc=0x000001b6f6579e04 relative=0x0000000000001244
Event: 13.066 Thread 0x000001b6e9b1e2f0 Uncommon trap: reason=class_check action=maybe_recompile pc=0x000001b6f6579e04 method=org.jetbrains.kotlin.fir.types.ConeTypeContext.asSimpleType(Lorg/jetbrains/kotlin/types/model/KotlinTypeMarker;)Lorg/jetbrains/kotlin/types/model/SimpleTypeMarker; @ 80 
Event: 13.066 Thread 0x000001b6e9b1e2f0 DEOPT PACKING pc=0x000001b6f6579e04 sp=0x0000005b04df93c0
Event: 13.066 Thread 0x000001b6e9b1e2f0 DEOPT UNPACKING pc=0x000001b6f5d569a3 sp=0x0000005b04df92f0 mode 2
Event: 13.066 Thread 0x000001b6e9b1e2f0 Uncommon trap: trap_request=0xffffffde fr.pc=0x000001b6f656cd9c relative=0x000000000000007c
Event: 13.066 Thread 0x000001b6e9b1e2f0 Uncommon trap: reason=class_check action=maybe_recompile pc=0x000001b6f656cd9c method=org.jetbrains.kotlin.fir.types.ConeTypeContext.asFlexibleType(Lorg/jetbrains/kotlin/types/model/KotlinTypeMarker;)Lorg/jetbrains/kotlin/types/model/FlexibleTypeMarker; @
Event: 13.066 Thread 0x000001b6e9b1e2f0 DEOPT PACKING pc=0x000001b6f656cd9c sp=0x0000005b04df9310
Event: 13.066 Thread 0x000001b6e9b1e2f0 DEOPT UNPACKING pc=0x000001b6f5d569a3 sp=0x0000005b04df9290 mode 2
Event: 13.066 Thread 0x000001b6e9b1e2f0 Uncommon trap: trap_request=0xffffffde fr.pc=0x000001b6f6579e04 relative=0x0000000000001244
Event: 13.066 Thread 0x000001b6e9b1e2f0 Uncommon trap: reason=class_check action=maybe_recompile pc=0x000001b6f6579e04 method=org.jetbrains.kotlin.fir.types.ConeTypeContext.asSimpleType(Lorg/jetbrains/kotlin/types/model/KotlinTypeMarker;)Lorg/jetbrains/kotlin/types/model/SimpleTypeMarker; @ 80 
Event: 13.066 Thread 0x000001b6e9b1e2f0 DEOPT PACKING pc=0x000001b6f6579e04 sp=0x0000005b04df94f0
Event: 13.066 Thread 0x000001b6e9b1e2f0 DEOPT UNPACKING pc=0x000001b6f5d569a3 sp=0x0000005b04df9420 mode 2
Event: 13.066 Thread 0x000001b6e9b1e2f0 Uncommon trap: trap_request=0xffffffde fr.pc=0x000001b6f656cd9c relative=0x000000000000007c
Event: 13.066 Thread 0x000001b6e9b1e2f0 Uncommon trap: reason=class_check action=maybe_recompile pc=0x000001b6f656cd9c method=org.jetbrains.kotlin.fir.types.ConeTypeContext.asFlexibleType(Lorg/jetbrains/kotlin/types/model/KotlinTypeMarker;)Lorg/jetbrains/kotlin/types/model/FlexibleTypeMarker; @
Event: 13.066 Thread 0x000001b6e9b1e2f0 DEOPT PACKING pc=0x000001b6f656cd9c sp=0x0000005b04df9440
Event: 13.066 Thread 0x000001b6e9b1e2f0 DEOPT UNPACKING pc=0x000001b6f5d569a3 sp=0x0000005b04df93c0 mode 2
Event: 13.067 Thread 0x000001b6e9b1e2f0 Uncommon trap: trap_request=0xffffffde fr.pc=0x000001b6f6551148 relative=0x0000000000000848
Event: 13.067 Thread 0x000001b6e9b1e2f0 Uncommon trap: reason=class_check action=maybe_recompile pc=0x000001b6f6551148 method=org.jetbrains.kotlin.fir.types.ConeTypeContext.asSimpleType(Lorg/jetbrains/kotlin/types/model/KotlinTypeMarker;)Lorg/jetbrains/kotlin/types/model/SimpleTypeMarker; @ 80 
Event: 13.067 Thread 0x000001b6e9b1e2f0 DEOPT PACKING pc=0x000001b6f6551148 sp=0x0000005b04df9ea0
Event: 13.067 Thread 0x000001b6e9b1e2f0 DEOPT UNPACKING pc=0x000001b6f5d569a3 sp=0x0000005b04df9e10 mode 2

Classes unloaded (0 events):
No events

Classes redefined (0 events):
No events

Internal exceptions (20 events):
Event: 7.536 Thread 0x000001b6e9b1e2f0 Exception <a 'java/lang/NoSuchMethodError'{0x00000000a6724158}: 'java.lang.Object java.lang.invoke.Invokers$Holder.invokeExact_MT(java.lang.Object, java.lang.Object, java.lang.Object, java.lang.Object, java.lang.Object, java.lang.Object)'> (0x00000000a6724158) 
thrown [s\src\hotspot\share\interpreter\linkResolver.cpp, line 771]
Event: 9.024 Thread 0x000001b6e9b1e2f0 Exception <a 'java/lang/NoSuchMethodError'{0x00000000a5a499f0}: 'java.lang.Object java.lang.invoke.DirectMethodHandle$Holder.invokeStaticInit(java.lang.Object, java.lang.Object, java.lang.Object, java.lang.Object)'> (0x00000000a5a499f0) 
thrown [s\src\hotspot\share\interpreter\linkResolver.cpp, line 771]
Event: 9.925 Thread 0x000001b6e9b1e2f0 Exception <a 'java/lang/NoSuchMethodError'{0x00000000a68f7478}: 'java.lang.Object java.lang.invoke.DirectMethodHandle$Holder.newInvokeSpecial(java.lang.Object, java.lang.Object, java.lang.Object, java.lang.Object, int, java.lang.Object, java.lang.Object)'> (0x00000000a68f7478) 
thrown [s\src\hotspot\share\interpreter\linkResolver.cpp, line 771]
Event: 10.317 Thread 0x000001b6e9b1e2f0 Exception <a 'java/lang/NoSuchMethodError'{0x00000000a5f3a938}: 'java.lang.Object java.lang.invoke.DirectMethodHandle$Holder.invokeStatic(java.lang.Object, int, java.lang.Object, java.lang.Object)'> (0x00000000a5f3a938) 
thrown [s\src\hotspot\share\interpreter\linkResolver.cpp, line 771]
Event: 10.318 Thread 0x000001b6e9b1e2f0 Exception <a 'java/lang/NoSuchMethodError'{0x00000000a5f42580}: 'java.lang.Object java.lang.invoke.DirectMethodHandle$Holder.newInvokeSpecial(java.lang.Object, int, java.lang.Object)'> (0x00000000a5f42580) 
thrown [s\src\hotspot\share\interpreter\linkResolver.cpp, line 771]
Event: 10.366 Thread 0x000001b6e9b1e2f0 Exception <a 'java/lang/NoSuchMethodError'{0x00000000a5e57758}: 'java.lang.Object java.lang.invoke.DirectMethodHandle$Holder.newInvokeSpecial(java.lang.Object, java.lang.Object, java.lang.Object, int)'> (0x00000000a5e57758) 
thrown [s\src\hotspot\share\interpreter\linkResolver.cpp, line 771]
Event: 10.367 Thread 0x000001b6e9b1e2f0 Exception <a 'java/lang/NoSuchMethodError'{0x00000000a5e5b7b8}: 'java.lang.Object java.lang.invoke.DirectMethodHandle$Holder.invokeSpecial(java.lang.Object, java.lang.Object, java.lang.Object, java.lang.Object, int)'> (0x00000000a5e5b7b8) 
thrown [s\src\hotspot\share\interpreter\linkResolver.cpp, line 771]
Event: 10.367 Thread 0x000001b6e9b1e2f0 Exception <a 'java/lang/NoSuchMethodError'{0x00000000a5e5f168}: 'java.lang.Object java.lang.invoke.Invokers$Holder.linkToTargetMethod(java.lang.Object, java.lang.Object, int, java.lang.Object)'> (0x00000000a5e5f168) 
thrown [s\src\hotspot\share\interpreter\linkResolver.cpp, line 771]
Event: 10.520 Thread 0x000001b6e9b1e2f0 Exception <a 'java/lang/NoSuchMethodError'{0x00000000a5a331f8}: 'java.lang.Object java.lang.invoke.DirectMethodHandle$Holder.newInvokeSpecial(java.lang.Object, java.lang.Object, java.lang.Object, java.lang.Object, java.lang.Object, int)'> (0x00000000a5a331f8) 
thrown [s\src\hotspot\share\interpreter\linkResolver.cpp, line 771]
Event: 10.524 Thread 0x000001b6e9b1e2f0 Exception <a 'java/lang/NoSuchMethodError'{0x00000000a5a52ff8}: 'java.lang.Object java.lang.invoke.DirectMethodHandle$Holder.invokeStatic(java.lang.Object, java.lang.Object, java.lang.Object, int, java.lang.Object, java.lang.Object)'> (0x00000000a5a52ff8) 
thrown [s\src\hotspot\share\interpreter\linkResolver.cpp, line 771]
Event: 10.710 Thread 0x000001b6e9b1e2f0 Exception <a 'java/lang/NoSuchMethodError'{0x00000000a57bdba0}: 'java.lang.Object java.lang.invoke.DirectMethodHandle$Holder.newInvokeSpecial(java.lang.Object, java.lang.Object, java.lang.Object, java.lang.Object, java.lang.Object, java.lang.Object, java.lang.Object, java.lang.Object, java.lang.Object)'> (0x00000000a57bdba0) 
thrown [s\src\hotspot\share\interpreter\linkResolver.cpp, line 771]
Event: 10.711 Thread 0x000001b6e9b1e2f0 Exception <a 'java/lang/NoSuchMethodError'{0x00000000a57c3460}: 'java.lang.Object java.lang.invoke.DirectMethodHandle$Holder.invokeSpecial(java.lang.Object, java.lang.Object, java.lang.Object, java.lang.Object, java.lang.Object, java.lang.Object, java.lang.Object, java.lang.Object, java.lang.Object, java.lang.Object)'> (0x00000000a57c3460) 
thrown [s\src\hotspot\share\interpreter\linkResolver.cpp, line 771]
Event: 10.711 Thread 0x000001b6e9b1e2f0 Exception <a 'java/lang/NoSuchMethodError'{0x00000000a57c7cd0}: 'java.lang.Object java.lang.invoke.Invokers$Holder.linkToTargetMethod(java.lang.Object, java.lang.Object, java.lang.Object, java.lang.Object, java.lang.Object, java.lang.Object, java.lang.Object, java.lang.Object, java.lang.Object)'> (0x00000000a57c7cd0) 
thrown [s\src\hotspot\share\interpreter\linkResolver.cpp, line 771]
Event: 10.816 Thread 0x000001b6e9b1e2f0 Exception <a 'java/lang/NoSuchMethodError'{0x00000000a5559a28}: 'java.lang.Object java.lang.invoke.DirectMethodHandle$Holder.newInvokeSpecial(java.lang.Object, int, java.lang.Object, java.lang.Object, java.lang.Object)'> (0x00000000a5559a28) 
thrown [s\src\hotspot\share\interpreter\linkResolver.cpp, line 771]
Event: 10.817 Thread 0x000001b6e9b1e2f0 Exception <a 'java/lang/NoSuchMethodError'{0x00000000a5561850}: 'java.lang.Object java.lang.invoke.Invokers$Holder.linkToTargetMethod(int, java.lang.Object, java.lang.Object, java.lang.Object, java.lang.Object)'> (0x00000000a5561850) 
thrown [s\src\hotspot\share\interpreter\linkResolver.cpp, line 771]
Event: 11.811 Thread 0x000001b6e9b1e2f0 Exception <a 'java/lang/NoSuchMethodError'{0x00000000a5fcebb0}: 'java.lang.Object java.lang.invoke.DirectMethodHandle$Holder.invokeStatic(java.lang.Object, java.lang.Object, java.lang.Object, int, int, java.lang.Object)'> (0x00000000a5fcebb0) 
thrown [s\src\hotspot\share\interpreter\linkResolver.cpp, line 771]
Event: 11.812 Thread 0x000001b6e9b1e2f0 Exception <a 'java/lang/NoSuchMethodError'{0x00000000a5fd8298}: 'java.lang.Object java.lang.invoke.DirectMethodHandle$Holder.newInvokeSpecial(java.lang.Object, java.lang.Object, java.lang.Object, int, int)'> (0x00000000a5fd8298) 
thrown [s\src\hotspot\share\interpreter\linkResolver.cpp, line 771]
Event: 11.812 Thread 0x000001b6e9b1e2f0 Exception <a 'java/lang/NoSuchMethodError'{0x00000000a5fdc380}: 'java.lang.Object java.lang.invoke.DirectMethodHandle$Holder.invokeSpecial(java.lang.Object, java.lang.Object, java.lang.Object, java.lang.Object, int, int)'> (0x00000000a5fdc380) 
thrown [s\src\hotspot\share\interpreter\linkResolver.cpp, line 771]
Event: 12.095 Thread 0x000001b6e9b1e2f0 Exception <a 'java/lang/NoSuchMethodError'{0x00000000a5c29600}: 'void java.lang.invoke.DirectMethodHandle$Holder.invokeInterface(java.lang.Object, java.lang.Object)'> (0x00000000a5c29600) 
thrown [s\src\hotspot\share\interpreter\linkResolver.cpp, line 771]
Event: 12.127 Thread 0x000001b6e9b1e2f0 Exception <a 'java/lang/IncompatibleClassChangeError'{0x00000000a5c63648}: Found class java.lang.Object, but interface was expected> (0x00000000a5c63648) 
thrown [s\src\hotspot\share\interpreter\linkResolver.cpp, line 838]

VM Operations (20 events):
Event: 11.441 Executing VM operation: HandshakeAllThreads done
Event: 11.495 Executing VM operation: HandshakeAllThreads
Event: 11.496 Executing VM operation: HandshakeAllThreads done
Event: 11.517 Executing VM operation: HandshakeAllThreads
Event: 11.517 Executing VM operation: HandshakeAllThreads done
Event: 11.644 Executing VM operation: ICBufferFull
Event: 11.644 Executing VM operation: ICBufferFull done
Event: 11.680 Executing VM operation: HandshakeAllThreads
Event: 11.680 Executing VM operation: HandshakeAllThreads done
Event: 11.681 Executing VM operation: HandshakeAllThreads
Event: 11.681 Executing VM operation: HandshakeAllThreads done
Event: 12.005 Executing VM operation: HandshakeAllThreads
Event: 12.005 Executing VM operation: HandshakeAllThreads done
Event: 12.046 Executing VM operation: HandshakeAllThreads
Event: 12.046 Executing VM operation: HandshakeAllThreads done
Event: 12.087 Executing VM operation: HandshakeAllThreads
Event: 12.088 Executing VM operation: HandshakeAllThreads done
Event: 13.067 Executing VM operation: ICBufferFull
Event: 13.084 Executing VM operation: ICBufferFull done
Event: 13.474 Executing VM operation: G1CollectForAllocation

Events (20 events):
Event: 12.104 loading class java/util/stream/Nodes$EmptyNode$OfLong
Event: 12.105 loading class java/util/stream/Node$OfLong
Event: 12.105 loading class java/util/stream/Node$OfLong done
Event: 12.105 loading class java/util/stream/Nodes$EmptyNode$OfLong done
Event: 12.105 loading class java/util/stream/Nodes$EmptyNode$OfDouble
Event: 12.105 loading class java/util/stream/Node$OfDouble
Event: 12.105 loading class java/util/stream/Node$OfDouble done
Event: 12.105 loading class java/util/stream/Nodes$EmptyNode$OfDouble done
Event: 12.105 loading class java/util/stream/Nodes$SpinedNodeBuilder
Event: 12.105 loading class java/util/stream/Node$Builder
Event: 12.105 loading class java/util/stream/Node$Builder done
Event: 12.105 loading class java/util/stream/SpinedBuffer
Event: 12.106 loading class java/util/stream/AbstractSpinedBuffer
Event: 12.106 loading class java/util/stream/AbstractSpinedBuffer done
Event: 12.106 loading class java/util/stream/SpinedBuffer done
Event: 12.106 loading class java/util/stream/Nodes$SpinedNodeBuilder done
Event: 12.106 loading class java/util/stream/ReferencePipeline$2$1
Event: 12.106 loading class java/util/stream/ReferencePipeline$2$1 done
Event: 12.933 Thread 0x000001b68a250800 Thread added: 0x000001b68a250800
Event: 13.216 Thread 0x000001b68a250800 Thread exited: 0x000001b68a250800


Dynamic libraries:
0x00007ff777520000 - 0x00007ff77752a000 	C:\Program Files\Android\Android Studio\jbr\bin\java.exe
0x00007fff33430000 - 0x00007fff33647000 	C:\Windows\SYSTEM32\ntdll.dll
0x00007fff323d0000 - 0x00007fff32494000 	C:\Windows\System32\KERNEL32.DLL
0x00007fff308d0000 - 0x00007fff30c87000 	C:\Windows\System32\KERNELBASE.dll
0x00007fff30740000 - 0x00007fff30851000 	C:\Windows\System32\ucrtbase.dll
0x00007fff1ec10000 - 0x00007fff1ec2b000 	C:\Program Files\Android\Android Studio\jbr\bin\VCRUNTIME140.dll
0x00007ffeffa00000 - 0x00007ffeffa17000 	C:\Program Files\Android\Android Studio\jbr\bin\jli.dll
0x00007fff31e30000 - 0x00007fff31fdf000 	C:\Windows\System32\USER32.dll
0x00007fff30fc0000 - 0x00007fff30fe6000 	C:\Windows\System32\win32u.dll
0x00007fff31160000 - 0x00007fff31189000 	C:\Windows\System32\GDI32.dll
0x00007fff30d50000 - 0x00007fff30e68000 	C:\Windows\System32\gdi32full.dll
0x00007fff21390000 - 0x00007fff21623000 	C:\Windows\WinSxS\amd64_microsoft.windows.common-controls_6595b64144ccf1df_6.0.22621.3672_none_2713b9d173822955\COMCTL32.dll
0x00007fff30f20000 - 0x00007fff30fba000 	C:\Windows\System32\msvcp_win.dll
0x00007fff31190000 - 0x00007fff31237000 	C:\Windows\System32\msvcrt.dll
0x00007fff31c30000 - 0x00007fff31c61000 	C:\Windows\System32\IMM32.DLL
0x0000000067190000 - 0x000000006719c000 	C:\Program Files (x86)\360\Total Security\safemon\SafeWrapper.dll
0x00007fff32310000 - 0x00007fff323c2000 	C:\Windows\System32\ADVAPI32.dll
0x00007fff33150000 - 0x00007fff331f8000 	C:\Windows\System32\sechost.dll
0x00007fff30ef0000 - 0x00007fff30f18000 	C:\Windows\System32\bcrypt.dll
0x00007fff32b10000 - 0x00007fff32c24000 	C:\Windows\System32\RPCRT4.dll
0x00007ffeccc20000 - 0x00007ffeccccc000 	C:\Program Files (x86)\360\Total Security\safemon\libzdtp64.dll
0x00007fff313c0000 - 0x00007fff31c29000 	C:\Windows\System32\SHELL32.dll
0x00007fff32630000 - 0x00007fff3268e000 	C:\Windows\System32\SHLWAPI.dll
0x00007fff302b0000 - 0x00007fff302ba000 	C:\Windows\SYSTEM32\VERSION.dll
0x00007ffedf0f0000 - 0x00007ffedf0fc000 	C:\Program Files\Android\Android Studio\jbr\bin\vcruntime140_1.dll
0x00007ffeb2a50000 - 0x00007ffeb2add000 	C:\Program Files\Android\Android Studio\jbr\bin\msvcp140.dll
0x00007ffebe0c0000 - 0x00007ffebed43000 	C:\Program Files\Android\Android Studio\jbr\bin\server\jvm.dll
0x00007fff2c6e0000 - 0x00007fff2c714000 	C:\Windows\SYSTEM32\WINMM.dll
0x00007fff2a160000 - 0x00007fff2a169000 	C:\Windows\SYSTEM32\WSOCK32.dll
0x00007fff30610000 - 0x00007fff3065d000 	C:\Windows\SYSTEM32\POWRPROF.dll
0x00007fff321e0000 - 0x00007fff32251000 	C:\Windows\System32\WS2_32.dll
0x00007fff305f0000 - 0x00007fff30603000 	C:\Windows\SYSTEM32\UMPDC.dll
0x00007fff2f6f0000 - 0x00007fff2f708000 	C:\Windows\SYSTEM32\kernel.appcore.dll
0x00007fff26e30000 - 0x00007fff26e3a000 	C:\Program Files\Android\Android Studio\jbr\bin\jimage.dll
0x00007fff2e220000 - 0x00007fff2e452000 	C:\Windows\SYSTEM32\DBGHELP.DLL
0x00007fff32d40000 - 0x00007fff330ce000 	C:\Windows\System32\combase.dll
0x00007fff32550000 - 0x00007fff32627000 	C:\Windows\System32\OLEAUT32.dll
0x00007fff103f0000 - 0x00007fff10422000 	C:\Windows\SYSTEM32\dbgcore.DLL
0x00007fff30e70000 - 0x00007fff30eeb000 	C:\Windows\System32\bcryptPrimitives.dll
0x00007fff1ee40000 - 0x00007fff1ee65000 	C:\Program Files\Android\Android Studio\jbr\bin\java.dll
0x00007fff1cfb0000 - 0x00007fff1cfc8000 	C:\Program Files\Android\Android Studio\jbr\bin\zip.dll
0x00007fff2e5f0000 - 0x00007fff2eeef000 	C:\Windows\SYSTEM32\windows.storage.dll
0x00007fff2e4b0000 - 0x00007fff2e5ef000 	C:\Windows\SYSTEM32\wintypes.dll
0x00007fff31fe0000 - 0x00007fff320d9000 	C:\Windows\System32\SHCORE.dll
0x00007fff30670000 - 0x00007fff30697000 	C:\Windows\SYSTEM32\profapi.dll
0x00007fff115a0000 - 0x00007fff115b9000 	C:\Program Files\Android\Android Studio\jbr\bin\net.dll
0x00007fff2a650000 - 0x00007fff2a786000 	C:\Windows\SYSTEM32\WINHTTP.dll
0x00007fff2fb70000 - 0x00007fff2fbd9000 	C:\Windows\system32\mswsock.dll
0x00007fff083f0000 - 0x00007fff08406000 	C:\Program Files\Android\Android Studio\jbr\bin\nio.dll
0x00007fff1cea0000 - 0x00007fff1ceb0000 	C:\Program Files\Android\Android Studio\jbr\bin\verify.dll

dbghelp: loaded successfully - version: 4.0.5 - missing functions: none
symbol engine: initialized successfully - sym options: 0x614 - pdb path: .;C:\Program Files\Android\Android Studio\jbr\bin;C:\Windows\SYSTEM32;C:\Windows\WinSxS\amd64_microsoft.windows.common-controls_6595b64144ccf1df_6.0.22621.3672_none_2713b9d173822955;C:\Program Files (x86)\360\Total Security\safemon;C:\Program Files\Android\Android Studio\jbr\bin\server

VM Arguments:
java_command: org.jetbrains.kotlin.cli.jvm.K2JVMCompiler @C:\Users\asusu\AndroidStudioProjects\starter-project-\starter-project\app\build\20241104_6791262289127987123.compiler.options
java_class_path (initial): C:\Users\asusu\.gradle\caches\modules-2\files-2.1\org.jetbrains.kotlin\kotlin-compiler-embeddable\2.0.10\40d7b56154061d2ec6a95159417af03940e8679e\kotlin-compiler-embeddable-2.0.10.jar;C:\Users\asusu\.gradle\caches\modules-2\files-2.1\org.jetbrains.kotlin\kotlin-stdlib\2.0.10\9120f9dd349d5c67fa6710c4049c3128ef6b51db\kotlin-stdlib-2.0.10.jar;C:\Users\asusu\.gradle\caches\modules-2\files-2.1\org.jetbrains.kotlin\kotlin-script-runtime\2.0.10\5dc0dfee8e71c0afd7f6085789aeb991bfe60eda\kotlin-script-runtime-2.0.10.jar;C:\Users\asusu\.gradle\caches\modules-2\files-2.1\org.jetbrains.kotlin\kotlin-reflect\1.6.10\1cbe9c92c12a94eea200d23c2bbaedaf3daf5132\kotlin-reflect-1.6.10.jar;C:\Users\asusu\.gradle\caches\modules-2\files-2.1\org.jetbrains.kotlin\kotlin-daemon-embeddable\2.0.10\49b9b08540022f7a407967bf0d6ddd4e9ac54d4\kotlin-daemon-embeddable-2.0.10.jar;C:\Users\asusu\.gradle\caches\modules-2\files-2.1\org.jetbrains.intellij.deps\trove4j\1.0.20200330\3afb14d5f9ceb459d724e907a21145e8ff394f02\trove4j-1.0.20200330.jar;C:\Users\asusu\.gradle\caches\modules-2\files-2.1\org.jetbrains\annotations\13.0\919f0dfe192fb4e063e7dacadee7f8bb9a2672a9\annotations-13.0.jar
Launcher Type: SUN_STANDARD

[Global flags]
     intx CICompilerCount                          = 3                                         {product} {ergonomic}
     uint ConcGCThreads                            = 1                                         {product} {ergonomic}
     uint G1ConcRefinementThreads                  = 4                                         {product} {ergonomic}
   size_t G1HeapRegionSize                         = 1048576                                   {product} {ergonomic}
    uintx GCDrainStackTargetSize                   = 64                                        {product} {ergonomic}
   size_t InitialHeapSize                          = 100663296                                 {product} {ergonomic}
   size_t MarkStackSize                            = 4194304                                   {product} {ergonomic}
   size_t MaxHeapSize                              = 1595932672                                {product} {ergonomic}
   size_t MaxNewSize                               = 957349888                                 {product} {ergonomic}
   size_t MinHeapDeltaBytes                        = 1048576                                   {product} {ergonomic}
   size_t MinHeapSize                              = 8388608                                   {product} {ergonomic}
    uintx NonNMethodCodeHeapSize                   = 5832780                                {pd product} {ergonomic}
    uintx NonProfiledCodeHeapSize                  = 122912730                              {pd product} {ergonomic}
    uintx ProfiledCodeHeapSize                     = 122912730                              {pd product} {ergonomic}
    uintx ReservedCodeCacheSize                    = 251658240                              {pd product} {ergonomic}
     bool SegmentedCodeCache                       = true                                      {product} {ergonomic}
   size_t SoftMaxHeapSize                          = 1595932672                             {manageable} {ergonomic}
     bool UseCompressedClassPointers               = true                           {product lp64_product} {ergonomic}
     bool UseCompressedOops                        = true                           {product lp64_product} {ergonomic}
     bool UseG1GC                                  = true                                      {product} {ergonomic}
     bool UseLargePagesIndividualAllocation        = false                                  {pd product} {ergonomic}

Logging:
Log output configuration:
 #0: stdout all=warning uptime,level,tags
 #1: stderr all=off uptime,level,tags

Environment Variables:
JAVA_HOME=C:\Program Files\Zulu\zulu-17
PATH=C:\Program Files\Zulu\zulu-17\bin\;C:\Program Files (x86)\Common Files\Intel\Shared Files\cpp\bin\Intel64;C:\Windows\system32;C:\Windows;C:\Windows\System32\Wbem;C:\Windows\System32\WindowsPowerShell\v1.0\;C:\Windows\System32\OpenSSH\;C:\Program Files\Git\cmd;C:\Program Files\Git\bin;C:\Program Files (x86)\Yarn\bin\;C:\Program Files\Yarn\bin;C:\Program Files\nodejs\;C:\Program Files\IBM\SPSS\Statistics\25\JRE\bin;C:\gradle\bin;C:\Users\asusu\AppData\Local\Microsoft\WindowsApps;C:\Users\asusu\AppData\Local\Programs\Microsoft VS Code\bin;C:\Users\asusu\composer;C:\Users\asusu\AppData\Roaming\Composer\vendor\bin;C:\Users\asusu\AppData\Local\Yarn\bin;C:\Program Files\Yarn\bin;C:\Users\asusu\AppData\Roaming\npm;C:\laragon\bin\php\php-8.1.10-Win32-vs16-x64;;C:\Program Files\JetBrains\IntelliJ IDEA Community Edition 2024.2.1\bin;
USERNAME=asus
OS=Windows_NT
PROCESSOR_IDENTIFIER=AMD64 Family 23 Model 24 Stepping 1, AuthenticAMD
TMP=C:\Users\asusu\AppData\Local\Temp
TEMP=C:\Users\asusu\AppData\Local\Temp



Periodic native trim disabled

JNI global refs:
JNI global refs: 8, weak refs: 2

JNI global refs memory usage: 843, weak refs: 841

Process memory usage:
Resident Set Size: 275628K (4% of 6228052K total physical memory with 415312K free physical memory)

OOME stack traces (most recent first):
Classloader memory used:
Loader jdk.internal.loader.ClassLoaders$AppClassLoader                                 : 5933K
Loader bootstrap                                                                       : 1345K
Loader jdk.internal.reflect.DelegatingClassLoader                                      : 1699B


---------------  S Y S T E M  ---------------

OS:
 Windows 11 , 64 bit Build 22621 (10.0.22621.3958)
OS uptime: 0 days 5:17 hours
Hyper-V role detected

CPU: total 4 (initial active 4) (4 cores per cpu, 2 threads per core) family 23 model 24 stepping 1 microcode 0x0, cx8, cmov, fxsr, ht, mmx, 3dnowpref, sse, sse2, sse3, ssse3, sse4a, sse4.1, sse4.2, popcnt, lzcnt, tsc, tscinvbit, avx, avx2, aes, clmul, bmi1, bmi2, adx, sha, fma, vzeroupper, clflush, clflushopt, hv
Processor Information for all 4 processors :
  Max Mhz: 2600, Current Mhz: 2600, Mhz Limit: 2600

Memory: 4k page, system-wide physical 6082M (405M free)
TotalPageFile size 14274M (AvailPageFile size 11M)
current process WorkingSet (physical memory assigned to process): 269M, peak: 271M
current process commit charge ("private bytes"): 296M, peak: 327M

vm_info: OpenJDK 64-Bit Server VM (17.0.11+0--11852314) for windows-amd64 JRE (17.0.11+0--11852314), built on May 16 2024 21:29:20 by "androidbuild" with MS VC++ 16.10 / 16.11 (VS2019)

END.
