#
# There is insufficient memory for the Java Runtime Environment to continue.
# Native memory allocation (malloc) failed to allocate 1148016 bytes. Error detail: Chunk::new
# Possible reasons:
#   The system is out of physical RAM or swap space
#   This process is running with CompressedOops enabled, and the Java Heap may be blocking the growth of the native heap
# Possible solutions:
#   Reduce memory load on the system
#   Increase physical memory or swap space
#   Check if swap backing store is full
#   Decrease Java heap size (-Xmx/-Xms)
#   Decrease number of Java threads
#   Decrease Java thread stack sizes (-Xss)
#   Set larger code cache with -XX:ReservedCodeCacheSize=
#   JVM is running with Unscaled Compressed Oops mode in which the Java heap is
#     placed in the first 4GB address space. The Java Heap base address is the
#     maximum limit for the native heap growth. Please use -XX:HeapBaseMinAddress
#     to set the Java Heap base and to place the Java Heap above 4GB virtual address.
# This output file may be truncated or incomplete.
#
#  Out of Memory Error (arena.cpp:191), pid=7660, tid=14364
#
# JRE version: OpenJDK Runtime Environment (17.0.11) (build 17.0.11+0--11852314)
# Java VM: OpenJDK 64-Bit Server VM (17.0.11+0--11852314, mixed mode, tiered, compressed oops, compressed class ptrs, g1 gc, windows-amd64)
# No core dump will be written. Minidumps are not enabled by default on client versions of Windows
#

---------------  S U M M A R Y ------------

Command Line: org.jetbrains.kotlin.cli.jvm.K2JVMCompiler @C:\Users\asusu\AndroidStudioProjects\starter-project-\starter-project\app\build\20241104_11475911997436102024.compiler.options

Host: AMD Ryzen 3 3250U with Radeon Graphics         , 4 cores, 5G,  Windows 11 , 64 bit Build 22621 (10.0.22621.3958)
Time: Mon Nov  4 13:48:42 2024 SE Asia Standard Time elapsed time: 9.408149 seconds (0d 0h 0m 9s)

---------------  T H R E A D  ---------------

Current thread (0x000002591281bc80):  JavaThread "C2 CompilerThread0" daemon [_thread_in_native, id=14364, stack(0x000000d91e500000,0x000000d91e600000)]


Current CompileTask:
C2:   9408 4057       4       org.jetbrains.kotlin.load.java.structure.impl.classFiles.BinaryClassSignatureParser::parseParameterizedClassRefSignature (257 bytes)

Stack: [0x000000d91e500000,0x000000d91e600000]
Native frames: (J=compiled Java code, j=interpreted, Vv=VM code, C=native code)
V  [jvm.dll+0x687bb9]
V  [jvm.dll+0x84142a]
V  [jvm.dll+0x8430ae]
V  [jvm.dll+0x843713]
V  [jvm.dll+0x24a35f]
V  [jvm.dll+0xac544]
V  [jvm.dll+0xacb8c]
V  [jvm.dll+0x369be2]
V  [jvm.dll+0x33416a]
V  [jvm.dll+0x33360a]
V  [jvm.dll+0x21bed1]
V  [jvm.dll+0x21b311]
V  [jvm.dll+0x1a63ed]
V  [jvm.dll+0x22b1ee]
V  [jvm.dll+0x229375]
V  [jvm.dll+0x7f5647]
V  [jvm.dll+0x7efa4a]
V  [jvm.dll+0x686a35]
C  [ucrtbase.dll+0x29333]
C  [KERNEL32.DLL+0x1257d]
C  [ntdll.dll+0x5af08]


---------------  P R O C E S S  ---------------

Threads class SMR info:
_java_thread_list=0x00000259183dc510, length=12, elements={
0x000002597a1ad320, 0x000002597fc6d270, 0x000002597fc6de30, 0x000002597fc3bbb0,
0x000002597fc3c770, 0x000002597fc3d130, 0x000002597fc3daf0, 0x000002591281bc80,
0x0000025912827280, 0x00000259128982f0, 0x0000025912983130, 0x0000025912997010
}

Java Threads: ( => current thread )
  0x000002597a1ad320 JavaThread "main" [_thread_in_Java, id=13140, stack(0x000000d91d800000,0x000000d91d900000)]
  0x000002597fc6d270 JavaThread "Reference Handler" daemon [_thread_blocked, id=5920, stack(0x000000d91df00000,0x000000d91e000000)]
  0x000002597fc6de30 JavaThread "Finalizer" daemon [_thread_blocked, id=16208, stack(0x000000d91e000000,0x000000d91e100000)]
  0x000002597fc3bbb0 JavaThread "Signal Dispatcher" daemon [_thread_blocked, id=132, stack(0x000000d91e100000,0x000000d91e200000)]
  0x000002597fc3c770 JavaThread "Attach Listener" daemon [_thread_blocked, id=11344, stack(0x000000d91e200000,0x000000d91e300000)]
  0x000002597fc3d130 JavaThread "Service Thread" daemon [_thread_blocked, id=12736, stack(0x000000d91e300000,0x000000d91e400000)]
  0x000002597fc3daf0 JavaThread "Monitor Deflation Thread" daemon [_thread_blocked, id=8788, stack(0x000000d91e400000,0x000000d91e500000)]
=>0x000002591281bc80 JavaThread "C2 CompilerThread0" daemon [_thread_in_native, id=14364, stack(0x000000d91e500000,0x000000d91e600000)]
  0x0000025912827280 JavaThread "C1 CompilerThread0" daemon [_thread_in_native, id=228, stack(0x000000d91e600000,0x000000d91e700000)]
  0x00000259128982f0 JavaThread "Sweeper thread" daemon [_thread_blocked, id=16212, stack(0x000000d91e700000,0x000000d91e800000)]
  0x0000025912983130 JavaThread "Notification Thread" daemon [_thread_blocked, id=14636, stack(0x000000d91e800000,0x000000d91e900000)]
  0x0000025912997010 JavaThread "Common-Cleaner" daemon [_thread_blocked, id=14508, stack(0x000000d91ea00000,0x000000d91eb00000)]

Other Threads:
  0x000002597fbee890 VMThread "VM Thread" [stack: 0x000000d91de00000,0x000000d91df00000] [id=1192]
  0x0000025912985620 WatcherThread [stack: 0x000000d91e900000,0x000000d91ea00000] [id=16192]
  0x000002597a1f7f60 GCTaskThread "GC Thread#0" [stack: 0x000000d91d900000,0x000000d91da00000] [id=14712]
  0x00000259172b0a60 GCTaskThread "GC Thread#1" [stack: 0x000000d91ec00000,0x000000d91ed00000] [id=15544]
  0x00000259172c2a10 GCTaskThread "GC Thread#2" [stack: 0x000000d91ed00000,0x000000d91ee00000] [id=6396]
  0x00000259172c2ee0 GCTaskThread "GC Thread#3" [stack: 0x000000d91ee00000,0x000000d91ef00000] [id=15756]
  0x000002597a204b90 ConcurrentGCThread "G1 Main Marker" [stack: 0x000000d91da00000,0x000000d91db00000] [id=10056]
  0x000002597a205450 ConcurrentGCThread "G1 Conc#0" [stack: 0x000000d91db00000,0x000000d91dc00000] [id=14208]
  0x000002597faa20c0 ConcurrentGCThread "G1 Refine#0" [stack: 0x000000d91dc00000,0x000000d91dd00000] [id=4696]
  0x000002591979c9c0 ConcurrentGCThread "G1 Refine#1" [stack: 0x000000d91ef00000,0x000000d91f000000] [id=15440]
  0x000002597faa2990 ConcurrentGCThread "G1 Service" [stack: 0x000000d91dd00000,0x000000d91de00000] [id=14484]

Threads with active compile tasks:
C2 CompilerThread0     9479 4057       4       org.jetbrains.kotlin.load.java.structure.impl.classFiles.BinaryClassSignatureParser::parseParameterizedClassRefSignature (257 bytes)
C1 CompilerThread0     9479 4108       3       org.jetbrains.kotlin.fir.FirVisibilityCheckerKt::parentDeclarationSequence (55 bytes)

VM state: not at safepoint (normal execution)

VM Mutex/Monitor currently owned by a thread: None

Heap address: 0x00000000a0e00000, size: 1522 MB, Compressed Oops mode: 32-bit

CDS archive(s) not mapped
Compressed class space mapped at: 0x0000000100000000-0x0000000140000000, reserved size: 1073741824
Narrow klass base: 0x0000000000000000, Narrow klass shift: 3, Narrow klass range: 0x140000000

GC Precious Log:
 CPUs: 4 total, 4 available
 Memory: 6082M
 Large Page Support: Disabled
 NUMA Support: Disabled
 Compressed Oops: Enabled (32-bit)
 Heap Region Size: 1M
 Heap Min Capacity: 8M
 Heap Initial Capacity: 96M
 Heap Max Capacity: 1522M
 Pre-touch: Disabled
 Parallel Workers: 4
 Concurrent Workers: 1
 Concurrent Refinement Workers: 4
 Periodic GC: Disabled

Heap:
 garbage-first heap   total 66560K, used 47810K [0x00000000a0e00000, 0x0000000100000000)
  region size 1024K, 9 young (9216K), 2 survivors (2048K)
 Metaspace       used 50570K, committed 50816K, reserved 1114112K
  class space    used 6081K, committed 6208K, reserved 1048576K

Heap Regions: E=young(eden), S=young(survivor), O=old, HS=humongous(starts), HC=humongous(continues), CS=collection set, F=free, OA=open archive, CA=closed archive, TAMS=top-at-mark-start (previous, next)
|   0|0x00000000a0e00000, 0x00000000a0f00000, 0x00000000a0f00000|100%|HS|  |TAMS 0x00000000a0f00000, 0x00000000a0e00000| Complete 
|   1|0x00000000a0f00000, 0x00000000a1000000, 0x00000000a1000000|100%|HC|  |TAMS 0x00000000a1000000, 0x00000000a0f00000| Complete 
|   2|0x00000000a1000000, 0x00000000a1100000, 0x00000000a1100000|100%|HC|  |TAMS 0x00000000a1100000, 0x00000000a1000000| Complete 
|   3|0x00000000a1100000, 0x00000000a1200000, 0x00000000a1200000|100%| O|  |TAMS 0x00000000a1200000, 0x00000000a1100000| Untracked 
|   4|0x00000000a1200000, 0x00000000a1300000, 0x00000000a1300000|100%| O|  |TAMS 0x00000000a1300000, 0x00000000a1200000| Untracked 
|   5|0x00000000a1300000, 0x00000000a1400000, 0x00000000a1400000|100%| O|  |TAMS 0x00000000a1400000, 0x00000000a1300000| Untracked 
|   6|0x00000000a1400000, 0x00000000a1500000, 0x00000000a1500000|100%| O|  |TAMS 0x00000000a1500000, 0x00000000a1400000| Untracked 
|   7|0x00000000a1500000, 0x00000000a1600000, 0x00000000a1600000|100%| O|  |TAMS 0x00000000a1600000, 0x00000000a1500000| Untracked 
|   8|0x00000000a1600000, 0x00000000a1700000, 0x00000000a1700000|100%| O|  |TAMS 0x00000000a1700000, 0x00000000a1600000| Untracked 
|   9|0x00000000a1700000, 0x00000000a1800000, 0x00000000a1800000|100%| O|  |TAMS 0x00000000a1800000, 0x00000000a1700000| Untracked 
|  10|0x00000000a1800000, 0x00000000a1900000, 0x00000000a1900000|100%| O|  |TAMS 0x00000000a1900000, 0x00000000a1800000| Untracked 
|  11|0x00000000a1900000, 0x00000000a1a00000, 0x00000000a1a00000|100%| O|  |TAMS 0x00000000a1a00000, 0x00000000a1900000| Untracked 
|  12|0x00000000a1a00000, 0x00000000a1b00000, 0x00000000a1b00000|100%| O|  |TAMS 0x00000000a1b00000, 0x00000000a1a00000| Untracked 
|  13|0x00000000a1b00000, 0x00000000a1c00000, 0x00000000a1c00000|100%| O|  |TAMS 0x00000000a1c00000, 0x00000000a1b00000| Untracked 
|  14|0x00000000a1c00000, 0x00000000a1d00000, 0x00000000a1d00000|100%| O|  |TAMS 0x00000000a1d00000, 0x00000000a1c00000| Untracked 
|  15|0x00000000a1d00000, 0x00000000a1de6200, 0x00000000a1e00000| 89%| O|  |TAMS 0x00000000a1de6200, 0x00000000a1d00000| Untracked 
|  16|0x00000000a1e00000, 0x00000000a1f00000, 0x00000000a1f00000|100%|HS|  |TAMS 0x00000000a1f00000, 0x00000000a1e00000| Complete 
|  17|0x00000000a1f00000, 0x00000000a2000000, 0x00000000a2000000|100%| O|  |TAMS 0x00000000a2000000, 0x00000000a1f00000| Untracked 
|  18|0x00000000a2000000, 0x00000000a2100000, 0x00000000a2100000|100%| O|  |TAMS 0x00000000a2100000, 0x00000000a2000000| Untracked 
|  19|0x00000000a2100000, 0x00000000a2200000, 0x00000000a2200000|100%| O|  |TAMS 0x00000000a2200000, 0x00000000a2100000| Untracked 
|  20|0x00000000a2200000, 0x00000000a2300000, 0x00000000a2300000|100%| O|  |TAMS 0x00000000a2300000, 0x00000000a2200000| Untracked 
|  21|0x00000000a2300000, 0x00000000a2400000, 0x00000000a2400000|100%| O|  |TAMS 0x00000000a2400000, 0x00000000a2300000| Untracked 
|  22|0x00000000a2400000, 0x00000000a2500000, 0x00000000a2500000|100%| O|  |TAMS 0x00000000a2500000, 0x00000000a2400000| Untracked 
|  23|0x00000000a2500000, 0x00000000a2600000, 0x00000000a2600000|100%| O|  |TAMS 0x00000000a2600000, 0x00000000a2500000| Untracked 
|  24|0x00000000a2600000, 0x00000000a2700000, 0x00000000a2700000|100%| O|  |TAMS 0x00000000a2700000, 0x00000000a2600000| Untracked 
|  25|0x00000000a2700000, 0x00000000a2800000, 0x00000000a2800000|100%| O|  |TAMS 0x00000000a2800000, 0x00000000a2700000| Untracked 
|  26|0x00000000a2800000, 0x00000000a2900000, 0x00000000a2900000|100%| O|  |TAMS 0x00000000a2900000, 0x00000000a2800000| Untracked 
|  27|0x00000000a2900000, 0x00000000a2a00000, 0x00000000a2a00000|100%| O|  |TAMS 0x00000000a2a00000, 0x00000000a2900000| Untracked 
|  28|0x00000000a2a00000, 0x00000000a2b00000, 0x00000000a2b00000|100%| O|  |TAMS 0x00000000a2b00000, 0x00000000a2a00000| Untracked 
|  29|0x00000000a2b00000, 0x00000000a2c00000, 0x00000000a2c00000|100%| O|  |TAMS 0x00000000a2c00000, 0x00000000a2b00000| Untracked 
|  30|0x00000000a2c00000, 0x00000000a2d00000, 0x00000000a2d00000|100%| O|  |TAMS 0x00000000a2d00000, 0x00000000a2c00000| Untracked 
|  31|0x00000000a2d00000, 0x00000000a2e00000, 0x00000000a2e00000|100%| O|  |TAMS 0x00000000a2e00000, 0x00000000a2d00000| Untracked 
|  32|0x00000000a2e00000, 0x00000000a2f00000, 0x00000000a2f00000|100%| O|  |TAMS 0x00000000a2e80000, 0x00000000a2e00000| Untracked 
|  33|0x00000000a2f00000, 0x00000000a3000000, 0x00000000a3000000|100%| O|  |TAMS 0x00000000a2f00000, 0x00000000a2f00000| Untracked 
|  34|0x00000000a3000000, 0x00000000a3100000, 0x00000000a3100000|100%| O|  |TAMS 0x00000000a3000000, 0x00000000a3000000| Untracked 
|  35|0x00000000a3100000, 0x00000000a3200000, 0x00000000a3200000|100%| O|  |TAMS 0x00000000a3100000, 0x00000000a3100000| Untracked 
|  36|0x00000000a3200000, 0x00000000a3300000, 0x00000000a3300000|100%| O|  |TAMS 0x00000000a3200000, 0x00000000a3200000| Untracked 
|  37|0x00000000a3300000, 0x00000000a3400000, 0x00000000a3400000|100%| O|  |TAMS 0x00000000a3300000, 0x00000000a3300000| Untracked 
|  38|0x00000000a3400000, 0x00000000a34ca800, 0x00000000a3500000| 79%| O|  |TAMS 0x00000000a3400000, 0x00000000a3400000| Untracked 
|  39|0x00000000a3500000, 0x00000000a3500000, 0x00000000a3600000|  0%| F|  |TAMS 0x00000000a3500000, 0x00000000a3500000| Untracked 
|  40|0x00000000a3600000, 0x00000000a3600000, 0x00000000a3700000|  0%| F|  |TAMS 0x00000000a3600000, 0x00000000a3600000| Untracked 
|  41|0x00000000a3700000, 0x00000000a3700000, 0x00000000a3800000|  0%| F|  |TAMS 0x00000000a3700000, 0x00000000a3700000| Untracked 
|  42|0x00000000a3800000, 0x00000000a3800000, 0x00000000a3900000|  0%| F|  |TAMS 0x00000000a3800000, 0x00000000a3800000| Untracked 
|  43|0x00000000a3900000, 0x00000000a3900000, 0x00000000a3a00000|  0%| F|  |TAMS 0x00000000a3900000, 0x00000000a3900000| Untracked 
|  44|0x00000000a3a00000, 0x00000000a3a00000, 0x00000000a3b00000|  0%| F|  |TAMS 0x00000000a3a00000, 0x00000000a3a00000| Untracked 
|  45|0x00000000a3b00000, 0x00000000a3b00000, 0x00000000a3c00000|  0%| F|  |TAMS 0x00000000a3b00000, 0x00000000a3b00000| Untracked 
|  46|0x00000000a3c00000, 0x00000000a3c00000, 0x00000000a3d00000|  0%| F|  |TAMS 0x00000000a3c00000, 0x00000000a3c00000| Untracked 
|  47|0x00000000a3d00000, 0x00000000a3d00000, 0x00000000a3e00000|  0%| F|  |TAMS 0x00000000a3d00000, 0x00000000a3d00000| Untracked 
|  48|0x00000000a3e00000, 0x00000000a3e00000, 0x00000000a3f00000|  0%| F|  |TAMS 0x00000000a3e00000, 0x00000000a3e00000| Untracked 
|  49|0x00000000a3f00000, 0x00000000a3f00000, 0x00000000a4000000|  0%| F|  |TAMS 0x00000000a3f00000, 0x00000000a3f00000| Untracked 
|  50|0x00000000a4000000, 0x00000000a4000000, 0x00000000a4100000|  0%| F|  |TAMS 0x00000000a4000000, 0x00000000a4000000| Untracked 
|  51|0x00000000a4100000, 0x00000000a4100000, 0x00000000a4200000|  0%| F|  |TAMS 0x00000000a4100000, 0x00000000a4100000| Untracked 
|  52|0x00000000a4200000, 0x00000000a4300000, 0x00000000a4300000|100%| S|CS|TAMS 0x00000000a4200000, 0x00000000a4200000| Complete 
|  53|0x00000000a4300000, 0x00000000a4400000, 0x00000000a4400000|100%| S|CS|TAMS 0x00000000a4300000, 0x00000000a4300000| Complete 
|  54|0x00000000a4400000, 0x00000000a4400000, 0x00000000a4500000|  0%| F|  |TAMS 0x00000000a4400000, 0x00000000a4400000| Untracked 
|  55|0x00000000a4500000, 0x00000000a4500000, 0x00000000a4600000|  0%| F|  |TAMS 0x00000000a4500000, 0x00000000a4500000| Untracked 
|  56|0x00000000a4600000, 0x00000000a4600000, 0x00000000a4700000|  0%| F|  |TAMS 0x00000000a4600000, 0x00000000a4600000| Untracked 
|  57|0x00000000a4700000, 0x00000000a4700000, 0x00000000a4800000|  0%| F|  |TAMS 0x00000000a4700000, 0x00000000a4700000| Untracked 
|  58|0x00000000a4800000, 0x00000000a4832ed8, 0x00000000a4900000| 19%| E|  |TAMS 0x00000000a4800000, 0x00000000a4800000| Complete 
|  60|0x00000000a4a00000, 0x00000000a4b00000, 0x00000000a4b00000|100%| E|CS|TAMS 0x00000000a4a00000, 0x00000000a4a00000| Complete 
|  61|0x00000000a4b00000, 0x00000000a4c00000, 0x00000000a4c00000|100%| E|CS|TAMS 0x00000000a4b00000, 0x00000000a4b00000| Complete 
|  62|0x00000000a4c00000, 0x00000000a4d00000, 0x00000000a4d00000|100%| E|CS|TAMS 0x00000000a4c00000, 0x00000000a4c00000| Complete 
|  63|0x00000000a4d00000, 0x00000000a4e00000, 0x00000000a4e00000|100%| E|CS|TAMS 0x00000000a4d00000, 0x00000000a4d00000| Complete 
|  67|0x00000000a5100000, 0x00000000a5200000, 0x00000000a5200000|100%| E|CS|TAMS 0x00000000a5100000, 0x00000000a5100000| Complete 
|  95|0x00000000a6d00000, 0x00000000a6e00000, 0x00000000a6e00000|100%| E|CS|TAMS 0x00000000a6d00000, 0x00000000a6d00000| Complete 

Card table byte_map: [0x000002597d960000,0x000002597dc60000] _byte_map_base: 0x000002597d459000

Marking Bits (Prev, Next): (CMBitMap*) 0x000002597a1f8420, (CMBitMap*) 0x000002597a1f8460
 Prev Bits: [0x000002597df60000, 0x000002597f728000)
 Next Bits: [0x000002590f000000, 0x00000259107c8000)

Polling page: 0x00000259780a0000

Metaspace:

Usage:
  Non-class:     43.45 MB used.
      Class:      5.94 MB used.
       Both:     49.39 MB used.

Virtual space:
  Non-class space:       64.00 MB reserved,      43.56 MB ( 68%) committed,  1 nodes.
      Class space:        1.00 GB reserved,       6.06 MB ( <1%) committed,  1 nodes.
             Both:        1.06 GB reserved,      49.62 MB (  5%) committed. 

Chunk freelists:
   Non-Class:  3.56 MB
       Class:  9.91 MB
        Both:  13.47 MB

MaxMetaspaceSize: unlimited
CompressedClassSpaceSize: 1.00 GB
Initial GC threshold: 21.00 MB
Current GC threshold: 78.44 MB
CDS: off
MetaspaceReclaimPolicy: balanced
 - commit_granule_bytes: 65536.
 - commit_granule_words: 8192.
 - virtual_space_node_default_size: 8388608.
 - enlarge_chunks_in_place: 1.
 - new_chunks_are_fully_committed: 0.
 - uncommit_free_chunks: 1.
 - use_allocation_guard: 0.
 - handle_deallocations: 1.


Internal statistics:

num_allocs_failed_limit: 9.
num_arena_births: 188.
num_arena_deaths: 0.
num_vsnodes_births: 2.
num_vsnodes_deaths: 0.
num_space_committed: 792.
num_space_uncommitted: 0.
num_chunks_returned_to_freelist: 9.
num_chunks_taken_from_freelist: 1673.
num_chunk_merges: 9.
num_chunk_splits: 1380.
num_chunks_enlarged: 1257.
num_inconsistent_stats: 0.

CodeHeap 'non-profiled nmethods': size=120000Kb used=2099Kb max_used=2099Kb free=117900Kb
 bounds [0x0000025907ad0000, 0x0000025907d40000, 0x000002590f000000]
CodeHeap 'profiled nmethods': size=120000Kb used=9166Kb max_used=9166Kb free=110833Kb
 bounds [0x0000025900000000, 0x0000025900900000, 0x0000025907530000]
CodeHeap 'non-nmethods': size=5760Kb used=1292Kb max_used=1353Kb free=4467Kb
 bounds [0x0000025907530000, 0x00000259077a0000, 0x0000025907ad0000]
 total_blobs=4689 nmethods=4085 adapters=515
 compilation: enabled
              stopped_count=0, restarted_count=0
 full_count=0

Compilation events (20 events):
Event: 9.364 Thread 0x0000025912827280 nmethod 4087 0x00000259008d1a10 code [0x00000259008d1bc0, 0x00000259008d1d48]
Event: 9.365 Thread 0x0000025912827280 4088       3       org.jetbrains.kotlin.fir.resolve.DeclarationUtilsKt::getContainingDeclaration (139 bytes)
Event: 9.370 Thread 0x0000025912827280 nmethod 4088 0x00000259008d1e90 code [0x00000259008d24a0, 0x00000259008d52a8]
Event: 9.375 Thread 0x0000025912827280 4089       3       org.jetbrains.kotlin.fir.types.FunctionalTypeUtilsKt::isSomeFunctionType (26 bytes)
Event: 9.376 Thread 0x0000025912827280 nmethod 4089 0x00000259008d6110 code [0x00000259008d63a0, 0x00000259008d6e28]
Event: 9.378 Thread 0x0000025912827280 4090       3       org.jetbrains.kotlin.fir.resolve.FirTypeResolutionResult::<init> (21 bytes)
Event: 9.379 Thread 0x0000025912827280 nmethod 4090 0x00000259008d7210 code [0x00000259008d7420, 0x00000259008d7ad8]
Event: 9.382 Thread 0x0000025912827280 4091       3       org.jetbrains.kotlin.fir.FirVisibilityCheckerKt::getVisibilityChecker (25 bytes)
Event: 9.383 Thread 0x0000025912827280 nmethod 4091 0x00000259008d7d90 code [0x00000259008d7fc0, 0x00000259008d8668]
Event: 9.383 Thread 0x0000025912827280 4092       3       org.jetbrains.kotlin.fir.types.FirFunctionTypeKindService::getKindByClassNamePrefix (34 bytes)
Event: 9.384 Thread 0x0000025912827280 nmethod 4092 0x00000259008d8910 code [0x00000259008d8bc0, 0x00000259008d96f8]
Event: 9.385 Thread 0x0000025912827280 4093       3       org.jetbrains.kotlin.fir.resolve.transformers.FirSpecificTypeResolverTransformer::transformTypeRef (13 bytes)
Event: 9.385 Thread 0x0000025912827280 nmethod 4093 0x00000259008d9b10 code [0x00000259008d9cc0, 0x00000259008d9ee8]
Event: 9.385 Thread 0x0000025912827280 4094       3       org.jetbrains.kotlin.fir.types.impl.FirUserTypeRefImpl::transformChildren (10 bytes)
Event: 9.386 Thread 0x0000025912827280 nmethod 4094 0x00000259008d9f90 code [0x00000259008da120, 0x00000259008da268]
Event: 9.386 Thread 0x0000025912827280 4095       3       org.jetbrains.kotlin.fir.types.impl.FirUserTypeRefImpl::transformAnnotations (20 bytes)
Event: 9.387 Thread 0x0000025912827280 nmethod 4095 0x00000259008da310 code [0x00000259008da5c0, 0x00000259008db108]
Event: 9.387 Thread 0x0000025912827280 4096       3       org.jetbrains.kotlin.fir.resolve.providers.impl.FirTypeResolverImpl::resolveUserTypeToSymbol (389 bytes)
Event: 9.404 Thread 0x0000025912827280 nmethod 4096 0x00000259008db590 code [0x00000259008dc0c0, 0x00000259008e2768]
Event: 9.404 Thread 0x0000025912827280 4100       3       org.jetbrains.kotlin.fir.declarations.FirResolvedImport::transform (22 bytes)

GC Heap History (20 events):
Event: 2.510 GC heap before
{Heap before GC invocations=2 (full 0):
 garbage-first heap   total 98304K, used 32995K [0x00000000a0e00000, 0x0000000100000000)
  region size 1024K, 28 young (28672K), 1 survivors (1024K)
 Metaspace       used 21309K, committed 21504K, reserved 1114112K
  class space    used 2278K, committed 2368K, reserved 1048576K
}
Event: 2.532 GC heap after
{Heap after GC invocations=3 (full 0):
 garbage-first heap   total 98304K, used 12983K [0x00000000a0e00000, 0x0000000100000000)
  region size 1024K, 8 young (8192K), 8 survivors (8192K)
 Metaspace       used 21309K, committed 21504K, reserved 1114112K
  class space    used 2278K, committed 2368K, reserved 1048576K
}
Event: 3.459 GC heap before
{Heap before GC invocations=4 (full 0):
 garbage-first heap   total 51200K, used 35511K [0x00000000a0e00000, 0x0000000100000000)
  region size 1024K, 30 young (30720K), 8 survivors (8192K)
 Metaspace       used 28169K, committed 28288K, reserved 1114112K
  class space    used 3594K, committed 3648K, reserved 1048576K
}
Event: 3.481 GC heap after
{Heap after GC invocations=5 (full 0):
 garbage-first heap   total 51200K, used 14894K [0x00000000a0e00000, 0x0000000100000000)
  region size 1024K, 2 young (2048K), 2 survivors (2048K)
 Metaspace       used 28169K, committed 28288K, reserved 1114112K
  class space    used 3594K, committed 3648K, reserved 1048576K
}
Event: 3.547 GC heap before
{Heap before GC invocations=5 (full 0):
 garbage-first heap   total 51200K, used 14894K [0x00000000a0e00000, 0x0000000100000000)
  region size 1024K, 3 young (3072K), 2 survivors (2048K)
 Metaspace       used 28295K, committed 28480K, reserved 1114112K
  class space    used 3603K, committed 3712K, reserved 1048576K
}
Event: 3.553 GC heap after
{Heap after GC invocations=6 (full 0):
 garbage-first heap   total 51200K, used 15523K [0x00000000a0e00000, 0x0000000100000000)
  region size 1024K, 1 young (1024K), 1 survivors (1024K)
 Metaspace       used 28295K, committed 28480K, reserved 1114112K
  class space    used 3603K, committed 3712K, reserved 1048576K
}
Event: 4.029 GC heap before
{Heap before GC invocations=6 (full 0):
 garbage-first heap   total 51200K, used 34979K [0x00000000a0e00000, 0x0000000100000000)
  region size 1024K, 20 young (20480K), 1 survivors (1024K)
 Metaspace       used 32293K, committed 32448K, reserved 1114112K
  class space    used 4019K, committed 4096K, reserved 1048576K
}
Event: 4.036 GC heap after
{Heap after GC invocations=7 (full 0):
 garbage-first heap   total 51200K, used 16542K [0x00000000a0e00000, 0x0000000100000000)
  region size 1024K, 2 young (2048K), 2 survivors (2048K)
 Metaspace       used 32293K, committed 32448K, reserved 1114112K
  class space    used 4019K, committed 4096K, reserved 1048576K
}
Event: 4.437 GC heap before
{Heap before GC invocations=7 (full 0):
 garbage-first heap   total 51200K, used 28830K [0x00000000a0e00000, 0x0000000100000000)
  region size 1024K, 15 young (15360K), 2 survivors (2048K)
 Metaspace       used 35867K, committed 35968K, reserved 1114112K
  class space    used 4374K, committed 4416K, reserved 1048576K
}
Event: 4.444 GC heap after
{Heap after GC invocations=8 (full 0):
 garbage-first heap   total 68608K, used 17153K [0x00000000a0e00000, 0x0000000100000000)
  region size 1024K, 2 young (2048K), 2 survivors (2048K)
 Metaspace       used 35867K, committed 35968K, reserved 1114112K
  class space    used 4374K, committed 4416K, reserved 1048576K
}
Event: 6.112 GC heap before
{Heap before GC invocations=9 (full 0):
 garbage-first heap   total 65536K, used 51969K [0x00000000a0e00000, 0x0000000100000000)
  region size 1024K, 36 young (36864K), 2 survivors (2048K)
 Metaspace       used 43445K, committed 43648K, reserved 1114112K
  class space    used 5185K, committed 5312K, reserved 1048576K
}
Event: 6.127 GC heap after
{Heap after GC invocations=10 (full 0):
 garbage-first heap   total 65536K, used 20490K [0x00000000a0e00000, 0x0000000100000000)
  region size 1024K, 5 young (5120K), 5 survivors (5120K)
 Metaspace       used 43445K, committed 43648K, reserved 1114112K
  class space    used 5185K, committed 5312K, reserved 1048576K
}
Event: 7.505 GC heap before
{Heap before GC invocations=11 (full 0):
 garbage-first heap   total 65536K, used 49162K [0x00000000a0e00000, 0x0000000100000000)
  region size 1024K, 32 young (32768K), 5 survivors (5120K)
 Metaspace       used 44597K, committed 44800K, reserved 1114112K
  class space    used 5277K, committed 5376K, reserved 1048576K
}
Event: 7.543 GC heap after
{Heap after GC invocations=12 (full 0):
 garbage-first heap   total 65536K, used 29171K [0x00000000a0e00000, 0x0000000100000000)
  region size 1024K, 4 young (4096K), 4 survivors (4096K)
 Metaspace       used 44597K, committed 44800K, reserved 1114112K
  class space    used 5277K, committed 5376K, reserved 1048576K
}
Event: 7.729 GC heap before
{Heap before GC invocations=12 (full 0):
 garbage-first heap   total 65536K, used 47603K [0x00000000a0e00000, 0x0000000100000000)
  region size 1024K, 22 young (22528K), 4 survivors (4096K)
 Metaspace       used 44933K, committed 45184K, reserved 1114112K
  class space    used 5311K, committed 5440K, reserved 1048576K
}
Event: 7.757 GC heap after
{Heap after GC invocations=13 (full 0):
 garbage-first heap   total 65536K, used 36248K [0x00000000a0e00000, 0x0000000100000000)
  region size 1024K, 3 young (3072K), 3 survivors (3072K)
 Metaspace       used 44933K, committed 45184K, reserved 1114112K
  class space    used 5311K, committed 5440K, reserved 1048576K
}
Event: 8.176 GC heap before
{Heap before GC invocations=13 (full 0):
 garbage-first heap   total 65536K, used 47512K [0x00000000a0e00000, 0x0000000100000000)
  region size 1024K, 15 young (15360K), 3 survivors (3072K)
 Metaspace       used 47935K, committed 48192K, reserved 1114112K
  class space    used 5707K, committed 5824K, reserved 1048576K
}
Event: 8.189 GC heap after
{Heap after GC invocations=14 (full 0):
 garbage-first heap   total 65536K, used 38783K [0x00000000a0e00000, 0x0000000100000000)
  region size 1024K, 2 young (2048K), 2 survivors (2048K)
 Metaspace       used 47935K, committed 48192K, reserved 1114112K
  class space    used 5707K, committed 5824K, reserved 1048576K
}
Event: 8.623 GC heap before
{Heap before GC invocations=15 (full 0):
 garbage-first heap   total 66560K, used 49023K [0x00000000a0e00000, 0x0000000100000000)
  region size 1024K, 13 young (13312K), 2 survivors (2048K)
 Metaspace       used 48962K, committed 49216K, reserved 1114112K
  class space    used 5828K, committed 5952K, reserved 1048576K
}
Event: 8.634 GC heap after
{Heap after GC invocations=16 (full 0):
 garbage-first heap   total 66560K, used 41666K [0x00000000a0e00000, 0x0000000100000000)
  region size 1024K, 2 young (2048K), 2 survivors (2048K)
 Metaspace       used 48962K, committed 49216K, reserved 1114112K
  class space    used 5828K, committed 5952K, reserved 1048576K
}

Dll operation events (2 events):
Event: 0.016 Loaded shared library C:\Program Files\Android\Android Studio\jbr\bin\java.dll
Event: 2.605 Loaded shared library C:\Program Files\Android\Android Studio\jbr\bin\verify.dll

Deoptimization events (20 events):
Event: 8.959 Thread 0x000002597a1ad320 DEOPT PACKING pc=0x0000025907c61998 sp=0x000000d91d8fbf40
Event: 8.959 Thread 0x000002597a1ad320 DEOPT UNPACKING pc=0x00000259075869a3 sp=0x000000d91d8fbed0 mode 2
Event: 9.141 Thread 0x000002597a1ad320 Uncommon trap: trap_request=0xffffffde fr.pc=0x0000025907c61390 relative=0x0000000000001ed0
Event: 9.141 Thread 0x000002597a1ad320 Uncommon trap: reason=class_check action=maybe_recompile pc=0x0000025907c61390 method=org.jetbrains.org.objectweb.asm.ClassReader.readElementValue(Lorg/jetbrains/org/objectweb/asm/AnnotationVisitor;ILjava/lang/String;[C)I @ 466 c2
Event: 9.141 Thread 0x000002597a1ad320 DEOPT PACKING pc=0x0000025907c61390 sp=0x000000d91d8fc0c0
Event: 9.141 Thread 0x000002597a1ad320 DEOPT UNPACKING pc=0x00000259075869a3 sp=0x000000d91d8fc050 mode 2
Event: 9.158 Thread 0x000002597a1ad320 Uncommon trap: trap_request=0xffffff45 fr.pc=0x0000025907b88d40 relative=0x00000000000005a0
Event: 9.158 Thread 0x000002597a1ad320 Uncommon trap: reason=unstable_if action=reinterpret pc=0x0000025907b88d40 method=java.util.ArrayList.grow(I)[Ljava/lang/Object; @ 17 c2
Event: 9.158 Thread 0x000002597a1ad320 DEOPT PACKING pc=0x0000025907b88d40 sp=0x000000d91d8fd740
Event: 9.158 Thread 0x000002597a1ad320 DEOPT UNPACKING pc=0x00000259075869a3 sp=0x000000d91d8fd6f8 mode 2
Event: 9.161 Thread 0x000002597a1ad320 Uncommon trap: trap_request=0xffffffde fr.pc=0x0000025907c61390 relative=0x0000000000001ed0
Event: 9.161 Thread 0x000002597a1ad320 Uncommon trap: reason=class_check action=maybe_recompile pc=0x0000025907c61390 method=org.jetbrains.org.objectweb.asm.ClassReader.readElementValue(Lorg/jetbrains/org/objectweb/asm/AnnotationVisitor;ILjava/lang/String;[C)I @ 466 c2
Event: 9.161 Thread 0x000002597a1ad320 DEOPT PACKING pc=0x0000025907c61390 sp=0x000000d91d8fc0c0
Event: 9.161 Thread 0x000002597a1ad320 DEOPT UNPACKING pc=0x00000259075869a3 sp=0x000000d91d8fc050 mode 2
Event: 9.172 Thread 0x000002597a1ad320 Uncommon trap: trap_request=0xffffffde fr.pc=0x0000025907c61390 relative=0x0000000000001ed0
Event: 9.172 Thread 0x000002597a1ad320 Uncommon trap: reason=class_check action=maybe_recompile pc=0x0000025907c61390 method=org.jetbrains.org.objectweb.asm.ClassReader.readElementValue(Lorg/jetbrains/org/objectweb/asm/AnnotationVisitor;ILjava/lang/String;[C)I @ 466 c2
Event: 9.172 Thread 0x000002597a1ad320 DEOPT PACKING pc=0x0000025907c61390 sp=0x000000d91d8fb6f0
Event: 9.172 Thread 0x000002597a1ad320 DEOPT UNPACKING pc=0x00000259075869a3 sp=0x000000d91d8fb680 mode 2
Event: 9.191 Thread 0x000002597a1ad320 DEOPT PACKING pc=0x000002590060e085 sp=0x000000d91d8fc160
Event: 9.191 Thread 0x000002597a1ad320 DEOPT UNPACKING pc=0x0000025907587143 sp=0x000000d91d8fb5f0 mode 0

Classes unloaded (0 events):
No events

Classes redefined (0 events):
No events

Internal exceptions (20 events):
Event: 1.659 Thread 0x000002597a1ad320 Exception <a 'java/lang/NoSuchMethodError'{0x00000000a6d6f220}: 'int java.lang.invoke.DirectMethodHandle$Holder.invokeStaticInit(java.lang.Object, java.lang.Object)'> (0x00000000a6d6f220) 
thrown [s\src\hotspot\share\interpreter\linkResolver.cpp, line 771]
Event: 1.690 Thread 0x000002597a1ad320 Exception <a 'java/lang/NoSuchMethodError'{0x00000000a6c4e510}: 'void java.lang.invoke.DirectMethodHandle$Holder.invokeSpecial(java.lang.Object, java.lang.Object, java.lang.Object)'> (0x00000000a6c4e510) 
thrown [s\src\hotspot\share\interpreter\linkResolver.cpp, line 771]
Event: 1.792 Thread 0x000002597a1ad320 Exception <a 'java/lang/NoSuchMethodError'{0x00000000a69d3db0}: 'void java.lang.invoke.DirectMethodHandle$Holder.invokeStatic(java.lang.Object, java.lang.Object, java.lang.Object, java.lang.Object)'> (0x00000000a69d3db0) 
thrown [s\src\hotspot\share\interpreter\linkResolver.cpp, line 771]
Event: 1.867 Thread 0x000002597a1ad320 Exception <a 'java/lang/NoSuchMethodError'{0x00000000a659af08}: 'void java.lang.invoke.DirectMethodHandle$Holder.invokeStaticInit(java.lang.Object, java.lang.Object)'> (0x00000000a659af08) 
thrown [s\src\hotspot\share\interpreter\linkResolver.cpp, line 771]
Event: 2.011 Thread 0x000002597a1ad320 Exception <a 'java/lang/NoSuchMethodError'{0x00000000a60b0798}: 'void java.lang.invoke.DirectMethodHandle$Holder.invokeVirtual(java.lang.Object, java.lang.Object)'> (0x00000000a60b0798) 
thrown [s\src\hotspot\share\interpreter\linkResolver.cpp, line 771]
Event: 2.022 Thread 0x000002597a1ad320 Exception <a 'java/lang/NoSuchMethodError'{0x00000000a60ff440}: 'int java.lang.invoke.DirectMethodHandle$Holder.invokeVirtual(java.lang.Object, java.lang.Object)'> (0x00000000a60ff440) 
thrown [s\src\hotspot\share\interpreter\linkResolver.cpp, line 771]
Event: 2.037 Thread 0x000002597a1ad320 Exception <a 'java/lang/NoSuchMethodError'{0x00000000a5f38d90}: 'java.lang.Object java.lang.invoke.Invokers$Holder.invoke_MT(java.lang.Object, java.lang.Object, java.lang.Object)'> (0x00000000a5f38d90) 
thrown [s\src\hotspot\share\interpreter\linkResolver.cpp, line 771]
Event: 2.562 Thread 0x000002597a1ad320 Exception <a 'java/lang/NoSuchMethodError'{0x00000000a6d0d0a0}: 'java.lang.Object java.lang.invoke.DirectMethodHandle$Holder.newInvokeSpecial(java.lang.Object, int, java.lang.Object, java.lang.Object, java.lang.Object, java.lang.Object)'> (0x00000000a6d0d0a0) 
thrown [s\src\hotspot\share\interpreter\linkResolver.cpp, line 771]
Event: 2.654 Thread 0x000002597a1ad320 Exception <a 'java/lang/NoSuchMethodError'{0x00000000a366e438}: 'java.lang.Object java.lang.invoke.DirectMethodHandle$Holder.invokeStatic(java.lang.Object, java.lang.Object, int, java.lang.Object)'> (0x00000000a366e438) 
thrown [s\src\hotspot\share\interpreter\linkResolver.cpp, line 771]
Event: 3.819 Thread 0x000002597a1ad320 Exception <a 'java/lang/NoSuchMethodError'{0x00000000a3631c58}: 'java.lang.Object java.lang.invoke.DirectMethodHandle$Holder.newInvokeSpecial(java.lang.Object, java.lang.Object, java.lang.Object, java.lang.Object, java.lang.Object, java.lang.Object, java.lang.Object)'> (0x00000000a3631c58) 
thrown [s\src\hotspot\share\interpreter\linkResolver.cpp, line 771]
Event: 3.819 Thread 0x000002597a1ad320 Exception <a 'java/lang/NoSuchMethodError'{0x00000000a3636568}: 'java.lang.Object java.lang.invoke.Invokers$Holder.linkToTargetMethod(java.lang.Object, java.lang.Object, java.lang.Object, java.lang.Object, java.lang.Object, java.lang.Object, java.lang.Object)'> (0x00000000a3636568) 
thrown [s\src\hotspot\share\interpreter\linkResolver.cpp, line 771]
Event: 4.154 Thread 0x000002597a1ad320 Exception <a 'java/lang/NoSuchMethodError'{0x00000000a4e3c960}: 'java.lang.Object java.lang.invoke.DirectMethodHandle$Holder.invokeVirtual(java.lang.Object, java.lang.Object, java.lang.Object)'> (0x00000000a4e3c960) 
thrown [s\src\hotspot\share\interpreter\linkResolver.cpp, line 771]
Event: 4.226 Thread 0x000002597a1ad320 Exception <a 'java/lang/NoSuchMethodError'{0x00000000a4dc2b70}: 'java.lang.Object java.lang.invoke.DirectMethodHandle$Holder.newInvokeSpecial(java.lang.Object, java.lang.Object, int)'> (0x00000000a4dc2b70) 
thrown [s\src\hotspot\share\interpreter\linkResolver.cpp, line 771]
Event: 4.657 Thread 0x000002597a1ad320 Exception <a 'java/lang/NoSuchMethodError'{0x00000000a4b77f90}: 'int java.lang.invoke.DirectMethodHandle$Holder.invokeStaticInit(java.lang.Object, int)'> (0x00000000a4b77f90) 
thrown [s\src\hotspot\share\interpreter\linkResolver.cpp, line 771]
Event: 6.620 Thread 0x000002597a1ad320 Implicit null exception at 0x0000025907b64912 to 0x0000025907b64d40
Event: 7.117 Thread 0x000002597a1ad320 Exception <a 'java/lang/NoSuchMethodError'{0x00000000a3df07c8}: 'java.lang.Object java.lang.invoke.DirectMethodHandle$Holder.newInvokeSpecial(java.lang.Object, java.lang.Object, java.lang.Object, java.lang.Object, java.lang.Object, java.lang.Object)'> (0x00000000a3df07c8) 
thrown [s\src\hotspot\share\interpreter\linkResolver.cpp, line 771]
Event: 7.987 Thread 0x000002597a1ad320 Exception <a 'java/lang/NoSuchMethodError'{0x00000000a4aa7d60}: 'java.lang.Object java.lang.invoke.DirectMethodHandle$Holder.invokeStatic(java.lang.Object, java.lang.Object, java.lang.Object, java.lang.Object, int)'> (0x00000000a4aa7d60) 
thrown [s\src\hotspot\share\interpreter\linkResolver.cpp, line 771]
Event: 7.988 Thread 0x000002597a1ad320 Exception <a 'java/lang/NoSuchMethodError'{0x00000000a4ab1c60}: 'java.lang.Object java.lang.invoke.DirectMethodHandle$Holder.newInvokeSpecial(java.lang.Object, java.lang.Object, java.lang.Object, java.lang.Object, int)'> (0x00000000a4ab1c60) 
thrown [s\src\hotspot\share\interpreter\linkResolver.cpp, line 771]
Event: 7.990 Thread 0x000002597a1ad320 Exception <a 'java/lang/NoSuchMethodError'{0x00000000a4ab9b80}: 'java.lang.Object java.lang.invoke.Invokers$Holder.linkToTargetMethod(java.lang.Object, java.lang.Object, java.lang.Object, int, java.lang.Object)'> (0x00000000a4ab9b80) 
thrown [s\src\hotspot\share\interpreter\linkResolver.cpp, line 771]
Event: 8.460 Thread 0x000002597a1ad320 Exception <a 'java/lang/NoSuchMethodError'{0x00000000a465cff8}: 'java.lang.Object java.lang.invoke.Invokers$Holder.invokeExact_MT(java.lang.Object, java.lang.Object, java.lang.Object, java.lang.Object, java.lang.Object, java.lang.Object)'> (0x00000000a465cff8) 
thrown [s\src\hotspot\share\interpreter\linkResolver.cpp, line 771]

VM Operations (20 events):
Event: 8.318 Executing VM operation: G1PauseRemark
Event: 8.324 Executing VM operation: G1PauseRemark done
Event: 8.380 Executing VM operation: G1PauseCleanup
Event: 8.381 Executing VM operation: G1PauseCleanup done
Event: 8.496 Executing VM operation: HandshakeAllThreads
Event: 8.496 Executing VM operation: HandshakeAllThreads done
Event: 8.623 Executing VM operation: G1CollectForAllocation
Event: 8.634 Executing VM operation: G1CollectForAllocation done
Event: 8.683 Executing VM operation: HandshakeAllThreads
Event: 8.683 Executing VM operation: HandshakeAllThreads done
Event: 8.689 Executing VM operation: HandshakeAllThreads
Event: 8.689 Executing VM operation: HandshakeAllThreads done
Event: 8.695 Executing VM operation: HandshakeAllThreads
Event: 8.695 Executing VM operation: HandshakeAllThreads done
Event: 8.748 Executing VM operation: HandshakeAllThreads
Event: 8.749 Executing VM operation: HandshakeAllThreads done
Event: 8.797 Executing VM operation: HandshakeAllThreads
Event: 8.797 Executing VM operation: HandshakeAllThreads done
Event: 8.819 Executing VM operation: HandshakeAllThreads
Event: 8.819 Executing VM operation: HandshakeAllThreads done

Events (20 events):
Event: 7.985 loading class java/util/regex/Pattern$StartS done
Event: 8.476 loading class sun/nio/cs/ThreadLocalCoders
Event: 8.477 loading class sun/nio/cs/ThreadLocalCoders done
Event: 8.477 loading class sun/nio/cs/ThreadLocalCoders$1
Event: 8.477 loading class sun/nio/cs/ThreadLocalCoders$Cache
Event: 8.477 loading class sun/nio/cs/ThreadLocalCoders$Cache done
Event: 8.477 loading class sun/nio/cs/ThreadLocalCoders$1 done
Event: 8.477 loading class sun/nio/cs/ThreadLocalCoders$2
Event: 8.477 loading class sun/nio/cs/ThreadLocalCoders$2 done
Event: 8.505 loading class java/beans/PropertyChangeSupport
Event: 8.506 loading class java/beans/PropertyChangeSupport done
Event: 8.507 loading class java/beans/PropertyChangeSupport$PropertyChangeListenerMap
Event: 8.508 loading class java/beans/ChangeListenerMap
Event: 8.512 loading class java/beans/ChangeListenerMap done
Event: 8.512 loading class java/beans/PropertyChangeSupport$PropertyChangeListenerMap done
Event: 8.512 loading class java/beans/PropertyChangeListener
Event: 8.512 loading class java/beans/PropertyChangeListener done
Event: 8.697 loading class java/util/ComparableTimSort
Event: 8.697 loading class java/util/ComparableTimSort done
Event: 9.376 Thread 0x00000259190317b0 Thread exited: 0x00000259190317b0


Dynamic libraries:
0x00007ff777520000 - 0x00007ff77752a000 	C:\Program Files\Android\Android Studio\jbr\bin\java.exe
0x00007fff33430000 - 0x00007fff33647000 	C:\Windows\SYSTEM32\ntdll.dll
0x00007fff323d0000 - 0x00007fff32494000 	C:\Windows\System32\KERNEL32.DLL
0x00007fff308d0000 - 0x00007fff30c87000 	C:\Windows\System32\KERNELBASE.dll
0x00007fff30740000 - 0x00007fff30851000 	C:\Windows\System32\ucrtbase.dll
0x00007ffeffa00000 - 0x00007ffeffa17000 	C:\Program Files\Android\Android Studio\jbr\bin\jli.dll
0x00007fff31e30000 - 0x00007fff31fdf000 	C:\Windows\System32\USER32.dll
0x00007fff30fc0000 - 0x00007fff30fe6000 	C:\Windows\System32\win32u.dll
0x00007fff31160000 - 0x00007fff31189000 	C:\Windows\System32\GDI32.dll
0x00007fff30d50000 - 0x00007fff30e68000 	C:\Windows\System32\gdi32full.dll
0x00007fff30f20000 - 0x00007fff30fba000 	C:\Windows\System32\msvcp_win.dll
0x00007fff21390000 - 0x00007fff21623000 	C:\Windows\WinSxS\amd64_microsoft.windows.common-controls_6595b64144ccf1df_6.0.22621.3672_none_2713b9d173822955\COMCTL32.dll
0x00007fff31190000 - 0x00007fff31237000 	C:\Windows\System32\msvcrt.dll
0x00007fff1ec10000 - 0x00007fff1ec2b000 	C:\Program Files\Android\Android Studio\jbr\bin\VCRUNTIME140.dll
0x00007fff31c30000 - 0x00007fff31c61000 	C:\Windows\System32\IMM32.DLL
0x0000000067190000 - 0x000000006719c000 	C:\Program Files (x86)\360\Total Security\safemon\SafeWrapper.dll
0x00007fff32310000 - 0x00007fff323c2000 	C:\Windows\System32\ADVAPI32.dll
0x00007fff33150000 - 0x00007fff331f8000 	C:\Windows\System32\sechost.dll
0x00007fff30ef0000 - 0x00007fff30f18000 	C:\Windows\System32\bcrypt.dll
0x00007fff32b10000 - 0x00007fff32c24000 	C:\Windows\System32\RPCRT4.dll
0x00007ffeccc20000 - 0x00007ffeccccc000 	C:\Program Files (x86)\360\Total Security\safemon\libzdtp64.dll
0x00007fff313c0000 - 0x00007fff31c29000 	C:\Windows\System32\SHELL32.dll
0x00007fff32630000 - 0x00007fff3268e000 	C:\Windows\System32\SHLWAPI.dll
0x00007fff302b0000 - 0x00007fff302ba000 	C:\Windows\SYSTEM32\VERSION.dll
0x00007ffedf0f0000 - 0x00007ffedf0fc000 	C:\Program Files\Android\Android Studio\jbr\bin\vcruntime140_1.dll
0x00007ffeb2a50000 - 0x00007ffeb2add000 	C:\Program Files\Android\Android Studio\jbr\bin\msvcp140.dll
0x00007ffebe0c0000 - 0x00007ffebed43000 	C:\Program Files\Android\Android Studio\jbr\bin\server\jvm.dll
0x00007fff2a160000 - 0x00007fff2a169000 	C:\Windows\SYSTEM32\WSOCK32.dll
0x00007fff2c6e0000 - 0x00007fff2c714000 	C:\Windows\SYSTEM32\WINMM.dll
0x00007fff30610000 - 0x00007fff3065d000 	C:\Windows\SYSTEM32\POWRPROF.dll
0x00007fff321e0000 - 0x00007fff32251000 	C:\Windows\System32\WS2_32.dll
0x00007fff305f0000 - 0x00007fff30603000 	C:\Windows\SYSTEM32\UMPDC.dll
0x00007fff2f6f0000 - 0x00007fff2f708000 	C:\Windows\SYSTEM32\kernel.appcore.dll
0x00007fff26e30000 - 0x00007fff26e3a000 	C:\Program Files\Android\Android Studio\jbr\bin\jimage.dll
0x00007fff2e220000 - 0x00007fff2e452000 	C:\Windows\SYSTEM32\DBGHELP.DLL
0x00007fff32d40000 - 0x00007fff330ce000 	C:\Windows\System32\combase.dll
0x00007fff32550000 - 0x00007fff32627000 	C:\Windows\System32\OLEAUT32.dll
0x00007fff103f0000 - 0x00007fff10422000 	C:\Windows\SYSTEM32\dbgcore.DLL
0x00007fff30e70000 - 0x00007fff30eeb000 	C:\Windows\System32\bcryptPrimitives.dll
0x00007fff1ee40000 - 0x00007fff1ee65000 	C:\Program Files\Android\Android Studio\jbr\bin\java.dll
0x00007fff1cfb0000 - 0x00007fff1cfc8000 	C:\Program Files\Android\Android Studio\jbr\bin\zip.dll
0x00007fff2e5f0000 - 0x00007fff2eeef000 	C:\Windows\SYSTEM32\windows.storage.dll
0x00007fff2e4b0000 - 0x00007fff2e5ef000 	C:\Windows\SYSTEM32\wintypes.dll
0x00007fff31fe0000 - 0x00007fff320d9000 	C:\Windows\System32\SHCORE.dll
0x00007fff30670000 - 0x00007fff30697000 	C:\Windows\SYSTEM32\profapi.dll
0x00007fff115a0000 - 0x00007fff115b9000 	C:\Program Files\Android\Android Studio\jbr\bin\net.dll
0x00007fff2a650000 - 0x00007fff2a786000 	C:\Windows\SYSTEM32\WINHTTP.dll
0x00007fff2fb70000 - 0x00007fff2fbd9000 	C:\Windows\system32\mswsock.dll
0x00007fff083f0000 - 0x00007fff08406000 	C:\Program Files\Android\Android Studio\jbr\bin\nio.dll
0x00007fff1cea0000 - 0x00007fff1ceb0000 	C:\Program Files\Android\Android Studio\jbr\bin\verify.dll

dbghelp: loaded successfully - version: 4.0.5 - missing functions: none
symbol engine: initialized successfully - sym options: 0x614 - pdb path: .;C:\Program Files\Android\Android Studio\jbr\bin;C:\Windows\SYSTEM32;C:\Windows\WinSxS\amd64_microsoft.windows.common-controls_6595b64144ccf1df_6.0.22621.3672_none_2713b9d173822955;C:\Program Files (x86)\360\Total Security\safemon;C:\Program Files\Android\Android Studio\jbr\bin\server

VM Arguments:
java_command: org.jetbrains.kotlin.cli.jvm.K2JVMCompiler @C:\Users\asusu\AndroidStudioProjects\starter-project-\starter-project\app\build\20241104_11475911997436102024.compiler.options
java_class_path (initial): C:\Users\asusu\.gradle\caches\modules-2\files-2.1\org.jetbrains.kotlin\kotlin-compiler-embeddable\2.0.10\40d7b56154061d2ec6a95159417af03940e8679e\kotlin-compiler-embeddable-2.0.10.jar;C:\Users\asusu\.gradle\caches\modules-2\files-2.1\org.jetbrains.kotlin\kotlin-stdlib\2.0.10\9120f9dd349d5c67fa6710c4049c3128ef6b51db\kotlin-stdlib-2.0.10.jar;C:\Users\asusu\.gradle\caches\modules-2\files-2.1\org.jetbrains.kotlin\kotlin-script-runtime\2.0.10\5dc0dfee8e71c0afd7f6085789aeb991bfe60eda\kotlin-script-runtime-2.0.10.jar;C:\Users\asusu\.gradle\caches\modules-2\files-2.1\org.jetbrains.kotlin\kotlin-reflect\1.6.10\1cbe9c92c12a94eea200d23c2bbaedaf3daf5132\kotlin-reflect-1.6.10.jar;C:\Users\asusu\.gradle\caches\modules-2\files-2.1\org.jetbrains.kotlin\kotlin-daemon-embeddable\2.0.10\49b9b08540022f7a407967bf0d6ddd4e9ac54d4\kotlin-daemon-embeddable-2.0.10.jar;C:\Users\asusu\.gradle\caches\modules-2\files-2.1\org.jetbrains.intellij.deps\trove4j\1.0.20200330\3afb14d5f9ceb459d724e907a21145e8ff394f02\trove4j-1.0.20200330.jar;C:\Users\asusu\.gradle\caches\modules-2\files-2.1\org.jetbrains\annotations\13.0\919f0dfe192fb4e063e7dacadee7f8bb9a2672a9\annotations-13.0.jar
Launcher Type: SUN_STANDARD

[Global flags]
     intx CICompilerCount                          = 3                                         {product} {ergonomic}
     uint ConcGCThreads                            = 1                                         {product} {ergonomic}
     uint G1ConcRefinementThreads                  = 4                                         {product} {ergonomic}
   size_t G1HeapRegionSize                         = 1048576                                   {product} {ergonomic}
    uintx GCDrainStackTargetSize                   = 64                                        {product} {ergonomic}
   size_t InitialHeapSize                          = 100663296                                 {product} {ergonomic}
   size_t MarkStackSize                            = 4194304                                   {product} {ergonomic}
   size_t MaxHeapSize                              = 1595932672                                {product} {ergonomic}
   size_t MaxNewSize                               = 957349888                                 {product} {ergonomic}
   size_t MinHeapDeltaBytes                        = 1048576                                   {product} {ergonomic}
   size_t MinHeapSize                              = 8388608                                   {product} {ergonomic}
    uintx NonNMethodCodeHeapSize                   = 5832780                                {pd product} {ergonomic}
    uintx NonProfiledCodeHeapSize                  = 122912730                              {pd product} {ergonomic}
    uintx ProfiledCodeHeapSize                     = 122912730                              {pd product} {ergonomic}
    uintx ReservedCodeCacheSize                    = 251658240                              {pd product} {ergonomic}
     bool SegmentedCodeCache                       = true                                      {product} {ergonomic}
   size_t SoftMaxHeapSize                          = 1595932672                             {manageable} {ergonomic}
     bool UseCompressedClassPointers               = true                           {product lp64_product} {ergonomic}
     bool UseCompressedOops                        = true                           {product lp64_product} {ergonomic}
     bool UseG1GC                                  = true                                      {product} {ergonomic}
     bool UseLargePagesIndividualAllocation        = false                                  {pd product} {ergonomic}

Logging:
Log output configuration:
 #0: stdout all=warning uptime,level,tags
 #1: stderr all=off uptime,level,tags

Environment Variables:
JAVA_HOME=C:\Program Files\Zulu\zulu-17
PATH=C:\Program Files\Zulu\zulu-17\bin\;C:\Program Files (x86)\Common Files\Intel\Shared Files\cpp\bin\Intel64;C:\Windows\system32;C:\Windows;C:\Windows\System32\Wbem;C:\Windows\System32\WindowsPowerShell\v1.0\;C:\Windows\System32\OpenSSH\;C:\Program Files\Git\cmd;C:\Program Files\Git\bin;C:\Program Files (x86)\Yarn\bin\;C:\Program Files\Yarn\bin;C:\Program Files\nodejs\;C:\Program Files\IBM\SPSS\Statistics\25\JRE\bin;C:\gradle\bin;C:\Users\asusu\AppData\Local\Microsoft\WindowsApps;C:\Users\asusu\AppData\Local\Programs\Microsoft VS Code\bin;C:\Users\asusu\composer;C:\Users\asusu\AppData\Roaming\Composer\vendor\bin;C:\Users\asusu\AppData\Local\Yarn\bin;C:\Program Files\Yarn\bin;C:\Users\asusu\AppData\Roaming\npm;C:\laragon\bin\php\php-8.1.10-Win32-vs16-x64;;C:\Program Files\JetBrains\IntelliJ IDEA Community Edition 2024.2.1\bin;
USERNAME=asus
OS=Windows_NT
PROCESSOR_IDENTIFIER=AMD64 Family 23 Model 24 Stepping 1, AuthenticAMD
TMP=C:\Users\asusu\AppData\Local\Temp
TEMP=C:\Users\asusu\AppData\Local\Temp



Periodic native trim disabled

JNI global refs:
JNI global refs: 8, weak refs: 3

JNI global refs memory usage: 843, weak refs: 841

Process memory usage:
Resident Set Size: 220472K (3% of 6228052K total physical memory with 551452K free physical memory)

OOME stack traces (most recent first):
Classloader memory used:
Loader jdk.internal.loader.ClassLoaders$AppClassLoader                                 : 5027K
Loader bootstrap                                                                       : 1292K
Loader jdk.internal.reflect.DelegatingClassLoader                                      : 1699B


---------------  S Y S T E M  ---------------

OS:
 Windows 11 , 64 bit Build 22621 (10.0.22621.3958)
OS uptime: 0 days 5:14 hours
Hyper-V role detected

CPU: total 4 (initial active 4) (4 cores per cpu, 2 threads per core) family 23 model 24 stepping 1 microcode 0x0, cx8, cmov, fxsr, ht, mmx, 3dnowpref, sse, sse2, sse3, ssse3, sse4a, sse4.1, sse4.2, popcnt, lzcnt, tsc, tscinvbit, avx, avx2, aes, clmul, bmi1, bmi2, adx, sha, fma, vzeroupper, clflush, clflushopt, hv
Processor Information for all 4 processors :
  Max Mhz: 2600, Current Mhz: 2600, Mhz Limit: 2600

Memory: 4k page, system-wide physical 6082M (528M free)
TotalPageFile size 14274M (AvailPageFile size 7M)
current process WorkingSet (physical memory assigned to process): 215M, peak: 222M
current process commit charge ("private bytes"): 242M, peak: 250M

vm_info: OpenJDK 64-Bit Server VM (17.0.11+0--11852314) for windows-amd64 JRE (17.0.11+0--11852314), built on May 16 2024 21:29:20 by "androidbuild" with MS VC++ 16.10 / 16.11 (VS2019)

END.
